【登录信息】
*b3defd4892470752525def1917e467ce*
`登陆天数: 167天 / 1282天
等级: 125
石头: 23
呼符: 51
体力: 26643.886666666665 / 137
友情点: 0 / 837045`
*連続ログイン6日目
※ログインが途切れるか、7日到達すると
1日目から再開されます*
`聖晶石 X 2
8月交換券(2023) X 1
`*8周年記念特別回数ログインボーナス*
*開催期間中、1日1回 最大10回 回数ログインボーナスをプレゼント！*
`QP X 3000000
呼符 X 10
`_2023-08-05 19:32:56_
--------
*5513206501fad4f4b9bb8c80e1620d51*
`登陆天数: 167天 / 1300天
等级: 125
石头: 213
呼符: 82
体力: 26640.343333333334 / 137
友情点: 0 / 899975`
*連続ログイン6日目
※ログインが途切れるか、7日到達すると
1日目から再開されます*
`聖晶石 X 2
8月交換券(2023) X 1
`*8周年記念特別回数ログインボーナス*
*開催期間中、1日1回 最大10回 回数ログインボーナスをプレゼント！*
`QP X 3000000
呼符 X 10
`_2023-08-05 19:33:04_
--------
*b8ed275142bdf1da8b56aac07218370c*
`登陆天数: 167天 / 1326天
等级: 125
石头: 21
呼符: 87
体力: 26638.523333333334 / 137
友情点: 0 / 1002020`
*連続ログイン6日目
※ログインが途切れるか、7日到達すると
1日目から再開されます*
`聖晶石 X 2
8月交換券(2023) X 1
`*8周年記念特別回数ログインボーナス*
*開催期間中、1日1回 最大10回 回数ログインボーナスをプレゼント！*
`QP X 3000000
呼符 X 10
`_2023-08-05 19:33:13_
--------
*d70a593ddeab376c769499a5f750641b*
`登陆天数: 167天 / 1302天
等级: 125
石头: 6
呼符: 109
体力: 26636.786666666667 / 137
友情点: 0 / 897630`
*連続ログイン6日目
※ログインが途切れるか、7日到達すると
1日目から再開されます*
`聖晶石 X 2
8月交換券(2023) X 1
`*8周年記念特別回数ログインボーナス*
*開催期間中、1日1回 最大10回 回数ログインボーナスをプレゼント！*
`QP X 3000000
呼符 X 10
`_2023-08-05 19:33:21_
--------
*6cd714eeb3e3e13a19f5d07a4626b930*
`登陆天数: 167天 / 1297天
等级: 125
石头: 37
呼符: 99
体力: 26633.716666666667 / 137
友情点: 0 / 987045`
*連続ログイン6日目
※ログインが途切れるか、7日到達すると
1日目から再開されます*
`聖晶石 X 2
8月交換券(2023) X 1
`*8周年記念特別回数ログインボーナス*
*開催期間中、1日1回 最大10回 回数ログインボーナスをプレゼント！*
`QP X 3000000
呼符 X 10
`_2023-08-05 19:33:29_
--------
*4892f706d3520440c52889adcd975007*
`登陆天数: 167天 / 1325天
等级: 125
石头: 723
呼符: 123
体力: 29133.133333333335 / 137
友情点: 0 / 1002480`
*連続ログイン6日目
※ログインが途切れるか、7日到達すると
1日目から再開されます*
`聖晶石 X 2
8月交換券(2023) X 1
`*8周年記念特別回数ログインボーナス*
*開催期間中、1日1回 最大10回 回数ログインボーナスをプレゼント！*
`QP X 3000000
呼符 X 10
`_2023-08-05 19:33:37_
--------
*eeba3d0c68a3b7e9fa236136b30cb897*
`登陆天数: 167天 / 1299天
等级: 125
石头: 1023
呼符: 103
体力: 26631.97333333333 / 137
友情点: 0 / 895650`
*連続ログイン6日目
※ログインが途切れるか、7日到達すると
1日目から再開されます*
`聖晶石 X 2
8月交換券(2023) X 1
`*8周年記念特別回数ログインボーナス*
*開催期間中、1日1回 最大10回 回数ログインボーナスをプレゼント！*
`QP X 3000000
呼符 X 10
`_2023-08-05 19:33:46_
--------
*79533b6314e6a2650ec019ea96bcaebe*
`登陆天数: 167天 / 1311天
等级: 125
石头: 658
呼符: 123
体力: 26629.843333333334 / 137
友情点: 0 / 923055`
*連続ログイン6日目
※ログインが途切れるか、7日到達すると
1日目から再開されます*
`聖晶石 X 2
8月交換券(2023) X 1
`*8周年記念特別回数ログインボーナス*
*開催期間中、1日1回 最大10回 回数ログインボーナスをプレゼント！*
`QP X 3000000
呼符 X 10
`_2023-08-05 19:33:55_
--------
*c4c21a97c6c4de9fca7a936ac25180fa*
`登陆天数: 167天 / 1291天
等级: 125
石头: 1248
呼符: 100
体力: 26626.303333333333 / 137
友情点: 0 / 910845`
*連続ログイン6日目
※ログインが途切れるか、7日到達すると
1日目から再開されます*
`聖晶石 X 2
8月交換券(2023) X 1
`*8周年記念特別回数ログインボーナス*
*開催期間中、1日1回 最大10回 回数ログインボーナスをプレゼント！*
`QP X 3000000
呼符 X 10
`_2023-08-05 19:34:03_
--------
*4aae112bebb9faeb436a728839c766be*
`登陆天数: 167天 / 1254天
等级: 125
石头: 187
呼符: 60
体力: 26625.49 / 137
友情点: 0 / 901595`
*連続ログイン6日目
※ログインが途切れるか、7日到達すると
1日目から再開されます*
`聖晶石 X 2
8月交換券(2023) X 1
`*8周年記念特別回数ログインボーナス*
*開催期間中、1日1回 最大10回 回数ログインボーナスをプレゼント！*
`QP X 3000000
呼符 X 10
`_2023-08-05 19:34:11_
--------
