【登录信息】
*b3defd4892470752525def1917e467ce*
`登陆天数: 168天 / 1283天
等级: 125
石头: 23
呼符: 51
体力: 26931.853333333333 / 137
友情点: 0 / 837045`
*連続ログイン7日間到達おめでとうございます！
明日は1日目からリスタートされます。*
`獣の足跡 X 1
呼符 X 1
8月交換券(2023) X 1
`*8周年記念特別回数ログインボーナス*
*開催期間中、1日1回 最大10回 回数ログインボーナスをプレゼント！*
`QP X 3000000
カルデアの夢火 X 1
`_2023-08-06 19:32:46_
--------
*5513206501fad4f4b9bb8c80e1620d51*
`登陆天数: 168天 / 1301天
等级: 125
石头: 213
呼符: 82
体力: 26928.31 / 137
友情点: 0 / 899975`
*連続ログイン7日間到達おめでとうございます！
明日は1日目からリスタートされます。*
`獣の足跡 X 1
呼符 X 1
8月交換券(2023) X 1
`*8周年記念特別回数ログインボーナス*
*開催期間中、1日1回 最大10回 回数ログインボーナスをプレゼント！*
`QP X 3000000
カルデアの夢火 X 1
`_2023-08-06 19:32:54_
--------
*b8ed275142bdf1da8b56aac07218370c*
`登陆天数: 168天 / 1327天
等级: 125
石头: 21
呼符: 87
体力: 26926.49 / 137
友情点: 0 / 1002020`
*連続ログイン7日間到達おめでとうございます！
明日は1日目からリスタートされます。*
`獣の足跡 X 1
呼符 X 1
8月交換券(2023) X 1
`*8周年記念特別回数ログインボーナス*
*開催期間中、1日1回 最大10回 回数ログインボーナスをプレゼント！*
`QP X 3000000
カルデアの夢火 X 1
`_2023-08-06 19:33:02_
--------
*d70a593ddeab376c769499a5f750641b*
`登陆天数: 168天 / 1303天
等级: 125
石头: 6
呼符: 109
体力: 26924.75 / 137
友情点: 0 / 897630`
*連続ログイン7日間到達おめでとうございます！
明日は1日目からリスタートされます。*
`獣の足跡 X 1
呼符 X 1
8月交換券(2023) X 1
`*8周年記念特別回数ログインボーナス*
*開催期間中、1日1回 最大10回 回数ログインボーナスをプレゼント！*
`QP X 3000000
カルデアの夢火 X 1
`_2023-08-06 19:33:10_
--------
*6cd714eeb3e3e13a19f5d07a4626b930*
`登陆天数: 168天 / 1298天
等级: 125
石头: 37
呼符: 99
体力: 26921.676666666666 / 137
友情点: 0 / 987045`
*連続ログイン7日間到達おめでとうございます！
明日は1日目からリスタートされます。*
`獣の足跡 X 1
呼符 X 1
8月交換券(2023) X 1
`*8周年記念特別回数ログインボーナス*
*開催期間中、1日1回 最大10回 回数ログインボーナスをプレゼント！*
`QP X 3000000
カルデアの夢火 X 1
`_2023-08-06 19:33:18_
--------
*4892f706d3520440c52889adcd975007*
`登陆天数: 168天 / 1326天
等级: 125
石头: 723
呼符: 123
体力: 29421.09 / 137
友情点: 0 / 1002480`
*連続ログイン7日間到達おめでとうございます！
明日は1日目からリスタートされます。*
`獣の足跡 X 1
呼符 X 1
8月交換券(2023) X 1
`*8周年記念特別回数ログインボーナス*
*開催期間中、1日1回 最大10回 回数ログインボーナスをプレゼント！*
`QP X 3000000
カルデアの夢火 X 1
`_2023-08-06 19:33:26_
--------
*eeba3d0c68a3b7e9fa236136b30cb897*
`登陆天数: 168天 / 1300天
等级: 125
石头: 1023
呼符: 103
体力: 26919.93 / 137
友情点: 0 / 895650`
*連続ログイン7日間到達おめでとうございます！
明日は1日目からリスタートされます。*
`獣の足跡 X 1
呼符 X 1
8月交換券(2023) X 1
`*8周年記念特別回数ログインボーナス*
*開催期間中、1日1回 最大10回 回数ログインボーナスをプレゼント！*
`QP X 3000000
カルデアの夢火 X 1
`_2023-08-06 19:33:33_
--------
*79533b6314e6a2650ec019ea96bcaebe*
`登陆天数: 168天 / 1312天
等级: 125
石头: 658
呼符: 123
体力: 26917.8 / 137
友情点: 0 / 923055`
*連続ログイン7日間到達おめでとうございます！
明日は1日目からリスタートされます。*
`獣の足跡 X 1
呼符 X 1
8月交換券(2023) X 1
`*8周年記念特別回数ログインボーナス*
*開催期間中、1日1回 最大10回 回数ログインボーナスをプレゼント！*
`QP X 3000000
カルデアの夢火 X 1
`_2023-08-06 19:33:41_
--------
*c4c21a97c6c4de9fca7a936ac25180fa*
`登陆天数: 168天 / 1292天
等级: 125
石头: 1248
呼符: 100
体力: 26914.256666666668 / 137
友情点: 0 / 910845`
*連続ログイン7日間到達おめでとうございます！
明日は1日目からリスタートされます。*
`獣の足跡 X 1
呼符 X 1
8月交換券(2023) X 1
`*8周年記念特別回数ログインボーナス*
*開催期間中、1日1回 最大10回 回数ログインボーナスをプレゼント！*
`QP X 3000000
カルデアの夢火 X 1
`_2023-08-06 19:33:49_
--------
*4aae112bebb9faeb436a728839c766be*
`登陆天数: 168天 / 1255天
等级: 125
石头: 187
呼符: 60
体力: 26913.443333333333 / 137
友情点: 0 / 901595`
*連続ログイン7日間到達おめでとうございます！
明日は1日目からリスタートされます。*
`獣の足跡 X 1
呼符 X 1
8月交換券(2023) X 1
`*8周年記念特別回数ログインボーナス*
*開催期間中、1日1回 最大10回 回数ログインボーナスをプレゼント！*
`QP X 3000000
カルデアの夢火 X 1
`_2023-08-06 19:33:57_
--------
