【登录信息】
*b3defd4892470752525def1917e467ce*
`登陆天数: 170天 / 1285天
等级: 125
石头: 23
呼符: 51
体力: 27507.88 / 137
友情点: 0 / 837045`
*連続ログイン2日目
※ログインが途切れるか、7日到達すると
1日目から再開されます*
`聖晶石 X 1
8月交換券(2023) X 1
`*8周年記念特別回数ログインボーナス*
*開催期間中、1日1回 最大10回 回数ログインボーナスをプレゼント！*
`QP X 3000000
伝承結晶 X 1
`_2023-08-08 19:32:54_
--------
*5513206501fad4f4b9bb8c80e1620d51*
`登陆天数: 170天 / 1303天
等级: 125
石头: 213
呼符: 82
体力: 27504.336666666666 / 137
友情点: 0 / 899975`
*連続ログイン2日目
※ログインが途切れるか、7日到達すると
1日目から再開されます*
`聖晶石 X 1
8月交換券(2023) X 1
`*8周年記念特別回数ログインボーナス*
*開催期間中、1日1回 最大10回 回数ログインボーナスをプレゼント！*
`QP X 3000000
伝承結晶 X 1
`_2023-08-08 19:33:02_
--------
*b8ed275142bdf1da8b56aac07218370c*
`登陆天数: 170天 / 1329天
等级: 125
石头: 21
呼符: 87
体力: 27502.52 / 137
友情点: 0 / 1002020`
*連続ログイン2日目
※ログインが途切れるか、7日到達すると
1日目から再開されます*
`聖晶石 X 1
8月交換券(2023) X 1
`*8周年記念特別回数ログインボーナス*
*開催期間中、1日1回 最大10回 回数ログインボーナスをプレゼント！*
`QP X 3000000
伝承結晶 X 1
`_2023-08-08 19:33:11_
--------
*d70a593ddeab376c769499a5f750641b*
`登陆天数: 170天 / 1305天
等级: 125
石头: 6
呼符: 109
体力: 27500.78 / 137
友情点: 0 / 897630`
*連続ログイン2日目
※ログインが途切れるか、7日到達すると
1日目から再開されます*
`聖晶石 X 1
8月交換券(2023) X 1
`*8周年記念特別回数ログインボーナス*
*開催期間中、1日1回 最大10回 回数ログインボーナスをプレゼント！*
`QP X 3000000
伝承結晶 X 1
`_2023-08-08 19:33:19_
--------
*6cd714eeb3e3e13a19f5d07a4626b930*
`登陆天数: 170天 / 1300天
等级: 125
石头: 37
呼符: 99
体力: 27497.71 / 137
友情点: 0 / 987045`
*連続ログイン2日目
※ログインが途切れるか、7日到達すると
1日目から再開されます*
`聖晶石 X 1
8月交換券(2023) X 1
`*8周年記念特別回数ログインボーナス*
*開催期間中、1日1回 最大10回 回数ログインボーナスをプレゼント！*
`QP X 3000000
伝承結晶 X 1
`_2023-08-08 19:33:27_
--------
*4892f706d3520440c52889adcd975007*
`登陆天数: 170天 / 1328天
等级: 125
石头: 723
呼符: 123
体力: 29997.126666666667 / 137
友情点: 0 / 1002480`
*連続ログイン2日目
※ログインが途切れるか、7日到達すると
1日目から再開されます*
`聖晶石 X 1
8月交換券(2023) X 1
`*8周年記念特別回数ログインボーナス*
*開催期間中、1日1回 最大10回 回数ログインボーナスをプレゼント！*
`QP X 3000000
伝承結晶 X 1
`_2023-08-08 19:33:36_
--------
*eeba3d0c68a3b7e9fa236136b30cb897*
`登陆天数: 170天 / 1302天
等级: 125
石头: 1023
呼符: 103
体力: 27495.966666666667 / 137
友情点: 0 / 895650`
*連続ログイン2日目
※ログインが途切れるか、7日到達すると
1日目から再開されます*
`聖晶石 X 1
8月交換券(2023) X 1
`*8周年記念特別回数ログインボーナス*
*開催期間中、1日1回 最大10回 回数ログインボーナスをプレゼント！*
`QP X 3000000
伝承結晶 X 1
`_2023-08-08 19:33:44_
--------
*79533b6314e6a2650ec019ea96bcaebe*
`登陆天数: 170天 / 1314天
等级: 125
石头: 658
呼符: 123
体力: 27493.846666666668 / 137
友情点: 0 / 923055`
*連続ログイン2日目
※ログインが途切れるか、7日到達すると
1日目から再開されます*
`聖晶石 X 1
8月交換券(2023) X 1
`*8周年記念特別回数ログインボーナス*
*開催期間中、1日1回 最大10回 回数ログインボーナスをプレゼント！*
`QP X 3000000
伝承結晶 X 1
`_2023-08-08 19:33:55_
--------
*c4c21a97c6c4de9fca7a936ac25180fa*
`登陆天数: 170天 / 1294天
等级: 125
石头: 1248
呼符: 100
体力: 27490.303333333333 / 137
友情点: 0 / 910845`
*連続ログイン2日目
※ログインが途切れるか、7日到達すると
1日目から再開されます*
`聖晶石 X 1
8月交換券(2023) X 1
`*8周年記念特別回数ログインボーナス*
*開催期間中、1日1回 最大10回 回数ログインボーナスをプレゼント！*
`QP X 3000000
伝承結晶 X 1
`_2023-08-08 19:34:03_
--------
*4aae112bebb9faeb436a728839c766be*
`登陆天数: 170天 / 1257天
等级: 125
石头: 187
呼符: 60
体力: 27489.49 / 137
友情点: 0 / 901595`
*連続ログイン2日目
※ログインが途切れるか、7日到達すると
1日目から再開されます*
`聖晶石 X 1
8月交換券(2023) X 1
`*8周年記念特別回数ログインボーナス*
*開催期間中、1日1回 最大10回 回数ログインボーナスをプレゼント！*
`QP X 3000000
伝承結晶 X 1
`_2023-08-08 19:34:11_
--------
