【登录信息】
*b3defd4892470752525def1917e467ce*
`登陆天数: 1天 / 1286天
等级: 125
石头: 23
呼符: 51
体力: 28083.846666666668 / 137
友情点: 0 / 837045`
*連続ログイン1日目
※ログインが途切れるか、7日到達すると
1日目から再開されます*
`フレンドポイント X 2000
8月交換券(2023) X 1
`*「マンガで分かる！Fate/Grand Order」4巻発売記念 特別ログインボーナス*
*開催期間中、初回ログインで「限定概念礼装×1」をプレゼント！*
`米の数だけ抱きしめて X 1
`_2023-08-10 19:32:44_
--------
*5513206501fad4f4b9bb8c80e1620d51*
`登陆天数: 1天 / 1304天
等级: 125
石头: 213
呼符: 82
体力: 28080.303333333333 / 137
友情点: 0 / 899975`
*連続ログイン1日目
※ログインが途切れるか、7日到達すると
1日目から再開されます*
`フレンドポイント X 2000
8月交換券(2023) X 1
`*「マンガで分かる！Fate/Grand Order」4巻発売記念 特別ログインボーナス*
*開催期間中、初回ログインで「限定概念礼装×1」をプレゼント！*
`米の数だけ抱きしめて X 1
`_2023-08-10 19:32:52_
--------
*b8ed275142bdf1da8b56aac07218370c*
`登陆天数: 1天 / 1330天
等级: 125
石头: 21
呼符: 87
体力: 28078.486666666668 / 137
友情点: 0 / 1002020`
*連続ログイン1日目
※ログインが途切れるか、7日到達すると
1日目から再開されます*
`フレンドポイント X 2000
8月交換券(2023) X 1
`*「マンガで分かる！Fate/Grand Order」4巻発売記念 特別ログインボーナス*
*開催期間中、初回ログインで「限定概念礼装×1」をプレゼント！*
`米の数だけ抱きしめて X 1
`_2023-08-10 19:33:01_
--------
*d70a593ddeab376c769499a5f750641b*
`登陆天数: 1天 / 1306天
等级: 125
石头: 6
呼符: 109
体力: 28076.746666666666 / 137
友情点: 0 / 897630`
*連続ログイン1日目
※ログインが途切れるか、7日到達すると
1日目から再開されます*
`フレンドポイント X 2000
8月交換券(2023) X 1
`*「マンガで分かる！Fate/Grand Order」4巻発売記念 特別ログインボーナス*
*開催期間中、初回ログインで「限定概念礼装×1」をプレゼント！*
`米の数だけ抱きしめて X 1
`_2023-08-10 19:33:09_
--------
*6cd714eeb3e3e13a19f5d07a4626b930*
`登陆天数: 1天 / 1301天
等级: 125
石头: 37
呼符: 99
体力: 28073.68 / 137
友情点: 0 / 987045`
*連続ログイン1日目
※ログインが途切れるか、7日到達すると
1日目から再開されます*
`フレンドポイント X 2000
8月交換券(2023) X 1
`*「マンガで分かる！Fate/Grand Order」4巻発売記念 特別ログインボーナス*
*開催期間中、初回ログインで「限定概念礼装×1」をプレゼント！*
`米の数だけ抱きしめて X 1
`_2023-08-10 19:33:18_
--------
*4892f706d3520440c52889adcd975007*
`登陆天数: 1天 / 1329天
等级: 125
石头: 723
呼符: 123
体力: 30573.093333333334 / 137
友情点: 0 / 1002480`
*連続ログイン1日目
※ログインが途切れるか、7日到達すると
1日目から再開されます*
`フレンドポイント X 2000
8月交換券(2023) X 1
`*「マンガで分かる！Fate/Grand Order」4巻発売記念 特別ログインボーナス*
*開催期間中、初回ログインで「限定概念礼装×1」をプレゼント！*
`米の数だけ抱きしめて X 1
`_2023-08-10 19:33:26_
--------
*eeba3d0c68a3b7e9fa236136b30cb897*
`登陆天数: 1天 / 1303天
等级: 125
石头: 1023
呼符: 103
体力: 28071.933333333334 / 137
友情点: 0 / 895650`
*連続ログイン1日目
※ログインが途切れるか、7日到達すると
1日目から再開されます*
`フレンドポイント X 2000
8月交換券(2023) X 1
`*「マンガで分かる！Fate/Grand Order」4巻発売記念 特別ログインボーナス*
*開催期間中、初回ログインで「限定概念礼装×1」をプレゼント！*
`米の数だけ抱きしめて X 1
`_2023-08-10 19:33:34_
--------
*79533b6314e6a2650ec019ea96bcaebe*
`登陆天数: 1天 / 1315天
等级: 125
石头: 658
呼符: 123
体力: 28069.803333333333 / 137
友情点: 0 / 923055`
*連続ログイン1日目
※ログインが途切れるか、7日到達すると
1日目から再開されます*
`フレンドポイント X 2000
8月交換券(2023) X 1
`*「マンガで分かる！Fate/Grand Order」4巻発売記念 特別ログインボーナス*
*開催期間中、初回ログインで「限定概念礼装×1」をプレゼント！*
`米の数だけ抱きしめて X 1
`_2023-08-10 19:33:43_
--------
*c4c21a97c6c4de9fca7a936ac25180fa*
`登陆天数: 1天 / 1295天
等级: 125
石头: 1248
呼符: 100
体力: 28066.263333333332 / 137
友情点: 0 / 910845`
*連続ログイン1日目
※ログインが途切れるか、7日到達すると
1日目から再開されます*
`フレンドポイント X 2000
8月交換券(2023) X 1
`*「マンガで分かる！Fate/Grand Order」4巻発売記念 特別ログインボーナス*
*開催期間中、初回ログインで「限定概念礼装×1」をプレゼント！*
`米の数だけ抱きしめて X 1
`_2023-08-10 19:33:51_
--------
*4aae112bebb9faeb436a728839c766be*
`登陆天数: 1天 / 1258天
等级: 125
石头: 187
呼符: 60
体力: 28065.45 / 137
友情点: 0 / 901595`
*連続ログイン1日目
※ログインが途切れるか、7日到達すると
1日目から再開されます*
`フレンドポイント X 2000
8月交換券(2023) X 1
`*「マンガで分かる！Fate/Grand Order」4巻発売記念 特別ログインボーナス*
*開催期間中、初回ログインで「限定概念礼装×1」をプレゼント！*
`米の数だけ抱きしめて X 1
`_2023-08-10 19:33:59_
--------
