【登录信息】
*b3defd4892470752525def1917e467ce*
`登陆天数: 8天 / 1293天
等级: 125
石头: 23
呼符: 51
体力: 30099.863333333335 / 137
友情点: 0 / 837045`
*連続ログイン1日目
※ログインが途切れるか、7日到達すると
1日目から再開されます*
`フレンドポイント X 2000
8月交換券(2023) X 1
`*サーヴァント・サマー・フェスティバル2023！開幕記念 ログインボーナス*
*開催期間中、1日1回 最大21回ログインボーナスをプレゼント！*
`白銀の果実 X 1
`_2023-08-17 19:32:49_
--------
*5513206501fad4f4b9bb8c80e1620d51*
`登陆天数: 8天 / 1311天
等级: 125
石头: 213
呼符: 82
体力: 30096.323333333334 / 137
友情点: 0 / 899975`
*連続ログイン1日目
※ログインが途切れるか、7日到達すると
1日目から再開されます*
`フレンドポイント X 2000
8月交換券(2023) X 1
`*サーヴァント・サマー・フェスティバル2023！開幕記念 ログインボーナス*
*開催期間中、1日1回 最大21回ログインボーナスをプレゼント！*
`白銀の果実 X 1
`_2023-08-17 19:32:58_
--------
*b8ed275142bdf1da8b56aac07218370c*
`登陆天数: 8天 / 1337天
等级: 125
石头: 21
呼符: 87
体力: 30094.506666666668 / 137
友情点: 0 / 1002020`
*連続ログイン1日目
※ログインが途切れるか、7日到達すると
1日目から再開されます*
`フレンドポイント X 2000
8月交換券(2023) X 1
`*サーヴァント・サマー・フェスティバル2023！開幕記念 ログインボーナス*
*開催期間中、1日1回 最大21回ログインボーナスをプレゼント！*
`白銀の果実 X 1
`_2023-08-17 19:33:06_
--------
*d70a593ddeab376c769499a5f750641b*
`登陆天数: 8天 / 1313天
等级: 125
石头: 6
呼符: 109
体力: 30092.766666666666 / 137
友情点: 0 / 897630`
*連続ログイン1日目
※ログインが途切れるか、7日到達すると
1日目から再開されます*
`フレンドポイント X 2000
8月交換券(2023) X 1
`*サーヴァント・サマー・フェスティバル2023！開幕記念 ログインボーナス*
*開催期間中、1日1回 最大21回ログインボーナスをプレゼント！*
`白銀の果実 X 1
`_2023-08-17 19:33:15_
--------
*6cd714eeb3e3e13a19f5d07a4626b930*
`登陆天数: 8天 / 1308天
等级: 125
石头: 37
呼符: 99
体力: 30089.7 / 137
友情点: 0 / 987045`
*連続ログイン1日目
※ログインが途切れるか、7日到達すると
1日目から再開されます*
`フレンドポイント X 2000
8月交換券(2023) X 1
`*サーヴァント・サマー・フェスティバル2023！開幕記念 ログインボーナス*
*開催期間中、1日1回 最大21回ログインボーナスをプレゼント！*
`白銀の果実 X 1
`_2023-08-17 19:33:24_
--------
*4892f706d3520440c52889adcd975007*
`登陆天数: 8天 / 1336天
等级: 125
石头: 723
呼符: 123
体力: 32589.116666666665 / 137
友情点: 0 / 1002480`
*連続ログイン1日目
※ログインが途切れるか、7日到達すると
1日目から再開されます*
`フレンドポイント X 2000
8月交換券(2023) X 1
`*サーヴァント・サマー・フェスティバル2023！開幕記念 ログインボーナス*
*開催期間中、1日1回 最大21回ログインボーナスをプレゼント！*
`白銀の果実 X 1
`_2023-08-17 19:33:33_
--------
*eeba3d0c68a3b7e9fa236136b30cb897*
`登陆天数: 8天 / 1310天
等级: 125
石头: 1023
呼符: 103
体力: 30087.956666666665 / 137
友情点: 0 / 895650`
*連続ログイン1日目
※ログインが途切れるか、7日到達すると
1日目から再開されます*
`フレンドポイント X 2000
8月交換券(2023) X 1
`*サーヴァント・サマー・フェスティバル2023！開幕記念 ログインボーナス*
*開催期間中、1日1回 最大21回ログインボーナスをプレゼント！*
`白銀の果実 X 1
`_2023-08-17 19:33:41_
--------
*79533b6314e6a2650ec019ea96bcaebe*
`登陆天数: 8天 / 1322天
等级: 125
石头: 658
呼符: 123
体力: 30085.83 / 137
友情点: 0 / 923055`
*連続ログイン1日目
※ログインが途切れるか、7日到達すると
1日目から再開されます*
`フレンドポイント X 2000
8月交換券(2023) X 1
`*サーヴァント・サマー・フェスティバル2023！開幕記念 ログインボーナス*
*開催期間中、1日1回 最大21回ログインボーナスをプレゼント！*
`白銀の果実 X 1
`_2023-08-17 19:33:50_
--------
*c4c21a97c6c4de9fca7a936ac25180fa*
`登陆天数: 8天 / 1302天
等级: 125
石头: 1248
呼符: 100
体力: 30082.286666666667 / 137
友情点: 0 / 910845`
*連続ログイン1日目
※ログインが途切れるか、7日到達すると
1日目から再開されます*
`フレンドポイント X 2000
8月交換券(2023) X 1
`*サーヴァント・サマー・フェスティバル2023！開幕記念 ログインボーナス*
*開催期間中、1日1回 最大21回ログインボーナスをプレゼント！*
`白銀の果実 X 1
`_2023-08-17 19:33:58_
--------
*4aae112bebb9faeb436a728839c766be*
`登陆天数: 8天 / 1265天
等级: 125
石头: 187
呼符: 60
体力: 30081.476666666666 / 137
友情点: 0 / 901595`
*連続ログイン1日目
※ログインが途切れるか、7日到達すると
1日目から再開されます*
`フレンドポイント X 2000
8月交換券(2023) X 1
`*サーヴァント・サマー・フェスティバル2023！開幕記念 ログインボーナス*
*開催期間中、1日1回 最大21回ログインボーナスをプレゼント！*
`白銀の果実 X 1
`_2023-08-17 19:34:07_
--------
