【登录信息】
*b3defd4892470752525def1917e467ce*
`登陆天数: 55天 / 1410天
等级: 125
石头: 437
呼符: 76
体力: 20818.196666666667 / 137
友情点: 0 / 969135`
*連続ログイン6日目
※ログインが途切れるか、7日到達すると
1日目から再開されます*
`聖晶石 X 2
1月交換券(2024) X 1
`*2024年お正月キャンペーン 10万リポスト達成プレゼント*
*開催期間中、初回ログインでお正月限定概念礼装&2024万QPをプレゼント！*
`ドラゴン・ダンス X 1
QP X 20240000
`_2024-01-03 19:36:24_
--------
*5513206501fad4f4b9bb8c80e1620d51*
`登陆天数: 55天 / 1429天
等级: 125
石头: 210
呼符: 97
体力: 20602.756666666668 / 137
友情点: 0 / 1047975`
*連続ログイン6日目
※ログインが途切れるか、7日到達すると
1日目から再開されます*
`聖晶石 X 2
1月交換券(2024) X 1
`*2024年お正月キャンペーン 10万リポスト達成プレゼント*
*開催期間中、初回ログインでお正月限定概念礼装&2024万QPをプレゼント！*
`ドラゴン・ダンス X 1
QP X 20240000
`_2024-01-03 19:36:32_
--------
*b8ed275142bdf1da8b56aac07218370c*
`登陆天数: 55天 / 1454天
等级: 125
石头: 474
呼符: 141
体力: 6404.246666666667 / 137
友情点: 0 / 1164020`
*連続ログイン6日目
※ログインが途切れるか、7日到達すると
1日目から再開されます*
`聖晶石 X 2
1月交換券(2024) X 1
`*2024年お正月キャンペーン 10万リポスト達成プレゼント*
*開催期間中、初回ログインでお正月限定概念礼装&2024万QPをプレゼント！*
`ドラゴン・ダンス X 1
QP X 20240000
`_2024-01-03 19:36:40_
--------
*d70a593ddeab376c769499a5f750641b*
`登陆天数: 55天 / 1430天
等级: 125
石头: 298
呼符: 146
体力: 19978.0 / 137
友情点: 0 / 1043630`
*連続ログイン6日目
※ログインが途切れるか、7日到達すると
1日目から再開されます*
`聖晶石 X 2
1月交換券(2024) X 1
`*2024年お正月キャンペーン 10万リポスト達成プレゼント*
*開催期間中、初回ログインでお正月限定概念礼装&2024万QPをプレゼント！*
`ドラゴン・ダンス X 1
QP X 20240000
`_2024-01-03 19:36:48_
--------
*6cd714eeb3e3e13a19f5d07a4626b930*
`登陆天数: 55天 / 1425天
等级: 125
石头: 299
呼符: 131
体力: 19976.796666666665 / 137
友情点: 0 / 1129045`
*連続ログイン6日目
※ログインが途切れるか、7日到達すると
1日目から再開されます*
`聖晶石 X 2
1月交換券(2024) X 1
`*2024年お正月キャンペーン 10万リポスト達成プレゼント*
*開催期間中、初回ログインでお正月限定概念礼装&2024万QPをプレゼント！*
`ドラゴン・ダンス X 1
QP X 20240000
`_2024-01-03 19:36:56_
--------
*4892f706d3520440c52889adcd975007*
`登陆天数: 55天 / 1454天
等级: 125
石头: 178
呼符: 111
体力: 19974.543333333335 / 137
友情点: 0 / 1152480`
*連続ログイン6日目
※ログインが途切れるか、7日到達すると
1日目から再開されます*
`聖晶石 X 2
1月交換券(2024) X 1
`*2024年お正月キャンペーン 10万リポスト達成プレゼント*
*開催期間中、初回ログインでお正月限定概念礼装&2024万QPをプレゼント！*
`ドラゴン・ダンス X 1
QP X 20240000
`_2024-01-03 19:37:05_
--------
*eeba3d0c68a3b7e9fa236136b30cb897*
`登陆天数: 55天 / 1428天
等级: 125
石头: 505
呼符: 135
体力: 19995.42 / 137
友情点: 0 / 1043650`
*連続ログイン6日目
※ログインが途切れるか、7日到達すると
1日目から再開されます*
`聖晶石 X 2
1月交換券(2024) X 1
`*2024年お正月キャンペーン 10万リポスト達成プレゼント*
*開催期間中、初回ログインでお正月限定概念礼装&2024万QPをプレゼント！*
`ドラゴン・ダンス X 1
QP X 20240000
`_2024-01-03 19:37:13_
--------
*79533b6314e6a2650ec019ea96bcaebe*
`登陆天数: 55天 / 1440天
等级: 125
石头: 466
呼符: 154
体力: 19993.753333333334 / 137
友情点: 0 / 1069055`
*連続ログイン6日目
※ログインが途切れるか、7日到達すると
1日目から再開されます*
`聖晶石 X 2
1月交換券(2024) X 1
`*2024年お正月キャンペーン 10万リポスト達成プレゼント*
*開催期間中、初回ログインでお正月限定概念礼装&2024万QPをプレゼント！*
`ドラゴン・ダンス X 1
QP X 20240000
`_2024-01-03 19:37:21_
--------
*c4c21a97c6c4de9fca7a936ac25180fa*
`登陆天数: 55天 / 1419天
等级: 125
石头: 606
呼符: 145
体力: 12987.713333333333 / 137
友情点: 0 / 1064845`
*連続ログイン6日目
※ログインが途切れるか、7日到達すると
1日目から再開されます*
`聖晶石 X 2
1月交換券(2024) X 1
`*2024年お正月キャンペーン 10万リポスト達成プレゼント*
*開催期間中、初回ログインでお正月限定概念礼装&2024万QPをプレゼント！*
`ドラゴン・ダンス X 1
QP X 20240000
`_2024-01-03 19:37:29_
--------
*4aae112bebb9faeb436a728839c766be*
`登陆天数: 55天 / 1382天
等级: 125
石头: 190
呼符: 96
体力: 21398.84 / 137
友情点: 0 / 1047595`
*連続ログイン6日目
※ログインが途切れるか、7日到達すると
1日目から再開されます*
`聖晶石 X 2
1月交換券(2024) X 1
`*2024年お正月キャンペーン 10万リポスト達成プレゼント*
*開催期間中、初回ログインでお正月限定概念礼装&2024万QPをプレゼント！*
`ドラゴン・ダンス X 1
QP X 20240000
`_2024-01-03 19:37:37_
--------
