【登录信息】
*b3defd4892470752525def1917e467ce*
`登陆天数: 59天 / 1414天
等级: 125
石头: 437
呼符: 76
体力: 21970.18 / 137
友情点: 0 / 969135`
*連続ログイン3日目
※ログインが途切れるか、7日到達すると
1日目から再開されます*
`叡智の業火 X 1
1月交換券(2024) X 1
`_2024-01-07 19:36:18_
--------
*5513206501fad4f4b9bb8c80e1620d51*
`登陆天数: 59天 / 1433天
等级: 125
石头: 210
呼符: 97
体力: 21754.74 / 137
友情点: 0 / 1047975`
*連続ログイン3日目
※ログインが途切れるか、7日到達すると
1日目から再開されます*
`叡智の業火 X 1
1月交換券(2024) X 1
`_2024-01-07 19:36:26_
--------
*b8ed275142bdf1da8b56aac07218370c*
`登陆天数: 59天 / 1458天
等级: 125
石头: 474
呼符: 141
体力: 7556.2266666666665 / 137
友情点: 0 / 1164020`
*連続ログイン3日目
※ログインが途切れるか、7日到達すると
1日目から再開されます*
`叡智の業火 X 1
1月交換券(2024) X 1
`_2024-01-07 19:36:34_
--------
*d70a593ddeab376c769499a5f750641b*
`登陆天数: 59天 / 1434天
等级: 125
石头: 298
呼符: 146
体力: 21129.98 / 137
友情点: 0 / 1043630`
*連続ログイン3日目
※ログインが途切れるか、7日到達すると
1日目から再開されます*
`叡智の業火 X 1
1月交換券(2024) X 1
`_2024-01-07 19:36:42_
--------
*6cd714eeb3e3e13a19f5d07a4626b930*
`登陆天数: 59天 / 1429天
等级: 125
石头: 299
呼符: 131
体力: 21128.77666666667 / 137
友情点: 0 / 1129045`
*連続ログイン3日目
※ログインが途切れるか、7日到達すると
1日目から再開されます*
`叡智の業火 X 1
1月交換券(2024) X 1
`_2024-01-07 19:36:50_
--------
*4892f706d3520440c52889adcd975007*
`登陆天数: 59天 / 1458天
等级: 125
石头: 178
呼符: 111
体力: 21126.523333333334 / 137
友情点: 0 / 1152480`
*連続ログイン3日目
※ログインが途切れるか、7日到達すると
1日目から再開されます*
`叡智の業火 X 1
1月交換券(2024) X 1
`_2024-01-07 19:36:58_
--------
*eeba3d0c68a3b7e9fa236136b30cb897*
`登陆天数: 59天 / 1432天
等级: 125
石头: 505
呼符: 135
体力: 21147.4 / 137
友情点: 0 / 1043650`
*連続ログイン3日目
※ログインが途切れるか、7日到達すると
1日目から再開されます*
`叡智の業火 X 1
1月交換券(2024) X 1
`_2024-01-07 19:37:06_
--------
*79533b6314e6a2650ec019ea96bcaebe*
`登陆天数: 59天 / 1444天
等级: 125
石头: 466
呼符: 154
体力: 21145.73 / 137
友情点: 0 / 1069055`
*連続ログイン3日目
※ログインが途切れるか、7日到達すると
1日目から再開されます*
`叡智の業火 X 1
1月交換券(2024) X 1
`_2024-01-07 19:37:14_
--------
*c4c21a97c6c4de9fca7a936ac25180fa*
`登陆天数: 59天 / 1423天
等级: 125
石头: 606
呼符: 145
体力: 14139.69 / 137
友情点: 0 / 1064845`
*連続ログイン3日目
※ログインが途切れるか、7日到達すると
1日目から再開されます*
`叡智の業火 X 1
1月交換券(2024) X 1
`_2024-01-07 19:37:22_
--------
*4aae112bebb9faeb436a728839c766be*
`登陆天数: 59天 / 1386天
等级: 125
石头: 190
呼符: 96
体力: 22550.816666666666 / 137
友情点: 0 / 1047595`
*連続ログイン3日目
※ログインが途切れるか、7日到達すると
1日目から再開されます*
`叡智の業火 X 1
1月交換券(2024) X 1
`_2024-01-07 19:37:30_
--------
