【登录信息】
*b3defd4892470752525def1917e467ce*
`登陆天数: 60天 / 1415天
等级: 125
石头: 437
呼符: 76
体力: 22337.963333333333 / 137
友情点: 0 / 969135`
*連続ログイン4日目
※ログインが途切れるか、7日到達すると
1日目から再開されます*
`聖晶石 X 1
1月交換券(2024) X 1
`_2024-01-09 02:15:13_
--------
*5513206501fad4f4b9bb8c80e1620d51*
`登陆天数: 60天 / 1434天
等级: 125
石头: 210
呼符: 97
体力: 22122.523333333334 / 137
友情点: 0 / 1047975`
*連続ログイン4日目
※ログインが途切れるか、7日到達すると
1日目から再開されます*
`聖晶石 X 1
1月交換券(2024) X 1
`_2024-01-09 02:15:22_
--------
*b8ed275142bdf1da8b56aac07218370c*
`登陆天数: 60天 / 1459天
等级: 125
石头: 474
呼符: 141
体力: 7924.013333333333 / 137
友情点: 0 / 1164020`
*連続ログイン4日目
※ログインが途切れるか、7日到達すると
1日目から再開されます*
`聖晶石 X 1
1月交換券(2024) X 1
`_2024-01-09 02:15:30_
--------
*d70a593ddeab376c769499a5f750641b*
`登陆天数: 60天 / 1435天
等级: 125
石头: 298
呼符: 146
体力: 21497.766666666666 / 137
友情点: 0 / 1043630`
*連続ログイン4日目
※ログインが途切れるか、7日到達すると
1日目から再開されます*
`聖晶石 X 1
1月交換券(2024) X 1
`_2024-01-09 02:15:38_
--------
*6cd714eeb3e3e13a19f5d07a4626b930*
`登陆天数: 60天 / 1430天
等级: 125
石头: 299
呼符: 131
体力: 21496.56333333333 / 137
友情点: 0 / 1129045`
*連続ログイン4日目
※ログインが途切れるか、7日到達すると
1日目から再開されます*
`聖晶石 X 1
1月交換券(2024) X 1
`_2024-01-09 02:15:46_
--------
*4892f706d3520440c52889adcd975007*
`登陆天数: 60天 / 1459天
等级: 125
石头: 178
呼符: 111
体力: 21494.31333333333 / 137
友情点: 0 / 1152480`
*連続ログイン4日目
※ログインが途切れるか、7日到達すると
1日目から再開されます*
`聖晶石 X 1
1月交換券(2024) X 1
`_2024-01-09 02:15:55_
--------
*eeba3d0c68a3b7e9fa236136b30cb897*
`登陆天数: 60天 / 1433天
等级: 125
石头: 505
呼符: 135
体力: 21515.19 / 137
友情点: 0 / 1043650`
*連続ログイン4日目
※ログインが途切れるか、7日到達すると
1日目から再開されます*
`聖晶石 X 1
1月交換券(2024) X 1
`_2024-01-09 02:16:03_
--------
*79533b6314e6a2650ec019ea96bcaebe*
`登陆天数: 60天 / 1445天
等级: 125
石头: 466
呼符: 154
体力: 21513.523333333334 / 137
友情点: 0 / 1069055`
*連続ログイン4日目
※ログインが途切れるか、7日到達すると
1日目から再開されます*
`聖晶石 X 1
1月交換券(2024) X 1
`_2024-01-09 02:16:12_
--------
*c4c21a97c6c4de9fca7a936ac25180fa*
`登陆天数: 60天 / 1424天
等级: 125
石头: 606
呼符: 145
体力: 14507.483333333334 / 137
友情点: 0 / 1064845`
*連続ログイン4日目
※ログインが途切れるか、7日到達すると
1日目から再開されます*
`聖晶石 X 1
1月交換券(2024) X 1
`_2024-01-09 02:16:20_
--------
*4aae112bebb9faeb436a728839c766be*
`登陆天数: 60天 / 1387天
等级: 125
石头: 190
呼符: 96
体力: 22918.613333333335 / 137
友情点: 0 / 1047595`
*連続ログイン4日目
※ログインが途切れるか、7日到達すると
1日目から再開されます*
`聖晶石 X 1
1月交換券(2024) X 1
`_2024-01-09 02:16:29_
--------
