【登录信息】
*b3defd4892470752525def1917e467ce*
`登陆天数: 61天 / 1416天
等级: 125
石头: 437
呼符: 76
体力: 22546.203333333335 / 137
友情点: 0 / 969135`
*連続ログイン5日目
※ログインが途切れるか、7日到達すると
1日目から再開されます*
`叡智の業火 X 2
1月交換券(2024) X 1
`_2024-01-09 19:36:25_
--------
*5513206501fad4f4b9bb8c80e1620d51*
`登陆天数: 61天 / 1435天
等级: 125
石头: 210
呼符: 97
体力: 22330.766666666666 / 137
友情点: 0 / 1047975`
*連続ログイン5日目
※ログインが途切れるか、7日到達すると
1日目から再開されます*
`叡智の業火 X 2
1月交換券(2024) X 1
`_2024-01-09 19:36:34_
--------
*b8ed275142bdf1da8b56aac07218370c*
`登陆天数: 61天 / 1460天
等级: 125
石头: 474
呼符: 141
体力: 8132.256666666667 / 137
友情点: 0 / 1164020`
*連続ログイン5日目
※ログインが途切れるか、7日到達すると
1日目から再開されます*
`叡智の業火 X 2
1月交換券(2024) X 1
`_2024-01-09 19:36:42_
--------
*d70a593ddeab376c769499a5f750641b*
`登陆天数: 61天 / 1436天
等级: 125
石头: 298
呼符: 146
体力: 21706.013333333332 / 137
友情点: 0 / 1043630`
*連続ログイン5日目
※ログインが途切れるか、7日到達すると
1日目から再開されます*
`叡智の業火 X 2
1月交換券(2024) X 1
`_2024-01-09 19:36:51_
--------
*6cd714eeb3e3e13a19f5d07a4626b930*
`登陆天数: 61天 / 1431天
等级: 125
石头: 299
呼符: 131
体力: 21704.81 / 137
友情点: 0 / 1129045`
*連続ログイン5日目
※ログインが途切れるか、7日到達すると
1日目から再開されます*
`叡智の業火 X 2
1月交換券(2024) X 1
`_2024-01-09 19:37:00_
--------
*4892f706d3520440c52889adcd975007*
`登陆天数: 61天 / 1460天
等级: 125
石头: 178
呼符: 111
体力: 21702.56 / 137
友情点: 0 / 1152480`
*連続ログイン5日目
※ログインが途切れるか、7日到達すると
1日目から再開されます*
`叡智の業火 X 2
1月交換券(2024) X 1
`_2024-01-09 19:37:09_
--------
*eeba3d0c68a3b7e9fa236136b30cb897*
`登陆天数: 61天 / 1434天
等级: 125
石头: 505
呼符: 135
体力: 21723.44 / 137
友情点: 0 / 1043650`
*連続ログイン5日目
※ログインが途切れるか、7日到達すると
1日目から再開されます*
`叡智の業火 X 2
1月交換券(2024) X 1
`_2024-01-09 19:37:17_
--------
*79533b6314e6a2650ec019ea96bcaebe*
`登陆天数: 61天 / 1446天
等级: 125
石头: 466
呼符: 154
体力: 21721.773333333334 / 137
友情点: 0 / 1069055`
*連続ログイン5日目
※ログインが途切れるか、7日到達すると
1日目から再開されます*
`叡智の業火 X 2
1月交換券(2024) X 1
`_2024-01-09 19:37:26_
--------
*c4c21a97c6c4de9fca7a936ac25180fa*
`登陆天数: 61天 / 1425天
等级: 125
石头: 606
呼符: 145
体力: 14715.736666666666 / 137
友情点: 0 / 1064845`
*連続ログイン5日目
※ログインが途切れるか、7日到達すると
1日目から再開されます*
`叡智の業火 X 2
1月交換券(2024) X 1
`_2024-01-09 19:37:36_
--------
*4aae112bebb9faeb436a728839c766be*
`登陆天数: 61天 / 1388天
等级: 125
石头: 190
呼符: 96
体力: 23126.866666666665 / 137
友情点: 0 / 1047595`
*連続ログイン5日目
※ログインが途切れるか、7日到達すると
1日目から再開されます*
`叡智の業火 X 2
1月交換券(2024) X 1
`_2024-01-09 19:37:44_
--------
