【登录信息】
*b3defd4892470752525def1917e467ce*
`登陆天数: 62天 / 1417天
等级: 125
石头: 437
呼符: 76
体力: 22834.166666666668 / 137
友情点: 0 / 969135`
*連続ログイン6日目
※ログインが途切れるか、7日到達すると
1日目から再開されます*
`聖晶石 X 2
1月交換券(2024) X 1
`*「FGO カルデア・サテライトステーション 2023-2024」宮崎会場開催直前 ログインボーナス*
*開催期間中、1日1回 最大3回 ログインボーナスをプレゼント！*
`黄金の果実 X 1
`_2024-01-10 19:36:14_
--------
*5513206501fad4f4b9bb8c80e1620d51*
`登陆天数: 62天 / 1436天
等级: 125
石头: 210
呼符: 97
体力: 22618.73 / 137
友情点: 0 / 1047975`
*連続ログイン6日目
※ログインが途切れるか、7日到達すると
1日目から再開されます*
`聖晶石 X 2
1月交換券(2024) X 1
`*「FGO カルデア・サテライトステーション 2023-2024」宮崎会場開催直前 ログインボーナス*
*開催期間中、1日1回 最大3回 ログインボーナスをプレゼント！*
`黄金の果実 X 1
`_2024-01-10 19:36:23_
--------
*b8ed275142bdf1da8b56aac07218370c*
`登陆天数: 62天 / 1461天
等级: 125
石头: 474
呼符: 141
体力: 8420.22 / 137
友情点: 0 / 1164020`
*連続ログイン6日目
※ログインが途切れるか、7日到達すると
1日目から再開されます*
`聖晶石 X 2
1月交換券(2024) X 1
`*「FGO カルデア・サテライトステーション 2023-2024」宮崎会場開催直前 ログインボーナス*
*開催期間中、1日1回 最大3回 ログインボーナスをプレゼント！*
`黄金の果実 X 1
`_2024-01-10 19:36:31_
--------
*d70a593ddeab376c769499a5f750641b*
`登陆天数: 62天 / 1437天
等级: 125
石头: 298
呼符: 146
体力: 21993.97333333333 / 137
友情点: 0 / 1043630`
*連続ログイン6日目
※ログインが途切れるか、7日到達すると
1日目から再開されます*
`聖晶石 X 2
1月交換券(2024) X 1
`*「FGO カルデア・サテライトステーション 2023-2024」宮崎会場開催直前 ログインボーナス*
*開催期間中、1日1回 最大3回 ログインボーナスをプレゼント！*
`黄金の果実 X 1
`_2024-01-10 19:36:40_
--------
*6cd714eeb3e3e13a19f5d07a4626b930*
`登陆天数: 62天 / 1432天
等级: 125
石头: 299
呼符: 131
体力: 21992.773333333334 / 137
友情点: 0 / 1129045`
*連続ログイン6日目
※ログインが途切れるか、7日到達すると
1日目から再開されます*
`聖晶石 X 2
1月交換券(2024) X 1
`*「FGO カルデア・サテライトステーション 2023-2024」宮崎会場開催直前 ログインボーナス*
*開催期間中、1日1回 最大3回 ログインボーナスをプレゼント！*
`黄金の果実 X 1
`_2024-01-10 19:36:49_
--------
*4892f706d3520440c52889adcd975007*
`登陆天数: 62天 / 1461天
等级: 125
石头: 178
呼符: 111
体力: 21990.523333333334 / 137
友情点: 0 / 1152480`
*連続ログイン6日目
※ログインが途切れるか、7日到達すると
1日目から再開されます*
`聖晶石 X 2
1月交換券(2024) X 1
`*「FGO カルデア・サテライトステーション 2023-2024」宮崎会場開催直前 ログインボーナス*
*開催期間中、1日1回 最大3回 ログインボーナスをプレゼント！*
`黄金の果実 X 1
`_2024-01-10 19:36:57_
--------
*eeba3d0c68a3b7e9fa236136b30cb897*
`登陆天数: 62天 / 1435天
等级: 125
石头: 505
呼符: 135
体力: 22011.403333333332 / 137
友情点: 0 / 1043650`
*連続ログイン6日目
※ログインが途切れるか、7日到達すると
1日目から再開されます*
`聖晶石 X 2
1月交換券(2024) X 1
`*「FGO カルデア・サテライトステーション 2023-2024」宮崎会場開催直前 ログインボーナス*
*開催期間中、1日1回 最大3回 ログインボーナスをプレゼント！*
`黄金の果実 X 1
`_2024-01-10 19:37:06_
--------
*79533b6314e6a2650ec019ea96bcaebe*
`登陆天数: 62天 / 1447天
等级: 125
石头: 466
呼符: 154
体力: 22009.736666666668 / 137
友情点: 0 / 1069055`
*連続ログイン6日目
※ログインが途切れるか、7日到達すると
1日目から再開されます*
`聖晶石 X 2
1月交換券(2024) X 1
`*「FGO カルデア・サテライトステーション 2023-2024」宮崎会場開催直前 ログインボーナス*
*開催期間中、1日1回 最大3回 ログインボーナスをプレゼント！*
`黄金の果実 X 1
`_2024-01-10 19:37:15_
--------
*c4c21a97c6c4de9fca7a936ac25180fa*
`登陆天数: 62天 / 1426天
等级: 125
石头: 606
呼符: 145
体力: 15003.7 / 137
友情点: 0 / 1064845`
*連続ログイン6日目
※ログインが途切れるか、7日到達すると
1日目から再開されます*
`聖晶石 X 2
1月交換券(2024) X 1
`*「FGO カルデア・サテライトステーション 2023-2024」宮崎会場開催直前 ログインボーナス*
*開催期間中、1日1回 最大3回 ログインボーナスをプレゼント！*
`黄金の果実 X 1
`_2024-01-10 19:37:24_
--------
*4aae112bebb9faeb436a728839c766be*
`登陆天数: 62天 / 1389天
等级: 125
石头: 190
呼符: 96
体力: 23414.826666666668 / 137
友情点: 0 / 1047595`
*連続ログイン6日目
※ログインが途切れるか、7日到達すると
1日目から再開されます*
`聖晶石 X 2
1月交換券(2024) X 1
`*「FGO カルデア・サテライトステーション 2023-2024」宮崎会場開催直前 ログインボーナス*
*開催期間中、1日1回 最大3回 ログインボーナスをプレゼント！*
`黄金の果実 X 1
`_2024-01-10 19:37:33_
--------
