【登录信息】
*b3defd4892470752525def1917e467ce*
`登陆天数: 63天 / 1418天
等级: 125
石头: 437
呼符: 76
体力: 23226.343333333334 / 137
友情点: 0 / 969135`
*連続ログイン7日間到達おめでとうございます！
明日は1日目からリスタートされます。*
`獣の足跡 X 1
呼符 X 1
1月交換券(2024) X 1
`*「FGO カルデア・サテライトステーション 2023-2024」宮崎会場開催直前 ログインボーナス*
*開催期間中、1日1回 最大3回 ログインボーナスをプレゼント！*
`黄金の果実 X 1
`_2024-01-12 04:17:07_
--------
*5513206501fad4f4b9bb8c80e1620d51*
`登陆天数: 63天 / 1437天
等级: 125
石头: 210
呼符: 97
体力: 23010.903333333332 / 137
友情点: 0 / 1047975`
*連続ログイン7日間到達おめでとうございます！
明日は1日目からリスタートされます。*
`獣の足跡 X 1
呼符 X 1
1月交換券(2024) X 1
`*「FGO カルデア・サテライトステーション 2023-2024」宮崎会場開催直前 ログインボーナス*
*開催期間中、1日1回 最大3回 ログインボーナスをプレゼント！*
`黄金の果実 X 1
`_2024-01-12 04:17:15_
--------
*b8ed275142bdf1da8b56aac07218370c*
`登陆天数: 63天 / 1462天
等级: 125
石头: 474
呼符: 141
体力: 8812.39 / 137
友情点: 0 / 1164020`
*連続ログイン7日間到達おめでとうございます！
明日は1日目からリスタートされます。*
`獣の足跡 X 1
呼符 X 1
1月交換券(2024) X 1
`*「FGO カルデア・サテライトステーション 2023-2024」宮崎会場開催直前 ログインボーナス*
*開催期間中、1日1回 最大3回 ログインボーナスをプレゼント！*
`黄金の果実 X 1
`_2024-01-12 04:17:23_
--------
*d70a593ddeab376c769499a5f750641b*
`登陆天数: 63天 / 1438天
等级: 125
石头: 298
呼符: 146
体力: 22386.143333333333 / 137
友情点: 0 / 1043630`
*連続ログイン7日間到達おめでとうございます！
明日は1日目からリスタートされます。*
`獣の足跡 X 1
呼符 X 1
1月交換券(2024) X 1
`*「FGO カルデア・サテライトステーション 2023-2024」宮崎会場開催直前 ログインボーナス*
*開催期間中、1日1回 最大3回 ログインボーナスをプレゼント！*
`黄金の果実 X 1
`_2024-01-12 04:17:31_
--------
*6cd714eeb3e3e13a19f5d07a4626b930*
`登陆天数: 63天 / 1433天
等级: 125
石头: 299
呼符: 131
体力: 22384.943333333333 / 137
友情点: 0 / 1129045`
*連続ログイン7日間到達おめでとうございます！
明日は1日目からリスタートされます。*
`獣の足跡 X 1
呼符 X 1
1月交換券(2024) X 1
`*「FGO カルデア・サテライトステーション 2023-2024」宮崎会場開催直前 ログインボーナス*
*開催期間中、1日1回 最大3回 ログインボーナスをプレゼント！*
`黄金の果実 X 1
`_2024-01-12 04:17:40_
--------
*4892f706d3520440c52889adcd975007*
`登陆天数: 63天 / 1462天
等级: 125
石头: 178
呼符: 111
体力: 22382.69 / 137
友情点: 0 / 1152480`
*連続ログイン7日間到達おめでとうございます！
明日は1日目からリスタートされます。*
`獣の足跡 X 1
呼符 X 1
1月交換券(2024) X 1
`*「FGO カルデア・サテライトステーション 2023-2024」宮崎会場開催直前 ログインボーナス*
*開催期間中、1日1回 最大3回 ログインボーナスをプレゼント！*
`黄金の果実 X 1
`_2024-01-12 04:17:48_
--------
*eeba3d0c68a3b7e9fa236136b30cb897*
`登陆天数: 63天 / 1436天
等级: 125
石头: 505
呼符: 135
体力: 22403.57 / 137
友情点: 0 / 1043650`
*連続ログイン7日間到達おめでとうございます！
明日は1日目からリスタートされます。*
`獣の足跡 X 1
呼符 X 1
1月交換券(2024) X 1
`*「FGO カルデア・サテライトステーション 2023-2024」宮崎会場開催直前 ログインボーナス*
*開催期間中、1日1回 最大3回 ログインボーナスをプレゼント！*
`黄金の果実 X 1
`_2024-01-12 04:17:56_
--------
*79533b6314e6a2650ec019ea96bcaebe*
`登陆天数: 63天 / 1448天
等级: 125
石头: 466
呼符: 154
体力: 22401.9 / 137
友情点: 0 / 1069055`
*連続ログイン7日間到達おめでとうございます！
明日は1日目からリスタートされます。*
`獣の足跡 X 1
呼符 X 1
1月交換券(2024) X 1
`*「FGO カルデア・サテライトステーション 2023-2024」宮崎会場開催直前 ログインボーナス*
*開催期間中、1日1回 最大3回 ログインボーナスをプレゼント！*
`黄金の果実 X 1
`_2024-01-12 04:18:05_
--------
*c4c21a97c6c4de9fca7a936ac25180fa*
`登陆天数: 63天 / 1427天
等级: 125
石头: 606
呼符: 145
体力: 15395.86 / 137
友情点: 0 / 1064845`
*連続ログイン7日間到達おめでとうございます！
明日は1日目からリスタートされます。*
`獣の足跡 X 1
呼符 X 1
1月交換券(2024) X 1
`*「FGO カルデア・サテライトステーション 2023-2024」宮崎会場開催直前 ログインボーナス*
*開催期間中、1日1回 最大3回 ログインボーナスをプレゼント！*
`黄金の果実 X 1
`_2024-01-12 04:18:13_
--------
*4aae112bebb9faeb436a728839c766be*
`登陆天数: 63天 / 1390天
等级: 125
石头: 190
呼符: 96
体力: 23806.99 / 137
友情点: 0 / 1047595`
*連続ログイン7日間到達おめでとうございます！
明日は1日目からリスタートされます。*
`獣の足跡 X 1
呼符 X 1
1月交換券(2024) X 1
`*「FGO カルデア・サテライトステーション 2023-2024」宮崎会場開催直前 ログインボーナス*
*開催期間中、1日1回 最大3回 ログインボーナスをプレゼント！*
`黄金の果実 X 1
`_2024-01-12 04:18:22_
--------
