【登录信息】
*b3defd4892470752525def1917e467ce*
`登陆天数: 65天 / 1420天
等级: 125
石头: 437
呼符: 76
体力: 23697.183333333334 / 137
友情点: 0 / 969135`
*連続ログイン2日目
※ログインが途切れるか、7日到達すると
1日目から再開されます*
`聖晶石 X 1
1月交換券(2024) X 1
`*「FGO カルデア・サテライトステーション 2023-2024」宮崎会場開催記念 3万リポスト達成プレゼント*
*開催期間中、初回ログインで「聖晶石×6」をプレゼント！*
`聖晶石 X 6
`_2024-01-13 19:31:19_
--------
*5513206501fad4f4b9bb8c80e1620d51*
`登陆天数: 65天 / 1439天
等级: 125
石头: 210
呼符: 97
体力: 23481.746666666666 / 137
友情点: 0 / 1047975`
*連続ログイン2日目
※ログインが途切れるか、7日到達すると
1日目から再開されます*
`聖晶石 X 1
1月交換券(2024) X 1
`*「FGO カルデア・サテライトステーション 2023-2024」宮崎会場開催記念 3万リポスト達成プレゼント*
*開催期間中、初回ログインで「聖晶石×6」をプレゼント！*
`聖晶石 X 6
`_2024-01-13 19:31:28_
--------
*b8ed275142bdf1da8b56aac07218370c*
`登陆天数: 65天 / 1464天
等级: 125
石头: 474
呼符: 141
体力: 9283.236666666666 / 137
友情点: 0 / 1164020`
*連続ログイン2日目
※ログインが途切れるか、7日到達すると
1日目から再開されます*
`聖晶石 X 1
1月交換券(2024) X 1
`*「FGO カルデア・サテライトステーション 2023-2024」宮崎会場開催記念 3万リポスト達成プレゼント*
*開催期間中、初回ログインで「聖晶石×6」をプレゼント！*
`聖晶石 X 6
`_2024-01-13 19:31:36_
--------
*d70a593ddeab376c769499a5f750641b*
`登陆天数: 65天 / 1440天
等级: 125
石头: 298
呼符: 146
体力: 22856.99 / 137
友情点: 0 / 1043630`
*連続ログイン2日目
※ログインが途切れるか、7日到達すると
1日目から再開されます*
`聖晶石 X 1
1月交換券(2024) X 1
`*「FGO カルデア・サテライトステーション 2023-2024」宮崎会場開催記念 3万リポスト達成プレゼント*
*開催期間中、初回ログインで「聖晶石×6」をプレゼント！*
`聖晶石 X 6
`_2024-01-13 19:31:45_
--------
*6cd714eeb3e3e13a19f5d07a4626b930*
`登陆天数: 65天 / 1435天
等级: 125
石头: 299
呼符: 131
体力: 22855.79 / 137
友情点: 0 / 1129045`
*連続ログイン2日目
※ログインが途切れるか、7日到達すると
1日目から再開されます*
`聖晶石 X 1
1月交換券(2024) X 1
`*「FGO カルデア・サテライトステーション 2023-2024」宮崎会場開催記念 3万リポスト達成プレゼント*
*開催期間中、初回ログインで「聖晶石×6」をプレゼント！*
`聖晶石 X 6
`_2024-01-13 19:31:54_
--------
*4892f706d3520440c52889adcd975007*
`登陆天数: 65天 / 1464天
等级: 125
石头: 178
呼符: 111
体力: 22853.54 / 137
友情点: 0 / 1152480`
*連続ログイン2日目
※ログインが途切れるか、7日到達すると
1日目から再開されます*
`聖晶石 X 1
1月交換券(2024) X 1
`*「FGO カルデア・サテライトステーション 2023-2024」宮崎会場開催記念 3万リポスト達成プレゼント*
*開催期間中、初回ログインで「聖晶石×6」をプレゼント！*
`聖晶石 X 6
`_2024-01-13 19:32:03_
--------
*eeba3d0c68a3b7e9fa236136b30cb897*
`登陆天数: 65天 / 1438天
等级: 125
石头: 505
呼符: 135
体力: 22874.42 / 137
友情点: 0 / 1043650`
*連続ログイン2日目
※ログインが途切れるか、7日到達すると
1日目から再開されます*
`聖晶石 X 1
1月交換券(2024) X 1
`*「FGO カルデア・サテライトステーション 2023-2024」宮崎会場開催記念 3万リポスト達成プレゼント*
*開催期間中、初回ログインで「聖晶石×6」をプレゼント！*
`聖晶石 X 6
`_2024-01-13 19:32:11_
--------
*79533b6314e6a2650ec019ea96bcaebe*
`登陆天数: 65天 / 1450天
等级: 125
石头: 466
呼符: 154
体力: 22872.753333333334 / 137
友情点: 0 / 1069055`
*連続ログイン2日目
※ログインが途切れるか、7日到達すると
1日目から再開されます*
`聖晶石 X 1
1月交換券(2024) X 1
`*「FGO カルデア・サテライトステーション 2023-2024」宮崎会場開催記念 3万リポスト達成プレゼント*
*開催期間中、初回ログインで「聖晶石×6」をプレゼント！*
`聖晶石 X 6
`_2024-01-13 19:32:20_
--------
*c4c21a97c6c4de9fca7a936ac25180fa*
`登陆天数: 65天 / 1429天
等级: 125
石头: 606
呼符: 145
体力: 15866.716666666667 / 137
友情点: 0 / 1064845`
*連続ログイン2日目
※ログインが途切れるか、7日到達すると
1日目から再開されます*
`聖晶石 X 1
1月交換券(2024) X 1
`*「FGO カルデア・サテライトステーション 2023-2024」宮崎会場開催記念 3万リポスト達成プレゼント*
*開催期間中、初回ログインで「聖晶石×6」をプレゼント！*
`聖晶石 X 6
`_2024-01-13 19:32:29_
--------
*4aae112bebb9faeb436a728839c766be*
`登陆天数: 65天 / 1392天
等级: 125
石头: 190
呼符: 96
体力: 24277.843333333334 / 137
友情点: 0 / 1047595`
*連続ログイン2日目
※ログインが途切れるか、7日到達すると
1日目から再開されます*
`聖晶石 X 1
1月交換券(2024) X 1
`*「FGO カルデア・サテライトステーション 2023-2024」宮崎会場開催記念 3万リポスト達成プレゼント*
*開催期間中、初回ログインで「聖晶石×6」をプレゼント！*
`聖晶石 X 6
`_2024-01-13 19:32:38_
--------
