【登录信息】
*b3defd4892470752525def1917e467ce*
`登陆天数: 70天 / 1425天
等级: 125
石头: 437
呼符: 76
体力: 25137.18666666667 / 137
友情点: 0 / 969135`
*連続ログイン7日間到達おめでとうございます！
明日は1日目からリスタートされます。*
`獣の足跡 X 1
呼符 X 1
1月交換券(2024) X 1
`*Fate/Samurai Remnant×Fate/Grand Order
コラボレーションイベント
開幕直前特別ログインボーナス*
*開催期間中、1日1回 最大7回ログインボーナスをプレゼント！*
`英霊結晶・太陽のフォウくん X 5
聖晶石 X 1
`_2024-01-18 19:31:20_
--------
*5513206501fad4f4b9bb8c80e1620d51*
`登陆天数: 70天 / 1444天
等级: 125
石头: 210
呼符: 97
体力: 24921.75 / 137
友情点: 0 / 1047975`
*連続ログイン7日間到達おめでとうございます！
明日は1日目からリスタートされます。*
`獣の足跡 X 1
呼符 X 1
1月交換券(2024) X 1
`*Fate/Samurai Remnant×Fate/Grand Order
コラボレーションイベント
開幕直前特別ログインボーナス*
*開催期間中、1日1回 最大7回ログインボーナスをプレゼント！*
`英霊結晶・太陽のフォウくん X 5
聖晶石 X 1
`_2024-01-18 19:31:29_
--------
*b8ed275142bdf1da8b56aac07218370c*
`登陆天数: 70天 / 1469天
等级: 125
石头: 528
呼符: 152
体力: 408.9166666666667 / 137
友情点: 0 / 1174020`
*連続ログイン7日間到達おめでとうございます！
明日は1日目からリスタートされます。*
`獣の足跡 X 1
呼符 X 1
1月交換券(2024) X 1
`*Fate/Samurai Remnant×Fate/Grand Order
コラボレーションイベント
開幕直前特別ログインボーナス*
*開催期間中、1日1回 最大7回ログインボーナスをプレゼント！*
`英霊結晶・太陽のフォウくん X 5
聖晶石 X 1
`_2024-01-18 19:31:38_
--------
*d70a593ddeab376c769499a5f750641b*
`登陆天数: 70天 / 1445天
等级: 125
石头: 420
呼符: 158
体力: 407.6166666666667 / 137
友情点: 0 / 1067630`
*連続ログイン7日間到達おめでとうございます！
明日は1日目からリスタートされます。*
`獣の足跡 X 1
呼符 X 1
1月交換券(2024) X 1
`*Fate/Samurai Remnant×Fate/Grand Order
コラボレーションイベント
開幕直前特別ログインボーナス*
*開催期間中、1日1回 最大7回ログインボーナスをプレゼント！*
`英霊結晶・太陽のフォウくん X 5
聖晶石 X 1
`_2024-01-18 19:31:47_
--------
*6cd714eeb3e3e13a19f5d07a4626b930*
`登陆天数: 70天 / 1440天
等级: 125
石头: 299
呼符: 131
体力: 24295.796666666665 / 137
友情点: 0 / 1129045`
*連続ログイン7日間到達おめでとうございます！
明日は1日目からリスタートされます。*
`獣の足跡 X 1
呼符 X 1
1月交換券(2024) X 1
`*Fate/Samurai Remnant×Fate/Grand Order
コラボレーションイベント
開幕直前特別ログインボーナス*
*開催期間中、1日1回 最大7回ログインボーナスをプレゼント！*
`英霊結晶・太陽のフォウくん X 5
聖晶石 X 1
`_2024-01-18 19:31:56_
--------
*4892f706d3520440c52889adcd975007*
`登陆天数: 70天 / 1469天
等级: 125
石头: 178
呼符: 111
体力: 24293.546666666665 / 137
友情点: 0 / 1152480`
*連続ログイン7日間到達おめでとうございます！
明日は1日目からリスタートされます。*
`獣の足跡 X 1
呼符 X 1
1月交換券(2024) X 1
`*Fate/Samurai Remnant×Fate/Grand Order
コラボレーションイベント
開幕直前特別ログインボーナス*
*開催期間中、1日1回 最大7回ログインボーナスをプレゼント！*
`英霊結晶・太陽のフォウくん X 5
聖晶石 X 1
`_2024-01-18 19:32:05_
--------
*eeba3d0c68a3b7e9fa236136b30cb897*
`登陆天数: 70天 / 1443天
等级: 125
石头: 505
呼符: 135
体力: 24314.426666666666 / 137
友情点: 0 / 1043650`
*連続ログイン7日間到達おめでとうございます！
明日は1日目からリスタートされます。*
`獣の足跡 X 1
呼符 X 1
1月交換券(2024) X 1
`*Fate/Samurai Remnant×Fate/Grand Order
コラボレーションイベント
開幕直前特別ログインボーナス*
*開催期間中、1日1回 最大7回ログインボーナスをプレゼント！*
`英霊結晶・太陽のフォウくん X 5
聖晶石 X 1
`_2024-01-18 19:32:14_
--------
*79533b6314e6a2650ec019ea96bcaebe*
`登陆天数: 70天 / 1455天
等级: 125
石头: 712
呼符: 172
体力: 389.8 / 137
友情点: 0 / 1095055`
*連続ログイン7日間到達おめでとうございます！
明日は1日目からリスタートされます。*
`獣の足跡 X 1
呼符 X 1
1月交換券(2024) X 1
`*Fate/Samurai Remnant×Fate/Grand Order
コラボレーションイベント
開幕直前特別ログインボーナス*
*開催期間中、1日1回 最大7回ログインボーナスをプレゼント！*
`英霊結晶・太陽のフォウくん X 5
聖晶石 X 1
`_2024-01-18 19:32:23_
--------
*c4c21a97c6c4de9fca7a936ac25180fa*
`登陆天数: 70天 / 1434天
等级: 125
石头: 606
呼符: 145
体力: 17306.72333333333 / 137
友情点: 0 / 1064845`
*連続ログイン7日間到達おめでとうございます！
明日は1日目からリスタートされます。*
`獣の足跡 X 1
呼符 X 1
1月交換券(2024) X 1
`*Fate/Samurai Remnant×Fate/Grand Order
コラボレーションイベント
開幕直前特別ログインボーナス*
*開催期間中、1日1回 最大7回ログインボーナスをプレゼント！*
`英霊結晶・太陽のフォウくん X 5
聖晶石 X 1
`_2024-01-18 19:32:32_
--------
*4aae112bebb9faeb436a728839c766be*
`登陆天数: 70天 / 1397天
等级: 125
石头: 190
呼符: 96
体力: 25717.853333333333 / 137
友情点: 0 / 1047595`
*連続ログイン7日間到達おめでとうございます！
明日は1日目からリスタートされます。*
`獣の足跡 X 1
呼符 X 1
1月交換券(2024) X 1
`*Fate/Samurai Remnant×Fate/Grand Order
コラボレーションイベント
開幕直前特別ログインボーナス*
*開催期間中、1日1回 最大7回ログインボーナスをプレゼント！*
`英霊結晶・太陽のフォウくん X 5
聖晶石 X 1
`_2024-01-18 19:32:41_
--------
