【登录信息】
*b3defd4892470752525def1917e467ce*
`登陆天数: 71天 / 1426天
等级: 125
石头: 437
呼符: 76
体力: 25425.24 / 137
友情点: 0 / 969135`
*連続ログイン1日目
※ログインが途切れるか、7日到達すると
1日目から再開されます*
`フレンドポイント X 2000
1月交換券(2024) X 1
`*Fate/Samurai Remnant×Fate/Grand Order
コラボレーションイベント
開幕直前特別ログインボーナス*
*開催期間中、1日1回 最大7回ログインボーナスをプレゼント！*
`聖晶石 X 1
マナプリズム X 50
`_2024-01-19 19:31:36_
--------
*5513206501fad4f4b9bb8c80e1620d51*
`登陆天数: 71天 / 1445天
等级: 125
石头: 210
呼符: 97
体力: 25209.803333333333 / 137
友情点: 0 / 1047975`
*連続ログイン1日目
※ログインが途切れるか、7日到達すると
1日目から再開されます*
`フレンドポイント X 2000
1月交換券(2024) X 1
`*Fate/Samurai Remnant×Fate/Grand Order
コラボレーションイベント
開幕直前特別ログインボーナス*
*開催期間中、1日1回 最大7回ログインボーナスをプレゼント！*
`聖晶石 X 1
マナプリズム X 50
`_2024-01-19 19:31:44_
--------
*b8ed275142bdf1da8b56aac07218370c*
`登陆天数: 71天 / 1470天
等级: 125
石头: 528
呼符: 152
体力: 696.9666666666667 / 137
友情点: 0 / 1174020`
*連続ログイン1日目
※ログインが途切れるか、7日到達すると
1日目から再開されます*
`フレンドポイント X 2000
1月交換券(2024) X 1
`*Fate/Samurai Remnant×Fate/Grand Order
コラボレーションイベント
開幕直前特別ログインボーナス*
*開催期間中、1日1回 最大7回ログインボーナスをプレゼント！*
`聖晶石 X 1
マナプリズム X 50
`_2024-01-19 19:31:53_
--------
*d70a593ddeab376c769499a5f750641b*
`登陆天数: 71天 / 1446天
等级: 125
石头: 420
呼符: 158
体力: 695.6666666666666 / 137
友情点: 0 / 1067630`
*連続ログイン1日目
※ログインが途切れるか、7日到達すると
1日目から再開されます*
`フレンドポイント X 2000
1月交換券(2024) X 1
`*Fate/Samurai Remnant×Fate/Grand Order
コラボレーションイベント
開幕直前特別ログインボーナス*
*開催期間中、1日1回 最大7回ログインボーナスをプレゼント！*
`聖晶石 X 1
マナプリズム X 50
`_2024-01-19 19:32:02_
--------
*6cd714eeb3e3e13a19f5d07a4626b930*
`登陆天数: 71天 / 1441天
等级: 125
石头: 299
呼符: 131
体力: 24583.846666666668 / 137
友情点: 0 / 1129045`
*連続ログイン1日目
※ログインが途切れるか、7日到達すると
1日目から再開されます*
`フレンドポイント X 2000
1月交換券(2024) X 1
`*Fate/Samurai Remnant×Fate/Grand Order
コラボレーションイベント
開幕直前特別ログインボーナス*
*開催期間中、1日1回 最大7回ログインボーナスをプレゼント！*
`聖晶石 X 1
マナプリズム X 50
`_2024-01-19 19:32:10_
--------
*4892f706d3520440c52889adcd975007*
`登陆天数: 71天 / 1470天
等级: 125
石头: 178
呼符: 111
体力: 24581.596666666668 / 137
友情点: 0 / 1152480`
*連続ログイン1日目
※ログインが途切れるか、7日到達すると
1日目から再開されます*
`フレンドポイント X 2000
1月交換券(2024) X 1
`*Fate/Samurai Remnant×Fate/Grand Order
コラボレーションイベント
開幕直前特別ログインボーナス*
*開催期間中、1日1回 最大7回ログインボーナスをプレゼント！*
`聖晶石 X 1
マナプリズム X 50
`_2024-01-19 19:32:19_
--------
*eeba3d0c68a3b7e9fa236136b30cb897*
`登陆天数: 71天 / 1444天
等级: 125
石头: 505
呼符: 135
体力: 24602.47333333333 / 137
友情点: 0 / 1043650`
*連続ログイン1日目
※ログインが途切れるか、7日到達すると
1日目から再開されます*
`フレンドポイント X 2000
1月交換券(2024) X 1
`*Fate/Samurai Remnant×Fate/Grand Order
コラボレーションイベント
開幕直前特別ログインボーナス*
*開催期間中、1日1回 最大7回ログインボーナスをプレゼント！*
`聖晶石 X 1
マナプリズム X 50
`_2024-01-19 19:32:28_
--------
*79533b6314e6a2650ec019ea96bcaebe*
`登陆天数: 71天 / 1456天
等级: 125
石头: 712
呼符: 172
体力: 677.8466666666667 / 137
友情点: 0 / 1095055`
*連続ログイン1日目
※ログインが途切れるか、7日到達すると
1日目から再開されます*
`フレンドポイント X 2000
1月交換券(2024) X 1
`*Fate/Samurai Remnant×Fate/Grand Order
コラボレーションイベント
開幕直前特別ログインボーナス*
*開催期間中、1日1回 最大7回ログインボーナスをプレゼント！*
`聖晶石 X 1
マナプリズム X 50
`_2024-01-19 19:32:37_
--------
*c4c21a97c6c4de9fca7a936ac25180fa*
`登陆天数: 71天 / 1435天
等级: 125
石头: 606
呼符: 145
体力: 17594.77 / 137
友情点: 0 / 1064845`
*連続ログイン1日目
※ログインが途切れるか、7日到達すると
1日目から再開されます*
`フレンドポイント X 2000
1月交換券(2024) X 1
`*Fate/Samurai Remnant×Fate/Grand Order
コラボレーションイベント
開幕直前特別ログインボーナス*
*開催期間中、1日1回 最大7回ログインボーナスをプレゼント！*
`聖晶石 X 1
マナプリズム X 50
`_2024-01-19 19:32:46_
--------
*4aae112bebb9faeb436a728839c766be*
`登陆天数: 71天 / 1398天
等级: 125
石头: 190
呼符: 96
体力: 26005.9 / 137
友情点: 0 / 1047595`
*連続ログイン1日目
※ログインが途切れるか、7日到達すると
1日目から再開されます*
`フレンドポイント X 2000
1月交換券(2024) X 1
`*Fate/Samurai Remnant×Fate/Grand Order
コラボレーションイベント
開幕直前特別ログインボーナス*
*開催期間中、1日1回 最大7回ログインボーナスをプレゼント！*
`聖晶石 X 1
マナプリズム X 50
`_2024-01-19 19:32:55_
--------
