【登录信息】
*b3defd4892470752525def1917e467ce*
`登陆天数: 74天 / 1429天
等级: 125
石头: 437
呼符: 76
体力: 26289.206666666665 / 137
友情点: 0 / 969135`
*連続ログイン4日目
※ログインが途切れるか、7日到達すると
1日目から再開されます*
`聖晶石 X 1
1月交換券(2024) X 1
`*リリース3100日突破キャンペーン 初回ログインボーナス*
*開催期間中、初回ログインで「聖晶石×10」をプレゼント！*
`聖晶石 X 10
`_2024-01-22 19:31:25_
--------
*5513206501fad4f4b9bb8c80e1620d51*
`登陆天数: 74天 / 1448天
等级: 125
石头: 210
呼符: 97
体力: 26073.766666666666 / 137
友情点: 0 / 1047975`
*連続ログイン4日目
※ログインが途切れるか、7日到達すると
1日目から再開されます*
`聖晶石 X 1
1月交換券(2024) X 1
`*リリース3100日突破キャンペーン 初回ログインボーナス*
*開催期間中、初回ログインで「聖晶石×10」をプレゼント！*
`聖晶石 X 10
`_2024-01-22 19:31:34_
--------
*b8ed275142bdf1da8b56aac07218370c*
`登陆天数: 74天 / 1473天
等级: 125
石头: 528
呼符: 152
体力: 1560.9333333333334 / 137
友情点: 0 / 1174020`
*連続ログイン4日目
※ログインが途切れるか、7日到達すると
1日目から再開されます*
`聖晶石 X 1
1月交換券(2024) X 1
`*リリース3100日突破キャンペーン 初回ログインボーナス*
*開催期間中、初回ログインで「聖晶石×10」をプレゼント！*
`聖晶石 X 10
`_2024-01-22 19:31:42_
--------
*d70a593ddeab376c769499a5f750641b*
`登陆天数: 74天 / 1449天
等级: 125
石头: 420
呼符: 158
体力: 1559.63 / 137
友情点: 0 / 1067630`
*連続ログイン4日目
※ログインが途切れるか、7日到達すると
1日目から再開されます*
`聖晶石 X 1
1月交換券(2024) X 1
`*リリース3100日突破キャンペーン 初回ログインボーナス*
*開催期間中、初回ログインで「聖晶石×10」をプレゼント！*
`聖晶石 X 10
`_2024-01-22 19:31:51_
--------
*6cd714eeb3e3e13a19f5d07a4626b930*
`登陆天数: 74天 / 1444天
等级: 125
石头: 299
呼符: 131
体力: 25447.81 / 137
友情点: 0 / 1129045`
*連続ログイン4日目
※ログインが途切れるか、7日到達すると
1日目から再開されます*
`聖晶石 X 1
1月交換券(2024) X 1
`*リリース3100日突破キャンペーン 初回ログインボーナス*
*開催期間中、初回ログインで「聖晶石×10」をプレゼント！*
`聖晶石 X 10
`_2024-01-22 19:31:59_
--------
*4892f706d3520440c52889adcd975007*
`登陆天数: 74天 / 1473天
等级: 125
石头: 178
呼符: 111
体力: 25445.556666666667 / 137
友情点: 0 / 1152480`
*連続ログイン4日目
※ログインが途切れるか、7日到達すると
1日目から再開されます*
`聖晶石 X 1
1月交換券(2024) X 1
`*リリース3100日突破キャンペーン 初回ログインボーナス*
*開催期間中、初回ログインで「聖晶石×10」をプレゼント！*
`聖晶石 X 10
`_2024-01-22 19:32:08_
--------
*eeba3d0c68a3b7e9fa236136b30cb897*
`登陆天数: 74天 / 1447天
等级: 125
石头: 505
呼符: 135
体力: 25466.43666666667 / 137
友情点: 0 / 1043650`
*連続ログイン4日目
※ログインが途切れるか、7日到達すると
1日目から再開されます*
`聖晶石 X 1
1月交換券(2024) X 1
`*リリース3100日突破キャンペーン 初回ログインボーナス*
*開催期間中、初回ログインで「聖晶石×10」をプレゼント！*
`聖晶石 X 10
`_2024-01-22 19:32:16_
--------
*79533b6314e6a2650ec019ea96bcaebe*
`登陆天数: 74天 / 1459天
等级: 125
石头: 712
呼符: 172
体力: 1541.81 / 137
友情点: 0 / 1095055`
*連続ログイン4日目
※ログインが途切れるか、7日到達すると
1日目から再開されます*
`聖晶石 X 1
1月交換券(2024) X 1
`*リリース3100日突破キャンペーン 初回ログインボーナス*
*開催期間中、初回ログインで「聖晶石×10」をプレゼント！*
`聖晶石 X 10
`_2024-01-22 19:32:26_
--------
*c4c21a97c6c4de9fca7a936ac25180fa*
`登陆天数: 74天 / 1438天
等级: 125
石头: 606
呼符: 145
体力: 18458.733333333334 / 137
友情点: 0 / 1064845`
*連続ログイン4日目
※ログインが途切れるか、7日到達すると
1日目から再開されます*
`聖晶石 X 1
1月交換券(2024) X 1
`*リリース3100日突破キャンペーン 初回ログインボーナス*
*開催期間中、初回ログインで「聖晶石×10」をプレゼント！*
`聖晶石 X 10
`_2024-01-22 19:32:34_
--------
*4aae112bebb9faeb436a728839c766be*
`登陆天数: 74天 / 1401天
等级: 125
石头: 190
呼符: 96
体力: 26869.86 / 137
友情点: 0 / 1047595`
*連続ログイン4日目
※ログインが途切れるか、7日到達すると
1日目から再開されます*
`聖晶石 X 1
1月交換券(2024) X 1
`*リリース3100日突破キャンペーン 初回ログインボーナス*
*開催期間中、初回ログインで「聖晶石×10」をプレゼント！*
`聖晶石 X 10
`_2024-01-22 19:32:43_
--------
