【登录信息】
*b3defd4892470752525def1917e467ce*
`登陆天数: 76天 / 1431天
等级: 125
石头: 437
呼符: 76
体力: 26865.24 / 137
友情点: 0 / 969135`
*連続ログイン6日目
※ログインが途切れるか、7日到達すると
1日目から再開されます*
`聖晶石 X 2
1月交換券(2024) X 1
`*盈月剣風帖開幕記念 ログインボーナス*
*開催期間中、1日1回 最大21回ログインボーナスをプレゼント！*
`黄金の果実 X 1
`_2024-01-24 19:31:35_
--------
*5513206501fad4f4b9bb8c80e1620d51*
`登陆天数: 76天 / 1450天
等级: 125
石头: 210
呼符: 97
体力: 26649.8 / 137
友情点: 0 / 1047975`
*連続ログイン6日目
※ログインが途切れるか、7日到達すると
1日目から再開されます*
`聖晶石 X 2
1月交換券(2024) X 1
`*盈月剣風帖開幕記念 ログインボーナス*
*開催期間中、1日1回 最大21回ログインボーナスをプレゼント！*
`黄金の果実 X 1
`_2024-01-24 19:31:44_
--------
*b8ed275142bdf1da8b56aac07218370c*
`登陆天数: 76天 / 1475天
等级: 125
石头: 528
呼符: 152
体力: 2136.963333333333 / 137
友情点: 0 / 1174020`
*連続ログイン6日目
※ログインが途切れるか、7日到達すると
1日目から再開されます*
`聖晶石 X 2
1月交換券(2024) X 1
`*盈月剣風帖開幕記念 ログインボーナス*
*開催期間中、1日1回 最大21回ログインボーナスをプレゼント！*
`白銀の果実 X 1
`_2024-01-24 19:31:52_
--------
*d70a593ddeab376c769499a5f750641b*
`登陆天数: 76天 / 1451天
等级: 125
石头: 420
呼符: 158
体力: 2135.6633333333334 / 137
友情点: 0 / 1067630`
*連続ログイン6日目
※ログインが途切れるか、7日到達すると
1日目から再開されます*
`聖晶石 X 2
1月交換券(2024) X 1
`*盈月剣風帖開幕記念 ログインボーナス*
*開催期間中、1日1回 最大21回ログインボーナスをプレゼント！*
`白銀の果実 X 1
`_2024-01-24 19:32:01_
--------
*6cd714eeb3e3e13a19f5d07a4626b930*
`登陆天数: 76天 / 1446天
等级: 125
石头: 299
呼符: 131
体力: 26023.84 / 137
友情点: 0 / 1129045`
*連続ログイン6日目
※ログインが途切れるか、7日到達すると
1日目から再開されます*
`聖晶石 X 2
1月交換券(2024) X 1
`*盈月剣風帖開幕記念 ログインボーナス*
*開催期間中、1日1回 最大21回ログインボーナスをプレゼント！*
`黄金の果実 X 1
`_2024-01-24 19:32:09_
--------
*4892f706d3520440c52889adcd975007*
`登陆天数: 76天 / 1475天
等级: 125
石头: 178
呼符: 111
体力: 26021.59 / 137
友情点: 0 / 1152480`
*連続ログイン6日目
※ログインが途切れるか、7日到達すると
1日目から再開されます*
`聖晶石 X 2
1月交換券(2024) X 1
`*盈月剣風帖開幕記念 ログインボーナス*
*開催期間中、1日1回 最大21回ログインボーナスをプレゼント！*
`黄金の果実 X 1
`_2024-01-24 19:32:17_
--------
*eeba3d0c68a3b7e9fa236136b30cb897*
`登陆天数: 76天 / 1449天
等级: 125
石头: 505
呼符: 135
体力: 26042.466666666667 / 137
友情点: 0 / 1043650`
*連続ログイン6日目
※ログインが途切れるか、7日到達すると
1日目から再開されます*
`聖晶石 X 2
1月交換券(2024) X 1
`*盈月剣風帖開幕記念 ログインボーナス*
*開催期間中、1日1回 最大21回ログインボーナスをプレゼント！*
`黄金の果実 X 1
`_2024-01-24 19:32:26_
--------
*79533b6314e6a2650ec019ea96bcaebe*
`登陆天数: 76天 / 1461天
等级: 125
石头: 712
呼符: 172
体力: 2117.84 / 137
友情点: 0 / 1095055`
*連続ログイン6日目
※ログインが途切れるか、7日到達すると
1日目から再開されます*
`聖晶石 X 2
1月交換券(2024) X 1
`*盈月剣風帖開幕記念 ログインボーナス*
*開催期間中、1日1回 最大21回ログインボーナスをプレゼント！*
`白銀の果実 X 1
`_2024-01-24 19:32:35_
--------
*c4c21a97c6c4de9fca7a936ac25180fa*
`登陆天数: 76天 / 1440天
等级: 125
石头: 606
呼符: 145
体力: 19034.763333333332 / 137
友情点: 0 / 1064845`
*連続ログイン6日目
※ログインが途切れるか、7日到達すると
1日目から再開されます*
`聖晶石 X 2
1月交換券(2024) X 1
`*盈月剣風帖開幕記念 ログインボーナス*
*開催期間中、1日1回 最大21回ログインボーナスをプレゼント！*
`黄金の果実 X 1
`_2024-01-24 19:32:43_
--------
*4aae112bebb9faeb436a728839c766be*
`登陆天数: 76天 / 1403天
等级: 125
石头: 190
呼符: 96
体力: 27445.89 / 137
友情点: 0 / 1047595`
*連続ログイン6日目
※ログインが途切れるか、7日到達すると
1日目から再開されます*
`聖晶石 X 2
1月交換券(2024) X 1
`*盈月剣風帖開幕記念 ログインボーナス*
*開催期間中、1日1回 最大21回ログインボーナスをプレゼント！*
`黄金の果実 X 1
`_2024-01-24 19:32:52_
--------
