【登录信息】
*b3defd4892470752525def1917e467ce*
`登陆天数: 77天 / 1432天
等级: 125
石头: 437
呼符: 76
体力: 27153.183333333334 / 137
友情点: 0 / 969135`
*連続ログイン7日間到達おめでとうございます！
明日は1日目からリスタートされます。*
`獣の足跡 X 1
呼符 X 1
1月交換券(2024) X 1
`*盈月剣風帖開幕記念 ログインボーナス*
*開催期間中、1日1回 最大21回ログインボーナスをプレゼント！*
`白銀の果実 X 1
`_2024-01-25 19:31:19_
--------
*5513206501fad4f4b9bb8c80e1620d51*
`登陆天数: 77天 / 1451天
等级: 125
石头: 210
呼符: 97
体力: 26937.743333333332 / 137
友情点: 0 / 1047975`
*連続ログイン7日間到達おめでとうございます！
明日は1日目からリスタートされます。*
`獣の足跡 X 1
呼符 X 1
1月交換券(2024) X 1
`*盈月剣風帖開幕記念 ログインボーナス*
*開催期間中、1日1回 最大21回ログインボーナスをプレゼント！*
`白銀の果実 X 1
`_2024-01-25 19:31:27_
--------
*b8ed275142bdf1da8b56aac07218370c*
`登陆天数: 77天 / 1476天
等级: 125
石头: 528
呼符: 152
体力: 2424.91 / 137
友情点: 0 / 1174020`
*連続ログイン7日間到達おめでとうございます！
明日は1日目からリスタートされます。*
`獣の足跡 X 1
呼符 X 1
1月交換券(2024) X 1
`*盈月剣風帖開幕記念 ログインボーナス*
*開催期間中、1日1回 最大21回ログインボーナスをプレゼント！*
`白銀の果実 X 1
`_2024-01-25 19:31:36_
--------
*d70a593ddeab376c769499a5f750641b*
`登陆天数: 77天 / 1452天
等级: 125
石头: 420
呼符: 158
体力: 2423.6066666666666 / 137
友情点: 0 / 1067630`
*連続ログイン7日間到達おめでとうございます！
明日は1日目からリスタートされます。*
`獣の足跡 X 1
呼符 X 1
1月交換券(2024) X 1
`*盈月剣風帖開幕記念 ログインボーナス*
*開催期間中、1日1回 最大21回ログインボーナスをプレゼント！*
`白銀の果実 X 1
`_2024-01-25 19:31:44_
--------
*6cd714eeb3e3e13a19f5d07a4626b930*
`登陆天数: 77天 / 1447天
等级: 125
石头: 299
呼符: 131
体力: 26311.786666666667 / 137
友情点: 0 / 1129045`
*連続ログイン7日間到達おめでとうございます！
明日は1日目からリスタートされます。*
`獣の足跡 X 1
呼符 X 1
1月交換券(2024) X 1
`*盈月剣風帖開幕記念 ログインボーナス*
*開催期間中、1日1回 最大21回ログインボーナスをプレゼント！*
`白銀の果実 X 1
`_2024-01-25 19:31:53_
--------
*4892f706d3520440c52889adcd975007*
`登陆天数: 77天 / 1476天
等级: 125
石头: 178
呼符: 111
体力: 26309.536666666667 / 137
友情点: 0 / 1152480`
*連続ログイン7日間到達おめでとうございます！
明日は1日目からリスタートされます。*
`獣の足跡 X 1
呼符 X 1
1月交換券(2024) X 1
`*盈月剣風帖開幕記念 ログインボーナス*
*開催期間中、1日1回 最大21回ログインボーナスをプレゼント！*
`白銀の果実 X 1
`_2024-01-25 19:32:02_
--------
*eeba3d0c68a3b7e9fa236136b30cb897*
`登陆天数: 77天 / 1450天
等级: 125
石头: 505
呼符: 135
体力: 26330.416666666668 / 137
友情点: 0 / 1043650`
*連続ログイン7日間到達おめでとうございます！
明日は1日目からリスタートされます。*
`獣の足跡 X 1
呼符 X 1
1月交換券(2024) X 1
`*盈月剣風帖開幕記念 ログインボーナス*
*開催期間中、1日1回 最大21回ログインボーナスをプレゼント！*
`白銀の果実 X 1
`_2024-01-25 19:32:10_
--------
*79533b6314e6a2650ec019ea96bcaebe*
`登陆天数: 77天 / 1462天
等级: 125
石头: 712
呼符: 172
体力: 2405.79 / 137
友情点: 0 / 1095055`
*連続ログイン7日間到達おめでとうございます！
明日は1日目からリスタートされます。*
`獣の足跡 X 1
呼符 X 1
1月交換券(2024) X 1
`*盈月剣風帖開幕記念 ログインボーナス*
*開催期間中、1日1回 最大21回ログインボーナスをプレゼント！*
`白銀の果実 X 1
`_2024-01-25 19:32:19_
--------
*c4c21a97c6c4de9fca7a936ac25180fa*
`登陆天数: 77天 / 1441天
等级: 125
石头: 606
呼符: 145
体力: 19322.71 / 137
友情点: 0 / 1064845`
*連続ログイン7日間到達おめでとうございます！
明日は1日目からリスタートされます。*
`獣の足跡 X 1
呼符 X 1
1月交換券(2024) X 1
`*盈月剣風帖開幕記念 ログインボーナス*
*開催期間中、1日1回 最大21回ログインボーナスをプレゼント！*
`白銀の果実 X 1
`_2024-01-25 19:32:28_
--------
*4aae112bebb9faeb436a728839c766be*
`登陆天数: 77天 / 1404天
等级: 125
石头: 190
呼符: 96
体力: 27733.84 / 137
友情点: 0 / 1047595`
*連続ログイン7日間到達おめでとうございます！
明日は1日目からリスタートされます。*
`獣の足跡 X 1
呼符 X 1
1月交換券(2024) X 1
`*盈月剣風帖開幕記念 ログインボーナス*
*開催期間中、1日1回 最大21回ログインボーナスをプレゼント！*
`白銀の果実 X 1
`_2024-01-25 19:32:37_
--------
