【登录信息】
*b3defd4892470752525def1917e467ce*
`登陆天数: 81天 / 1436天
等级: 125
石头: 437
呼符: 76
体力: 28305.193333333333 / 137
友情点: 0 / 969135`
*連続ログイン4日目
※ログインが途切れるか、7日到達すると
1日目から再開されます*
`聖晶石 X 1
1月交換券(2024) X 1
`*盈月剣風帖開幕記念 ログインボーナス*
*開催期間中、1日1回 最大21回ログインボーナスをプレゼント！*
`白銀の果実 X 1
`_2024-01-29 19:31:22_
--------
*5513206501fad4f4b9bb8c80e1620d51*
`登陆天数: 81天 / 1455天
等级: 125
石头: 210
呼符: 97
体力: 28089.756666666668 / 137
友情点: 0 / 1047975`
*連続ログイン4日目
※ログインが途切れるか、7日到達すると
1日目から再開されます*
`聖晶石 X 1
1月交換券(2024) X 1
`*盈月剣風帖開幕記念 ログインボーナス*
*開催期間中、1日1回 最大21回ログインボーナスをプレゼント！*
`白銀の果実 X 1
`_2024-01-29 19:31:31_
--------
*b8ed275142bdf1da8b56aac07218370c*
`登陆天数: 81天 / 1480天
等级: 125
石头: 528
呼符: 152
体力: 3576.923333333333 / 137
友情点: 0 / 1174020`
*連続ログイン4日目
※ログインが途切れるか、7日到達すると
1日目から再開されます*
`聖晶石 X 1
1月交換券(2024) X 1
`*盈月剣風帖開幕記念 ログインボーナス*
*開催期間中、1日1回 最大21回ログインボーナスをプレゼント！*
`白銀の果実 X 1
`_2024-01-29 19:31:39_
--------
*d70a593ddeab376c769499a5f750641b*
`登陆天数: 81天 / 1456天
等级: 125
石头: 420
呼符: 158
体力: 3575.6233333333334 / 137
友情点: 0 / 1067630`
*連続ログイン4日目
※ログインが途切れるか、7日到達すると
1日目から再開されます*
`聖晶石 X 1
1月交換券(2024) X 1
`*盈月剣風帖開幕記念 ログインボーナス*
*開催期間中、1日1回 最大21回ログインボーナスをプレゼント！*
`白銀の果実 X 1
`_2024-01-29 19:31:49_
--------
*6cd714eeb3e3e13a19f5d07a4626b930*
`登陆天数: 81天 / 1451天
等级: 125
石头: 299
呼符: 131
体力: 27463.803333333333 / 137
友情点: 0 / 1129045`
*連続ログイン4日目
※ログインが途切れるか、7日到達すると
1日目から再開されます*
`聖晶石 X 1
1月交換券(2024) X 1
`*盈月剣風帖開幕記念 ログインボーナス*
*開催期間中、1日1回 最大21回ログインボーナスをプレゼント！*
`白銀の果実 X 1
`_2024-01-29 19:31:57_
--------
*4892f706d3520440c52889adcd975007*
`登陆天数: 81天 / 1480天
等级: 125
石头: 178
呼符: 111
体力: 27461.553333333333 / 137
友情点: 0 / 1152480`
*連続ログイン4日目
※ログインが途切れるか、7日到達すると
1日目から再開されます*
`聖晶石 X 1
1月交換券(2024) X 1
`*盈月剣風帖開幕記念 ログインボーナス*
*開催期間中、1日1回 最大21回ログインボーナスをプレゼント！*
`白銀の果実 X 1
`_2024-01-29 19:32:06_
--------
*eeba3d0c68a3b7e9fa236136b30cb897*
`登陆天数: 81天 / 1454天
等级: 125
石头: 505
呼符: 135
体力: 27482.433333333334 / 137
友情点: 0 / 1043650`
*連続ログイン4日目
※ログインが途切れるか、7日到達すると
1日目から再開されます*
`聖晶石 X 1
1月交換券(2024) X 1
`*盈月剣風帖開幕記念 ログインボーナス*
*開催期間中、1日1回 最大21回ログインボーナスをプレゼント！*
`白銀の果実 X 1
`_2024-01-29 19:32:15_
--------
*79533b6314e6a2650ec019ea96bcaebe*
`登陆天数: 81天 / 1466天
等级: 125
石头: 712
呼符: 172
体力: 3557.806666666667 / 137
友情点: 0 / 1095055`
*連続ログイン4日目
※ログインが途切れるか、7日到達すると
1日目から再開されます*
`聖晶石 X 1
1月交換券(2024) X 1
`*盈月剣風帖開幕記念 ログインボーナス*
*開催期間中、1日1回 最大21回ログインボーナスをプレゼント！*
`白銀の果実 X 1
`_2024-01-29 19:32:25_
--------
*c4c21a97c6c4de9fca7a936ac25180fa*
`登陆天数: 81天 / 1445天
等级: 125
石头: 606
呼符: 145
体力: 20474.73 / 137
友情点: 0 / 1064845`
*連続ログイン4日目
※ログインが途切れるか、7日到達すると
1日目から再開されます*
`聖晶石 X 1
1月交換券(2024) X 1
`*盈月剣風帖開幕記念 ログインボーナス*
*開催期間中、1日1回 最大21回ログインボーナスをプレゼント！*
`白銀の果実 X 1
`_2024-01-29 19:32:33_
--------
*4aae112bebb9faeb436a728839c766be*
`登陆天数: 81天 / 1408天
等级: 125
石头: 190
呼符: 96
体力: 28885.856666666667 / 137
友情点: 0 / 1047595`
*連続ログイン4日目
※ログインが途切れるか、7日到達すると
1日目から再開されます*
`聖晶石 X 1
1月交換券(2024) X 1
`*盈月剣風帖開幕記念 ログインボーナス*
*開催期間中、1日1回 最大21回ログインボーナスをプレゼント！*
`白銀の果実 X 1
`_2024-01-29 19:32:42_
--------
