【登录信息】
*b3defd4892470752525def1917e467ce*
`登陆天数: 18天 / 1098天
等级: 125
石头: 1284
呼符: 117
体力: 6296.94 / 137
友情点: 0 / 803045`
*連続ログイン4日目
※ログインが途切れるか、7日到達すると
1日目から再開されます*
`聖晶石 X 1
2月交換券(2023) X 1
`*「FGO ウィンターパーティー 2022-2023」宮城会場開催直前 ログインボーナス*
*開催期間中、1日1回 最大3回 ログインボーナスをプレゼント！*
`黄金の果実 X 1
`_2023-02-01 19:36:05_
--------
*5513206501fad4f4b9bb8c80e1620d51*
`登陆天数: 18天 / 1116天
等级: 125
石头: 1276
呼符: 98
体力: 6976.113333333334 / 137
友情点: 0 / 859915`
*連続ログイン4日目
※ログインが途切れるか、7日到達すると
1日目から再開されます*
`聖晶石 X 1
2月交換券(2023) X 1
`*「FGO ウィンターパーティー 2022-2023」宮城会場開催直前 ログインボーナス*
*開催期間中、1日1回 最大3回 ログインボーナスをプレゼント！*
`黄金の果実 X 1
`_2023-02-01 19:36:14_
--------
*b8ed275142bdf1da8b56aac07218370c*
`登陆天数: 18天 / 1142天
等级: 125
石头: 1008
呼符: 102
体力: 6973.98 / 137
友情点: 0 / 964010`
*連続ログイン4日目
※ログインが途切れるか、7日到達すると
1日目から再開されます*
`聖晶石 X 1
2月交換券(2023) X 1
`*「FGO ウィンターパーティー 2022-2023」宮城会場開催直前 ログインボーナス*
*開催期間中、1日1回 最大3回 ログインボーナスをプレゼント！*
`黄金の果実 X 1
`_2023-02-01 19:36:22_
--------
*d70a593ddeab376c769499a5f750641b*
`登陆天数: 18天 / 1118天
等级: 125
石头: 700
呼符: 112
体力: 6971.963333333333 / 137
友情点: 0 / 861630`
*連続ログイン4日目
※ログインが途切れるか、7日到達すると
1日目から再開されます*
`聖晶石 X 1
2月交換券(2023) X 1
`*「FGO ウィンターパーティー 2022-2023」宮城会場開催直前 ログインボーナス*
*開催期間中、1日1回 最大3回 ログインボーナスをプレゼント！*
`黄金の果実 X 1
`_2023-02-01 19:36:31_
--------
*6cd714eeb3e3e13a19f5d07a4626b930*
`登陆天数: 18天 / 1113天
等级: 125
石头: 1213
呼符: 108
体力: 6969.336666666667 / 137
友情点: 0 / 877045`
*連続ログイン4日目
※ログインが途切れるか、7日到達すると
1日目から再開されます*
`聖晶石 X 1
2月交換券(2023) X 1
`*「FGO ウィンターパーティー 2022-2023」宮城会場開催直前 ログインボーナス*
*開催期間中、1日1回 最大3回 ログインボーナスをプレゼント！*
`黄金の果実 X 1
`_2023-02-01 19:36:39_
--------
*4892f706d3520440c52889adcd975007*
`登陆天数: 18天 / 1141天
等级: 125
石头: 1161
呼符: 107
体力: 6964.61 / 137
友情点: 0 / 890480`
*連続ログイン4日目
※ログインが途切れるか、7日到達すると
1日目から再開されます*
`聖晶石 X 1
2月交換券(2023) X 1
`*「FGO ウィンターパーティー 2022-2023」宮城会場開催直前 ログインボーナス*
*開催期間中、1日1回 最大3回 ログインボーナスをプレゼント！*
`黄金の果実 X 1
`_2023-02-01 19:36:48_
--------
*eeba3d0c68a3b7e9fa236136b30cb897*
`登陆天数: 18天 / 1115天
等级: 125
石头: 2446
呼符: 93
体力: 6962.516666666666 / 137
友情点: 0 / 855650`
*連続ログイン4日目
※ログインが途切れるか、7日到達すると
1日目から再開されます*
`聖晶石 X 1
2月交換券(2023) X 1
`*「FGO ウィンターパーティー 2022-2023」宮城会場開催直前 ログインボーナス*
*開催期間中、1日1回 最大3回 ログインボーナスをプレゼント！*
`黄金の果実 X 1
`_2023-02-01 19:36:56_
--------
*79533b6314e6a2650ec019ea96bcaebe*
`登陆天数: 18天 / 1127天
等级: 125
石头: 2229
呼符: 107
体力: 6961.37 / 137
友情点: 0 / 883055`
*連続ログイン4日目
※ログインが途切れるか、7日到達すると
1日目から再開されます*
`聖晶石 X 1
2月交換券(2023) X 1
`*「FGO ウィンターパーティー 2022-2023」宮城会場開催直前 ログインボーナス*
*開催期間中、1日1回 最大3回 ログインボーナスをプレゼント！*
`黄金の果実 X 1
`_2023-02-01 19:37:05_
--------
*c4c21a97c6c4de9fca7a936ac25180fa*
`登陆天数: 18天 / 1107天
等级: 125
石头: 1700
呼符: 81
体力: 6216.213333333333 / 137
友情点: 0 / 872845`
*連続ログイン4日目
※ログインが途切れるか、7日到達すると
1日目から再開されます*
`聖晶石 X 1
2月交換券(2023) X 1
`*「FGO ウィンターパーティー 2022-2023」宮城会場開催直前 ログインボーナス*
*開催期間中、1日1回 最大3回 ログインボーナスをプレゼント！*
`黄金の果実 X 1
`_2023-02-01 19:37:13_
--------
*4aae112bebb9faeb436a728839c766be*
`登陆天数: 18天 / 1070天
等级: 125
石头: 1300
呼符: 94
体力: 6288.403333333334 / 137
友情点: 0 / 791595`
*連続ログイン4日目
※ログインが途切れるか、7日到達すると
1日目から再開されます*
`聖晶石 X 1
2月交換券(2023) X 1
`*「FGO ウィンターパーティー 2022-2023」宮城会場開催直前 ログインボーナス*
*開催期間中、1日1回 最大3回 ログインボーナスをプレゼント！*
`黄金の果実 X 1
`_2023-02-01 19:37:22_
--------
