【登录信息】
*b3defd4892470752525def1917e467ce*
`登陆天数: 20天 / 1100天
等级: 125
石头: 1284
呼符: 117
体力: 6872.91 / 137
友情点: 0 / 803045`
*連続ログイン6日目
※ログインが途切れるか、7日到達すると
1日目から再開されます*
`聖晶石 X 2
2月交換券(2023) X 1
`*「FGO ウィンターパーティー 2022-2023」宮城会場開催直前 ログインボーナス*
*開催期間中、1日1回 最大3回 ログインボーナスをプレゼント！*
`黄金の果実 X 1
`_2023-02-03 19:35:56_
--------
*5513206501fad4f4b9bb8c80e1620d51*
`登陆天数: 20天 / 1118天
等级: 125
石头: 1276
呼符: 98
体力: 7552.083333333333 / 137
友情点: 0 / 859915`
*連続ログイン6日目
※ログインが途切れるか、7日到達すると
1日目から再開されます*
`聖晶石 X 2
2月交換券(2023) X 1
`*「FGO ウィンターパーティー 2022-2023」宮城会場開催直前 ログインボーナス*
*開催期間中、1日1回 最大3回 ログインボーナスをプレゼント！*
`黄金の果実 X 1
`_2023-02-03 19:36:05_
--------
*b8ed275142bdf1da8b56aac07218370c*
`登陆天数: 20天 / 1144天
等级: 125
石头: 1008
呼符: 102
体力: 7549.95 / 137
友情点: 0 / 964010`
*連続ログイン6日目
※ログインが途切れるか、7日到達すると
1日目から再開されます*
`聖晶石 X 2
2月交換券(2023) X 1
`*「FGO ウィンターパーティー 2022-2023」宮城会場開催直前 ログインボーナス*
*開催期間中、1日1回 最大3回 ログインボーナスをプレゼント！*
`黄金の果実 X 1
`_2023-02-03 19:36:13_
--------
*d70a593ddeab376c769499a5f750641b*
`登陆天数: 20天 / 1120天
等级: 125
石头: 700
呼符: 112
体力: 7547.93 / 137
友情点: 0 / 861630`
*連続ログイン6日目
※ログインが途切れるか、7日到達すると
1日目から再開されます*
`聖晶石 X 2
2月交換券(2023) X 1
`*「FGO ウィンターパーティー 2022-2023」宮城会場開催直前 ログインボーナス*
*開催期間中、1日1回 最大3回 ログインボーナスをプレゼント！*
`黄金の果実 X 1
`_2023-02-03 19:36:21_
--------
*6cd714eeb3e3e13a19f5d07a4626b930*
`登陆天数: 20天 / 1115天
等级: 125
石头: 1213
呼符: 108
体力: 7545.306666666666 / 137
友情点: 0 / 877045`
*連続ログイン6日目
※ログインが途切れるか、7日到達すると
1日目から再開されます*
`聖晶石 X 2
2月交換券(2023) X 1
`*「FGO ウィンターパーティー 2022-2023」宮城会場開催直前 ログインボーナス*
*開催期間中、1日1回 最大3回 ログインボーナスをプレゼント！*
`黄金の果実 X 1
`_2023-02-03 19:36:30_
--------
*4892f706d3520440c52889adcd975007*
`登陆天数: 20天 / 1143天
等级: 125
石头: 1161
呼符: 107
体力: 7540.576666666667 / 137
友情点: 0 / 890480`
*連続ログイン6日目
※ログインが途切れるか、7日到達すると
1日目から再開されます*
`聖晶石 X 2
2月交換券(2023) X 1
`*「FGO ウィンターパーティー 2022-2023」宮城会場開催直前 ログインボーナス*
*開催期間中、1日1回 最大3回 ログインボーナスをプレゼント！*
`黄金の果実 X 1
`_2023-02-03 19:36:38_
--------
*eeba3d0c68a3b7e9fa236136b30cb897*
`登陆天数: 20天 / 1117天
等级: 125
石头: 2446
呼符: 93
体力: 7538.483333333334 / 137
友情点: 0 / 855650`
*連続ログイン6日目
※ログインが途切れるか、7日到達すると
1日目から再開されます*
`聖晶石 X 2
2月交換券(2023) X 1
`*「FGO ウィンターパーティー 2022-2023」宮城会場開催直前 ログインボーナス*
*開催期間中、1日1回 最大3回 ログインボーナスをプレゼント！*
`黄金の果実 X 1
`_2023-02-03 19:36:46_
--------
*79533b6314e6a2650ec019ea96bcaebe*
`登陆天数: 20天 / 1129天
等级: 125
石头: 2229
呼符: 107
体力: 7537.336666666667 / 137
友情点: 0 / 883055`
*連続ログイン6日目
※ログインが途切れるか、7日到達すると
1日目から再開されます*
`聖晶石 X 2
2月交換券(2023) X 1
`*「FGO ウィンターパーティー 2022-2023」宮城会場開催直前 ログインボーナス*
*開催期間中、1日1回 最大3回 ログインボーナスをプレゼント！*
`黄金の果実 X 1
`_2023-02-03 19:36:55_
--------
*c4c21a97c6c4de9fca7a936ac25180fa*
`登陆天数: 20天 / 1109天
等级: 125
石头: 1700
呼符: 81
体力: 6792.183333333333 / 137
友情点: 0 / 872845`
*連続ログイン6日目
※ログインが途切れるか、7日到達すると
1日目から再開されます*
`聖晶石 X 2
2月交換券(2023) X 1
`*「FGO ウィンターパーティー 2022-2023」宮城会場開催直前 ログインボーナス*
*開催期間中、1日1回 最大3回 ログインボーナスをプレゼント！*
`黄金の果実 X 1
`_2023-02-03 19:37:04_
--------
*4aae112bebb9faeb436a728839c766be*
`登陆天数: 20天 / 1072天
等级: 125
石头: 1300
呼符: 94
体力: 6864.37 / 137
友情点: 0 / 791595`
*連続ログイン6日目
※ログインが途切れるか、7日到達すると
1日目から再開されます*
`聖晶石 X 2
2月交換券(2023) X 1
`*「FGO ウィンターパーティー 2022-2023」宮城会場開催直前 ログインボーナス*
*開催期間中、1日1回 最大3回 ログインボーナスをプレゼント！*
`黄金の果実 X 1
`_2023-02-03 19:37:12_
--------
