【登录信息】
*b3defd4892470752525def1917e467ce*
`登陆天数: 24天 / 1104天
等级: 125
石头: 1284
呼符: 117
体力: 8024.866666666667 / 137
友情点: 0 / 803045`
*連続ログイン3日目
※ログインが途切れるか、7日到達すると
1日目から再開されます*
`叡智の業火 X 1
2月交換券(2023) X 1
`_2023-02-07 19:35:43_
--------
*5513206501fad4f4b9bb8c80e1620d51*
`登陆天数: 24天 / 1122天
等级: 125
石头: 1276
呼符: 98
体力: 8704.036666666667 / 137
友情点: 0 / 859915`
*連続ログイン3日目
※ログインが途切れるか、7日到達すると
1日目から再開されます*
`叡智の業火 X 1
2月交換券(2023) X 1
`_2023-02-07 19:35:51_
--------
*b8ed275142bdf1da8b56aac07218370c*
`登陆天数: 24天 / 1148天
等级: 125
石头: 1008
呼符: 102
体力: 8701.903333333334 / 137
友情点: 0 / 964010`
*連続ログイン3日目
※ログインが途切れるか、7日到達すると
1日目から再開されます*
`叡智の業火 X 1
2月交換券(2023) X 1
`_2023-02-07 19:35:59_
--------
*d70a593ddeab376c769499a5f750641b*
`登陆天数: 24天 / 1124天
等级: 125
石头: 700
呼符: 112
体力: 8699.883333333333 / 137
友情点: 0 / 861630`
*連続ログイン3日目
※ログインが途切れるか、7日到達すると
1日目から再開されます*
`叡智の業火 X 1
2月交換券(2023) X 1
`_2023-02-07 19:36:08_
--------
*6cd714eeb3e3e13a19f5d07a4626b930*
`登陆天数: 24天 / 1119天
等级: 125
石头: 1213
呼符: 108
体力: 8697.256666666666 / 137
友情点: 0 / 877045`
*連続ログイン3日目
※ログインが途切れるか、7日到達すると
1日目から再開されます*
`叡智の業火 X 1
2月交換券(2023) X 1
`_2023-02-07 19:36:16_
--------
*4892f706d3520440c52889adcd975007*
`登陆天数: 24天 / 1147天
等级: 125
石头: 1161
呼符: 107
体力: 8692.526666666667 / 137
友情点: 0 / 890480`
*連続ログイン3日目
※ログインが途切れるか、7日到達すると
1日目から再開されます*
`叡智の業火 X 1
2月交換券(2023) X 1
`_2023-02-07 19:36:24_
--------
*eeba3d0c68a3b7e9fa236136b30cb897*
`登陆天数: 24天 / 1121天
等级: 125
石头: 2446
呼符: 93
体力: 8690.436666666666 / 137
友情点: 0 / 855650`
*連続ログイン3日目
※ログインが途切れるか、7日到達すると
1日目から再開されます*
`叡智の業火 X 1
2月交換券(2023) X 1
`_2023-02-07 19:36:32_
--------
*79533b6314e6a2650ec019ea96bcaebe*
`登陆天数: 24天 / 1133天
等级: 125
石头: 2229
呼符: 107
体力: 8689.286666666667 / 137
友情点: 0 / 883055`
*連続ログイン3日目
※ログインが途切れるか、7日到達すると
1日目から再開されます*
`叡智の業火 X 1
2月交換券(2023) X 1
`_2023-02-07 19:36:40_
--------
*c4c21a97c6c4de9fca7a936ac25180fa*
`登陆天数: 24天 / 1113天
等级: 125
石头: 1700
呼符: 81
体力: 7944.13 / 137
友情点: 0 / 872845`
*連続ログイン3日目
※ログインが途切れるか、7日到達すると
1日目から再開されます*
`叡智の業火 X 1
2月交換券(2023) X 1
`_2023-02-07 19:36:49_
--------
*4aae112bebb9faeb436a728839c766be*
`登陆天数: 24天 / 1076天
等级: 125
石头: 1300
呼符: 94
体力: 8016.32 / 137
友情点: 0 / 791595`
*連続ログイン3日目
※ログインが途切れるか、7日到達すると
1日目から再開されます*
`叡智の業火 X 1
2月交換券(2023) X 1
`_2023-02-07 19:36:57_
--------
