【登录信息】
*b3defd4892470752525def1917e467ce*
`登陆天数: 28天 / 1108天
等级: 125
石头: 1143
呼符: 110
体力: 178.38 / 137
友情点: 0 / 813045`
*連続ログイン7日間到達おめでとうございます！
明日は1日目からリスタートされます。*
`獣の足跡 X 1
呼符 X 1
2月交換券(2023) X 1
`_2023-02-11 19:35:45_
--------
*5513206501fad4f4b9bb8c80e1620d51*
`登陆天数: 28天 / 1126天
等级: 125
石头: 1157
呼符: 95
体力: 9856.043333333333 / 137
友情点: 0 / 875915`
*連続ログイン7日間到達おめでとうございます！
明日は1日目からリスタートされます。*
`獣の足跡 X 1
呼符 X 1
2月交換券(2023) X 1
`_2023-02-11 19:35:53_
--------
*b8ed275142bdf1da8b56aac07218370c*
`登陆天数: 28天 / 1152天
等级: 125
石头: 1129
呼符: 109
体力: 174.99666666666667 / 137
友情点: 0 / 980010`
*連続ログイン7日間到達おめでとうございます！
明日は1日目からリスタートされます。*
`獣の足跡 X 1
呼符 X 1
2月交換券(2023) X 1
`_2023-02-11 19:36:01_
--------
*d70a593ddeab376c769499a5f750641b*
`登陆天数: 28天 / 1128天
等级: 125
石头: 108
呼符: 115
体力: 170.38666666666666 / 137
友情点: 0 / 873630`
*連続ログイン7日間到達おめでとうございます！
明日は1日目からリスタートされます。*
`獣の足跡 X 1
呼符 X 1
2月交換券(2023) X 1
`_2023-02-11 19:36:10_
--------
*6cd714eeb3e3e13a19f5d07a4626b930*
`登陆天数: 28天 / 1123天
等级: 125
石头: 1251
呼符: 115
体力: 154.07666666666665 / 137
友情点: 0 / 963045`
*連続ログイン7日間到達おめでとうございます！
明日は1日目からリスタートされます。*
`獣の足跡 X 1
呼符 X 1
2月交換券(2023) X 1
`_2023-02-11 19:36:18_
--------
*4892f706d3520440c52889adcd975007*
`登陆天数: 28天 / 1151天
等级: 125
石头: 950
呼符: 115
体力: 152.65666666666667 / 137
友情点: 0 / 980480`
*連続ログイン7日間到達おめでとうございます！
明日は1日目からリスタートされます。*
`獣の足跡 X 1
呼符 X 1
2月交換券(2023) X 1
`_2023-02-11 19:36:27_
--------
*eeba3d0c68a3b7e9fa236136b30cb897*
`登陆天数: 28天 / 1125天
等级: 125
石头: 2296
呼符: 93
体力: 148.97333333333333 / 137
友情点: 0 / 855650`
*連続ログイン7日間到達おめでとうございます！
明日は1日目からリスタートされます。*
`獣の足跡 X 1
呼符 X 1
2月交換券(2023) X 1
`_2023-02-11 19:36:35_
--------
*79533b6314e6a2650ec019ea96bcaebe*
`登陆天数: 28天 / 1137天
等级: 125
石头: 2139
呼符: 107
体力: 104.25333333333333 / 137
友情点: 0 / 883055`
*連続ログイン7日間到達おめでとうございます！
明日は1日目からリスタートされます。*
`獣の足跡 X 1
呼符 X 1
2月交換券(2023) X 1
`_2023-02-11 19:36:44_
--------
*c4c21a97c6c4de9fca7a936ac25180fa*
`登陆天数: 28天 / 1117天
等级: 125
石头: 1800
呼符: 87
体力: 111.57 / 137
友情点: 0 / 886845`
*連続ログイン7日間到達おめでとうございます！
明日は1日目からリスタートされます。*
`獣の足跡 X 1
呼符 X 1
2月交換券(2023) X 1
`_2023-02-11 19:36:52_
--------
*4aae112bebb9faeb436a728839c766be*
`登陆天数: 28天 / 1080天
等级: 125
石头: 400
呼符: 94
体力: 108.41 / 137
友情点: 0 / 791595`
*連続ログイン7日間到達おめでとうございます！
明日は1日目からリスタートされます。*
`獣の足跡 X 1
呼符 X 1
2月交換券(2023) X 1
`_2023-02-11 19:37:00_
--------
