【登录信息】
*b3defd4892470752525def1917e467ce*
`登陆天数: 30天 / 1110天
等级: 125
石头: 1143
呼符: 110
体力: 754.4633333333334 / 137
友情点: 0 / 813045`
*連続ログイン2日目
※ログインが途切れるか、7日到達すると
1日目から再開されます*
`聖晶石 X 1
2月交換券(2023) X 1
`*2700万DL突破記念 特別連続ログインボーナス*
*開催期間中、1日1回 最大7回 連続ログインボーナスをプレゼント！*
`白銀の果実 X 10
`_2023-02-13 19:36:09_
--------
*5513206501fad4f4b9bb8c80e1620d51*
`登陆天数: 30天 / 1128天
等级: 125
石头: 1157
呼符: 95
体力: 10432.123333333333 / 137
友情点: 0 / 875915`
*連続ログイン2日目
※ログインが途切れるか、7日到達すると
1日目から再開されます*
`聖晶石 X 1
2月交換券(2023) X 1
`*2700万DL突破記念 特別連続ログインボーナス*
*開催期間中、1日1回 最大7回 連続ログインボーナスをプレゼント！*
`白銀の果実 X 10
`_2023-02-13 19:36:17_
--------
*b8ed275142bdf1da8b56aac07218370c*
`登陆天数: 30天 / 1154天
等级: 125
石头: 1129
呼符: 109
体力: 751.08 / 137
友情点: 0 / 980010`
*連続ログイン2日目
※ログインが途切れるか、7日到達すると
1日目から再開されます*
`聖晶石 X 1
2月交換券(2023) X 1
`*2700万DL突破記念 特別連続ログインボーナス*
*開催期間中、1日1回 最大7回 連続ログインボーナスをプレゼント！*
`白銀の果実 X 10
`_2023-02-13 19:36:26_
--------
*d70a593ddeab376c769499a5f750641b*
`登陆天数: 30天 / 1130天
等级: 125
石头: 108
呼符: 115
体力: 746.4666666666667 / 137
友情点: 0 / 873630`
*連続ログイン2日目
※ログインが途切れるか、7日到達すると
1日目から再開されます*
`聖晶石 X 1
2月交換券(2023) X 1
`*2700万DL突破記念 特別連続ログインボーナス*
*開催期間中、1日1回 最大7回 連続ログインボーナスをプレゼント！*
`白銀の果実 X 10
`_2023-02-13 19:36:34_
--------
*6cd714eeb3e3e13a19f5d07a4626b930*
`登陆天数: 30天 / 1125天
等级: 125
石头: 1251
呼符: 115
体力: 730.1566666666666 / 137
友情点: 0 / 963045`
*連続ログイン2日目
※ログインが途切れるか、7日到達すると
1日目から再開されます*
`聖晶石 X 1
2月交換券(2023) X 1
`*2700万DL突破記念 特別連続ログインボーナス*
*開催期間中、1日1回 最大7回 連続ログインボーナスをプレゼント！*
`白銀の果実 X 10
`_2023-02-13 19:36:42_
--------
*4892f706d3520440c52889adcd975007*
`登陆天数: 30天 / 1153天
等级: 125
石头: 950
呼符: 115
体力: 728.7333333333333 / 137
友情点: 0 / 980480`
*連続ログイン2日目
※ログインが途切れるか、7日到達すると
1日目から再開されます*
`聖晶石 X 1
2月交換券(2023) X 1
`*2700万DL突破記念 特別連続ログインボーナス*
*開催期間中、1日1回 最大7回 連続ログインボーナスをプレゼント！*
`白銀の果実 X 10
`_2023-02-13 19:36:50_
--------
*eeba3d0c68a3b7e9fa236136b30cb897*
`登陆天数: 30天 / 1127天
等级: 125
石头: 2296
呼符: 93
体力: 725.05 / 137
友情点: 0 / 855650`
*連続ログイン2日目
※ログインが途切れるか、7日到達すると
1日目から再開されます*
`聖晶石 X 1
2月交換券(2023) X 1
`*2700万DL突破記念 特別連続ログインボーナス*
*開催期間中、1日1回 最大7回 連続ログインボーナスをプレゼント！*
`白銀の果実 X 10
`_2023-02-13 19:36:59_
--------
*79533b6314e6a2650ec019ea96bcaebe*
`登陆天数: 30天 / 1139天
等级: 125
石头: 2139
呼符: 107
体力: 680.33 / 137
友情点: 0 / 883055`
*連続ログイン2日目
※ログインが途切れるか、7日到達すると
1日目から再開されます*
`聖晶石 X 1
2月交換券(2023) X 1
`*2700万DL突破記念 特別連続ログインボーナス*
*開催期間中、1日1回 最大7回 連続ログインボーナスをプレゼント！*
`白銀の果実 X 10
`_2023-02-13 19:37:07_
--------
*c4c21a97c6c4de9fca7a936ac25180fa*
`登陆天数: 30天 / 1119天
等级: 125
石头: 1800
呼符: 87
体力: 687.6466666666666 / 137
友情点: 0 / 886845`
*連続ログイン2日目
※ログインが途切れるか、7日到達すると
1日目から再開されます*
`聖晶石 X 1
2月交換券(2023) X 1
`*2700万DL突破記念 特別連続ログインボーナス*
*開催期間中、1日1回 最大7回 連続ログインボーナスをプレゼント！*
`白銀の果実 X 10
`_2023-02-13 19:37:15_
--------
*4aae112bebb9faeb436a728839c766be*
`登陆天数: 30天 / 1082天
等级: 125
石头: 400
呼符: 94
体力: 684.4866666666667 / 137
友情点: 0 / 791595`
*連続ログイン2日目
※ログインが途切れるか、7日到達すると
1日目から再開されます*
`聖晶石 X 1
2月交換券(2023) X 1
`*2700万DL突破記念 特別連続ログインボーナス*
*開催期間中、1日1回 最大7回 連続ログインボーナスをプレゼント！*
`白銀の果実 X 10
`_2023-02-13 19:37:23_
--------
