【登录信息】
*b3defd4892470752525def1917e467ce*
`登陆天数: 32天 / 1112天
等级: 125
石头: 1143
呼符: 110
体力: 1330.46 / 137
友情点: 0 / 813045`
*連続ログイン4日目
※ログインが途切れるか、7日到達すると
1日目から再開されます*
`聖晶石 X 1
2月交換券(2023) X 1
`*2700万DL突破記念 特別連続ログインボーナス*
*開催期間中、1日1回 最大7回 連続ログインボーナスをプレゼント！*
`QP X 10000000
`_2023-02-15 19:36:08_
--------
*5513206501fad4f4b9bb8c80e1620d51*
`登陆天数: 32天 / 1130天
等级: 125
石头: 1157
呼符: 95
体力: 11008.12 / 137
友情点: 0 / 875915`
*連続ログイン4日目
※ログインが途切れるか、7日到達すると
1日目から再開されます*
`聖晶石 X 1
2月交換券(2023) X 1
`*2700万DL突破記念 特別連続ログインボーナス*
*開催期間中、1日1回 最大7回 連続ログインボーナスをプレゼント！*
`QP X 10000000
`_2023-02-15 19:36:16_
--------
*b8ed275142bdf1da8b56aac07218370c*
`登陆天数: 32天 / 1156天
等级: 125
石头: 1129
呼符: 109
体力: 1327.0766666666666 / 137
友情点: 0 / 980010`
*連続ログイン4日目
※ログインが途切れるか、7日到達すると
1日目から再開されます*
`聖晶石 X 1
2月交換券(2023) X 1
`*2700万DL突破記念 特別連続ログインボーナス*
*開催期間中、1日1回 最大7回 連続ログインボーナスをプレゼント！*
`QP X 10000000
`_2023-02-15 19:36:25_
--------
*d70a593ddeab376c769499a5f750641b*
`登陆天数: 32天 / 1132天
等级: 125
石头: 108
呼符: 115
体力: 1322.4633333333334 / 137
友情点: 0 / 873630`
*連続ログイン4日目
※ログインが途切れるか、7日到達すると
1日目から再開されます*
`聖晶石 X 1
2月交換券(2023) X 1
`*2700万DL突破記念 特別連続ログインボーナス*
*開催期間中、1日1回 最大7回 連続ログインボーナスをプレゼント！*
`QP X 10000000
`_2023-02-15 19:36:33_
--------
*6cd714eeb3e3e13a19f5d07a4626b930*
`登陆天数: 32天 / 1127天
等级: 125
石头: 1251
呼符: 115
体力: 1306.1533333333334 / 137
友情点: 0 / 963045`
*連続ログイン4日目
※ログインが途切れるか、7日到達すると
1日目から再開されます*
`聖晶石 X 1
2月交換券(2023) X 1
`*2700万DL突破記念 特別連続ログインボーナス*
*開催期間中、1日1回 最大7回 連続ログインボーナスをプレゼント！*
`QP X 10000000
`_2023-02-15 19:36:41_
--------
*4892f706d3520440c52889adcd975007*
`登陆天数: 32天 / 1155天
等级: 125
石头: 950
呼符: 115
体力: 1304.73 / 137
友情点: 0 / 980480`
*連続ログイン4日目
※ログインが途切れるか、7日到達すると
1日目から再開されます*
`聖晶石 X 1
2月交換券(2023) X 1
`*2700万DL突破記念 特別連続ログインボーナス*
*開催期間中、1日1回 最大7回 連続ログインボーナスをプレゼント！*
`QP X 10000000
`_2023-02-15 19:36:49_
--------
*eeba3d0c68a3b7e9fa236136b30cb897*
`登陆天数: 32天 / 1129天
等级: 125
石头: 2296
呼符: 93
体力: 1301.05 / 137
友情点: 0 / 855650`
*連続ログイン4日目
※ログインが途切れるか、7日到達すると
1日目から再開されます*
`聖晶石 X 1
2月交換券(2023) X 1
`*2700万DL突破記念 特別連続ログインボーナス*
*開催期間中、1日1回 最大7回 連続ログインボーナスをプレゼント！*
`QP X 10000000
`_2023-02-15 19:36:58_
--------
*79533b6314e6a2650ec019ea96bcaebe*
`登陆天数: 32天 / 1141天
等级: 125
石头: 2139
呼符: 107
体力: 1256.3266666666666 / 137
友情点: 0 / 883055`
*連続ログイン4日目
※ログインが途切れるか、7日到達すると
1日目から再開されます*
`聖晶石 X 1
2月交換券(2023) X 1
`*2700万DL突破記念 特別連続ログインボーナス*
*開催期間中、1日1回 最大7回 連続ログインボーナスをプレゼント！*
`QP X 10000000
`_2023-02-15 19:37:06_
--------
*c4c21a97c6c4de9fca7a936ac25180fa*
`登陆天数: 32天 / 1121天
等级: 125
石头: 1800
呼符: 87
体力: 1263.6433333333334 / 137
友情点: 0 / 886845`
*連続ログイン4日目
※ログインが途切れるか、7日到達すると
1日目から再開されます*
`聖晶石 X 1
2月交換券(2023) X 1
`*2700万DL突破記念 特別連続ログインボーナス*
*開催期間中、1日1回 最大7回 連続ログインボーナスをプレゼント！*
`QP X 10000000
`_2023-02-15 19:37:14_
--------
*4aae112bebb9faeb436a728839c766be*
`登陆天数: 32天 / 1084天
等级: 125
石头: 400
呼符: 94
体力: 1260.4866666666667 / 137
友情点: 0 / 791595`
*連続ログイン4日目
※ログインが途切れるか、7日到達すると
1日目から再開されます*
`聖晶石 X 1
2月交換券(2023) X 1
`*2700万DL突破記念 特別連続ログインボーナス*
*開催期間中、1日1回 最大7回 連続ログインボーナスをプレゼント！*
`QP X 10000000
`_2023-02-15 19:37:23_
--------
