【登录信息】
*b3defd4892470752525def1917e467ce*
`登陆天数: 33天 / 1113天
等级: 125
石头: 1143
呼符: 110
体力: 1618.4233333333334 / 137
友情点: 0 / 813045`
*連続ログイン5日目
※ログインが途切れるか、7日到達すると
1日目から再開されます*
`叡智の業火 X 2
2月交換券(2023) X 1
`*2700万DL突破記念 特別連続ログインボーナス*
*開催期間中、1日1回 最大7回 連続ログインボーナスをプレゼント！*
`叡智の業火 X 10
`_2023-02-16 19:35:57_
--------
*5513206501fad4f4b9bb8c80e1620d51*
`登陆天数: 33天 / 1131天
等级: 125
石头: 1157
呼符: 95
体力: 11296.083333333334 / 137
友情点: 0 / 875915`
*連続ログイン5日目
※ログインが途切れるか、7日到達すると
1日目から再開されます*
`叡智の業火 X 2
2月交換券(2023) X 1
`*2700万DL突破記念 特別連続ログインボーナス*
*開催期間中、1日1回 最大7回 連続ログインボーナスをプレゼント！*
`叡智の業火 X 10
`_2023-02-16 19:36:05_
--------
*b8ed275142bdf1da8b56aac07218370c*
`登陆天数: 33天 / 1157天
等级: 125
石头: 1129
呼符: 109
体力: 1615.0366666666666 / 137
友情点: 0 / 980010`
*連続ログイン5日目
※ログインが途切れるか、7日到達すると
1日目から再開されます*
`叡智の業火 X 2
2月交換券(2023) X 1
`*2700万DL突破記念 特別連続ログインボーナス*
*開催期間中、1日1回 最大7回 連続ログインボーナスをプレゼント！*
`叡智の業火 X 10
`_2023-02-16 19:36:14_
--------
*d70a593ddeab376c769499a5f750641b*
`登陆天数: 33天 / 1133天
等级: 125
石头: 108
呼符: 115
体力: 1610.4266666666667 / 137
友情点: 0 / 873630`
*連続ログイン5日目
※ログインが途切れるか、7日到達すると
1日目から再開されます*
`叡智の業火 X 2
2月交換券(2023) X 1
`*2700万DL突破記念 特別連続ログインボーナス*
*開催期間中、1日1回 最大7回 連続ログインボーナスをプレゼント！*
`叡智の業火 X 10
`_2023-02-16 19:36:22_
--------
*6cd714eeb3e3e13a19f5d07a4626b930*
`登陆天数: 33天 / 1128天
等级: 125
石头: 1251
呼符: 115
体力: 1594.1166666666666 / 137
友情点: 0 / 963045`
*連続ログイン5日目
※ログインが途切れるか、7日到達すると
1日目から再開されます*
`叡智の業火 X 2
2月交換券(2023) X 1
`*2700万DL突破記念 特別連続ログインボーナス*
*開催期間中、1日1回 最大7回 連続ログインボーナスをプレゼント！*
`叡智の業火 X 10
`_2023-02-16 19:36:30_
--------
*4892f706d3520440c52889adcd975007*
`登陆天数: 33天 / 1156天
等级: 125
石头: 950
呼符: 115
体力: 1592.6933333333334 / 137
友情点: 0 / 980480`
*連続ログイン5日目
※ログインが途切れるか、7日到達すると
1日目から再開されます*
`叡智の業火 X 2
2月交換券(2023) X 1
`*2700万DL突破記念 特別連続ログインボーナス*
*開催期間中、1日1回 最大7回 連続ログインボーナスをプレゼント！*
`叡智の業火 X 10
`_2023-02-16 19:36:38_
--------
*eeba3d0c68a3b7e9fa236136b30cb897*
`登陆天数: 33天 / 1130天
等级: 125
石头: 2296
呼符: 93
体力: 1589.01 / 137
友情点: 0 / 855650`
*連続ログイン5日目
※ログインが途切れるか、7日到達すると
1日目から再開されます*
`叡智の業火 X 2
2月交換券(2023) X 1
`*2700万DL突破記念 特別連続ログインボーナス*
*開催期間中、1日1回 最大7回 連続ログインボーナスをプレゼント！*
`叡智の業火 X 10
`_2023-02-16 19:36:47_
--------
*79533b6314e6a2650ec019ea96bcaebe*
`登陆天数: 33天 / 1142天
等级: 125
石头: 2139
呼符: 107
体力: 1544.29 / 137
友情点: 0 / 883055`
*連続ログイン5日目
※ログインが途切れるか、7日到達すると
1日目から再開されます*
`叡智の業火 X 2
2月交換券(2023) X 1
`*2700万DL突破記念 特別連続ログインボーナス*
*開催期間中、1日1回 最大7回 連続ログインボーナスをプレゼント！*
`叡智の業火 X 10
`_2023-02-16 19:36:55_
--------
*c4c21a97c6c4de9fca7a936ac25180fa*
`登陆天数: 33天 / 1122天
等级: 125
石头: 1800
呼符: 87
体力: 1551.6066666666666 / 137
友情点: 0 / 886845`
*連続ログイン5日目
※ログインが途切れるか、7日到達すると
1日目から再開されます*
`叡智の業火 X 2
2月交換券(2023) X 1
`*2700万DL突破記念 特別連続ログインボーナス*
*開催期間中、1日1回 最大7回 連続ログインボーナスをプレゼント！*
`叡智の業火 X 10
`_2023-02-16 19:37:03_
--------
*4aae112bebb9faeb436a728839c766be*
`登陆天数: 33天 / 1085天
等级: 125
石头: 400
呼符: 94
体力: 1548.4466666666667 / 137
友情点: 0 / 791595`
*連続ログイン5日目
※ログインが途切れるか、7日到達すると
1日目から再開されます*
`叡智の業火 X 2
2月交換券(2023) X 1
`*2700万DL突破記念 特別連続ログインボーナス*
*開催期間中、1日1回 最大7回 連続ログインボーナスをプレゼント！*
`叡智の業火 X 10
`_2023-02-16 19:37:11_
--------
