【登录信息】
*b3defd4892470752525def1917e467ce*
`登陆天数: 35天 / 1115天
等级: 125
石头: 1143
呼符: 110
体力: 2194.3766666666666 / 137
友情点: 0 / 813045`
*連続ログイン7日間到達おめでとうございます！
明日は1日目からリスタートされます。*
`獣の足跡 X 1
呼符 X 1
2月交換券(2023) X 1
`*2700万DL突破記念 特別連続ログインボーナス*
*開催期間中、1日1回 最大7回 連続ログインボーナスをプレゼント！*
`英霊結晶・太陽のフォウくん X 10
`_2023-02-18 19:35:43_
--------
*5513206501fad4f4b9bb8c80e1620d51*
`登陆天数: 35天 / 1133天
等级: 125
石头: 1157
呼符: 95
体力: 11872.036666666667 / 137
友情点: 0 / 875915`
*連続ログイン7日間到達おめでとうございます！
明日は1日目からリスタートされます。*
`獣の足跡 X 1
呼符 X 1
2月交換券(2023) X 1
`*2700万DL突破記念 特別連続ログインボーナス*
*開催期間中、1日1回 最大7回 連続ログインボーナスをプレゼント！*
`英霊結晶・太陽のフォウくん X 10
`_2023-02-18 19:35:51_
--------
*b8ed275142bdf1da8b56aac07218370c*
`登陆天数: 35天 / 1159天
等级: 125
石头: 1129
呼符: 109
体力: 2190.99 / 137
友情点: 0 / 980010`
*連続ログイン7日間到達おめでとうございます！
明日は1日目からリスタートされます。*
`獣の足跡 X 1
呼符 X 1
2月交換券(2023) X 1
`*2700万DL突破記念 特別連続ログインボーナス*
*開催期間中、1日1回 最大7回 連続ログインボーナスをプレゼント！*
`英霊結晶・太陽のフォウくん X 10
`_2023-02-18 19:35:59_
--------
*d70a593ddeab376c769499a5f750641b*
`登陆天数: 35天 / 1135天
等级: 125
石头: 108
呼符: 115
体力: 2186.3766666666666 / 137
友情点: 0 / 873630`
*連続ログイン7日間到達おめでとうございます！
明日は1日目からリスタートされます。*
`獣の足跡 X 1
呼符 X 1
2月交換券(2023) X 1
`*2700万DL突破記念 特別連続ログインボーナス*
*開催期間中、1日1回 最大7回 連続ログインボーナスをプレゼント！*
`英霊結晶・太陽のフォウくん X 10
`_2023-02-18 19:36:07_
--------
*6cd714eeb3e3e13a19f5d07a4626b930*
`登陆天数: 35天 / 1130天
等级: 125
石头: 1251
呼符: 115
体力: 2170.0666666666666 / 137
友情点: 0 / 963045`
*連続ログイン7日間到達おめでとうございます！
明日は1日目からリスタートされます。*
`獣の足跡 X 1
呼符 X 1
2月交換券(2023) X 1
`*2700万DL突破記念 特別連続ログインボーナス*
*開催期間中、1日1回 最大7回 連続ログインボーナスをプレゼント！*
`英霊結晶・太陽のフォウくん X 10
`_2023-02-18 19:36:15_
--------
*4892f706d3520440c52889adcd975007*
`登陆天数: 35天 / 1158天
等级: 125
石头: 950
呼符: 115
体力: 2168.6433333333334 / 137
友情点: 0 / 980480`
*連続ログイン7日間到達おめでとうございます！
明日は1日目からリスタートされます。*
`獣の足跡 X 1
呼符 X 1
2月交換券(2023) X 1
`*2700万DL突破記念 特別連続ログインボーナス*
*開催期間中、1日1回 最大7回 連続ログインボーナスをプレゼント！*
`英霊結晶・太陽のフォウくん X 10
`_2023-02-18 19:36:24_
--------
*eeba3d0c68a3b7e9fa236136b30cb897*
`登陆天数: 35天 / 1132天
等级: 125
石头: 2296
呼符: 93
体力: 2164.963333333333 / 137
友情点: 0 / 855650`
*連続ログイン7日間到達おめでとうございます！
明日は1日目からリスタートされます。*
`獣の足跡 X 1
呼符 X 1
2月交換券(2023) X 1
`*2700万DL突破記念 特別連続ログインボーナス*
*開催期間中、1日1回 最大7回 連続ログインボーナスをプレゼント！*
`英霊結晶・太陽のフォウくん X 10
`_2023-02-18 19:36:32_
--------
*79533b6314e6a2650ec019ea96bcaebe*
`登陆天数: 35天 / 1144天
等级: 125
石头: 2139
呼符: 107
体力: 2120.24 / 137
友情点: 0 / 883055`
*連続ログイン7日間到達おめでとうございます！
明日は1日目からリスタートされます。*
`獣の足跡 X 1
呼符 X 1
2月交換券(2023) X 1
`*2700万DL突破記念 特別連続ログインボーナス*
*開催期間中、1日1回 最大7回 連続ログインボーナスをプレゼント！*
`英霊結晶・太陽のフォウくん X 10
`_2023-02-18 19:36:40_
--------
*c4c21a97c6c4de9fca7a936ac25180fa*
`登陆天数: 35天 / 1124天
等级: 125
石头: 1800
呼符: 87
体力: 2127.5566666666664 / 137
友情点: 0 / 886845`
*連続ログイン7日間到達おめでとうございます！
明日は1日目からリスタートされます。*
`獣の足跡 X 1
呼符 X 1
2月交換券(2023) X 1
`*2700万DL突破記念 特別連続ログインボーナス*
*開催期間中、1日1回 最大7回 連続ログインボーナスをプレゼント！*
`英霊結晶・太陽のフォウくん X 10
`_2023-02-18 19:36:48_
--------
*4aae112bebb9faeb436a728839c766be*
`登陆天数: 35天 / 1087天
等级: 125
石头: 400
呼符: 94
体力: 2124.4 / 137
友情点: 0 / 791595`
*連続ログイン7日間到達おめでとうございます！
明日は1日目からリスタートされます。*
`獣の足跡 X 1
呼符 X 1
2月交換券(2023) X 1
`*2700万DL突破記念 特別連続ログインボーナス*
*開催期間中、1日1回 最大7回 連続ログインボーナスをプレゼント！*
`英霊結晶・太陽のフォウくん X 10
`_2023-02-18 19:36:57_
--------
