【登录信息】
*b3defd4892470752525def1917e467ce*
`登陆天数: 2天 / 1117天
等级: 125
石头: 1143
呼符: 110
体力: 3058.2233333333334 / 137
友情点: 0 / 813045`
*連続ログイン2日目
※ログインが途切れるか、7日到達すると
1日目から再開されます*
`聖晶石 X 1
2月交換券(2023) X 1
`_2023-02-21 19:34:57_
--------
*5513206501fad4f4b9bb8c80e1620d51*
`登陆天数: 2天 / 1135天
等级: 125
石头: 1157
呼符: 95
体力: 12735.886666666667 / 137
友情点: 0 / 875915`
*連続ログイン2日目
※ログインが途切れるか、7日到達すると
1日目から再開されます*
`聖晶石 X 1
2月交換券(2023) X 1
`_2023-02-21 19:35:06_
--------
*b8ed275142bdf1da8b56aac07218370c*
`登陆天数: 2天 / 1161天
等级: 125
石头: 1129
呼符: 109
体力: 3054.8433333333332 / 137
友情点: 0 / 980010`
*連続ログイン2日目
※ログインが途切れるか、7日到達すると
1日目から再開されます*
`聖晶石 X 1
2月交換券(2023) X 1
`_2023-02-21 19:35:15_
--------
*d70a593ddeab376c769499a5f750641b*
`登陆天数: 2天 / 1137天
等级: 125
石头: 108
呼符: 115
体力: 3050.23 / 137
友情点: 0 / 873630`
*連続ログイン2日目
※ログインが途切れるか、7日到達すると
1日目から再開されます*
`聖晶石 X 1
2月交換券(2023) X 1
`_2023-02-21 19:35:23_
--------
*6cd714eeb3e3e13a19f5d07a4626b930*
`登陆天数: 2天 / 1132天
等级: 125
石头: 1251
呼符: 115
体力: 3033.92 / 137
友情点: 0 / 963045`
*連続ログイン2日目
※ログインが途切れるか、7日到達すると
1日目から再開されます*
`聖晶石 X 1
2月交換券(2023) X 1
`_2023-02-21 19:35:31_
--------
*4892f706d3520440c52889adcd975007*
`登陆天数: 2天 / 1160天
等级: 125
石头: 950
呼符: 115
体力: 3032.4966666666664 / 137
友情点: 0 / 980480`
*連続ログイン2日目
※ログインが途切れるか、7日到達すると
1日目から再開されます*
`聖晶石 X 1
2月交換券(2023) X 1
`_2023-02-21 19:35:39_
--------
*eeba3d0c68a3b7e9fa236136b30cb897*
`登陆天数: 2天 / 1134天
等级: 125
石头: 2296
呼符: 93
体力: 3028.8166666666666 / 137
友情点: 0 / 855650`
*連続ログイン2日目
※ログインが途切れるか、7日到達すると
1日目から再開されます*
`聖晶石 X 1
2月交換券(2023) X 1
`_2023-02-21 19:35:48_
--------
*79533b6314e6a2650ec019ea96bcaebe*
`登陆天数: 2天 / 1146天
等级: 125
石头: 2139
呼符: 107
体力: 2984.096666666667 / 137
友情点: 0 / 883055`
*連続ログイン2日目
※ログインが途切れるか、7日到達すると
1日目から再開されます*
`聖晶石 X 1
2月交換券(2023) X 1
`_2023-02-21 19:35:57_
--------
*c4c21a97c6c4de9fca7a936ac25180fa*
`登陆天数: 2天 / 1126天
等级: 125
石头: 1800
呼符: 87
体力: 2991.4133333333334 / 137
友情点: 0 / 886845`
*連続ログイン2日目
※ログインが途切れるか、7日到達すると
1日目から再開されます*
`聖晶石 X 1
2月交換券(2023) X 1
`_2023-02-21 19:36:05_
--------
*4aae112bebb9faeb436a728839c766be*
`登陆天数: 2天 / 1089天
等级: 125
石头: 400
呼符: 94
体力: 2988.2533333333336 / 137
友情点: 0 / 791595`
*連続ログイン2日目
※ログインが途切れるか、7日到達すると
1日目から再開されます*
`聖晶石 X 1
2月交換券(2023) X 1
`_2023-02-21 19:36:13_
--------
