【登录信息】
*b3defd4892470752525def1917e467ce*
`登陆天数: 3天 / 1118天
等级: 125
石头: 1143
呼符: 110
体力: 3346.1666666666665 / 137
友情点: 0 / 813045`
*連続ログイン3日目
※ログインが途切れるか、7日到達すると
1日目から再開されます*
`叡智の業火 X 1
2月交換券(2023) X 1
`_2023-02-22 19:34:40_
--------
*5513206501fad4f4b9bb8c80e1620d51*
`登陆天数: 3天 / 1136天
等级: 125
石头: 1157
呼符: 95
体力: 13023.826666666666 / 137
友情点: 0 / 875915`
*連続ログイン3日目
※ログインが途切れるか、7日到達すると
1日目から再開されます*
`叡智の業火 X 1
2月交換券(2023) X 1
`_2023-02-22 19:34:48_
--------
*b8ed275142bdf1da8b56aac07218370c*
`登陆天数: 3天 / 1162天
等级: 125
石头: 1129
呼符: 109
体力: 3342.7833333333333 / 137
友情点: 0 / 980010`
*連続ログイン3日目
※ログインが途切れるか、7日到達すると
1日目から再開されます*
`叡智の業火 X 1
2月交換券(2023) X 1
`_2023-02-22 19:34:57_
--------
*d70a593ddeab376c769499a5f750641b*
`登陆天数: 3天 / 1138天
等级: 125
石头: 108
呼符: 115
体力: 3338.17 / 137
友情点: 0 / 873630`
*連続ログイン3日目
※ログインが途切れるか、7日到達すると
1日目から再開されます*
`叡智の業火 X 1
2月交換券(2023) X 1
`_2023-02-22 19:35:05_
--------
*6cd714eeb3e3e13a19f5d07a4626b930*
`登陆天数: 3天 / 1133天
等级: 125
石头: 1251
呼符: 115
体力: 3321.86 / 137
友情点: 0 / 963045`
*連続ログイン3日目
※ログインが途切れるか、7日到達すると
1日目から再開されます*
`叡智の業火 X 1
2月交換券(2023) X 1
`_2023-02-22 19:35:13_
--------
*4892f706d3520440c52889adcd975007*
`登陆天数: 3天 / 1161天
等级: 125
石头: 950
呼符: 115
体力: 3320.4366666666665 / 137
友情点: 0 / 980480`
*連続ログイン3日目
※ログインが途切れるか、7日到達すると
1日目から再開されます*
`叡智の業火 X 1
2月交換券(2023) X 1
`_2023-02-22 19:35:21_
--------
*eeba3d0c68a3b7e9fa236136b30cb897*
`登陆天数: 3天 / 1135天
等级: 125
石头: 2296
呼符: 93
体力: 3316.7566666666667 / 137
友情点: 0 / 855650`
*連続ログイン3日目
※ログインが途切れるか、7日到達すると
1日目から再開されます*
`叡智の業火 X 1
2月交換券(2023) X 1
`_2023-02-22 19:35:30_
--------
*79533b6314e6a2650ec019ea96bcaebe*
`登陆天数: 3天 / 1147天
等级: 125
石头: 2139
呼符: 107
体力: 3272.0333333333333 / 137
友情点: 0 / 883055`
*連続ログイン3日目
※ログインが途切れるか、7日到達すると
1日目から再開されます*
`叡智の業火 X 1
2月交換券(2023) X 1
`_2023-02-22 19:35:38_
--------
*c4c21a97c6c4de9fca7a936ac25180fa*
`登陆天数: 3天 / 1127天
等级: 125
石头: 1800
呼符: 87
体力: 3279.3533333333335 / 137
友情点: 0 / 886845`
*連続ログイン3日目
※ログインが途切れるか、7日到達すると
1日目から再開されます*
`叡智の業火 X 1
2月交換券(2023) X 1
`_2023-02-22 19:35:47_
--------
*4aae112bebb9faeb436a728839c766be*
`登陆天数: 3天 / 1090天
等级: 125
石头: 400
呼符: 94
体力: 3276.193333333333 / 137
友情点: 0 / 791595`
*連続ログイン3日目
※ログインが途切れるか、7日到達すると
1日目から再開されます*
`叡智の業火 X 1
2月交換券(2023) X 1
`_2023-02-22 19:35:55_
--------
