【登录信息】
*b3defd4892470752525def1917e467ce*
`登陆天数: 5天 / 1120天
等级: 125
石头: 1143
呼符: 110
体力: 3922.1866666666665 / 137
友情点: 0 / 813045`
*連続ログイン5日目
※ログインが途切れるか、7日到達すると
1日目から再開されます*
`叡智の業火 X 2
2月交換券(2023) X 1
`_2023-02-24 19:34:46_
--------
*5513206501fad4f4b9bb8c80e1620d51*
`登陆天数: 5天 / 1138天
等级: 125
石头: 1157
呼符: 95
体力: 13599.846666666666 / 137
友情点: 0 / 875915`
*連続ログイン5日目
※ログインが途切れるか、7日到達すると
1日目から再開されます*
`叡智の業火 X 2
2月交換券(2023) X 1
`_2023-02-24 19:34:54_
--------
*b8ed275142bdf1da8b56aac07218370c*
`登陆天数: 5天 / 1164天
等级: 125
石头: 1129
呼符: 109
体力: 3918.8 / 137
友情点: 0 / 980010`
*連続ログイン5日目
※ログインが途切れるか、7日到達すると
1日目から再開されます*
`叡智の業火 X 2
2月交換券(2023) X 1
`_2023-02-24 19:35:02_
--------
*d70a593ddeab376c769499a5f750641b*
`登陆天数: 5天 / 1140天
等级: 125
石头: 108
呼符: 115
体力: 3914.19 / 137
友情点: 0 / 873630`
*連続ログイン5日目
※ログインが途切れるか、7日到達すると
1日目から再開されます*
`叡智の業火 X 2
2月交換券(2023) X 1
`_2023-02-24 19:35:11_
--------
*6cd714eeb3e3e13a19f5d07a4626b930*
`登陆天数: 5天 / 1135天
等级: 125
石头: 1251
呼符: 115
体力: 3897.88 / 137
友情点: 0 / 963045`
*連続ログイン5日目
※ログインが途切れるか、7日到達すると
1日目から再開されます*
`叡智の業火 X 2
2月交換券(2023) X 1
`_2023-02-24 19:35:19_
--------
*4892f706d3520440c52889adcd975007*
`登陆天数: 5天 / 1163天
等级: 125
石头: 950
呼符: 115
体力: 3896.4566666666665 / 137
友情点: 0 / 980480`
*連続ログイン5日目
※ログインが途切れるか、7日到達すると
1日目から再開されます*
`叡智の業火 X 2
2月交換券(2023) X 1
`_2023-02-24 19:35:27_
--------
*eeba3d0c68a3b7e9fa236136b30cb897*
`登陆天数: 5天 / 1137天
等级: 125
石头: 2296
呼符: 93
体力: 3892.7733333333335 / 137
友情点: 0 / 855650`
*連続ログイン5日目
※ログインが途切れるか、7日到達すると
1日目から再開されます*
`叡智の業火 X 2
2月交換券(2023) X 1
`_2023-02-24 19:35:36_
--------
*79533b6314e6a2650ec019ea96bcaebe*
`登陆天数: 5天 / 1149天
等级: 125
石头: 2139
呼符: 107
体力: 3848.056666666667 / 137
友情点: 0 / 883055`
*連続ログイン5日目
※ログインが途切れるか、7日到達すると
1日目から再開されます*
`叡智の業火 X 2
2月交換券(2023) X 1
`_2023-02-24 19:35:45_
--------
*c4c21a97c6c4de9fca7a936ac25180fa*
`登陆天数: 5天 / 1129天
等级: 125
石头: 1800
呼符: 87
体力: 3855.3733333333334 / 137
友情点: 0 / 886845`
*連続ログイン5日目
※ログインが途切れるか、7日到達すると
1日目から再開されます*
`叡智の業火 X 2
2月交換券(2023) X 1
`_2023-02-24 19:35:53_
--------
*4aae112bebb9faeb436a728839c766be*
`登陆天数: 5天 / 1092天
等级: 125
石头: 400
呼符: 94
体力: 3852.213333333333 / 137
友情点: 0 / 791595`
*連続ログイン5日目
※ログインが途切れるか、7日到達すると
1日目から再開されます*
`叡智の業火 X 2
2月交換券(2023) X 1
`_2023-02-24 19:36:01_
--------
