【登录信息】
*b3defd4892470752525def1917e467ce*
`登陆天数: 6天 / 1121天
等级: 125
石头: 1143
呼符: 110
体力: 4210.173333333333 / 137
友情点: 0 / 813045`
*連続ログイン6日目
※ログインが途切れるか、7日到達すると
1日目から再開されます*
`聖晶石 X 2
2月交換券(2023) X 1
`_2023-02-25 19:34:42_
--------
*5513206501fad4f4b9bb8c80e1620d51*
`登陆天数: 6天 / 1139天
等级: 125
石头: 1157
呼符: 95
体力: 13887.836666666666 / 137
友情点: 0 / 875915`
*連続ログイン6日目
※ログインが途切れるか、7日到達すると
1日目から再開されます*
`聖晶石 X 2
2月交換券(2023) X 1
`_2023-02-25 19:34:51_
--------
*b8ed275142bdf1da8b56aac07218370c*
`登陆天数: 6天 / 1165天
等级: 125
石头: 1129
呼符: 109
体力: 4206.79 / 137
友情点: 0 / 980010`
*連続ログイン6日目
※ログインが途切れるか、7日到達すると
1日目から再開されます*
`聖晶石 X 2
2月交換券(2023) X 1
`_2023-02-25 19:34:59_
--------
*d70a593ddeab376c769499a5f750641b*
`登陆天数: 6天 / 1141天
等级: 125
石头: 108
呼符: 115
体力: 4202.176666666666 / 137
友情点: 0 / 873630`
*連続ログイン6日目
※ログインが途切れるか、7日到達すると
1日目から再開されます*
`聖晶石 X 2
2月交換券(2023) X 1
`_2023-02-25 19:35:07_
--------
*6cd714eeb3e3e13a19f5d07a4626b930*
`登陆天数: 6天 / 1136天
等级: 125
石头: 1251
呼符: 115
体力: 4185.87 / 137
友情点: 0 / 963045`
*連続ログイン6日目
※ログインが途切れるか、7日到達すると
1日目から再開されます*
`聖晶石 X 2
2月交換券(2023) X 1
`_2023-02-25 19:35:16_
--------
*4892f706d3520440c52889adcd975007*
`登陆天数: 6天 / 1164天
等级: 125
石头: 950
呼符: 115
体力: 4184.446666666667 / 137
友情点: 0 / 980480`
*連続ログイン6日目
※ログインが途切れるか、7日到達すると
1日目から再開されます*
`聖晶石 X 2
2月交換券(2023) X 1
`_2023-02-25 19:35:24_
--------
*eeba3d0c68a3b7e9fa236136b30cb897*
`登陆天数: 6天 / 1138天
等级: 125
石头: 2296
呼符: 93
体力: 4180.763333333333 / 137
友情点: 0 / 855650`
*連続ログイン6日目
※ログインが途切れるか、7日到達すると
1日目から再開されます*
`聖晶石 X 2
2月交換券(2023) X 1
`_2023-02-25 19:35:32_
--------
*79533b6314e6a2650ec019ea96bcaebe*
`登陆天数: 6天 / 1150天
等级: 125
石头: 2139
呼符: 107
体力: 4136.043333333333 / 137
友情点: 0 / 883055`
*連続ログイン6日目
※ログインが途切れるか、7日到達すると
1日目から再開されます*
`聖晶石 X 2
2月交換券(2023) X 1
`_2023-02-25 19:35:41_
--------
*c4c21a97c6c4de9fca7a936ac25180fa*
`登陆天数: 6天 / 1130天
等级: 125
石头: 1800
呼符: 87
体力: 4143.360000000001 / 137
友情点: 0 / 886845`
*連続ログイン6日目
※ログインが途切れるか、7日到達すると
1日目から再開されます*
`聖晶石 X 2
2月交換券(2023) X 1
`_2023-02-25 19:35:49_
--------
*4aae112bebb9faeb436a728839c766be*
`登陆天数: 6天 / 1093天
等级: 125
石头: 400
呼符: 94
体力: 4140.2 / 137
友情点: 0 / 791595`
*連続ログイン6日目
※ログインが途切れるか、7日到達すると
1日目から再開されます*
`聖晶石 X 2
2月交換券(2023) X 1
`_2023-02-25 19:35:57_
--------
