【登录信息】
*b3defd4892470752525def1917e467ce*
`登陆天数: 7天 / 1122天
等级: 125
石头: 995
呼符: 110
体力: 93.95333333333333 / 137
友情点: 0 / 813045`
*連続ログイン7日間到達おめでとうございます！
明日は1日目からリスタートされます。*
`獣の足跡 X 1
呼符 X 1
2月交換券(2023) X 1
`_2023-02-26 19:34:35_
--------
*5513206501fad4f4b9bb8c80e1620d51*
`登陆天数: 7天 / 1140天
等级: 125
石头: 977
呼符: 95
体力: 93.14 / 137
友情点: 0 / 875915`
*連続ログイン7日間到達おめでとうございます！
明日は1日目からリスタートされます。*
`獣の足跡 X 1
呼符 X 1
2月交換券(2023) X 1
`_2023-02-26 19:34:43_
--------
*b8ed275142bdf1da8b56aac07218370c*
`登陆天数: 7天 / 1166天
等级: 125
石头: 1009
呼符: 109
体力: 91.99000000000001 / 137
友情点: 0 / 980010`
*連続ログイン7日間到達おめでとうございます！
明日は1日目からリスタートされます。*
`獣の足跡 X 1
呼符 X 1
2月交換券(2023) X 1
`_2023-02-26 19:34:51_
--------
*d70a593ddeab376c769499a5f750641b*
`登陆天数: 7天 / 1142天
等级: 125
石头: 108
呼符: 115
体力: 4490.153333333334 / 137
友情点: 0 / 873630`
*連続ログイン7日間到達おめでとうございます！
明日は1日目からリスタートされます。*
`獣の足跡 X 1
呼符 X 1
2月交換券(2023) X 1
`_2023-02-26 19:35:00_
--------
*6cd714eeb3e3e13a19f5d07a4626b930*
`登陆天数: 7天 / 1137天
等级: 125
石头: 1251
呼符: 115
体力: 4473.843333333333 / 137
友情点: 0 / 963045`
*連続ログイン7日間到達おめでとうございます！
明日は1日目からリスタートされます。*
`獣の足跡 X 1
呼符 X 1
2月交換券(2023) X 1
`_2023-02-26 19:35:08_
--------
*4892f706d3520440c52889adcd975007*
`登陆天数: 7天 / 1165天
等级: 125
石头: 950
呼符: 115
体力: 4472.42 / 137
友情点: 0 / 980480`
*連続ログイン7日間到達おめでとうございます！
明日は1日目からリスタートされます。*
`獣の足跡 X 1
呼符 X 1
2月交換券(2023) X 1
`_2023-02-26 19:35:16_
--------
*eeba3d0c68a3b7e9fa236136b30cb897*
`登陆天数: 7天 / 1139天
等级: 125
石头: 1996
呼符: 93
体力: 91.13666666666666 / 137
友情点: 0 / 855650`
*連続ログイン7日間到達おめでとうございます！
明日は1日目からリスタートされます。*
`獣の足跡 X 1
呼符 X 1
2月交換券(2023) X 1
`_2023-02-26 19:35:25_
--------
*79533b6314e6a2650ec019ea96bcaebe*
`登陆天数: 7天 / 1151天
等级: 125
石头: 1989
呼符: 107
体力: 90.0 / 137
友情点: 0 / 883055`
*連続ログイン7日間到達おめでとうございます！
明日は1日目からリスタートされます。*
`獣の足跡 X 1
呼符 X 1
2月交換券(2023) X 1
`_2023-02-26 19:35:33_
--------
*c4c21a97c6c4de9fca7a936ac25180fa*
`登陆天数: 7天 / 1131天
等级: 125
石头: 1800
呼符: 87
体力: 4431.333333333333 / 137
友情点: 0 / 886845`
*連続ログイン7日間到達おめでとうございます！
明日は1日目からリスタートされます。*
`獣の足跡 X 1
呼符 X 1
2月交換券(2023) X 1
`_2023-02-26 19:35:41_
--------
*4aae112bebb9faeb436a728839c766be*
`登陆天数: 7天 / 1094天
等级: 125
石头: 400
呼符: 94
体力: 4428.176666666666 / 137
友情点: 0 / 791595`
*連続ログイン7日間到達おめでとうございます！
明日は1日目からリスタートされます。*
`獣の足跡 X 1
呼符 X 1
2月交換券(2023) X 1
`_2023-02-26 19:35:50_
--------
