【登录信息】
*b3defd4892470752525def1917e467ce*
`登陆天数: 8天 / 1123天
等级: 125
石头: 995
呼符: 110
体力: 382.00333333333333 / 137
友情点: 0 / 813045`
*連続ログイン1日目
※ログインが途切れるか、7日到達すると
1日目から再開されます*
`フレンドポイント X 2000
2月交換券(2023) X 1
`_2023-02-27 19:34:50_
--------
*5513206501fad4f4b9bb8c80e1620d51*
`登陆天数: 8天 / 1141天
等级: 125
石头: 977
呼符: 95
体力: 381.19 / 137
友情点: 0 / 875915`
*連続ログイン1日目
※ログインが途切れるか、7日到達すると
1日目から再開されます*
`フレンドポイント X 2000
2月交換券(2023) X 1
`_2023-02-27 19:34:58_
--------
*b8ed275142bdf1da8b56aac07218370c*
`登陆天数: 8天 / 1167天
等级: 125
石头: 1009
呼符: 109
体力: 380.0433333333333 / 137
友情点: 0 / 980010`
*連続ログイン1日目
※ログインが途切れるか、7日到達すると
1日目から再開されます*
`フレンドポイント X 2000
2月交換券(2023) X 1
`_2023-02-27 19:35:07_
--------
*d70a593ddeab376c769499a5f750641b*
`登陆天数: 8天 / 1143天
等级: 125
石头: 108
呼符: 115
体力: 4778.203333333333 / 137
友情点: 0 / 873630`
*連続ログイン1日目
※ログインが途切れるか、7日到達すると
1日目から再開されます*
`フレンドポイント X 2000
2月交換券(2023) X 1
`_2023-02-27 19:35:15_
--------
*6cd714eeb3e3e13a19f5d07a4626b930*
`登陆天数: 8天 / 1138天
等级: 125
石头: 1251
呼符: 115
体力: 4761.8966666666665 / 137
友情点: 0 / 963045`
*連続ログイン1日目
※ログインが途切れるか、7日到達すると
1日目から再開されます*
`フレンドポイント X 2000
2月交換券(2023) X 1
`_2023-02-27 19:35:24_
--------
*4892f706d3520440c52889adcd975007*
`登陆天数: 8天 / 1166天
等级: 125
石头: 950
呼符: 115
体力: 4760.473333333333 / 137
友情点: 0 / 980480`
*連続ログイン1日目
※ログインが途切れるか、7日到達すると
1日目から再開されます*
`フレンドポイント X 2000
2月交換券(2023) X 1
`_2023-02-27 19:35:32_
--------
*eeba3d0c68a3b7e9fa236136b30cb897*
`登陆天数: 8天 / 1140天
等级: 125
石头: 1996
呼符: 93
体力: 379.19 / 137
友情点: 0 / 855650`
*連続ログイン1日目
※ログインが途切れるか、7日到達すると
1日目から再開されます*
`フレンドポイント X 2000
2月交換券(2023) X 1
`_2023-02-27 19:35:41_
--------
*79533b6314e6a2650ec019ea96bcaebe*
`登陆天数: 8天 / 1152天
等级: 125
石头: 1989
呼符: 107
体力: 378.05333333333334 / 137
友情点: 0 / 883055`
*連続ログイン1日目
※ログインが途切れるか、7日到達すると
1日目から再開されます*
`フレンドポイント X 2000
2月交換券(2023) X 1
`_2023-02-27 19:35:49_
--------
*c4c21a97c6c4de9fca7a936ac25180fa*
`登陆天数: 8天 / 1132天
等级: 125
石头: 1800
呼符: 87
体力: 4719.39 / 137
友情点: 0 / 886845`
*連続ログイン1日目
※ログインが途切れるか、7日到達すると
1日目から再開されます*
`フレンドポイント X 2000
2月交換券(2023) X 1
`_2023-02-27 19:35:58_
--------
*4aae112bebb9faeb436a728839c766be*
`登陆天数: 8天 / 1095天
等级: 125
石头: 400
呼符: 94
体力: 4716.23 / 137
友情点: 0 / 791595`
*連続ログイン1日目
※ログインが途切れるか、7日到達すると
1日目から再開されます*
`フレンドポイント X 2000
2月交換券(2023) X 1
`_2023-02-27 19:36:06_
--------
