【登录信息】
*b3defd4892470752525def1917e467ce*
`登陆天数: 83天 / 1438天
等级: 125
石头: 437
呼符: 76
体力: 28881.123333333333 / 137
友情点: 0 / 969135`
*連続ログイン6日目
※ログインが途切れるか、7日到達すると
1日目から再開されます*
`聖晶石 X 2
2月交換券(2024) X 1
`*「Fate/stay night」20周年記念
7万リポスト達成プレゼント*
*開催期間中、初回ログインで「聖晶石×20」をプレゼント！*
`聖晶石 X 20
`_2024-01-31 19:31:01_
--------
*5513206501fad4f4b9bb8c80e1620d51*
`登陆天数: 83天 / 1457天
等级: 125
石头: 210
呼符: 97
体力: 28665.68666666667 / 137
友情点: 0 / 1047975`
*連続ログイン6日目
※ログインが途切れるか、7日到達すると
1日目から再開されます*
`聖晶石 X 2
2月交換券(2024) X 1
`*「Fate/stay night」20周年記念
7万リポスト達成プレゼント*
*開催期間中、初回ログインで「聖晶石×20」をプレゼント！*
`聖晶石 X 20
`_2024-01-31 19:31:10_
--------
*b8ed275142bdf1da8b56aac07218370c*
`登陆天数: 83天 / 1482天
等级: 125
石头: 528
呼符: 152
体力: 4152.8533333333335 / 137
友情点: 0 / 1174020`
*連続ログイン6日目
※ログインが途切れるか、7日到達すると
1日目から再開されます*
`聖晶石 X 2
2月交換券(2024) X 1
`*「Fate/stay night」20周年記念
7万リポスト達成プレゼント*
*開催期間中、初回ログインで「聖晶石×20」をプレゼント！*
`聖晶石 X 20
`_2024-01-31 19:31:18_
--------
*d70a593ddeab376c769499a5f750641b*
`登陆天数: 83天 / 1458天
等级: 125
石头: 420
呼符: 158
体力: 4151.553333333333 / 137
友情点: 0 / 1067630`
*連続ログイン6日目
※ログインが途切れるか、7日到達すると
1日目から再開されます*
`聖晶石 X 2
2月交換券(2024) X 1
`*「Fate/stay night」20周年記念
7万リポスト達成プレゼント*
*開催期間中、初回ログインで「聖晶石×20」をプレゼント！*
`聖晶石 X 20
`_2024-01-31 19:31:27_
--------
*6cd714eeb3e3e13a19f5d07a4626b930*
`登陆天数: 83天 / 1453天
等级: 125
石头: 299
呼符: 131
体力: 28039.73 / 137
友情点: 0 / 1129045`
*連続ログイン6日目
※ログインが途切れるか、7日到達すると
1日目から再開されます*
`聖晶石 X 2
2月交換券(2024) X 1
`*「Fate/stay night」20周年記念
7万リポスト達成プレゼント*
*開催期間中、初回ログインで「聖晶石×20」をプレゼント！*
`聖晶石 X 20
`_2024-01-31 19:31:36_
--------
*4892f706d3520440c52889adcd975007*
`登陆天数: 83天 / 1482天
等级: 125
石头: 178
呼符: 111
体力: 28037.48 / 137
友情点: 0 / 1152480`
*連続ログイン6日目
※ログインが途切れるか、7日到達すると
1日目から再開されます*
`聖晶石 X 2
2月交換券(2024) X 1
`*「Fate/stay night」20周年記念
7万リポスト達成プレゼント*
*開催期間中、初回ログインで「聖晶石×20」をプレゼント！*
`聖晶石 X 20
`_2024-01-31 19:31:45_
--------
*eeba3d0c68a3b7e9fa236136b30cb897*
`登陆天数: 83天 / 1456天
等级: 125
石头: 505
呼符: 135
体力: 28058.36 / 137
友情点: 0 / 1043650`
*連続ログイン6日目
※ログインが途切れるか、7日到達すると
1日目から再開されます*
`聖晶石 X 2
2月交換券(2024) X 1
`*「Fate/stay night」20周年記念
7万リポスト達成プレゼント*
*開催期間中、初回ログインで「聖晶石×20」をプレゼント！*
`聖晶石 X 20
`_2024-01-31 19:31:54_
--------
*79533b6314e6a2650ec019ea96bcaebe*
`登陆天数: 83天 / 1468天
等级: 125
石头: 712
呼符: 172
体力: 4133.733333333334 / 137
友情点: 0 / 1095055`
*連続ログイン6日目
※ログインが途切れるか、7日到達すると
1日目から再開されます*
`聖晶石 X 2
2月交換券(2024) X 1
`*「Fate/stay night」20周年記念
7万リポスト達成プレゼント*
*開催期間中、初回ログインで「聖晶石×20」をプレゼント！*
`聖晶石 X 20
`_2024-01-31 19:32:03_
--------
*c4c21a97c6c4de9fca7a936ac25180fa*
`登陆天数: 83天 / 1447天
等级: 125
石头: 606
呼符: 145
体力: 21050.656666666666 / 137
友情点: 0 / 1064845`
*連続ログイン6日目
※ログインが途切れるか、7日到達すると
1日目から再開されます*
`聖晶石 X 2
2月交換券(2024) X 1
`*「Fate/stay night」20周年記念
7万リポスト達成プレゼント*
*開催期間中、初回ログインで「聖晶石×20」をプレゼント！*
`聖晶石 X 20
`_2024-01-31 19:32:12_
--------
*4aae112bebb9faeb436a728839c766be*
`登陆天数: 83天 / 1410天
等级: 125
石头: 190
呼符: 96
体力: 29461.786666666667 / 137
友情点: 0 / 1047595`
*連続ログイン6日目
※ログインが途切れるか、7日到達すると
1日目から再開されます*
`聖晶石 X 2
2月交換券(2024) X 1
`*「Fate/stay night」20周年記念
7万リポスト達成プレゼント*
*開催期間中、初回ログインで「聖晶石×20」をプレゼント！*
`聖晶石 X 20
`_2024-01-31 19:32:20_
--------
