【登录信息】
*b3defd4892470752525def1917e467ce*
`登陆天数: 84天 / 1439天
等级: 125
石头: 726
呼符: 90
体力: 224.18333333333334 / 137
友情点: 0 / 995135`
*連続ログイン7日間到達おめでとうございます！
明日は1日目からリスタートされます。*
`獣の足跡 X 1
呼符 X 1
2月交換券(2024) X 1
`*日替りログインボーナス*
*開催期間中、1日1回 2週間日替りでログインボーナスをプレゼント！*
`聖晶石 X 1
巡霊の葉 X 50
`_2024-02-01 19:31:30_
--------
*5513206501fad4f4b9bb8c80e1620d51*
`登陆天数: 84天 / 1458天
等级: 125
石头: 210
呼符: 97
体力: 28953.78 / 137
友情点: 0 / 1047975`
*連続ログイン7日間到達おめでとうございます！
明日は1日目からリスタートされます。*
`獣の足跡 X 1
呼符 X 1
2月交換券(2024) X 1
`*日替りログインボーナス*
*開催期間中、1日1回 2週間日替りでログインボーナスをプレゼント！*
`聖晶石 X 1
巡霊の葉 X 50
`_2024-02-01 19:31:38_
--------
*b8ed275142bdf1da8b56aac07218370c*
`登陆天数: 84天 / 1483天
等级: 125
石头: 528
呼符: 152
体力: 4440.946666666667 / 137
友情点: 0 / 1174020`
*連続ログイン7日間到達おめでとうございます！
明日は1日目からリスタートされます。*
`獣の足跡 X 1
呼符 X 1
2月交換券(2024) X 1
`*日替りログインボーナス*
*開催期間中、1日1回 2週間日替りでログインボーナスをプレゼント！*
`聖晶石 X 1
巡霊の葉 X 50
`_2024-02-01 19:31:47_
--------
*d70a593ddeab376c769499a5f750641b*
`登陆天数: 84天 / 1459天
等级: 125
石头: 420
呼符: 158
体力: 4439.643333333333 / 137
友情点: 0 / 1067630`
*連続ログイン7日間到達おめでとうございます！
明日は1日目からリスタートされます。*
`獣の足跡 X 1
呼符 X 1
2月交換券(2024) X 1
`*日替りログインボーナス*
*開催期間中、1日1回 2週間日替りでログインボーナスをプレゼント！*
`聖晶石 X 1
巡霊の葉 X 50
`_2024-02-01 19:31:55_
--------
*6cd714eeb3e3e13a19f5d07a4626b930*
`登陆天数: 84天 / 1454天
等级: 125
石头: 299
呼符: 131
体力: 28327.823333333334 / 137
友情点: 0 / 1129045`
*連続ログイン7日間到達おめでとうございます！
明日は1日目からリスタートされます。*
`獣の足跡 X 1
呼符 X 1
2月交換券(2024) X 1
`*日替りログインボーナス*
*開催期間中、1日1回 2週間日替りでログインボーナスをプレゼント！*
`聖晶石 X 1
巡霊の葉 X 50
`_2024-02-01 19:32:03_
--------
*4892f706d3520440c52889adcd975007*
`登陆天数: 84天 / 1483天
等级: 125
石头: 178
呼符: 111
体力: 28325.57 / 137
友情点: 0 / 1152480`
*連続ログイン7日間到達おめでとうございます！
明日は1日目からリスタートされます。*
`獣の足跡 X 1
呼符 X 1
2月交換券(2024) X 1
`*日替りログインボーナス*
*開催期間中、1日1回 2週間日替りでログインボーナスをプレゼント！*
`聖晶石 X 1
巡霊の葉 X 50
`_2024-02-01 19:32:12_
--------
*eeba3d0c68a3b7e9fa236136b30cb897*
`登陆天数: 84天 / 1457天
等级: 125
石头: 505
呼符: 135
体力: 28346.446666666667 / 137
友情点: 0 / 1043650`
*連続ログイン7日間到達おめでとうございます！
明日は1日目からリスタートされます。*
`獣の足跡 X 1
呼符 X 1
2月交換券(2024) X 1
`*日替りログインボーナス*
*開催期間中、1日1回 2週間日替りでログインボーナスをプレゼント！*
`聖晶石 X 1
巡霊の葉 X 50
`_2024-02-01 19:32:20_
--------
*79533b6314e6a2650ec019ea96bcaebe*
`登陆天数: 84天 / 1469天
等级: 125
石头: 712
呼符: 172
体力: 4421.82 / 137
友情点: 0 / 1095055`
*連続ログイン7日間到達おめでとうございます！
明日は1日目からリスタートされます。*
`獣の足跡 X 1
呼符 X 1
2月交換券(2024) X 1
`*日替りログインボーナス*
*開催期間中、1日1回 2週間日替りでログインボーナスをプレゼント！*
`聖晶石 X 1
巡霊の葉 X 50
`_2024-02-01 19:32:29_
--------
*c4c21a97c6c4de9fca7a936ac25180fa*
`登陆天数: 84天 / 1448天
等级: 125
石头: 606
呼符: 145
体力: 21338.74 / 137
友情点: 0 / 1064845`
*連続ログイン7日間到達おめでとうございます！
明日は1日目からリスタートされます。*
`獣の足跡 X 1
呼符 X 1
2月交換券(2024) X 1
`*日替りログインボーナス*
*開催期間中、1日1回 2週間日替りでログインボーナスをプレゼント！*
`聖晶石 X 1
巡霊の葉 X 50
`_2024-02-01 19:32:37_
--------
*4aae112bebb9faeb436a728839c766be*
`登陆天数: 84天 / 1411天
等级: 125
石头: 190
呼符: 96
体力: 29749.87 / 137
友情点: 0 / 1047595`
*連続ログイン7日間到達おめでとうございます！
明日は1日目からリスタートされます。*
`獣の足跡 X 1
呼符 X 1
2月交換券(2024) X 1
`*日替りログインボーナス*
*開催期間中、1日1回 2週間日替りでログインボーナスをプレゼント！*
`聖晶石 X 1
巡霊の葉 X 50
`_2024-02-01 19:32:46_
--------
