【登录信息】
*b3defd4892470752525def1917e467ce*
`登陆天数: 89天 / 1444天
等级: 125
石头: 726
呼符: 90
体力: 1664.1433333333334 / 137
友情点: 0 / 995135`
*連続ログイン5日目
※ログインが途切れるか、7日到達すると
1日目から再開されます*
`叡智の業火 X 2
2月交換券(2024) X 1
`*盈月剣風帖開幕記念 ログインボーナス*
*開催期間中、1日1回 最大21回ログインボーナスをプレゼント！*
`白銀の果実 X 1
`_2024-02-06 19:31:18_
--------
*5513206501fad4f4b9bb8c80e1620d51*
`登陆天数: 89天 / 1463天
等级: 125
石头: 210
呼符: 97
体力: 30393.74 / 137
友情点: 0 / 1047975`
*連続ログイン5日目
※ログインが途切れるか、7日到達すると
1日目から再開されます*
`叡智の業火 X 2
2月交換券(2024) X 1
`*盈月剣風帖開幕記念 ログインボーナス*
*開催期間中、1日1回 最大21回ログインボーナスをプレゼント！*
`白銀の果実 X 1
`_2024-02-06 19:31:26_
--------
*b8ed275142bdf1da8b56aac07218370c*
`登陆天数: 89天 / 1488天
等级: 125
石头: 528
呼符: 152
体力: 5880.906666666667 / 137
友情点: 0 / 1174020`
*連続ログイン5日目
※ログインが途切れるか、7日到達すると
1日目から再開されます*
`叡智の業火 X 2
2月交換券(2024) X 1
`*日替りログインボーナス*
*開催期間中、1日1回 2週間日替りでログインボーナスをプレゼント！*
`巡霊の葉 X 30
`_2024-02-06 19:31:35_
--------
*d70a593ddeab376c769499a5f750641b*
`登陆天数: 89天 / 1464天
等级: 125
石头: 420
呼符: 158
体力: 5879.6033333333335 / 137
友情点: 0 / 1067630`
*連続ログイン5日目
※ログインが途切れるか、7日到達すると
1日目から再開されます*
`叡智の業火 X 2
2月交換券(2024) X 1
`*日替りログインボーナス*
*開催期間中、1日1回 2週間日替りでログインボーナスをプレゼント！*
`巡霊の葉 X 30
`_2024-02-06 19:31:43_
--------
*6cd714eeb3e3e13a19f5d07a4626b930*
`登陆天数: 89天 / 1459天
等级: 125
石头: 299
呼符: 131
体力: 29767.783333333333 / 137
友情点: 0 / 1129045`
*連続ログイン5日目
※ログインが途切れるか、7日到達すると
1日目から再開されます*
`叡智の業火 X 2
2月交換券(2024) X 1
`*盈月剣風帖開幕記念 ログインボーナス*
*開催期間中、1日1回 最大21回ログインボーナスをプレゼント！*
`白銀の果実 X 1
`_2024-02-06 19:31:52_
--------
*4892f706d3520440c52889adcd975007*
`登陆天数: 89天 / 1488天
等级: 125
石头: 178
呼符: 111
体力: 29765.533333333333 / 137
友情点: 0 / 1152480`
*連続ログイン5日目
※ログインが途切れるか、7日到達すると
1日目から再開されます*
`叡智の業火 X 2
2月交換券(2024) X 1
`*盈月剣風帖開幕記念 ログインボーナス*
*開催期間中、1日1回 最大21回ログインボーナスをプレゼント！*
`白銀の果実 X 1
`_2024-02-06 19:32:01_
--------
*eeba3d0c68a3b7e9fa236136b30cb897*
`登陆天数: 89天 / 1462天
等级: 125
石头: 505
呼符: 135
体力: 29786.41 / 137
友情点: 0 / 1043650`
*連続ログイン5日目
※ログインが途切れるか、7日到達すると
1日目から再開されます*
`叡智の業火 X 2
2月交換券(2024) X 1
`*盈月剣風帖開幕記念 ログインボーナス*
*開催期間中、1日1回 最大21回ログインボーナスをプレゼント！*
`白銀の果実 X 1
`_2024-02-06 19:32:09_
--------
*79533b6314e6a2650ec019ea96bcaebe*
`登陆天数: 89天 / 1474天
等级: 125
石头: 712
呼符: 172
体力: 5861.783333333334 / 137
友情点: 0 / 1095055`
*連続ログイン5日目
※ログインが途切れるか、7日到達すると
1日目から再開されます*
`叡智の業火 X 2
2月交換券(2024) X 1
`*日替りログインボーナス*
*開催期間中、1日1回 2週間日替りでログインボーナスをプレゼント！*
`巡霊の葉 X 30
`_2024-02-06 19:32:18_
--------
*c4c21a97c6c4de9fca7a936ac25180fa*
`登陆天数: 89天 / 1453天
等级: 125
石头: 606
呼符: 145
体力: 22778.706666666665 / 137
友情点: 0 / 1064845`
*連続ログイン5日目
※ログインが途切れるか、7日到達すると
1日目から再開されます*
`叡智の業火 X 2
2月交換券(2024) X 1
`*盈月剣風帖開幕記念 ログインボーナス*
*開催期間中、1日1回 最大21回ログインボーナスをプレゼント！*
`白銀の果実 X 1
`_2024-02-06 19:32:26_
--------
*4aae112bebb9faeb436a728839c766be*
`登陆天数: 89天 / 1416天
等级: 125
石头: 190
呼符: 96
体力: 31189.833333333332 / 137
友情点: 0 / 1047595`
*連続ログイン5日目
※ログインが途切れるか、7日到達すると
1日目から再開されます*
`叡智の業火 X 2
2月交換券(2024) X 1
`*盈月剣風帖開幕記念 ログインボーナス*
*開催期間中、1日1回 最大21回ログインボーナスをプレゼント！*
`白銀の果実 X 1
`_2024-02-06 19:32:35_
--------
