【登录信息】
*b3defd4892470752525def1917e467ce*
`登陆天数: 90天 / 1445天
等级: 125
石头: 726
呼符: 90
体力: 1952.1466666666668 / 137
友情点: 0 / 995135`
*連続ログイン6日目
※ログインが途切れるか、7日到達すると
1日目から再開されます*
`聖晶石 X 2
2月交換券(2024) X 1
`*日替りログインボーナス*
*開催期間中、1日1回 2週間日替りでログインボーナスをプレゼント！*
`聖晶石 X 3
巡霊の葉 X 50
`_2024-02-07 19:31:19_
--------
*5513206501fad4f4b9bb8c80e1620d51*
`登陆天数: 90天 / 1464天
等级: 125
石头: 210
呼符: 97
体力: 30681.743333333332 / 137
友情点: 0 / 1047975`
*連続ログイン6日目
※ログインが途切れるか、7日到達すると
1日目から再開されます*
`聖晶石 X 2
2月交換券(2024) X 1
`*日替りログインボーナス*
*開催期間中、1日1回 2週間日替りでログインボーナスをプレゼント！*
`聖晶石 X 3
巡霊の葉 X 50
`_2024-02-07 19:31:27_
--------
*b8ed275142bdf1da8b56aac07218370c*
`登陆天数: 90天 / 1489天
等级: 125
石头: 528
呼符: 152
体力: 6168.906666666667 / 137
友情点: 0 / 1174020`
*連続ログイン6日目
※ログインが途切れるか、7日到達すると
1日目から再開されます*
`聖晶石 X 2
2月交換券(2024) X 1
`*日替りログインボーナス*
*開催期間中、1日1回 2週間日替りでログインボーナスをプレゼント！*
`聖晶石 X 3
巡霊の葉 X 50
`_2024-02-07 19:31:35_
--------
*d70a593ddeab376c769499a5f750641b*
`登陆天数: 90天 / 1465天
等级: 125
石头: 420
呼符: 158
体力: 6167.6033333333335 / 137
友情点: 0 / 1067630`
*連続ログイン6日目
※ログインが途切れるか、7日到達すると
1日目から再開されます*
`聖晶石 X 2
2月交換券(2024) X 1
`*日替りログインボーナス*
*開催期間中、1日1回 2週間日替りでログインボーナスをプレゼント！*
`聖晶石 X 3
巡霊の葉 X 50
`_2024-02-07 19:31:43_
--------
*6cd714eeb3e3e13a19f5d07a4626b930*
`登陆天数: 90天 / 1460天
等级: 125
石头: 299
呼符: 131
体力: 30055.78 / 137
友情点: 0 / 1129045`
*連続ログイン6日目
※ログインが途切れるか、7日到達すると
1日目から再開されます*
`聖晶石 X 2
2月交換券(2024) X 1
`*日替りログインボーナス*
*開催期間中、1日1回 2週間日替りでログインボーナスをプレゼント！*
`聖晶石 X 3
巡霊の葉 X 50
`_2024-02-07 19:31:51_
--------
*4892f706d3520440c52889adcd975007*
`登陆天数: 90天 / 1489天
等级: 125
石头: 178
呼符: 111
体力: 30053.52666666667 / 137
友情点: 0 / 1152480`
*連続ログイン6日目
※ログインが途切れるか、7日到達すると
1日目から再開されます*
`聖晶石 X 2
2月交換券(2024) X 1
`*日替りログインボーナス*
*開催期間中、1日1回 2週間日替りでログインボーナスをプレゼント！*
`聖晶石 X 3
巡霊の葉 X 50
`_2024-02-07 19:31:59_
--------
*eeba3d0c68a3b7e9fa236136b30cb897*
`登陆天数: 90天 / 1463天
等级: 125
石头: 505
呼符: 135
体力: 30074.403333333332 / 137
友情点: 0 / 1043650`
*連続ログイン6日目
※ログインが途切れるか、7日到達すると
1日目から再開されます*
`聖晶石 X 2
2月交換券(2024) X 1
`*日替りログインボーナス*
*開催期間中、1日1回 2週間日替りでログインボーナスをプレゼント！*
`聖晶石 X 3
巡霊の葉 X 50
`_2024-02-07 19:32:07_
--------
*79533b6314e6a2650ec019ea96bcaebe*
`登陆天数: 90天 / 1475天
等级: 125
石头: 712
呼符: 172
体力: 6149.7733333333335 / 137
友情点: 0 / 1095055`
*連続ログイン6日目
※ログインが途切れるか、7日到達すると
1日目から再開されます*
`聖晶石 X 2
2月交換券(2024) X 1
`*日替りログインボーナス*
*開催期間中、1日1回 2週間日替りでログインボーナスをプレゼント！*
`聖晶石 X 3
巡霊の葉 X 50
`_2024-02-07 19:32:15_
--------
*c4c21a97c6c4de9fca7a936ac25180fa*
`登陆天数: 90天 / 1454天
等级: 125
石头: 606
呼符: 145
体力: 23066.693333333333 / 137
友情点: 0 / 1064845`
*連続ログイン6日目
※ログインが途切れるか、7日到達すると
1日目から再開されます*
`聖晶石 X 2
2月交換券(2024) X 1
`*日替りログインボーナス*
*開催期間中、1日1回 2週間日替りでログインボーナスをプレゼント！*
`聖晶石 X 3
巡霊の葉 X 50
`_2024-02-07 19:32:23_
--------
*4aae112bebb9faeb436a728839c766be*
`登陆天数: 90天 / 1417天
等级: 125
石头: 190
呼符: 96
体力: 31477.82 / 137
友情点: 0 / 1047595`
*連続ログイン6日目
※ログインが途切れるか、7日到達すると
1日目から再開されます*
`聖晶石 X 2
2月交換券(2024) X 1
`*日替りログインボーナス*
*開催期間中、1日1回 2週間日替りでログインボーナスをプレゼント！*
`聖晶石 X 3
巡霊の葉 X 50
`_2024-02-07 19:32:31_
--------
