【登录信息】
*b3defd4892470752525def1917e467ce*
`登陆天数: 91天 / 1446天
等级: 125
石头: 726
呼符: 90
体力: 2240.14 / 137
友情点: 0 / 995135`
*連続ログイン7日間到達おめでとうございます！
明日は1日目からリスタートされます。*
`獣の足跡 X 1
呼符 X 1
2月交換券(2024) X 1
`*日替りログインボーナス*
*開催期間中、1日1回 2週間日替りでログインボーナスをプレゼント！*
`聖晶石 X 1
巡霊の葉 X 50
`_2024-02-08 19:31:17_
--------
*5513206501fad4f4b9bb8c80e1620d51*
`登陆天数: 91天 / 1465天
等级: 125
石头: 210
呼符: 97
体力: 30969.736666666668 / 137
友情点: 0 / 1047975`
*連続ログイン7日間到達おめでとうございます！
明日は1日目からリスタートされます。*
`獣の足跡 X 1
呼符 X 1
2月交換券(2024) X 1
`*日替りログインボーナス*
*開催期間中、1日1回 2週間日替りでログインボーナスをプレゼント！*
`聖晶石 X 1
巡霊の葉 X 50
`_2024-02-08 19:31:26_
--------
*b8ed275142bdf1da8b56aac07218370c*
`登陆天数: 91天 / 1490天
等级: 125
石头: 528
呼符: 152
体力: 6456.903333333334 / 137
友情点: 0 / 1174020`
*連続ログイン7日間到達おめでとうございます！
明日は1日目からリスタートされます。*
`獣の足跡 X 1
呼符 X 1
2月交換券(2024) X 1
`*日替りログインボーナス*
*開催期間中、1日1回 2週間日替りでログインボーナスをプレゼント！*
`聖晶石 X 1
巡霊の葉 X 50
`_2024-02-08 19:31:33_
--------
*d70a593ddeab376c769499a5f750641b*
`登陆天数: 91天 / 1466天
等级: 125
石头: 420
呼符: 158
体力: 6455.6 / 137
友情点: 0 / 1067630`
*連続ログイン7日間到達おめでとうございます！
明日は1日目からリスタートされます。*
`獣の足跡 X 1
呼符 X 1
2月交換券(2024) X 1
`*日替りログインボーナス*
*開催期間中、1日1回 2週間日替りでログインボーナスをプレゼント！*
`聖晶石 X 1
巡霊の葉 X 50
`_2024-02-08 19:31:42_
--------
*6cd714eeb3e3e13a19f5d07a4626b930*
`登陆天数: 91天 / 1461天
等级: 125
石头: 299
呼符: 131
体力: 30343.77666666667 / 137
友情点: 0 / 1129045`
*連続ログイン7日間到達おめでとうございます！
明日は1日目からリスタートされます。*
`獣の足跡 X 1
呼符 X 1
2月交換券(2024) X 1
`*日替りログインボーナス*
*開催期間中、1日1回 2週間日替りでログインボーナスをプレゼント！*
`聖晶石 X 1
巡霊の葉 X 50
`_2024-02-08 19:31:50_
--------
*4892f706d3520440c52889adcd975007*
`登陆天数: 91天 / 1490天
等级: 125
石头: 178
呼符: 111
体力: 30341.523333333334 / 137
友情点: 0 / 1152480`
*連続ログイン7日間到達おめでとうございます！
明日は1日目からリスタートされます。*
`獣の足跡 X 1
呼符 X 1
2月交換券(2024) X 1
`*日替りログインボーナス*
*開催期間中、1日1回 2週間日替りでログインボーナスをプレゼント！*
`聖晶石 X 1
巡霊の葉 X 50
`_2024-02-08 19:31:58_
--------
*eeba3d0c68a3b7e9fa236136b30cb897*
`登陆天数: 91天 / 1464天
等级: 125
石头: 505
呼符: 135
体力: 30362.4 / 137
友情点: 0 / 1043650`
*連続ログイン7日間到達おめでとうございます！
明日は1日目からリスタートされます。*
`獣の足跡 X 1
呼符 X 1
2月交換券(2024) X 1
`*日替りログインボーナス*
*開催期間中、1日1回 2週間日替りでログインボーナスをプレゼント！*
`聖晶石 X 1
巡霊の葉 X 50
`_2024-02-08 19:32:06_
--------
*79533b6314e6a2650ec019ea96bcaebe*
`登陆天数: 91天 / 1476天
等级: 125
石头: 712
呼符: 172
体力: 6437.7733333333335 / 137
友情点: 0 / 1095055`
*連続ログイン7日間到達おめでとうございます！
明日は1日目からリスタートされます。*
`獣の足跡 X 1
呼符 X 1
2月交換券(2024) X 1
`*日替りログインボーナス*
*開催期間中、1日1回 2週間日替りでログインボーナスをプレゼント！*
`聖晶石 X 1
巡霊の葉 X 50
`_2024-02-08 19:32:15_
--------
*c4c21a97c6c4de9fca7a936ac25180fa*
`登陆天数: 91天 / 1455天
等级: 125
石头: 606
呼符: 145
体力: 23354.693333333333 / 137
友情点: 0 / 1064845`
*連続ログイン7日間到達おめでとうございます！
明日は1日目からリスタートされます。*
`獣の足跡 X 1
呼符 X 1
2月交換券(2024) X 1
`*日替りログインボーナス*
*開催期間中、1日1回 2週間日替りでログインボーナスをプレゼント！*
`聖晶石 X 1
巡霊の葉 X 50
`_2024-02-08 19:32:23_
--------
*4aae112bebb9faeb436a728839c766be*
`登陆天数: 91天 / 1418天
等级: 125
石头: 190
呼符: 96
体力: 31765.82 / 137
友情点: 0 / 1047595`
*連続ログイン7日間到達おめでとうございます！
明日は1日目からリスタートされます。*
`獣の足跡 X 1
呼符 X 1
2月交換券(2024) X 1
`*日替りログインボーナス*
*開催期間中、1日1回 2週間日替りでログインボーナスをプレゼント！*
`聖晶石 X 1
巡霊の葉 X 50
`_2024-02-08 19:32:31_
--------
