【登录信息】
*b3defd4892470752525def1917e467ce*
`登陆天数: 92天 / 1447天
等级: 125
石头: 726
呼符: 90
体力: 2528.1233333333334 / 137
友情点: 0 / 995135`
*連続ログイン1日目
※ログインが途切れるか、7日到達すると
1日目から再開されます*
`フレンドポイント X 2000
2月交換券(2024) X 1
`*日替りログインボーナス*
*開催期間中、1日1回 2週間日替りでログインボーナスをプレゼント！*
`巡霊の葉 X 30
`_2024-02-09 19:31:12_
--------
*5513206501fad4f4b9bb8c80e1620d51*
`登陆天数: 92天 / 1466天
等级: 125
石头: 210
呼符: 97
体力: 31257.72 / 137
友情点: 0 / 1047975`
*連続ログイン1日目
※ログインが途切れるか、7日到達すると
1日目から再開されます*
`フレンドポイント X 2000
2月交換券(2024) X 1
`*日替りログインボーナス*
*開催期間中、1日1回 2週間日替りでログインボーナスをプレゼント！*
`巡霊の葉 X 30
`_2024-02-09 19:31:20_
--------
*b8ed275142bdf1da8b56aac07218370c*
`登陆天数: 92天 / 1491天
等级: 125
石头: 528
呼符: 152
体力: 6744.883333333333 / 137
友情点: 0 / 1174020`
*連続ログイン1日目
※ログインが途切れるか、7日到達すると
1日目から再開されます*
`フレンドポイント X 2000
2月交換券(2024) X 1
`*日替りログインボーナス*
*開催期間中、1日1回 2週間日替りでログインボーナスをプレゼント！*
`巡霊の葉 X 30
`_2024-02-09 19:31:28_
--------
*d70a593ddeab376c769499a5f750641b*
`登陆天数: 92天 / 1467天
等级: 125
石头: 420
呼符: 158
体力: 6743.583333333333 / 137
友情点: 0 / 1067630`
*連続ログイン1日目
※ログインが途切れるか、7日到達すると
1日目から再開されます*
`フレンドポイント X 2000
2月交換券(2024) X 1
`*日替りログインボーナス*
*開催期間中、1日1回 2週間日替りでログインボーナスをプレゼント！*
`巡霊の葉 X 30
`_2024-02-09 19:31:37_
--------
*6cd714eeb3e3e13a19f5d07a4626b930*
`登陆天数: 92天 / 1462天
等级: 125
石头: 299
呼符: 131
体力: 30631.76 / 137
友情点: 0 / 1129045`
*連続ログイン1日目
※ログインが途切れるか、7日到達すると
1日目から再開されます*
`フレンドポイント X 2000
2月交換券(2024) X 1
`*日替りログインボーナス*
*開催期間中、1日1回 2週間日替りでログインボーナスをプレゼント！*
`巡霊の葉 X 30
`_2024-02-09 19:31:45_
--------
*4892f706d3520440c52889adcd975007*
`登陆天数: 92天 / 1491天
等级: 125
石头: 178
呼符: 111
体力: 30629.506666666668 / 137
友情点: 0 / 1152480`
*連続ログイン1日目
※ログインが途切れるか、7日到達すると
1日目から再開されます*
`フレンドポイント X 2000
2月交換券(2024) X 1
`*日替りログインボーナス*
*開催期間中、1日1回 2週間日替りでログインボーナスをプレゼント！*
`巡霊の葉 X 30
`_2024-02-09 19:31:53_
--------
*eeba3d0c68a3b7e9fa236136b30cb897*
`登陆天数: 92天 / 1465天
等级: 125
石头: 505
呼符: 135
体力: 30650.386666666665 / 137
友情点: 0 / 1043650`
*連続ログイン1日目
※ログインが途切れるか、7日到達すると
1日目から再開されます*
`フレンドポイント X 2000
2月交換券(2024) X 1
`*日替りログインボーナス*
*開催期間中、1日1回 2週間日替りでログインボーナスをプレゼント！*
`巡霊の葉 X 30
`_2024-02-09 19:32:02_
--------
*79533b6314e6a2650ec019ea96bcaebe*
`登陆天数: 92天 / 1477天
等级: 125
石头: 712
呼符: 172
体力: 6725.76 / 137
友情点: 0 / 1095055`
*連続ログイン1日目
※ログインが途切れるか、7日到達すると
1日目から再開されます*
`フレンドポイント X 2000
2月交換券(2024) X 1
`*日替りログインボーナス*
*開催期間中、1日1回 2週間日替りでログインボーナスをプレゼント！*
`巡霊の葉 X 30
`_2024-02-09 19:32:10_
--------
*c4c21a97c6c4de9fca7a936ac25180fa*
`登陆天数: 92天 / 1456天
等级: 125
石头: 606
呼符: 145
体力: 23642.68 / 137
友情点: 0 / 1064845`
*連続ログイン1日目
※ログインが途切れるか、7日到達すると
1日目から再開されます*
`フレンドポイント X 2000
2月交換券(2024) X 1
`*日替りログインボーナス*
*開催期間中、1日1回 2週間日替りでログインボーナスをプレゼント！*
`巡霊の葉 X 30
`_2024-02-09 19:32:19_
--------
*4aae112bebb9faeb436a728839c766be*
`登陆天数: 92天 / 1419天
等级: 125
石头: 190
呼符: 96
体力: 32053.806666666667 / 137
友情点: 0 / 1047595`
*連続ログイン1日目
※ログインが途切れるか、7日到達すると
1日目から再開されます*
`フレンドポイント X 2000
2月交換券(2024) X 1
`*日替りログインボーナス*
*開催期間中、1日1回 2週間日替りでログインボーナスをプレゼント！*
`巡霊の葉 X 30
`_2024-02-09 19:32:27_
--------
