【登录信息】
*b3defd4892470752525def1917e467ce*
`登陆天数: 94天 / 1449天
等级: 125
石头: 726
呼符: 90
体力: 3104.17 / 137
友情点: 0 / 995135`
*連続ログイン3日目
※ログインが途切れるか、7日到達すると
1日目から再開されます*
`叡智の業火 X 1
2月交換券(2024) X 1
`*「FGO カルデア・サテライトステーション 2023-2024」新潟会場開催記念 3万リポスト達成プレゼント*
*開催期間中、初回ログインで「聖晶石×6」をプレゼント！*
`聖晶石 X 6
`_2024-02-11 19:31:26_
--------
*5513206501fad4f4b9bb8c80e1620d51*
`登陆天数: 94天 / 1468天
等级: 125
石头: 210
呼符: 97
体力: 31833.77 / 137
友情点: 0 / 1047975`
*連続ログイン3日目
※ログインが途切れるか、7日到達すると
1日目から再開されます*
`叡智の業火 X 1
2月交換券(2024) X 1
`*「FGO カルデア・サテライトステーション 2023-2024」新潟会場開催記念 3万リポスト達成プレゼント*
*開催期間中、初回ログインで「聖晶石×6」をプレゼント！*
`聖晶石 X 6
`_2024-02-11 19:31:35_
--------
*b8ed275142bdf1da8b56aac07218370c*
`登陆天数: 94天 / 1493天
等级: 125
石头: 566
呼符: 156
体力: 164.16333333333333 / 137
友情点: 0 / 1182020`
*連続ログイン3日目
※ログインが途切れるか、7日到達すると
1日目から再開されます*
`叡智の業火 X 1
2月交換券(2024) X 1
`*「FGO カルデア・サテライトステーション 2023-2024」新潟会場開催記念 3万リポスト達成プレゼント*
*開催期間中、初回ログインで「聖晶石×6」をプレゼント！*
`聖晶石 X 6
`_2024-02-11 19:31:43_
--------
*d70a593ddeab376c769499a5f750641b*
`登陆天数: 94天 / 1469天
等级: 125
石头: 420
呼符: 158
体力: 7319.636666666666 / 137
友情点: 0 / 1067630`
*連続ログイン3日目
※ログインが途切れるか、7日到達すると
1日目から再開されます*
`叡智の業火 X 1
2月交換券(2024) X 1
`*「FGO カルデア・サテライトステーション 2023-2024」新潟会場開催記念 3万リポスト達成プレゼント*
*開催期間中、初回ログインで「聖晶石×6」をプレゼント！*
`聖晶石 X 6
`_2024-02-11 19:31:52_
--------
*6cd714eeb3e3e13a19f5d07a4626b930*
`登陆天数: 94天 / 1464天
等级: 125
石头: 299
呼符: 131
体力: 31207.81333333333 / 137
友情点: 0 / 1129045`
*連続ログイン3日目
※ログインが途切れるか、7日到達すると
1日目から再開されます*
`叡智の業火 X 1
2月交換券(2024) X 1
`*「FGO カルデア・サテライトステーション 2023-2024」新潟会場開催記念 3万リポスト達成プレゼント*
*開催期間中、初回ログインで「聖晶石×6」をプレゼント！*
`聖晶石 X 6
`_2024-02-11 19:32:01_
--------
*4892f706d3520440c52889adcd975007*
`登陆天数: 94天 / 1493天
等级: 125
石头: 178
呼符: 111
体力: 31205.56333333333 / 137
友情点: 0 / 1152480`
*連続ログイン3日目
※ログインが途切れるか、7日到達すると
1日目から再開されます*
`叡智の業火 X 1
2月交換券(2024) X 1
`*「FGO カルデア・サテライトステーション 2023-2024」新潟会場開催記念 3万リポスト達成プレゼント*
*開催期間中、初回ログインで「聖晶石×6」をプレゼント！*
`聖晶石 X 6
`_2024-02-11 19:32:09_
--------
*eeba3d0c68a3b7e9fa236136b30cb897*
`登陆天数: 94天 / 1467天
等级: 125
石头: 505
呼符: 135
体力: 31226.443333333333 / 137
友情点: 0 / 1043650`
*連続ログイン3日目
※ログインが途切れるか、7日到達すると
1日目から再開されます*
`叡智の業火 X 1
2月交換券(2024) X 1
`*「FGO カルデア・サテライトステーション 2023-2024」新潟会場開催記念 3万リポスト達成プレゼント*
*開催期間中、初回ログインで「聖晶石×6」をプレゼント！*
`聖晶石 X 6
`_2024-02-11 19:32:18_
--------
*79533b6314e6a2650ec019ea96bcaebe*
`登陆天数: 94天 / 1479天
等级: 125
石头: 712
呼符: 172
体力: 7301.816666666667 / 137
友情点: 0 / 1095055`
*連続ログイン3日目
※ログインが途切れるか、7日到達すると
1日目から再開されます*
`叡智の業火 X 1
2月交換券(2024) X 1
`*「FGO カルデア・サテライトステーション 2023-2024」新潟会場開催記念 3万リポスト達成プレゼント*
*開催期間中、初回ログインで「聖晶石×6」をプレゼント！*
`聖晶石 X 6
`_2024-02-11 19:32:27_
--------
*c4c21a97c6c4de9fca7a936ac25180fa*
`登陆天数: 94天 / 1458天
等级: 125
石头: 606
呼符: 145
体力: 24218.74 / 137
友情点: 0 / 1064845`
*連続ログイン3日目
※ログインが途切れるか、7日到達すると
1日目から再開されます*
`叡智の業火 X 1
2月交換券(2024) X 1
`*「FGO カルデア・サテライトステーション 2023-2024」新潟会場開催記念 3万リポスト達成プレゼント*
*開催期間中、初回ログインで「聖晶石×6」をプレゼント！*
`聖晶石 X 6
`_2024-02-11 19:32:36_
--------
*4aae112bebb9faeb436a728839c766be*
`登陆天数: 94天 / 1421天
等级: 125
石头: 190
呼符: 96
体力: 32629.866666666665 / 137
友情点: 0 / 1047595`
*連続ログイン3日目
※ログインが途切れるか、7日到達すると
1日目から再開されます*
`叡智の業火 X 1
2月交換券(2024) X 1
`*「FGO カルデア・サテライトステーション 2023-2024」新潟会場開催記念 3万リポスト達成プレゼント*
*開催期間中、初回ログインで「聖晶石×6」をプレゼント！*
`聖晶石 X 6
`_2024-02-11 19:32:45_
--------
