【登录信息】
*b3defd4892470752525def1917e467ce*
`登陆天数: 96天 / 1451天
等级: 125
石头: 726
呼符: 90
体力: 3680.1233333333334 / 137
友情点: 0 / 995135`
*連続ログイン5日目
※ログインが途切れるか、7日到達すると
1日目から再開されます*
`叡智の業火 X 2
2月交換券(2024) X 1
`*バレンタイン2024
開幕直前特別ログインボーナス*
*開催期間中、1日1回 最大7回ログインボーナスをプレゼント！*
`マナプリズム X 50
`_2024-02-13 19:31:12_
--------
*5513206501fad4f4b9bb8c80e1620d51*
`登陆天数: 96天 / 1470天
等级: 125
石头: 210
呼符: 97
体力: 32409.72333333333 / 137
友情点: 0 / 1047975`
*連続ログイン5日目
※ログインが途切れるか、7日到達すると
1日目から再開されます*
`叡智の業火 X 2
2月交換券(2024) X 1
`*バレンタイン2024
開幕直前特別ログインボーナス*
*開催期間中、1日1回 最大7回ログインボーナスをプレゼント！*
`マナプリズム X 50
`_2024-02-13 19:31:20_
--------
*b8ed275142bdf1da8b56aac07218370c*
`登陆天数: 96天 / 1495天
等级: 125
石头: 566
呼符: 156
体力: 740.12 / 137
友情点: 0 / 1182020`
*連続ログイン5日目
※ログインが途切れるか、7日到達すると
1日目から再開されます*
`叡智の業火 X 2
2月交換券(2024) X 1
`*バレンタイン2024
開幕直前特別ログインボーナス*
*開催期間中、1日1回 最大7回ログインボーナスをプレゼント！*
`マナプリズム X 50
`_2024-02-13 19:31:29_
--------
*d70a593ddeab376c769499a5f750641b*
`登陆天数: 96天 / 1471天
等级: 125
石头: 420
呼符: 158
体力: 7895.586666666667 / 137
友情点: 0 / 1067630`
*連続ログイン5日目
※ログインが途切れるか、7日到達すると
1日目から再開されます*
`叡智の業火 X 2
2月交換券(2024) X 1
`*バレンタイン2024
開幕直前特別ログインボーナス*
*開催期間中、1日1回 最大7回ログインボーナスをプレゼント！*
`マナプリズム X 50
`_2024-02-13 19:31:38_
--------
*6cd714eeb3e3e13a19f5d07a4626b930*
`登陆天数: 96天 / 1466天
等级: 125
石头: 299
呼符: 131
体力: 31783.766666666666 / 137
友情点: 0 / 1129045`
*連続ログイン5日目
※ログインが途切れるか、7日到達すると
1日目から再開されます*
`叡智の業火 X 2
2月交換券(2024) X 1
`*バレンタイン2024
開幕直前特別ログインボーナス*
*開催期間中、1日1回 最大7回ログインボーナスをプレゼント！*
`マナプリズム X 50
`_2024-02-13 19:31:47_
--------
*4892f706d3520440c52889adcd975007*
`登陆天数: 96天 / 1495天
等级: 125
石头: 178
呼符: 111
体力: 31781.516666666666 / 137
友情点: 0 / 1152480`
*連続ログイン5日目
※ログインが途切れるか、7日到達すると
1日目から再開されます*
`叡智の業火 X 2
2月交換券(2024) X 1
`*バレンタイン2024
開幕直前特別ログインボーナス*
*開催期間中、1日1回 最大7回ログインボーナスをプレゼント！*
`マナプリズム X 50
`_2024-02-13 19:31:56_
--------
*eeba3d0c68a3b7e9fa236136b30cb897*
`登陆天数: 96天 / 1469天
等级: 125
石头: 505
呼符: 135
体力: 31802.396666666667 / 137
友情点: 0 / 1043650`
*連続ログイン5日目
※ログインが途切れるか、7日到達すると
1日目から再開されます*
`叡智の業火 X 2
2月交換券(2024) X 1
`*バレンタイン2024
開幕直前特別ログインボーナス*
*開催期間中、1日1回 最大7回ログインボーナスをプレゼント！*
`マナプリズム X 50
`_2024-02-13 19:32:05_
--------
*79533b6314e6a2650ec019ea96bcaebe*
`登陆天数: 96天 / 1481天
等级: 125
石头: 712
呼符: 172
体力: 7877.7733333333335 / 137
友情点: 0 / 1095055`
*連続ログイン5日目
※ログインが途切れるか、7日到達すると
1日目から再開されます*
`叡智の業火 X 2
2月交換券(2024) X 1
`*バレンタイン2024
開幕直前特別ログインボーナス*
*開催期間中、1日1回 最大7回ログインボーナスをプレゼント！*
`マナプリズム X 50
`_2024-02-13 19:32:14_
--------
*c4c21a97c6c4de9fca7a936ac25180fa*
`登陆天数: 96天 / 1460天
等级: 125
石头: 606
呼符: 145
体力: 24794.696666666667 / 137
友情点: 0 / 1064845`
*連続ログイン5日目
※ログインが途切れるか、7日到達すると
1日目から再開されます*
`叡智の業火 X 2
2月交換券(2024) X 1
`*バレンタイン2024
開幕直前特別ログインボーナス*
*開催期間中、1日1回 最大7回ログインボーナスをプレゼント！*
`マナプリズム X 50
`_2024-02-13 19:32:23_
--------
*4aae112bebb9faeb436a728839c766be*
`登陆天数: 96天 / 1423天
等级: 125
石头: 190
呼符: 96
体力: 33205.823333333334 / 137
友情点: 0 / 1047595`
*連続ログイン5日目
※ログインが途切れるか、7日到達すると
1日目から再開されます*
`叡智の業火 X 2
2月交換券(2024) X 1
`*バレンタイン2024
開幕直前特別ログインボーナス*
*開催期間中、1日1回 最大7回ログインボーナスをプレゼント！*
`マナプリズム X 50
`_2024-02-13 19:32:32_
--------
