【登录信息】
*b3defd4892470752525def1917e467ce*
`登陆天数: 133天 / 1248天
等级: 125
石头: 23
呼符: 51
体力: 16851.856666666667 / 137
友情点: 0 / 837045`
*連続ログイン7日間到達おめでとうございます！
明日は1日目からリスタートされます。*
`獣の足跡 X 1
呼符 X 1
7月交換券(2023) X 1
`*TVスペシャルアニメ「Fate/strange Fake -Whispers of Dawn-」放送記念
特別ログインボーナス*
*開催期間中、1日1回 最大3回 ログインボーナスをプレゼント！*
`strange Fake X 1
`_2023-07-02 19:32:47_
--------
*5513206501fad4f4b9bb8c80e1620d51*
`登陆天数: 133天 / 1266天
等级: 125
石头: 213
呼符: 82
体力: 16848.316666666666 / 137
友情点: 0 / 899975`
*連続ログイン7日間到達おめでとうございます！
明日は1日目からリスタートされます。*
`獣の足跡 X 1
呼符 X 1
7月交換券(2023) X 1
`*TVスペシャルアニメ「Fate/strange Fake -Whispers of Dawn-」放送記念
特別ログインボーナス*
*開催期間中、1日1回 最大3回 ログインボーナスをプレゼント！*
`strange Fake X 1
`_2023-07-02 19:32:55_
--------
*b8ed275142bdf1da8b56aac07218370c*
`登陆天数: 133天 / 1292天
等级: 125
石头: 21
呼符: 87
体力: 16846.496666666666 / 137
友情点: 0 / 1002020`
*連続ログイン7日間到達おめでとうございます！
明日は1日目からリスタートされます。*
`獣の足跡 X 1
呼符 X 1
7月交換券(2023) X 1
`*TVスペシャルアニメ「Fate/strange Fake -Whispers of Dawn-」放送記念
特別ログインボーナス*
*開催期間中、1日1回 最大3回 ログインボーナスをプレゼント！*
`strange Fake X 1
`_2023-07-02 19:33:04_
--------
*d70a593ddeab376c769499a5f750641b*
`登陆天数: 133天 / 1268天
等级: 125
石头: 6
呼符: 109
体力: 16844.76 / 137
友情点: 0 / 897630`
*連続ログイン7日間到達おめでとうございます！
明日は1日目からリスタートされます。*
`獣の足跡 X 1
呼符 X 1
7月交換券(2023) X 1
`*TVスペシャルアニメ「Fate/strange Fake -Whispers of Dawn-」放送記念
特別ログインボーナス*
*開催期間中、1日1回 最大3回 ログインボーナスをプレゼント！*
`strange Fake X 1
`_2023-07-02 19:33:13_
--------
*6cd714eeb3e3e13a19f5d07a4626b930*
`登陆天数: 133天 / 1263天
等级: 125
石头: 37
呼符: 99
体力: 16841.693333333333 / 137
友情点: 0 / 987045`
*連続ログイン7日間到達おめでとうございます！
明日は1日目からリスタートされます。*
`獣の足跡 X 1
呼符 X 1
7月交換券(2023) X 1
`*TVスペシャルアニメ「Fate/strange Fake -Whispers of Dawn-」放送記念
特別ログインボーナス*
*開催期間中、1日1回 最大3回 ログインボーナスをプレゼント！*
`strange Fake X 1
`_2023-07-02 19:33:21_
--------
*4892f706d3520440c52889adcd975007*
`登陆天数: 133天 / 1291天
等级: 125
石头: 723
呼符: 123
体力: 19341.106666666667 / 137
友情点: 0 / 1002480`
*連続ログイン7日間到達おめでとうございます！
明日は1日目からリスタートされます。*
`獣の足跡 X 1
呼符 X 1
7月交換券(2023) X 1
`*TVスペシャルアニメ「Fate/strange Fake -Whispers of Dawn-」放送記念
特別ログインボーナス*
*開催期間中、1日1回 最大3回 ログインボーナスをプレゼント！*
`strange Fake X 1
`_2023-07-02 19:33:30_
--------
*eeba3d0c68a3b7e9fa236136b30cb897*
`登陆天数: 133天 / 1265天
等级: 125
石头: 1023
呼符: 103
体力: 16839.95 / 137
友情点: 0 / 895650`
*連続ログイン7日間到達おめでとうございます！
明日は1日目からリスタートされます。*
`獣の足跡 X 1
呼符 X 1
7月交換券(2023) X 1
`*TVスペシャルアニメ「Fate/strange Fake -Whispers of Dawn-」放送記念
特別ログインボーナス*
*開催期間中、1日1回 最大3回 ログインボーナスをプレゼント！*
`strange Fake X 1
`_2023-07-02 19:33:39_
--------
*79533b6314e6a2650ec019ea96bcaebe*
`登陆天数: 133天 / 1277天
等级: 125
石头: 658
呼符: 123
体力: 16837.823333333334 / 137
友情点: 0 / 923055`
*連続ログイン7日間到達おめでとうございます！
明日は1日目からリスタートされます。*
`獣の足跡 X 1
呼符 X 1
7月交換券(2023) X 1
`*TVスペシャルアニメ「Fate/strange Fake -Whispers of Dawn-」放送記念
特別ログインボーナス*
*開催期間中、1日1回 最大3回 ログインボーナスをプレゼント！*
`strange Fake X 1
`_2023-07-02 19:33:48_
--------
*c4c21a97c6c4de9fca7a936ac25180fa*
`登陆天数: 133天 / 1257天
等级: 125
石头: 1248
呼符: 100
体力: 16834.28 / 137
友情点: 0 / 910845`
*連続ログイン7日間到達おめでとうございます！
明日は1日目からリスタートされます。*
`獣の足跡 X 1
呼符 X 1
7月交換券(2023) X 1
`*TVスペシャルアニメ「Fate/strange Fake -Whispers of Dawn-」放送記念
特別ログインボーナス*
*開催期間中、1日1回 最大3回 ログインボーナスをプレゼント！*
`strange Fake X 1
`_2023-07-02 19:33:56_
--------
*4aae112bebb9faeb436a728839c766be*
`登陆天数: 133天 / 1220天
等级: 125
石头: 187
呼符: 60
体力: 16833.47 / 137
友情点: 0 / 901595`
*連続ログイン7日間到達おめでとうございます！
明日は1日目からリスタートされます。*
`獣の足跡 X 1
呼符 X 1
7月交換券(2023) X 1
`*TVスペシャルアニメ「Fate/strange Fake -Whispers of Dawn-」放送記念
特別ログインボーナス*
*開催期間中、1日1回 最大3回 ログインボーナスをプレゼント！*
`strange Fake X 1
`_2023-07-02 19:34:05_
--------
