【登录信息】
*b3defd4892470752525def1917e467ce*
`登陆天数: 136天 / 1251天
等级: 125
石头: 23
呼符: 51
体力: 17715.966666666667 / 137
友情点: 0 / 837045`
*連続ログイン3日目
※ログインが途切れるか、7日到達すると
1日目から再開されます*
`叡智の業火 X 1
7月交換券(2023) X 1
`*日替りログインボーナス*
*開催期間中、1日1回 2週間日替りでログインボーナスをプレゼント！*
`聖晶石 X 2
巡霊の葉 X 100
`_2023-07-05 19:33:19_
--------
*5513206501fad4f4b9bb8c80e1620d51*
`登陆天数: 136天 / 1269天
等级: 125
石头: 213
呼符: 82
体力: 17712.423333333332 / 137
友情点: 0 / 899975`
*連続ログイン3日目
※ログインが途切れるか、7日到達すると
1日目から再開されます*
`叡智の業火 X 1
7月交換券(2023) X 1
`*日替りログインボーナス*
*開催期間中、1日1回 2週間日替りでログインボーナスをプレゼント！*
`聖晶石 X 2
巡霊の葉 X 100
`_2023-07-05 19:33:28_
--------
*b8ed275142bdf1da8b56aac07218370c*
`登陆天数: 136天 / 1295天
等级: 125
石头: 21
呼符: 87
体力: 17710.603333333333 / 137
友情点: 0 / 1002020`
*連続ログイン3日目
※ログインが途切れるか、7日到達すると
1日目から再開されます*
`叡智の業火 X 1
7月交換券(2023) X 1
`*日替りログインボーナス*
*開催期間中、1日1回 2週間日替りでログインボーナスをプレゼント！*
`聖晶石 X 2
巡霊の葉 X 100
`_2023-07-05 19:33:36_
--------
*d70a593ddeab376c769499a5f750641b*
`登陆天数: 136天 / 1271天
等级: 125
石头: 6
呼符: 109
体力: 17708.866666666665 / 137
友情点: 0 / 897630`
*連続ログイン3日目
※ログインが途切れるか、7日到達すると
1日目から再開されます*
`叡智の業火 X 1
7月交換券(2023) X 1
`*日替りログインボーナス*
*開催期間中、1日1回 2週間日替りでログインボーナスをプレゼント！*
`聖晶石 X 2
巡霊の葉 X 100
`_2023-07-05 19:33:45_
--------
*6cd714eeb3e3e13a19f5d07a4626b930*
`登陆天数: 136天 / 1266天
等级: 125
石头: 37
呼符: 99
体力: 17705.796666666665 / 137
友情点: 0 / 987045`
*連続ログイン3日目
※ログインが途切れるか、7日到達すると
1日目から再開されます*
`叡智の業火 X 1
7月交換券(2023) X 1
`*日替りログインボーナス*
*開催期間中、1日1回 2週間日替りでログインボーナスをプレゼント！*
`聖晶石 X 2
巡霊の葉 X 100
`_2023-07-05 19:33:53_
--------
*4892f706d3520440c52889adcd975007*
`登陆天数: 136天 / 1294天
等级: 125
石头: 723
呼符: 123
体力: 20205.213333333333 / 137
友情点: 0 / 1002480`
*連続ログイン3日目
※ログインが途切れるか、7日到達すると
1日目から再開されます*
`叡智の業火 X 1
7月交換券(2023) X 1
`*日替りログインボーナス*
*開催期間中、1日1回 2週間日替りでログインボーナスをプレゼント！*
`聖晶石 X 2
巡霊の葉 X 100
`_2023-07-05 19:34:02_
--------
*eeba3d0c68a3b7e9fa236136b30cb897*
`登陆天数: 136天 / 1268天
等级: 125
石头: 1023
呼符: 103
体力: 17704.053333333333 / 137
友情点: 0 / 895650`
*連続ログイン3日目
※ログインが途切れるか、7日到達すると
1日目から再開されます*
`叡智の業火 X 1
7月交換券(2023) X 1
`*日替りログインボーナス*
*開催期間中、1日1回 2週間日替りでログインボーナスをプレゼント！*
`聖晶石 X 2
巡霊の葉 X 100
`_2023-07-05 19:34:10_
--------
*79533b6314e6a2650ec019ea96bcaebe*
`登陆天数: 136天 / 1280天
等级: 125
石头: 658
呼符: 123
体力: 17701.923333333332 / 137
友情点: 0 / 923055`
*連続ログイン3日目
※ログインが途切れるか、7日到達すると
1日目から再開されます*
`叡智の業火 X 1
7月交換券(2023) X 1
`*日替りログインボーナス*
*開催期間中、1日1回 2週間日替りでログインボーナスをプレゼント！*
`聖晶石 X 2
巡霊の葉 X 100
`_2023-07-05 19:34:18_
--------
*c4c21a97c6c4de9fca7a936ac25180fa*
`登陆天数: 136天 / 1260天
等级: 125
石头: 1248
呼符: 100
体力: 17698.383333333335 / 137
友情点: 0 / 910845`
*連続ログイン3日目
※ログインが途切れるか、7日到達すると
1日目から再開されます*
`叡智の業火 X 1
7月交換券(2023) X 1
`*日替りログインボーナス*
*開催期間中、1日1回 2週間日替りでログインボーナスをプレゼント！*
`聖晶石 X 2
巡霊の葉 X 100
`_2023-07-05 19:34:27_
--------
*4aae112bebb9faeb436a728839c766be*
`登陆天数: 136天 / 1223天
等级: 125
石头: 187
呼符: 60
体力: 17697.57 / 137
友情点: 0 / 901595`
*連続ログイン3日目
※ログインが途切れるか、7日到達すると
1日目から再開されます*
`叡智の業火 X 1
7月交換券(2023) X 1
`*日替りログインボーナス*
*開催期間中、1日1回 2週間日替りでログインボーナスをプレゼント！*
`聖晶石 X 2
巡霊の葉 X 100
`_2023-07-05 19:34:35_
--------
