【登录信息】
*b3defd4892470752525def1917e467ce*
`登陆天数: 137天 / 1252天
等级: 125
石头: 23
呼符: 51
体力: 18003.86 / 137
友情点: 0 / 837045`
*連続ログイン4日目
※ログインが途切れるか、7日到達すると
1日目から再開されます*
`聖晶石 X 1
7月交換券(2023) X 1
`*リリース2900日突破キャンペーン 初回ログインボーナス*
*開催期間中、初回ログインで「聖晶石×10」をプレゼント！*
`聖晶石 X 10
`_2023-07-06 19:32:48_
--------
*5513206501fad4f4b9bb8c80e1620d51*
`登陆天数: 137天 / 1270天
等级: 125
石头: 213
呼符: 82
体力: 18000.32 / 137
友情点: 0 / 899975`
*連続ログイン4日目
※ログインが途切れるか、7日到達すると
1日目から再開されます*
`聖晶石 X 1
7月交換券(2023) X 1
`*リリース2900日突破キャンペーン 初回ログインボーナス*
*開催期間中、初回ログインで「聖晶石×10」をプレゼント！*
`聖晶石 X 10
`_2023-07-06 19:32:57_
--------
*b8ed275142bdf1da8b56aac07218370c*
`登陆天数: 137天 / 1296天
等级: 125
石头: 21
呼符: 87
体力: 17998.5 / 137
友情点: 0 / 1002020`
*連続ログイン4日目
※ログインが途切れるか、7日到達すると
1日目から再開されます*
`聖晶石 X 1
7月交換券(2023) X 1
`*リリース2900日突破キャンペーン 初回ログインボーナス*
*開催期間中、初回ログインで「聖晶石×10」をプレゼント！*
`聖晶石 X 10
`_2023-07-06 19:33:05_
--------
*d70a593ddeab376c769499a5f750641b*
`登陆天数: 137天 / 1272天
等级: 125
石头: 6
呼符: 109
体力: 17996.76 / 137
友情点: 0 / 897630`
*連続ログイン4日目
※ログインが途切れるか、7日到達すると
1日目から再開されます*
`聖晶石 X 1
7月交換券(2023) X 1
`*リリース2900日突破キャンペーン 初回ログインボーナス*
*開催期間中、初回ログインで「聖晶石×10」をプレゼント！*
`聖晶石 X 10
`_2023-07-06 19:33:13_
--------
*6cd714eeb3e3e13a19f5d07a4626b930*
`登陆天数: 137天 / 1267天
等级: 125
石头: 37
呼符: 99
体力: 17993.69 / 137
友情点: 0 / 987045`
*連続ログイン4日目
※ログインが途切れるか、7日到達すると
1日目から再開されます*
`聖晶石 X 1
7月交換券(2023) X 1
`*リリース2900日突破キャンペーン 初回ログインボーナス*
*開催期間中、初回ログインで「聖晶石×10」をプレゼント！*
`聖晶石 X 10
`_2023-07-06 19:33:21_
--------
*4892f706d3520440c52889adcd975007*
`登陆天数: 137天 / 1295天
等级: 125
石头: 723
呼符: 123
体力: 20493.103333333333 / 137
友情点: 0 / 1002480`
*連続ログイン4日目
※ログインが途切れるか、7日到達すると
1日目から再開されます*
`聖晶石 X 1
7月交換券(2023) X 1
`*リリース2900日突破キャンペーン 初回ログインボーナス*
*開催期間中、初回ログインで「聖晶石×10」をプレゼント！*
`聖晶石 X 10
`_2023-07-06 19:33:29_
--------
*eeba3d0c68a3b7e9fa236136b30cb897*
`登陆天数: 137天 / 1269天
等级: 125
石头: 1023
呼符: 103
体力: 17991.943333333333 / 137
友情点: 0 / 895650`
*連続ログイン4日目
※ログインが途切れるか、7日到達すると
1日目から再開されます*
`聖晶石 X 1
7月交換券(2023) X 1
`*リリース2900日突破キャンペーン 初回ログインボーナス*
*開催期間中、初回ログインで「聖晶石×10」をプレゼント！*
`聖晶石 X 10
`_2023-07-06 19:33:38_
--------
*79533b6314e6a2650ec019ea96bcaebe*
`登陆天数: 137天 / 1281天
等级: 125
石头: 658
呼符: 123
体力: 17989.816666666666 / 137
友情点: 0 / 923055`
*連続ログイン4日目
※ログインが途切れるか、7日到達すると
1日目から再開されます*
`聖晶石 X 1
7月交換券(2023) X 1
`*リリース2900日突破キャンペーン 初回ログインボーナス*
*開催期間中、初回ログインで「聖晶石×10」をプレゼント！*
`聖晶石 X 10
`_2023-07-06 19:33:46_
--------
*c4c21a97c6c4de9fca7a936ac25180fa*
`登陆天数: 137天 / 1261天
等级: 125
石头: 1248
呼符: 100
体力: 17986.273333333334 / 137
友情点: 0 / 910845`
*連続ログイン4日目
※ログインが途切れるか、7日到達すると
1日目から再開されます*
`聖晶石 X 1
7月交換券(2023) X 1
`*リリース2900日突破キャンペーン 初回ログインボーナス*
*開催期間中、初回ログインで「聖晶石×10」をプレゼント！*
`聖晶石 X 10
`_2023-07-06 19:33:54_
--------
*4aae112bebb9faeb436a728839c766be*
`登陆天数: 137天 / 1224天
等级: 125
石头: 187
呼符: 60
体力: 17985.46 / 137
友情点: 0 / 901595`
*連続ログイン4日目
※ログインが途切れるか、7日到達すると
1日目から再開されます*
`聖晶石 X 1
7月交換券(2023) X 1
`*リリース2900日突破キャンペーン 初回ログインボーナス*
*開催期間中、初回ログインで「聖晶石×10」をプレゼント！*
`聖晶石 X 10
`_2023-07-06 19:34:02_
--------
