【登录信息】
*b3defd4892470752525def1917e467ce*
`登陆天数: 139天 / 1254天
等级: 125
石头: 23
呼符: 51
体力: 18579.883333333335 / 137
友情点: 0 / 837045`
*連続ログイン6日目
※ログインが途切れるか、7日到達すると
1日目から再開されます*
`聖晶石 X 2
7月交換券(2023) X 1
`*日替りログインボーナス*
*開催期間中、1日1回 2週間日替りでログインボーナスをプレゼント！*
`巡霊の葉 X 30
`_2023-07-08 19:32:55_
--------
*5513206501fad4f4b9bb8c80e1620d51*
`登陆天数: 139天 / 1272天
等级: 125
石头: 213
呼符: 82
体力: 18576.343333333334 / 137
友情点: 0 / 899975`
*連続ログイン6日目
※ログインが途切れるか、7日到達すると
1日目から再開されます*
`聖晶石 X 2
7月交換券(2023) X 1
`*日替りログインボーナス*
*開催期間中、1日1回 2週間日替りでログインボーナスをプレゼント！*
`巡霊の葉 X 30
`_2023-07-08 19:33:04_
--------
*b8ed275142bdf1da8b56aac07218370c*
`登陆天数: 139天 / 1298天
等级: 125
石头: 21
呼符: 87
体力: 18574.52666666667 / 137
友情点: 0 / 1002020`
*連続ログイン6日目
※ログインが途切れるか、7日到達すると
1日目から再開されます*
`聖晶石 X 2
7月交換券(2023) X 1
`*日替りログインボーナス*
*開催期間中、1日1回 2週間日替りでログインボーナスをプレゼント！*
`巡霊の葉 X 30
`_2023-07-08 19:33:12_
--------
*d70a593ddeab376c769499a5f750641b*
`登陆天数: 139天 / 1274天
等级: 125
石头: 6
呼符: 109
体力: 18572.79 / 137
友情点: 0 / 897630`
*連続ログイン6日目
※ログインが途切れるか、7日到達すると
1日目から再開されます*
`聖晶石 X 2
7月交換券(2023) X 1
`*日替りログインボーナス*
*開催期間中、1日1回 2週間日替りでログインボーナスをプレゼント！*
`巡霊の葉 X 30
`_2023-07-08 19:33:22_
--------
*6cd714eeb3e3e13a19f5d07a4626b930*
`登陆天数: 139天 / 1269天
等级: 125
石头: 37
呼符: 99
体力: 18569.72 / 137
友情点: 0 / 987045`
*連続ログイン6日目
※ログインが途切れるか、7日到達すると
1日目から再開されます*
`聖晶石 X 2
7月交換券(2023) X 1
`*日替りログインボーナス*
*開催期間中、1日1回 2週間日替りでログインボーナスをプレゼント！*
`巡霊の葉 X 30
`_2023-07-08 19:33:30_
--------
*4892f706d3520440c52889adcd975007*
`登陆天数: 139天 / 1297天
等级: 125
石头: 723
呼符: 123
体力: 21069.136666666665 / 137
友情点: 0 / 1002480`
*連続ログイン6日目
※ログインが途切れるか、7日到達すると
1日目から再開されます*
`聖晶石 X 2
7月交換券(2023) X 1
`*日替りログインボーナス*
*開催期間中、1日1回 2週間日替りでログインボーナスをプレゼント！*
`巡霊の葉 X 30
`_2023-07-08 19:33:39_
--------
*eeba3d0c68a3b7e9fa236136b30cb897*
`登陆天数: 139天 / 1271天
等级: 125
石头: 1023
呼符: 103
体力: 18567.98 / 137
友情点: 0 / 895650`
*連続ログイン6日目
※ログインが途切れるか、7日到達すると
1日目から再開されます*
`聖晶石 X 2
7月交換券(2023) X 1
`*日替りログインボーナス*
*開催期間中、1日1回 2週間日替りでログインボーナスをプレゼント！*
`巡霊の葉 X 30
`_2023-07-08 19:33:48_
--------
*79533b6314e6a2650ec019ea96bcaebe*
`登陆天数: 139天 / 1283天
等级: 125
石头: 658
呼符: 123
体力: 18565.853333333333 / 137
友情点: 0 / 923055`
*連続ログイン6日目
※ログインが途切れるか、7日到達すると
1日目から再開されます*
`聖晶石 X 2
7月交換券(2023) X 1
`*日替りログインボーナス*
*開催期間中、1日1回 2週間日替りでログインボーナスをプレゼント！*
`巡霊の葉 X 30
`_2023-07-08 19:33:57_
--------
*c4c21a97c6c4de9fca7a936ac25180fa*
`登陆天数: 139天 / 1263天
等级: 125
石头: 1248
呼符: 100
体力: 18562.31 / 137
友情点: 0 / 910845`
*連続ログイン6日目
※ログインが途切れるか、7日到達すると
1日目から再開されます*
`聖晶石 X 2
7月交換券(2023) X 1
`*日替りログインボーナス*
*開催期間中、1日1回 2週間日替りでログインボーナスをプレゼント！*
`巡霊の葉 X 30
`_2023-07-08 19:34:05_
--------
*4aae112bebb9faeb436a728839c766be*
`登陆天数: 139天 / 1226天
等级: 125
石头: 187
呼符: 60
体力: 18561.5 / 137
友情点: 0 / 901595`
*連続ログイン6日目
※ログインが途切れるか、7日到達すると
1日目から再開されます*
`聖晶石 X 2
7月交換券(2023) X 1
`*日替りログインボーナス*
*開催期間中、1日1回 2週間日替りでログインボーナスをプレゼント！*
`巡霊の葉 X 30
`_2023-07-08 19:34:14_
--------
