【登录信息】
*b3defd4892470752525def1917e467ce*
`登陆天数: 141天 / 1256天
等级: 125
石头: 23
呼符: 51
体力: 19155.93 / 137
友情点: 0 / 837045`
*連続ログイン1日目
※ログインが途切れるか、7日到達すると
1日目から再開されます*
`フレンドポイント X 2000
7月交換券(2023) X 1
`*日替りログインボーナス*
*開催期間中、1日1回 2週間日替りでログインボーナスをプレゼント！*
`巡霊の葉 X 30
`_2023-07-10 19:33:09_
--------
*5513206501fad4f4b9bb8c80e1620d51*
`登陆天数: 141天 / 1274天
等级: 125
石头: 213
呼符: 82
体力: 19152.386666666665 / 137
友情点: 0 / 899975`
*連続ログイン1日目
※ログインが途切れるか、7日到達すると
1日目から再開されます*
`フレンドポイント X 2000
7月交換券(2023) X 1
`*日替りログインボーナス*
*開催期間中、1日1回 2週間日替りでログインボーナスをプレゼント！*
`巡霊の葉 X 30
`_2023-07-10 19:33:17_
--------
*b8ed275142bdf1da8b56aac07218370c*
`登陆天数: 141天 / 1300天
等级: 125
石头: 21
呼符: 87
体力: 19150.566666666666 / 137
友情点: 0 / 1002020`
*連続ログイン1日目
※ログインが途切れるか、7日到達すると
1日目から再開されます*
`フレンドポイント X 2000
7月交換券(2023) X 1
`*日替りログインボーナス*
*開催期間中、1日1回 2週間日替りでログインボーナスをプレゼント！*
`巡霊の葉 X 30
`_2023-07-10 19:33:25_
--------
*d70a593ddeab376c769499a5f750641b*
`登陆天数: 141天 / 1276天
等级: 125
石头: 6
呼符: 109
体力: 19148.83 / 137
友情点: 0 / 897630`
*連続ログイン1日目
※ログインが途切れるか、7日到達すると
1日目から再開されます*
`フレンドポイント X 2000
7月交換券(2023) X 1
`*日替りログインボーナス*
*開催期間中、1日1回 2週間日替りでログインボーナスをプレゼント！*
`巡霊の葉 X 30
`_2023-07-10 19:33:34_
--------
*6cd714eeb3e3e13a19f5d07a4626b930*
`登陆天数: 141天 / 1271天
等级: 125
石头: 37
呼符: 99
体力: 19145.763333333332 / 137
友情点: 0 / 987045`
*連続ログイン1日目
※ログインが途切れるか、7日到達すると
1日目から再開されます*
`フレンドポイント X 2000
7月交換券(2023) X 1
`*日替りログインボーナス*
*開催期間中、1日1回 2週間日替りでログインボーナスをプレゼント！*
`巡霊の葉 X 30
`_2023-07-10 19:33:42_
--------
*4892f706d3520440c52889adcd975007*
`登陆天数: 141天 / 1299天
等级: 125
石头: 723
呼符: 123
体力: 21645.176666666666 / 137
友情点: 0 / 1002480`
*連続ログイン1日目
※ログインが途切れるか、7日到達すると
1日目から再開されます*
`フレンドポイント X 2000
7月交換券(2023) X 1
`*日替りログインボーナス*
*開催期間中、1日1回 2週間日替りでログインボーナスをプレゼント！*
`巡霊の葉 X 30
`_2023-07-10 19:33:51_
--------
*eeba3d0c68a3b7e9fa236136b30cb897*
`登陆天数: 141天 / 1273天
等级: 125
石头: 1023
呼符: 103
体力: 19144.02 / 137
友情点: 0 / 895650`
*連続ログイン1日目
※ログインが途切れるか、7日到達すると
1日目から再開されます*
`フレンドポイント X 2000
7月交換券(2023) X 1
`*日替りログインボーナス*
*開催期間中、1日1回 2週間日替りでログインボーナスをプレゼント！*
`巡霊の葉 X 30
`_2023-07-10 19:34:00_
--------
*79533b6314e6a2650ec019ea96bcaebe*
`登陆天数: 141天 / 1285天
等级: 125
石头: 658
呼符: 123
体力: 19141.89 / 137
友情点: 0 / 923055`
*連続ログイン1日目
※ログインが途切れるか、7日到達すると
1日目から再開されます*
`フレンドポイント X 2000
7月交換券(2023) X 1
`*日替りログインボーナス*
*開催期間中、1日1回 2週間日替りでログインボーナスをプレゼント！*
`巡霊の葉 X 30
`_2023-07-10 19:34:08_
--------
*c4c21a97c6c4de9fca7a936ac25180fa*
`登陆天数: 141天 / 1265天
等级: 125
石头: 1248
呼符: 100
体力: 19138.35 / 137
友情点: 0 / 910845`
*連続ログイン1日目
※ログインが途切れるか、7日到達すると
1日目から再開されます*
`フレンドポイント X 2000
7月交換券(2023) X 1
`*日替りログインボーナス*
*開催期間中、1日1回 2週間日替りでログインボーナスをプレゼント！*
`巡霊の葉 X 30
`_2023-07-10 19:34:16_
--------
*4aae112bebb9faeb436a728839c766be*
`登陆天数: 141天 / 1228天
等级: 125
石头: 187
呼符: 60
体力: 19137.536666666667 / 137
友情点: 0 / 901595`
*連続ログイン1日目
※ログインが途切れるか、7日到達すると
1日目から再開されます*
`フレンドポイント X 2000
7月交換券(2023) X 1
`*日替りログインボーナス*
*開催期間中、1日1回 2週間日替りでログインボーナスをプレゼント！*
`巡霊の葉 X 30
`_2023-07-10 19:34:25_
--------
