【登录信息】
*b3defd4892470752525def1917e467ce*
`登陆天数: 149天 / 1264天
等级: 125
石头: 23
呼符: 51
体力: 21459.85 / 137
友情点: 0 / 837045`
*連続ログイン2日目
※ログインが途切れるか、7日到達すると
1日目から再開されます*
`聖晶石 X 1
7月交換券(2023) X 1
`*ミスティックアイズ・シンフォニー開幕記念 ログインボーナス*
*開催期間中、1日1回 最大21回ログインボーナスをプレゼント！*
`黄金の果実 X 1
`_2023-07-18 19:32:45_
--------
*5513206501fad4f4b9bb8c80e1620d51*
`登陆天数: 149天 / 1282天
等级: 125
石头: 213
呼符: 82
体力: 21456.306666666667 / 137
友情点: 0 / 899975`
*連続ログイン2日目
※ログインが途切れるか、7日到達すると
1日目から再開されます*
`聖晶石 X 1
7月交換券(2023) X 1
`*ミスティックアイズ・シンフォニー開幕記念 ログインボーナス*
*開催期間中、1日1回 最大21回ログインボーナスをプレゼント！*
`黄金の果実 X 1
`_2023-07-18 19:32:53_
--------
*b8ed275142bdf1da8b56aac07218370c*
`登陆天数: 149天 / 1308天
等级: 125
石头: 21
呼符: 87
体力: 21454.486666666668 / 137
友情点: 0 / 1002020`
*連続ログイン2日目
※ログインが途切れるか、7日到達すると
1日目から再開されます*
`聖晶石 X 1
7月交換券(2023) X 1
`*ミスティックアイズ・シンフォニー開幕記念 ログインボーナス*
*開催期間中、1日1回 最大21回ログインボーナスをプレゼント！*
`黄金の果実 X 1
`_2023-07-18 19:33:01_
--------
*d70a593ddeab376c769499a5f750641b*
`登陆天数: 149天 / 1284天
等级: 125
石头: 6
呼符: 109
体力: 21452.75 / 137
友情点: 0 / 897630`
*連続ログイン2日目
※ログインが途切れるか、7日到達すると
1日目から再開されます*
`聖晶石 X 1
7月交換券(2023) X 1
`*ミスティックアイズ・シンフォニー開幕記念 ログインボーナス*
*開催期間中、1日1回 最大21回ログインボーナスをプレゼント！*
`黄金の果実 X 1
`_2023-07-18 19:33:10_
--------
*6cd714eeb3e3e13a19f5d07a4626b930*
`登陆天数: 149天 / 1279天
等级: 125
石头: 37
呼符: 99
体力: 21449.68 / 137
友情点: 0 / 987045`
*連続ログイン2日目
※ログインが途切れるか、7日到達すると
1日目から再開されます*
`聖晶石 X 1
7月交換券(2023) X 1
`*ミスティックアイズ・シンフォニー開幕記念 ログインボーナス*
*開催期間中、1日1回 最大21回ログインボーナスをプレゼント！*
`黄金の果実 X 1
`_2023-07-18 19:33:18_
--------
*4892f706d3520440c52889adcd975007*
`登陆天数: 149天 / 1307天
等级: 125
石头: 723
呼符: 123
体力: 23949.093333333334 / 137
友情点: 0 / 1002480`
*連続ログイン2日目
※ログインが途切れるか、7日到達すると
1日目から再開されます*
`聖晶石 X 1
7月交換券(2023) X 1
`*ミスティックアイズ・シンフォニー開幕記念 ログインボーナス*
*開催期間中、1日1回 最大21回ログインボーナスをプレゼント！*
`黄金の果実 X 1
`_2023-07-18 19:33:26_
--------
*eeba3d0c68a3b7e9fa236136b30cb897*
`登陆天数: 149天 / 1281天
等级: 125
石头: 1023
呼符: 103
体力: 21447.933333333334 / 137
友情点: 0 / 895650`
*連続ログイン2日目
※ログインが途切れるか、7日到達すると
1日目から再開されます*
`聖晶石 X 1
7月交換券(2023) X 1
`*ミスティックアイズ・シンフォニー開幕記念 ログインボーナス*
*開催期間中、1日1回 最大21回ログインボーナスをプレゼント！*
`黄金の果実 X 1
`_2023-07-18 19:33:35_
--------
*79533b6314e6a2650ec019ea96bcaebe*
`登陆天数: 149天 / 1293天
等级: 125
石头: 658
呼符: 123
体力: 21445.806666666667 / 137
友情点: 0 / 923055`
*連続ログイン2日目
※ログインが途切れるか、7日到達すると
1日目から再開されます*
`聖晶石 X 1
7月交換券(2023) X 1
`*ミスティックアイズ・シンフォニー開幕記念 ログインボーナス*
*開催期間中、1日1回 最大21回ログインボーナスをプレゼント！*
`黄金の果実 X 1
`_2023-07-18 19:33:43_
--------
*c4c21a97c6c4de9fca7a936ac25180fa*
`登陆天数: 149天 / 1273天
等级: 125
石头: 1248
呼符: 100
体力: 21442.263333333332 / 137
友情点: 0 / 910845`
*連続ログイン2日目
※ログインが途切れるか、7日到達すると
1日目から再開されます*
`聖晶石 X 1
7月交換券(2023) X 1
`*ミスティックアイズ・シンフォニー開幕記念 ログインボーナス*
*開催期間中、1日1回 最大21回ログインボーナスをプレゼント！*
`黄金の果実 X 1
`_2023-07-18 19:33:51_
--------
*4aae112bebb9faeb436a728839c766be*
`登陆天数: 149天 / 1236天
等级: 125
石头: 187
呼符: 60
体力: 21441.45 / 137
友情点: 0 / 901595`
*連続ログイン2日目
※ログインが途切れるか、7日到達すると
1日目から再開されます*
`聖晶石 X 1
7月交換券(2023) X 1
`*ミスティックアイズ・シンフォニー開幕記念 ログインボーナス*
*開催期間中、1日1回 最大21回ログインボーナスをプレゼント！*
`黄金の果実 X 1
`_2023-07-18 19:33:59_
--------
