【登录信息】
*b3defd4892470752525def1917e467ce*
`登陆天数: 150天 / 1265天
等级: 125
石头: 23
呼符: 51
体力: 21747.816666666666 / 137
友情点: 0 / 837045`
*連続ログイン3日目
※ログインが途切れるか、7日到達すると
1日目から再開されます*
`叡智の業火 X 1
7月交換券(2023) X 1
`*ミスティックアイズ・シンフォニー開幕記念 ログインボーナス*
*開催期間中、1日1回 最大21回ログインボーナスをプレゼント！*
`白銀の果実 X 1
`_2023-07-19 19:32:35_
--------
*5513206501fad4f4b9bb8c80e1620d51*
`登陆天数: 150天 / 1283天
等级: 125
石头: 213
呼符: 82
体力: 21744.27666666667 / 137
友情点: 0 / 899975`
*連続ログイン3日目
※ログインが途切れるか、7日到達すると
1日目から再開されます*
`叡智の業火 X 1
7月交換券(2023) X 1
`*ミスティックアイズ・シンフォニー開幕記念 ログインボーナス*
*開催期間中、1日1回 最大21回ログインボーナスをプレゼント！*
`白銀の果実 X 1
`_2023-07-19 19:32:44_
--------
*b8ed275142bdf1da8b56aac07218370c*
`登陆天数: 150天 / 1309天
等级: 125
石头: 21
呼符: 87
体力: 21742.46 / 137
友情点: 0 / 1002020`
*連続ログイン3日目
※ログインが途切れるか、7日到達すると
1日目から再開されます*
`叡智の業火 X 1
7月交換券(2023) X 1
`*ミスティックアイズ・シンフォニー開幕記念 ログインボーナス*
*開催期間中、1日1回 最大21回ログインボーナスをプレゼント！*
`白銀の果実 X 1
`_2023-07-19 19:32:52_
--------
*d70a593ddeab376c769499a5f750641b*
`登陆天数: 150天 / 1285天
等级: 125
石头: 6
呼符: 109
体力: 21740.72333333333 / 137
友情点: 0 / 897630`
*連続ログイン3日目
※ログインが途切れるか、7日到達すると
1日目から再開されます*
`叡智の業火 X 1
7月交換券(2023) X 1
`*ミスティックアイズ・シンフォニー開幕記念 ログインボーナス*
*開催期間中、1日1回 最大21回ログインボーナスをプレゼント！*
`白銀の果実 X 1
`_2023-07-19 19:33:01_
--------
*6cd714eeb3e3e13a19f5d07a4626b930*
`登陆天数: 150天 / 1280天
等级: 125
石头: 37
呼符: 99
体力: 21737.653333333332 / 137
友情点: 0 / 987045`
*連続ログイン3日目
※ログインが途切れるか、7日到達すると
1日目から再開されます*
`叡智の業火 X 1
7月交換券(2023) X 1
`*ミスティックアイズ・シンフォニー開幕記念 ログインボーナス*
*開催期間中、1日1回 最大21回ログインボーナスをプレゼント！*
`白銀の果実 X 1
`_2023-07-19 19:33:10_
--------
*4892f706d3520440c52889adcd975007*
`登陆天数: 150天 / 1308天
等级: 125
石头: 723
呼符: 123
体力: 24237.07 / 137
友情点: 0 / 1002480`
*連続ログイン3日目
※ログインが途切れるか、7日到達すると
1日目から再開されます*
`叡智の業火 X 1
7月交換券(2023) X 1
`*ミスティックアイズ・シンフォニー開幕記念 ログインボーナス*
*開催期間中、1日1回 最大21回ログインボーナスをプレゼント！*
`白銀の果実 X 1
`_2023-07-19 19:33:19_
--------
*eeba3d0c68a3b7e9fa236136b30cb897*
`登陆天数: 150天 / 1282天
等级: 125
石头: 1023
呼符: 103
体力: 21735.91 / 137
友情点: 0 / 895650`
*連続ログイン3日目
※ログインが途切れるか、7日到達すると
1日目から再開されます*
`叡智の業火 X 1
7月交換券(2023) X 1
`*ミスティックアイズ・シンフォニー開幕記念 ログインボーナス*
*開催期間中、1日1回 最大21回ログインボーナスをプレゼント！*
`白銀の果実 X 1
`_2023-07-19 19:33:28_
--------
*79533b6314e6a2650ec019ea96bcaebe*
`登陆天数: 150天 / 1294天
等级: 125
石头: 658
呼符: 123
体力: 21733.783333333333 / 137
友情点: 0 / 923055`
*連続ログイン3日目
※ログインが途切れるか、7日到達すると
1日目から再開されます*
`叡智の業火 X 1
7月交換券(2023) X 1
`*ミスティックアイズ・シンフォニー開幕記念 ログインボーナス*
*開催期間中、1日1回 最大21回ログインボーナスをプレゼント！*
`白銀の果実 X 1
`_2023-07-19 19:33:36_
--------
*c4c21a97c6c4de9fca7a936ac25180fa*
`登陆天数: 150天 / 1274天
等级: 125
石头: 1248
呼符: 100
体力: 21730.243333333332 / 137
友情点: 0 / 910845`
*連続ログイン3日目
※ログインが途切れるか、7日到達すると
1日目から再開されます*
`叡智の業火 X 1
7月交換券(2023) X 1
`*ミスティックアイズ・シンフォニー開幕記念 ログインボーナス*
*開催期間中、1日1回 最大21回ログインボーナスをプレゼント！*
`白銀の果実 X 1
`_2023-07-19 19:33:45_
--------
*4aae112bebb9faeb436a728839c766be*
`登陆天数: 150天 / 1237天
等级: 125
石头: 187
呼符: 60
体力: 21729.43 / 137
友情点: 0 / 901595`
*連続ログイン3日目
※ログインが途切れるか、7日到達すると
1日目から再開されます*
`叡智の業火 X 1
7月交換券(2023) X 1
`*ミスティックアイズ・シンフォニー開幕記念 ログインボーナス*
*開催期間中、1日1回 最大21回ログインボーナスをプレゼント！*
`白銀の果実 X 1
`_2023-07-19 19:33:53_
--------
