【登录信息】
*b3defd4892470752525def1917e467ce*
`登陆天数: 153天 / 1268天
等级: 125
石头: 23
呼符: 51
体力: 22611.85 / 137
友情点: 0 / 837045`
*連続ログイン6日目
※ログインが途切れるか、7日到達すると
1日目から再開されます*
`聖晶石 X 2
7月交換券(2023) X 1
`*「Fate/Grand Order Fes. 2023 夏祭り ～8th Anniversary～」開催直前カウントダウンログインボーナス*
*開催期間中、1日1回 8日間日替りでログインボーナスをプレゼント！*
`QP X 2000000
`_2023-07-22 19:32:44_
--------
*5513206501fad4f4b9bb8c80e1620d51*
`登陆天数: 153天 / 1286天
等级: 125
石头: 213
呼符: 82
体力: 22608.306666666667 / 137
友情点: 0 / 899975`
*連続ログイン6日目
※ログインが途切れるか、7日到達すると
1日目から再開されます*
`聖晶石 X 2
7月交換券(2023) X 1
`*「Fate/Grand Order Fes. 2023 夏祭り ～8th Anniversary～」開催直前カウントダウンログインボーナス*
*開催期間中、1日1回 8日間日替りでログインボーナスをプレゼント！*
`QP X 2000000
`_2023-07-22 19:32:53_
--------
*b8ed275142bdf1da8b56aac07218370c*
`登陆天数: 153天 / 1312天
等级: 125
石头: 21
呼符: 87
体力: 22606.486666666668 / 137
友情点: 0 / 1002020`
*連続ログイン6日目
※ログインが途切れるか、7日到達すると
1日目から再開されます*
`聖晶石 X 2
7月交換券(2023) X 1
`*「Fate/Grand Order Fes. 2023 夏祭り ～8th Anniversary～」開催直前カウントダウンログインボーナス*
*開催期間中、1日1回 8日間日替りでログインボーナスをプレゼント！*
`QP X 2000000
`_2023-07-22 19:33:01_
--------
*d70a593ddeab376c769499a5f750641b*
`登陆天数: 153天 / 1288天
等级: 125
石头: 6
呼符: 109
体力: 22604.746666666666 / 137
友情点: 0 / 897630`
*連続ログイン6日目
※ログインが途切れるか、7日到達すると
1日目から再開されます*
`聖晶石 X 2
7月交換券(2023) X 1
`*「Fate/Grand Order Fes. 2023 夏祭り ～8th Anniversary～」開催直前カウントダウンログインボーナス*
*開催期間中、1日1回 8日間日替りでログインボーナスをプレゼント！*
`QP X 2000000
`_2023-07-22 19:33:09_
--------
*6cd714eeb3e3e13a19f5d07a4626b930*
`登陆天数: 153天 / 1283天
等级: 125
石头: 37
呼符: 99
体力: 22601.676666666666 / 137
友情点: 0 / 987045`
*連続ログイン6日目
※ログインが途切れるか、7日到達すると
1日目から再開されます*
`聖晶石 X 2
7月交換券(2023) X 1
`*「Fate/Grand Order Fes. 2023 夏祭り ～8th Anniversary～」開催直前カウントダウンログインボーナス*
*開催期間中、1日1回 8日間日替りでログインボーナスをプレゼント！*
`QP X 2000000
`_2023-07-22 19:33:17_
--------
*4892f706d3520440c52889adcd975007*
`登陆天数: 153天 / 1311天
等级: 125
石头: 723
呼符: 123
体力: 25101.09 / 137
友情点: 0 / 1002480`
*連続ログイン6日目
※ログインが途切れるか、7日到達すると
1日目から再開されます*
`聖晶石 X 2
7月交換券(2023) X 1
`*「Fate/Grand Order Fes. 2023 夏祭り ～8th Anniversary～」開催直前カウントダウンログインボーナス*
*開催期間中、1日1回 8日間日替りでログインボーナスをプレゼント！*
`QP X 2000000
`_2023-07-22 19:33:25_
--------
*eeba3d0c68a3b7e9fa236136b30cb897*
`登陆天数: 153天 / 1285天
等级: 125
石头: 1023
呼符: 103
体力: 22599.93 / 137
友情点: 0 / 895650`
*連続ログイン6日目
※ログインが途切れるか、7日到達すると
1日目から再開されます*
`聖晶石 X 2
7月交換券(2023) X 1
`*「Fate/Grand Order Fes. 2023 夏祭り ～8th Anniversary～」開催直前カウントダウンログインボーナス*
*開催期間中、1日1回 8日間日替りでログインボーナスをプレゼント！*
`QP X 2000000
`_2023-07-22 19:33:34_
--------
*79533b6314e6a2650ec019ea96bcaebe*
`登陆天数: 153天 / 1297天
等级: 125
石头: 658
呼符: 123
体力: 22597.803333333333 / 137
友情点: 0 / 923055`
*連続ログイン6日目
※ログインが途切れるか、7日到達すると
1日目から再開されます*
`聖晶石 X 2
7月交換券(2023) X 1
`*「Fate/Grand Order Fes. 2023 夏祭り ～8th Anniversary～」開催直前カウントダウンログインボーナス*
*開催期間中、1日1回 8日間日替りでログインボーナスをプレゼント！*
`QP X 2000000
`_2023-07-22 19:33:42_
--------
*c4c21a97c6c4de9fca7a936ac25180fa*
`登陆天数: 153天 / 1277天
等级: 125
石头: 1248
呼符: 100
体力: 22594.26 / 137
友情点: 0 / 910845`
*連続ログイン6日目
※ログインが途切れるか、7日到達すると
1日目から再開されます*
`聖晶石 X 2
7月交換券(2023) X 1
`*「Fate/Grand Order Fes. 2023 夏祭り ～8th Anniversary～」開催直前カウントダウンログインボーナス*
*開催期間中、1日1回 8日間日替りでログインボーナスをプレゼント！*
`QP X 2000000
`_2023-07-22 19:33:50_
--------
*4aae112bebb9faeb436a728839c766be*
`登陆天数: 153天 / 1240天
等级: 125
石头: 187
呼符: 60
体力: 22593.446666666667 / 137
友情点: 0 / 901595`
*連続ログイン6日目
※ログインが途切れるか、7日到達すると
1日目から再開されます*
`聖晶石 X 2
7月交換券(2023) X 1
`*「Fate/Grand Order Fes. 2023 夏祭り ～8th Anniversary～」開催直前カウントダウンログインボーナス*
*開催期間中、1日1回 8日間日替りでログインボーナスをプレゼント！*
`QP X 2000000
`_2023-07-22 19:33:58_
--------
