【登录信息】
*b3defd4892470752525def1917e467ce*
`登陆天数: 157天 / 1272天
等级: 125
石头: 23
呼符: 51
体力: 23763.826666666668 / 137
友情点: 0 / 837045`
*連続ログイン3日目
※ログインが途切れるか、7日到達すると
1日目から再開されます*
`叡智の業火 X 1
7月交換券(2023) X 1
`*「Fate/Grand Order Fes. 2023 夏祭り ～8th Anniversary～」開催直前カウントダウンログインボーナス*
*開催期間中、1日1回 8日間日替りでログインボーナスをプレゼント！*
`QP X 3000000
`_2023-07-26 19:32:38_
--------
*5513206501fad4f4b9bb8c80e1620d51*
`登陆天数: 157天 / 1290天
等级: 125
石头: 213
呼符: 82
体力: 23760.286666666667 / 137
友情点: 0 / 899975`
*連続ログイン3日目
※ログインが途切れるか、7日到達すると
1日目から再開されます*
`叡智の業火 X 1
7月交換券(2023) X 1
`*「Fate/Grand Order Fes. 2023 夏祭り ～8th Anniversary～」開催直前カウントダウンログインボーナス*
*開催期間中、1日1回 8日間日替りでログインボーナスをプレゼント！*
`QP X 3000000
`_2023-07-26 19:32:47_
--------
*b8ed275142bdf1da8b56aac07218370c*
`登陆天数: 157天 / 1316天
等级: 125
石头: 21
呼符: 87
体力: 23758.466666666667 / 137
友情点: 0 / 1002020`
*連続ログイン3日目
※ログインが途切れるか、7日到達すると
1日目から再開されます*
`叡智の業火 X 1
7月交換券(2023) X 1
`*「Fate/Grand Order Fes. 2023 夏祭り ～8th Anniversary～」開催直前カウントダウンログインボーナス*
*開催期間中、1日1回 8日間日替りでログインボーナスをプレゼント！*
`QP X 3000000
`_2023-07-26 19:32:55_
--------
*d70a593ddeab376c769499a5f750641b*
`登陆天数: 157天 / 1292天
等级: 125
石头: 6
呼符: 109
体力: 23756.73 / 137
友情点: 0 / 897630`
*連続ログイン3日目
※ログインが途切れるか、7日到達すると
1日目から再開されます*
`叡智の業火 X 1
7月交換券(2023) X 1
`*「Fate/Grand Order Fes. 2023 夏祭り ～8th Anniversary～」開催直前カウントダウンログインボーナス*
*開催期間中、1日1回 8日間日替りでログインボーナスをプレゼント！*
`QP X 3000000
`_2023-07-26 19:33:04_
--------
*6cd714eeb3e3e13a19f5d07a4626b930*
`登陆天数: 157天 / 1287天
等级: 125
石头: 37
呼符: 99
体力: 23753.663333333334 / 137
友情点: 0 / 987045`
*連続ログイン3日目
※ログインが途切れるか、7日到達すると
1日目から再開されます*
`叡智の業火 X 1
7月交換券(2023) X 1
`*「Fate/Grand Order Fes. 2023 夏祭り ～8th Anniversary～」開催直前カウントダウンログインボーナス*
*開催期間中、1日1回 8日間日替りでログインボーナスをプレゼント！*
`QP X 3000000
`_2023-07-26 19:33:12_
--------
*4892f706d3520440c52889adcd975007*
`登陆天数: 157天 / 1315天
等级: 125
石头: 723
呼符: 123
体力: 26253.076666666668 / 137
友情点: 0 / 1002480`
*連続ログイン3日目
※ログインが途切れるか、7日到達すると
1日目から再開されます*
`叡智の業火 X 1
7月交換券(2023) X 1
`*「Fate/Grand Order Fes. 2023 夏祭り ～8th Anniversary～」開催直前カウントダウンログインボーナス*
*開催期間中、1日1回 8日間日替りでログインボーナスをプレゼント！*
`QP X 3000000
`_2023-07-26 19:33:21_
--------
*eeba3d0c68a3b7e9fa236136b30cb897*
`登陆天数: 157天 / 1289天
等级: 125
石头: 1023
呼符: 103
体力: 23751.92 / 137
友情点: 0 / 895650`
*連続ログイン3日目
※ログインが途切れるか、7日到達すると
1日目から再開されます*
`叡智の業火 X 1
7月交換券(2023) X 1
`*「Fate/Grand Order Fes. 2023 夏祭り ～8th Anniversary～」開催直前カウントダウンログインボーナス*
*開催期間中、1日1回 8日間日替りでログインボーナスをプレゼント！*
`QP X 3000000
`_2023-07-26 19:33:30_
--------
*79533b6314e6a2650ec019ea96bcaebe*
`登陆天数: 157天 / 1301天
等级: 125
石头: 658
呼符: 123
体力: 23749.793333333335 / 137
友情点: 0 / 923055`
*連続ログイン3日目
※ログインが途切れるか、7日到達すると
1日目から再開されます*
`叡智の業火 X 1
7月交換券(2023) X 1
`*「Fate/Grand Order Fes. 2023 夏祭り ～8th Anniversary～」開催直前カウントダウンログインボーナス*
*開催期間中、1日1回 8日間日替りでログインボーナスをプレゼント！*
`QP X 3000000
`_2023-07-26 19:33:39_
--------
*c4c21a97c6c4de9fca7a936ac25180fa*
`登陆天数: 157天 / 1281天
等级: 125
石头: 1248
呼符: 100
体力: 23746.25 / 137
友情点: 0 / 910845`
*連続ログイン3日目
※ログインが途切れるか、7日到達すると
1日目から再開されます*
`叡智の業火 X 1
7月交換券(2023) X 1
`*「Fate/Grand Order Fes. 2023 夏祭り ～8th Anniversary～」開催直前カウントダウンログインボーナス*
*開催期間中、1日1回 8日間日替りでログインボーナスをプレゼント！*
`QP X 3000000
`_2023-07-26 19:33:47_
--------
*4aae112bebb9faeb436a728839c766be*
`登陆天数: 157天 / 1244天
等级: 125
石头: 187
呼符: 60
体力: 23745.44 / 137
友情点: 0 / 901595`
*連続ログイン3日目
※ログインが途切れるか、7日到達すると
1日目から再開されます*
`叡智の業火 X 1
7月交換券(2023) X 1
`*「Fate/Grand Order Fes. 2023 夏祭り ～8th Anniversary～」開催直前カウントダウンログインボーナス*
*開催期間中、1日1回 8日間日替りでログインボーナスをプレゼント！*
`QP X 3000000
`_2023-07-26 19:33:56_
--------
