【登录信息】
*b3defd4892470752525def1917e467ce*
`登陆天数: 159天 / 1274天
等级: 125
石头: 23
呼符: 51
体力: 24339.843333333334 / 137
友情点: 0 / 837045`
*連続ログイン5日目
※ログインが途切れるか、7日到達すると
1日目から再開されます*
`叡智の業火 X 2
7月交換券(2023) X 1
`*「Fate/Grand Order Fes. 2023 夏祭り ～8th Anniversary～」開催直前カウントダウンログインボーナス*
*開催期間中、1日1回 8日間日替りでログインボーナスをプレゼント！*
`星見のティーポット X 3
`_2023-07-28 19:32:44_
--------
*5513206501fad4f4b9bb8c80e1620d51*
`登陆天数: 159天 / 1292天
等级: 125
石头: 213
呼符: 82
体力: 24336.3 / 137
友情点: 0 / 899975`
*連続ログイン5日目
※ログインが途切れるか、7日到達すると
1日目から再開されます*
`叡智の業火 X 2
7月交換券(2023) X 1
`*「Fate/Grand Order Fes. 2023 夏祭り ～8th Anniversary～」開催直前カウントダウンログインボーナス*
*開催期間中、1日1回 8日間日替りでログインボーナスをプレゼント！*
`星見のティーポット X 3
`_2023-07-28 19:32:51_
--------
*b8ed275142bdf1da8b56aac07218370c*
`登陆天数: 159天 / 1318天
等级: 125
石头: 21
呼符: 87
体力: 24334.483333333334 / 137
友情点: 0 / 1002020`
*連続ログイン5日目
※ログインが途切れるか、7日到達すると
1日目から再開されます*
`叡智の業火 X 2
7月交換券(2023) X 1
`*「Fate/Grand Order Fes. 2023 夏祭り ～8th Anniversary～」開催直前カウントダウンログインボーナス*
*開催期間中、1日1回 8日間日替りでログインボーナスをプレゼント！*
`星見のティーポット X 3
`_2023-07-28 19:33:00_
--------
*d70a593ddeab376c769499a5f750641b*
`登陆天数: 159天 / 1294天
等级: 125
石头: 6
呼符: 109
体力: 24332.743333333332 / 137
友情点: 0 / 897630`
*連続ログイン5日目
※ログインが途切れるか、7日到達すると
1日目から再開されます*
`叡智の業火 X 2
7月交換券(2023) X 1
`*「Fate/Grand Order Fes. 2023 夏祭り ～8th Anniversary～」開催直前カウントダウンログインボーナス*
*開催期間中、1日1回 8日間日替りでログインボーナスをプレゼント！*
`星見のティーポット X 3
`_2023-07-28 19:33:08_
--------
*6cd714eeb3e3e13a19f5d07a4626b930*
`登陆天数: 159天 / 1289天
等级: 125
石头: 37
呼符: 99
体力: 24329.673333333332 / 137
友情点: 0 / 987045`
*連続ログイン5日目
※ログインが途切れるか、7日到達すると
1日目から再開されます*
`叡智の業火 X 2
7月交換券(2023) X 1
`*「Fate/Grand Order Fes. 2023 夏祭り ～8th Anniversary～」開催直前カウントダウンログインボーナス*
*開催期間中、1日1回 8日間日替りでログインボーナスをプレゼント！*
`星見のティーポット X 3
`_2023-07-28 19:33:16_
--------
*4892f706d3520440c52889adcd975007*
`登陆天数: 159天 / 1317天
等级: 125
石头: 723
呼符: 123
体力: 26829.086666666666 / 137
友情点: 0 / 1002480`
*連続ログイン5日目
※ログインが途切れるか、7日到達すると
1日目から再開されます*
`叡智の業火 X 2
7月交換券(2023) X 1
`*「Fate/Grand Order Fes. 2023 夏祭り ～8th Anniversary～」開催直前カウントダウンログインボーナス*
*開催期間中、1日1回 8日間日替りでログインボーナスをプレゼント！*
`星見のティーポット X 3
`_2023-07-28 19:33:24_
--------
*eeba3d0c68a3b7e9fa236136b30cb897*
`登陆天数: 159天 / 1291天
等级: 125
石头: 1023
呼符: 103
体力: 24327.926666666666 / 137
友情点: 0 / 895650`
*連続ログイン5日目
※ログインが途切れるか、7日到達すると
1日目から再開されます*
`叡智の業火 X 2
7月交換券(2023) X 1
`*「Fate/Grand Order Fes. 2023 夏祭り ～8th Anniversary～」開催直前カウントダウンログインボーナス*
*開催期間中、1日1回 8日間日替りでログインボーナスをプレゼント！*
`星見のティーポット X 3
`_2023-07-28 19:33:32_
--------
*79533b6314e6a2650ec019ea96bcaebe*
`登陆天数: 159天 / 1303天
等级: 125
石头: 658
呼符: 123
体力: 24325.796666666665 / 137
友情点: 0 / 923055`
*連続ログイン5日目
※ログインが途切れるか、7日到達すると
1日目から再開されます*
`叡智の業火 X 2
7月交換券(2023) X 1
`*「Fate/Grand Order Fes. 2023 夏祭り ～8th Anniversary～」開催直前カウントダウンログインボーナス*
*開催期間中、1日1回 8日間日替りでログインボーナスをプレゼント！*
`星見のティーポット X 3
`_2023-07-28 19:33:40_
--------
*c4c21a97c6c4de9fca7a936ac25180fa*
`登陆天数: 159天 / 1283天
等级: 125
石头: 1248
呼符: 100
体力: 24322.253333333334 / 137
友情点: 0 / 910845`
*連続ログイン5日目
※ログインが途切れるか、7日到達すると
1日目から再開されます*
`叡智の業火 X 2
7月交換券(2023) X 1
`*「Fate/Grand Order Fes. 2023 夏祭り ～8th Anniversary～」開催直前カウントダウンログインボーナス*
*開催期間中、1日1回 8日間日替りでログインボーナスをプレゼント！*
`星見のティーポット X 3
`_2023-07-28 19:33:48_
--------
*4aae112bebb9faeb436a728839c766be*
`登陆天数: 159天 / 1246天
等级: 125
石头: 187
呼符: 60
体力: 24321.44 / 137
友情点: 0 / 901595`
*連続ログイン5日目
※ログインが途切れるか、7日到達すると
1日目から再開されます*
`叡智の業火 X 2
7月交換券(2023) X 1
`*「Fate/Grand Order Fes. 2023 夏祭り ～8th Anniversary～」開催直前カウントダウンログインボーナス*
*開催期間中、1日1回 8日間日替りでログインボーナスをプレゼント！*
`星見のティーポット X 3
`_2023-07-28 19:33:56_
--------
