【登录信息】
*b3defd4892470752525def1917e467ce*
`登陆天数: 160天 / 1275天
等级: 125
石头: 23
呼符: 51
体力: 24627.79 / 137
友情点: 0 / 837045`
*連続ログイン6日目
※ログインが途切れるか、7日到達すると
1日目から再開されます*
`聖晶石 X 2
7月交換券(2023) X 1
`_2023-07-29 19:32:27_
--------
*5513206501fad4f4b9bb8c80e1620d51*
`登陆天数: 160天 / 1293天
等级: 125
石头: 213
呼符: 82
体力: 24624.25 / 137
友情点: 0 / 899975`
*連続ログイン6日目
※ログインが途切れるか、7日到達すると
1日目から再開されます*
`聖晶石 X 2
7月交換券(2023) X 1
`_2023-07-29 19:32:36_
--------
*b8ed275142bdf1da8b56aac07218370c*
`登陆天数: 160天 / 1319天
等级: 125
石头: 21
呼符: 87
体力: 24622.43 / 137
友情点: 0 / 1002020`
*連続ログイン6日目
※ログインが途切れるか、7日到達すると
1日目から再開されます*
`聖晶石 X 2
7月交換券(2023) X 1
`_2023-07-29 19:32:44_
--------
*d70a593ddeab376c769499a5f750641b*
`登陆天数: 160天 / 1295天
等级: 125
石头: 6
呼符: 109
体力: 24620.69 / 137
友情点: 0 / 897630`
*連続ログイン6日目
※ログインが途切れるか、7日到達すると
1日目から再開されます*
`聖晶石 X 2
7月交換券(2023) X 1
`_2023-07-29 19:32:52_
--------
*6cd714eeb3e3e13a19f5d07a4626b930*
`登陆天数: 160天 / 1290天
等级: 125
石头: 37
呼符: 99
体力: 24617.62 / 137
友情点: 0 / 987045`
*連続ログイン6日目
※ログインが途切れるか、7日到達すると
1日目から再開されます*
`聖晶石 X 2
7月交換券(2023) X 1
`_2023-07-29 19:33:01_
--------
*4892f706d3520440c52889adcd975007*
`登陆天数: 160天 / 1318天
等级: 125
石头: 723
呼符: 123
体力: 27117.036666666667 / 137
友情点: 0 / 1002480`
*連続ログイン6日目
※ログインが途切れるか、7日到達すると
1日目から再開されます*
`聖晶石 X 2
7月交換券(2023) X 1
`_2023-07-29 19:33:09_
--------
*eeba3d0c68a3b7e9fa236136b30cb897*
`登陆天数: 160天 / 1292天
等级: 125
石头: 1023
呼符: 103
体力: 24615.876666666667 / 137
友情点: 0 / 895650`
*連続ログイン6日目
※ログインが途切れるか、7日到達すると
1日目から再開されます*
`聖晶石 X 2
7月交換券(2023) X 1
`_2023-07-29 19:33:17_
--------
*79533b6314e6a2650ec019ea96bcaebe*
`登陆天数: 160天 / 1304天
等级: 125
石头: 658
呼符: 123
体力: 24613.75 / 137
友情点: 0 / 923055`
*連続ログイン6日目
※ログインが途切れるか、7日到達すると
1日目から再開されます*
`聖晶石 X 2
7月交換券(2023) X 1
`_2023-07-29 19:33:26_
--------
*c4c21a97c6c4de9fca7a936ac25180fa*
`登陆天数: 160天 / 1284天
等级: 125
石头: 1248
呼符: 100
体力: 24610.206666666665 / 137
友情点: 0 / 910845`
*連続ログイン6日目
※ログインが途切れるか、7日到達すると
1日目から再開されます*
`聖晶石 X 2
7月交換券(2023) X 1
`_2023-07-29 19:33:34_
--------
*4aae112bebb9faeb436a728839c766be*
`登陆天数: 160天 / 1247天
等级: 125
石头: 187
呼符: 60
体力: 24609.393333333333 / 137
友情点: 0 / 901595`
*連続ログイン6日目
※ログインが途切れるか、7日到達すると
1日目から再開されます*
`聖晶石 X 2
7月交換券(2023) X 1
`_2023-07-29 19:33:42_
--------
