【登录信息】
*b3defd4892470752525def1917e467ce*
`登陆天数: 40天 / 1155天
等级: 125
石头: 868
呼符: 75
体力: 983.47 / 137
友情点: 0 / 825045`
*連続ログイン5日目
※ログインが途切れるか、7日到達すると
1日目から再開されます*
`叡智の業火 X 2
4月交換券(2023) X 1
`*Fate/Grand Order 春の新米マスター応援キャンペーン2023！
日替りログインボーナス*
*開催期間中、1日1回 6日間日替りでログインボーナスをプレゼント！*
`聖晶石 X 2
`_2023-03-31 19:34:41_
--------
*5513206501fad4f4b9bb8c80e1620d51*
`登陆天数: 40天 / 1173天
等级: 125
石头: 950
呼符: 66
体力: 982.54 / 137
友情点: 0 / 889915`
*連続ログイン5日目
※ログインが途切れるか、7日到達すると
1日目から再開されます*
`叡智の業火 X 2
4月交換券(2023) X 1
`*Fate/Grand Order 春の新米マスター応援キャンペーン2023！
日替りログインボーナス*
*開催期間中、1日1回 6日間日替りでログインボーナスをプレゼント！*
`聖晶石 X 2
`_2023-03-31 19:34:50_
--------
*b8ed275142bdf1da8b56aac07218370c*
`登陆天数: 40天 / 1199天
等级: 125
石头: 834
呼符: 87
体力: 981.1366666666667 / 137
友情点: 0 / 994010`
*連続ログイン5日目
※ログインが途切れるか、7日到達すると
1日目から再開されます*
`叡智の業火 X 2
4月交換券(2023) X 1
`*Fate/Grand Order 春の新米マスター応援キャンペーン2023！
日替りログインボーナス*
*開催期間中、1日1回 6日間日替りでログインボーナスをプレゼント！*
`聖晶石 X 2
`_2023-03-31 19:34:58_
--------
*d70a593ddeab376c769499a5f750641b*
`登陆天数: 40天 / 1175天
等级: 125
石头: 215
呼符: 128
体力: 641.9366666666667 / 137
友情点: 0 / 887630`
*連続ログイン5日目
※ログインが途切れるか、7日到達すると
1日目から再開されます*
`叡智の業火 X 2
4月交換券(2023) X 1
`*Fate/Grand Order 春の新米マスター応援キャンペーン2023！
日替りログインボーナス*
*開催期間中、1日1回 6日間日替りでログインボーナスをプレゼント！*
`聖晶石 X 2
`_2023-03-31 19:35:06_
--------
*6cd714eeb3e3e13a19f5d07a4626b930*
`登陆天数: 40天 / 1170天
等级: 125
石头: 1044
呼符: 83
体力: 979.4066666666666 / 137
友情点: 0 / 977045`
*連続ログイン5日目
※ログインが途切れるか、7日到達すると
1日目から再開されます*
`叡智の業火 X 2
4月交換券(2023) X 1
`*Fate/Grand Order 春の新米マスター応援キャンペーン2023！
日替りログインボーナス*
*開催期間中、1日1回 6日間日替りでログインボーナスをプレゼント！*
`聖晶石 X 2
`_2023-03-31 19:35:15_
--------
*4892f706d3520440c52889adcd975007*
`登陆天数: 40天 / 1198天
等级: 125
石头: 863
呼符: 113
体力: 978.2866666666666 / 137
友情点: 0 / 994480`
*連続ログイン5日目
※ログインが途切れるか、7日到達すると
1日目から再開されます*
`叡智の業火 X 2
4月交換券(2023) X 1
`*Fate/Grand Order 春の新米マスター応援キャンペーン2023！
日替りログインボーナス*
*開催期間中、1日1回 6日間日替りでログインボーナスをプレゼント！*
`聖晶石 X 2
`_2023-03-31 19:35:23_
--------
*eeba3d0c68a3b7e9fa236136b30cb897*
`登陆天数: 40天 / 1172天
等级: 125
石头: 1970
呼符: 87
体力: 977.4833333333333 / 137
友情点: 0 / 885650`
*連続ログイン5日目
※ログインが途切れるか、7日到達すると
1日目から再開されます*
`叡智の業火 X 2
4月交換券(2023) X 1
`*Fate/Grand Order 春の新米マスター応援キャンペーン2023！
日替りログインボーナス*
*開催期間中、1日1回 6日間日替りでログインボーナスをプレゼント！*
`聖晶石 X 2
`_2023-03-31 19:35:31_
--------
*79533b6314e6a2650ec019ea96bcaebe*
`登陆天数: 40天 / 1184天
等级: 125
石头: 2115
呼符: 102
体力: 976.7 / 137
友情点: 0 / 913055`
*連続ログイン5日目
※ログインが途切れるか、7日到達すると
1日目から再開されます*
`叡智の業火 X 2
4月交換券(2023) X 1
`*Fate/Grand Order 春の新米マスター応援キャンペーン2023！
日替りログインボーナス*
*開催期間中、1日1回 6日間日替りでログインボーナスをプレゼント！*
`聖晶石 X 2
`_2023-03-31 19:35:39_
--------
*c4c21a97c6c4de9fca7a936ac25180fa*
`登陆天数: 40天 / 1164天
等级: 125
石头: 1625
呼符: 84
体力: 974.67 / 137
友情点: 0 / 900845`
*連続ログイン5日目
※ログインが途切れるか、7日到達すると
1日目から再開されます*
`叡智の業火 X 2
4月交換券(2023) X 1
`*Fate/Grand Order 春の新米マスター応援キャンペーン2023！
日替りログインボーナス*
*開催期間中、1日1回 6日間日替りでログインボーナスをプレゼント！*
`聖晶石 X 2
`_2023-03-31 19:35:48_
--------
*4aae112bebb9faeb436a728839c766be*
`登陆天数: 40天 / 1127天
等级: 125
石头: 408
呼符: 79
体力: 972.3733333333333 / 137
友情点: 0 / 891595`
*連続ログイン5日目
※ログインが途切れるか、7日到達すると
1日目から再開されます*
`叡智の業火 X 2
4月交換券(2023) X 1
`*Fate/Grand Order 春の新米マスター応援キャンペーン2023！
日替りログインボーナス*
*開催期間中、1日1回 6日間日替りでログインボーナスをプレゼント！*
`聖晶石 X 2
`_2023-03-31 19:35:56_
--------
