【登录信息】
*b3defd4892470752525def1917e467ce*
`登陆天数: 44天 / 1159天
等级: 125
石头: 868
呼符: 75
体力: 2135.3933333333334 / 137
友情点: 0 / 825045`
*連続ログイン2日目
※ログインが途切れるか、7日到達すると
1日目から再開されます*
`聖晶石 X 1
4月交換券(2023) X 1
`*日替りログインボーナス*
*開催期間中、1日1回 4週間日替りでログインボーナスをプレゼント！*
`巡霊の葉 X 100
`_2023-04-04 19:34:18_
--------
*5513206501fad4f4b9bb8c80e1620d51*
`登陆天数: 44天 / 1177天
等级: 125
石头: 950
呼符: 66
体力: 2134.46 / 137
友情点: 0 / 889915`
*連続ログイン2日目
※ログインが途切れるか、7日到達すると
1日目から再開されます*
`聖晶石 X 1
4月交換券(2023) X 1
`*日替りログインボーナス*
*開催期間中、1日1回 4週間日替りでログインボーナスをプレゼント！*
`巡霊の葉 X 100
`_2023-04-04 19:34:26_
--------
*b8ed275142bdf1da8b56aac07218370c*
`登陆天数: 44天 / 1203天
等级: 125
石头: 834
呼符: 87
体力: 2133.0566666666664 / 137
友情点: 0 / 994010`
*連続ログイン2日目
※ログインが途切れるか、7日到達すると
1日目から再開されます*
`聖晶石 X 1
4月交換券(2023) X 1
`*日替りログインボーナス*
*開催期間中、1日1回 4週間日替りでログインボーナスをプレゼント！*
`巡霊の葉 X 100
`_2023-04-04 19:34:34_
--------
*d70a593ddeab376c769499a5f750641b*
`登陆天数: 44天 / 1179天
等级: 125
石头: 215
呼符: 128
体力: 1793.8566666666666 / 137
友情点: 0 / 887630`
*連続ログイン2日目
※ログインが途切れるか、7日到達すると
1日目から再開されます*
`聖晶石 X 1
4月交換券(2023) X 1
`*日替りログインボーナス*
*開催期間中、1日1回 4週間日替りでログインボーナスをプレゼント！*
`巡霊の葉 X 100
`_2023-04-04 19:34:42_
--------
*6cd714eeb3e3e13a19f5d07a4626b930*
`登陆天数: 44天 / 1174天
等级: 125
石头: 1044
呼符: 83
体力: 2131.326666666667 / 137
友情点: 0 / 977045`
*連続ログイン2日目
※ログインが途切れるか、7日到達すると
1日目から再開されます*
`聖晶石 X 1
4月交換券(2023) X 1
`*日替りログインボーナス*
*開催期間中、1日1回 4週間日替りでログインボーナスをプレゼント！*
`巡霊の葉 X 100
`_2023-04-04 19:34:50_
--------
*4892f706d3520440c52889adcd975007*
`登陆天数: 44天 / 1202天
等级: 125
石头: 863
呼符: 113
体力: 2130.2033333333334 / 137
友情点: 0 / 994480`
*連続ログイン2日目
※ログインが途切れるか、7日到達すると
1日目から再開されます*
`聖晶石 X 1
4月交換券(2023) X 1
`*日替りログインボーナス*
*開催期間中、1日1回 4週間日替りでログインボーナスをプレゼント！*
`巡霊の葉 X 100
`_2023-04-04 19:34:58_
--------
*eeba3d0c68a3b7e9fa236136b30cb897*
`登陆天数: 44天 / 1176天
等级: 125
石头: 1970
呼符: 87
体力: 2129.4 / 137
友情点: 0 / 885650`
*連続ログイン2日目
※ログインが途切れるか、7日到達すると
1日目から再開されます*
`聖晶石 X 1
4月交換券(2023) X 1
`*日替りログインボーナス*
*開催期間中、1日1回 4週間日替りでログインボーナスをプレゼント！*
`巡霊の葉 X 100
`_2023-04-04 19:35:06_
--------
*79533b6314e6a2650ec019ea96bcaebe*
`登陆天数: 44天 / 1188天
等级: 125
石头: 2115
呼符: 102
体力: 2128.616666666667 / 137
友情点: 0 / 913055`
*連続ログイン2日目
※ログインが途切れるか、7日到達すると
1日目から再開されます*
`聖晶石 X 1
4月交換券(2023) X 1
`*日替りログインボーナス*
*開催期間中、1日1回 4週間日替りでログインボーナスをプレゼント！*
`巡霊の葉 X 100
`_2023-04-04 19:35:15_
--------
*c4c21a97c6c4de9fca7a936ac25180fa*
`登陆天数: 44天 / 1168天
等级: 125
石头: 1625
呼符: 84
体力: 2126.583333333333 / 137
友情点: 0 / 900845`
*連続ログイン2日目
※ログインが途切れるか、7日到達すると
1日目から再開されます*
`聖晶石 X 1
4月交換券(2023) X 1
`*日替りログインボーナス*
*開催期間中、1日1回 4週間日替りでログインボーナスをプレゼント！*
`巡霊の葉 X 100
`_2023-04-04 19:35:23_
--------
*4aae112bebb9faeb436a728839c766be*
`登陆天数: 44天 / 1131天
等级: 125
石头: 408
呼符: 79
体力: 2124.286666666667 / 137
友情点: 0 / 891595`
*連続ログイン2日目
※ログインが途切れるか、7日到達すると
1日目から再開されます*
`聖晶石 X 1
4月交換券(2023) X 1
`*日替りログインボーナス*
*開催期間中、1日1回 4週間日替りでログインボーナスをプレゼント！*
`巡霊の葉 X 100
`_2023-04-04 19:35:31_
--------
