【登录信息】
*b3defd4892470752525def1917e467ce*
`登陆天数: 46天 / 1161天
等级: 125
石头: 868
呼符: 75
体力: 2711.4266666666667 / 137
友情点: 0 / 825045`
*連続ログイン4日目
※ログインが途切れるか、7日到達すると
1日目から再開されます*
`聖晶石 X 1
4月交換券(2023) X 1
`*日替りログインボーナス*
*開催期間中、1日1回 4週間日替りでログインボーナスをプレゼント！*
`巡霊の葉 X 30
`_2023-04-06 19:34:28_
--------
*5513206501fad4f4b9bb8c80e1620d51*
`登陆天数: 46天 / 1179天
等级: 125
石头: 950
呼符: 66
体力: 2710.4933333333333 / 137
友情点: 0 / 889915`
*連続ログイン4日目
※ログインが途切れるか、7日到達すると
1日目から再開されます*
`聖晶石 X 1
4月交換券(2023) X 1
`*日替りログインボーナス*
*開催期間中、1日1回 4週間日替りでログインボーナスをプレゼント！*
`巡霊の葉 X 30
`_2023-04-06 19:34:36_
--------
*b8ed275142bdf1da8b56aac07218370c*
`登陆天数: 46天 / 1205天
等级: 125
石头: 834
呼符: 87
体力: 2709.0933333333332 / 137
友情点: 0 / 994010`
*連続ログイン4日目
※ログインが途切れるか、7日到達すると
1日目から再開されます*
`聖晶石 X 1
4月交換券(2023) X 1
`*日替りログインボーナス*
*開催期間中、1日1回 4週間日替りでログインボーナスをプレゼント！*
`巡霊の葉 X 30
`_2023-04-06 19:34:45_
--------
*d70a593ddeab376c769499a5f750641b*
`登陆天数: 46天 / 1181天
等级: 125
石头: 215
呼符: 128
体力: 2369.8933333333334 / 137
友情点: 0 / 887630`
*連続ログイン4日目
※ログインが途切れるか、7日到達すると
1日目から再開されます*
`聖晶石 X 1
4月交換券(2023) X 1
`*日替りログインボーナス*
*開催期間中、1日1回 4週間日替りでログインボーナスをプレゼント！*
`巡霊の葉 X 30
`_2023-04-06 19:34:53_
--------
*6cd714eeb3e3e13a19f5d07a4626b930*
`登陆天数: 46天 / 1176天
等级: 125
石头: 1044
呼符: 83
体力: 2707.366666666667 / 137
友情点: 0 / 977045`
*連続ログイン4日目
※ログインが途切れるか、7日到達すると
1日目から再開されます*
`聖晶石 X 1
4月交換券(2023) X 1
`*日替りログインボーナス*
*開催期間中、1日1回 4週間日替りでログインボーナスをプレゼント！*
`巡霊の葉 X 30
`_2023-04-06 19:35:02_
--------
*4892f706d3520440c52889adcd975007*
`登陆天数: 46天 / 1204天
等级: 125
石头: 863
呼符: 113
体力: 2706.2433333333333 / 137
友情点: 0 / 994480`
*連続ログイン4日目
※ログインが途切れるか、7日到達すると
1日目から再開されます*
`聖晶石 X 1
4月交換券(2023) X 1
`*日替りログインボーナス*
*開催期間中、1日1回 4週間日替りでログインボーナスをプレゼント！*
`巡霊の葉 X 30
`_2023-04-06 19:35:10_
--------
*eeba3d0c68a3b7e9fa236136b30cb897*
`登陆天数: 46天 / 1178天
等级: 125
石头: 1970
呼符: 87
体力: 2705.443333333333 / 137
友情点: 0 / 885650`
*連続ログイン4日目
※ログインが途切れるか、7日到達すると
1日目から再開されます*
`聖晶石 X 1
4月交換券(2023) X 1
`*日替りログインボーナス*
*開催期間中、1日1回 4週間日替りでログインボーナスをプレゼント！*
`巡霊の葉 X 30
`_2023-04-06 19:35:19_
--------
*79533b6314e6a2650ec019ea96bcaebe*
`登陆天数: 46天 / 1190天
等级: 125
石头: 2115
呼符: 102
体力: 2704.66 / 137
友情点: 0 / 913055`
*連続ログイン4日目
※ログインが途切れるか、7日到達すると
1日目から再開されます*
`聖晶石 X 1
4月交換券(2023) X 1
`*日替りログインボーナス*
*開催期間中、1日1回 4週間日替りでログインボーナスをプレゼント！*
`巡霊の葉 X 30
`_2023-04-06 19:35:27_
--------
*c4c21a97c6c4de9fca7a936ac25180fa*
`登陆天数: 46天 / 1170天
等级: 125
石头: 1625
呼符: 84
体力: 2702.6266666666666 / 137
友情点: 0 / 900845`
*連続ログイン4日目
※ログインが途切れるか、7日到達すると
1日目から再開されます*
`聖晶石 X 1
4月交換券(2023) X 1
`*日替りログインボーナス*
*開催期間中、1日1回 4週間日替りでログインボーナスをプレゼント！*
`巡霊の葉 X 30
`_2023-04-06 19:35:36_
--------
*4aae112bebb9faeb436a728839c766be*
`登陆天数: 46天 / 1133天
等级: 125
石头: 408
呼符: 79
体力: 2700.3333333333335 / 137
友情点: 0 / 891595`
*連続ログイン4日目
※ログインが途切れるか、7日到達すると
1日目から再開されます*
`聖晶石 X 1
4月交換券(2023) X 1
`*日替りログインボーナス*
*開催期間中、1日1回 4週間日替りでログインボーナスをプレゼント！*
`巡霊の葉 X 30
`_2023-04-06 19:35:44_
--------
