【登录信息】
*b3defd4892470752525def1917e467ce*
`登陆天数: 59天 / 1174天
等级: 125
石头: 868
呼符: 75
体力: 6455.4366666666665 / 137
友情点: 0 / 825045`
*連続ログイン3日目
※ログインが途切れるか、7日到達すると
1日目から再開されます*
`叡智の業火 X 1
4月交換券(2023) X 1
`*日替りログインボーナス*
*開催期間中、1日1回 4週間日替りでログインボーナスをプレゼント！*
`巡霊の葉 X 30
`_2023-04-19 19:34:31_
--------
*5513206501fad4f4b9bb8c80e1620d51*
`登陆天数: 59天 / 1192天
等级: 125
石头: 950
呼符: 66
体力: 6454.503333333333 / 137
友情点: 0 / 889915`
*連続ログイン3日目
※ログインが途切れるか、7日到達すると
1日目から再開されます*
`叡智の業火 X 1
4月交換券(2023) X 1
`*日替りログインボーナス*
*開催期間中、1日1回 4週間日替りでログインボーナスをプレゼント！*
`巡霊の葉 X 30
`_2023-04-19 19:34:39_
--------
*b8ed275142bdf1da8b56aac07218370c*
`登陆天数: 59天 / 1218天
等级: 125
石头: 834
呼符: 87
体力: 6453.1 / 137
友情点: 0 / 994010`
*連続ログイン3日目
※ログインが途切れるか、7日到達すると
1日目から再開されます*
`叡智の業火 X 1
4月交換券(2023) X 1
`*日替りログインボーナス*
*開催期間中、1日1回 4週間日替りでログインボーナスをプレゼント！*
`巡霊の葉 X 30
`_2023-04-19 19:34:47_
--------
*d70a593ddeab376c769499a5f750641b*
`登陆天数: 59天 / 1194天
等级: 125
石头: 215
呼符: 128
体力: 6113.9 / 137
友情点: 0 / 887630`
*連続ログイン3日目
※ログインが途切れるか、7日到達すると
1日目から再開されます*
`叡智の業火 X 1
4月交換券(2023) X 1
`*日替りログインボーナス*
*開催期間中、1日1回 4週間日替りでログインボーナスをプレゼント！*
`巡霊の葉 X 30
`_2023-04-19 19:34:56_
--------
*6cd714eeb3e3e13a19f5d07a4626b930*
`登陆天数: 59天 / 1189天
等级: 125
石头: 1044
呼符: 83
体力: 6451.373333333333 / 137
友情点: 0 / 977045`
*連続ログイン3日目
※ログインが途切れるか、7日到達すると
1日目から再開されます*
`叡智の業火 X 1
4月交換券(2023) X 1
`*日替りログインボーナス*
*開催期間中、1日1回 4週間日替りでログインボーナスをプレゼント！*
`巡霊の葉 X 30
`_2023-04-19 19:35:04_
--------
*4892f706d3520440c52889adcd975007*
`登陆天数: 59天 / 1217天
等级: 125
石头: 863
呼符: 113
体力: 6450.25 / 137
友情点: 0 / 994480`
*連続ログイン3日目
※ログインが途切れるか、7日到達すると
1日目から再開されます*
`叡智の業火 X 1
4月交換券(2023) X 1
`*日替りログインボーナス*
*開催期間中、1日1回 4週間日替りでログインボーナスをプレゼント！*
`巡霊の葉 X 30
`_2023-04-19 19:35:12_
--------
*eeba3d0c68a3b7e9fa236136b30cb897*
`登陆天数: 59天 / 1191天
等级: 125
石头: 1970
呼符: 87
体力: 6449.446666666667 / 137
友情点: 0 / 885650`
*連続ログイン3日目
※ログインが途切れるか、7日到達すると
1日目から再開されます*
`叡智の業火 X 1
4月交換券(2023) X 1
`*日替りログインボーナス*
*開催期間中、1日1回 4週間日替りでログインボーナスをプレゼント！*
`巡霊の葉 X 30
`_2023-04-19 19:35:20_
--------
*79533b6314e6a2650ec019ea96bcaebe*
`登陆天数: 59天 / 1203天
等级: 125
石头: 2115
呼符: 102
体力: 6448.663333333333 / 137
友情点: 0 / 913055`
*連続ログイン3日目
※ログインが途切れるか、7日到達すると
1日目から再開されます*
`叡智の業火 X 1
4月交換券(2023) X 1
`*日替りログインボーナス*
*開催期間中、1日1回 4週間日替りでログインボーナスをプレゼント！*
`巡霊の葉 X 30
`_2023-04-19 19:35:29_
--------
*c4c21a97c6c4de9fca7a936ac25180fa*
`登陆天数: 59天 / 1183天
等级: 125
石头: 1625
呼符: 84
体力: 6446.633333333333 / 137
友情点: 0 / 900845`
*連続ログイン3日目
※ログインが途切れるか、7日到達すると
1日目から再開されます*
`叡智の業火 X 1
4月交換券(2023) X 1
`*日替りログインボーナス*
*開催期間中、1日1回 4週間日替りでログインボーナスをプレゼント！*
`巡霊の葉 X 30
`_2023-04-19 19:35:37_
--------
*4aae112bebb9faeb436a728839c766be*
`登陆天数: 59天 / 1146天
等级: 125
石头: 408
呼符: 79
体力: 6444.336666666667 / 137
友情点: 0 / 891595`
*連続ログイン3日目
※ログインが途切れるか、7日到達すると
1日目から再開されます*
`叡智の業火 X 1
4月交換券(2023) X 1
`*日替りログインボーナス*
*開催期間中、1日1回 4週間日替りでログインボーナスをプレゼント！*
`巡霊の葉 X 30
`_2023-04-19 19:35:45_
--------
