【登录信息】
*b3defd4892470752525def1917e467ce*
`登陆天数: 62天 / 1177天
等级: 125
石头: 868
呼符: 75
体力: 7319.426666666666 / 137
友情点: 0 / 825045`
*連続ログイン6日目
※ログインが途切れるか、7日到達すると
1日目から再開されます*
`聖晶石 X 2
4月交換券(2023) X 1
`*日替りログインボーナス*
*開催期間中、1日1回 4週間日替りでログインボーナスをプレゼント！*
`聖晶石 X 9
巡霊の葉 X 50
`_2023-04-22 19:34:28_
--------
*5513206501fad4f4b9bb8c80e1620d51*
`登陆天数: 62天 / 1195天
等级: 125
石头: 950
呼符: 66
体力: 7318.493333333333 / 137
友情点: 0 / 889915`
*連続ログイン6日目
※ログインが途切れるか、7日到達すると
1日目から再開されます*
`聖晶石 X 2
4月交換券(2023) X 1
`*日替りログインボーナス*
*開催期間中、1日1回 4週間日替りでログインボーナスをプレゼント！*
`聖晶石 X 9
巡霊の葉 X 50
`_2023-04-22 19:34:36_
--------
*b8ed275142bdf1da8b56aac07218370c*
`登陆天数: 62天 / 1221天
等级: 125
石头: 834
呼符: 87
体力: 7317.093333333333 / 137
友情点: 0 / 994010`
*連続ログイン6日目
※ログインが途切れるか、7日到達すると
1日目から再開されます*
`聖晶石 X 2
4月交換券(2023) X 1
`*日替りログインボーナス*
*開催期間中、1日1回 4週間日替りでログインボーナスをプレゼント！*
`聖晶石 X 9
巡霊の葉 X 50
`_2023-04-22 19:34:45_
--------
*d70a593ddeab376c769499a5f750641b*
`登陆天数: 62天 / 1197天
等级: 125
石头: 215
呼符: 128
体力: 6977.893333333333 / 137
友情点: 0 / 887630`
*連続ログイン6日目
※ログインが途切れるか、7日到達すると
1日目から再開されます*
`聖晶石 X 2
4月交換券(2023) X 1
`*日替りログインボーナス*
*開催期間中、1日1回 4週間日替りでログインボーナスをプレゼント！*
`聖晶石 X 9
巡霊の葉 X 50
`_2023-04-22 19:34:53_
--------
*6cd714eeb3e3e13a19f5d07a4626b930*
`登陆天数: 62天 / 1192天
等级: 125
石头: 1044
呼符: 83
体力: 7315.363333333334 / 137
友情点: 0 / 977045`
*連続ログイン6日目
※ログインが途切れるか、7日到達すると
1日目から再開されます*
`聖晶石 X 2
4月交換券(2023) X 1
`*日替りログインボーナス*
*開催期間中、1日1回 4週間日替りでログインボーナスをプレゼント！*
`聖晶石 X 9
巡霊の葉 X 50
`_2023-04-22 19:35:01_
--------
*4892f706d3520440c52889adcd975007*
`登陆天数: 62天 / 1220天
等级: 125
石头: 863
呼符: 113
体力: 7314.24 / 137
友情点: 0 / 994480`
*連続ログイン6日目
※ログインが途切れるか、7日到達すると
1日目から再開されます*
`聖晶石 X 2
4月交換券(2023) X 1
`*日替りログインボーナス*
*開催期間中、1日1回 4週間日替りでログインボーナスをプレゼント！*
`聖晶石 X 9
巡霊の葉 X 50
`_2023-04-22 19:35:10_
--------
*eeba3d0c68a3b7e9fa236136b30cb897*
`登陆天数: 62天 / 1194天
等级: 125
石头: 1970
呼符: 87
体力: 7313.4366666666665 / 137
友情点: 0 / 885650`
*連続ログイン6日目
※ログインが途切れるか、7日到達すると
1日目から再開されます*
`聖晶石 X 2
4月交換券(2023) X 1
`*日替りログインボーナス*
*開催期間中、1日1回 4週間日替りでログインボーナスをプレゼント！*
`聖晶石 X 9
巡霊の葉 X 50
`_2023-04-22 19:35:18_
--------
*79533b6314e6a2650ec019ea96bcaebe*
`登陆天数: 62天 / 1206天
等级: 125
石头: 2115
呼符: 102
体力: 7312.656666666667 / 137
友情点: 0 / 913055`
*連続ログイン6日目
※ログインが途切れるか、7日到達すると
1日目から再開されます*
`聖晶石 X 2
4月交換券(2023) X 1
`*日替りログインボーナス*
*開催期間中、1日1回 4週間日替りでログインボーナスをプレゼント！*
`聖晶石 X 9
巡霊の葉 X 50
`_2023-04-22 19:35:26_
--------
*c4c21a97c6c4de9fca7a936ac25180fa*
`登陆天数: 62天 / 1186天
等级: 125
石头: 1625
呼符: 84
体力: 7310.623333333333 / 137
友情点: 0 / 900845`
*連続ログイン6日目
※ログインが途切れるか、7日到達すると
1日目から再開されます*
`聖晶石 X 2
4月交換券(2023) X 1
`*日替りログインボーナス*
*開催期間中、1日1回 4週間日替りでログインボーナスをプレゼント！*
`聖晶石 X 9
巡霊の葉 X 50
`_2023-04-22 19:35:34_
--------
*4aae112bebb9faeb436a728839c766be*
`登陆天数: 62天 / 1149天
等级: 125
石头: 408
呼符: 79
体力: 7308.33 / 137
友情点: 0 / 891595`
*連続ログイン6日目
※ログインが途切れるか、7日到達すると
1日目から再開されます*
`聖晶石 X 2
4月交換券(2023) X 1
`*日替りログインボーナス*
*開催期間中、1日1回 4週間日替りでログインボーナスをプレゼント！*
`聖晶石 X 9
巡霊の葉 X 50
`_2023-04-22 19:35:43_
--------
