【登录信息】
*b3defd4892470752525def1917e467ce*
`登陆天数: 63天 / 1178天
等级: 125
石头: 868
呼符: 75
体力: 7607.456666666667 / 137
友情点: 0 / 825045`
*連続ログイン7日間到達おめでとうございます！
明日は1日目からリスタートされます。*
`獣の足跡 X 1
呼符 X 1
4月交換券(2023) X 1
`*日替りログインボーナス*
*開催期間中、1日1回 4週間日替りでログインボーナスをプレゼント！*
`巡霊の葉 X 30
`_2023-04-23 19:34:37_
--------
*5513206501fad4f4b9bb8c80e1620d51*
`登陆天数: 63天 / 1196天
等级: 125
石头: 950
呼符: 66
体力: 7606.5233333333335 / 137
友情点: 0 / 889915`
*連続ログイン7日間到達おめでとうございます！
明日は1日目からリスタートされます。*
`獣の足跡 X 1
呼符 X 1
4月交換券(2023) X 1
`*日替りログインボーナス*
*開催期間中、1日1回 4週間日替りでログインボーナスをプレゼント！*
`巡霊の葉 X 30
`_2023-04-23 19:34:45_
--------
*b8ed275142bdf1da8b56aac07218370c*
`登陆天数: 63天 / 1222天
等级: 125
石头: 834
呼符: 87
体力: 7605.123333333333 / 137
友情点: 0 / 994010`
*連続ログイン7日間到達おめでとうございます！
明日は1日目からリスタートされます。*
`獣の足跡 X 1
呼符 X 1
4月交換券(2023) X 1
`*日替りログインボーナス*
*開催期間中、1日1回 4週間日替りでログインボーナスをプレゼント！*
`巡霊の葉 X 30
`_2023-04-23 19:34:54_
--------
*d70a593ddeab376c769499a5f750641b*
`登陆天数: 63天 / 1198天
等级: 125
石头: 215
呼符: 128
体力: 7265.923333333333 / 137
友情点: 0 / 887630`
*連続ログイン7日間到達おめでとうございます！
明日は1日目からリスタートされます。*
`獣の足跡 X 1
呼符 X 1
4月交換券(2023) X 1
`*日替りログインボーナス*
*開催期間中、1日1回 4週間日替りでログインボーナスをプレゼント！*
`巡霊の葉 X 30
`_2023-04-23 19:35:02_
--------
*6cd714eeb3e3e13a19f5d07a4626b930*
`登陆天数: 63天 / 1193天
等级: 125
石头: 1044
呼符: 83
体力: 7603.393333333333 / 137
友情点: 0 / 977045`
*連続ログイン7日間到達おめでとうございます！
明日は1日目からリスタートされます。*
`獣の足跡 X 1
呼符 X 1
4月交換券(2023) X 1
`*日替りログインボーナス*
*開催期間中、1日1回 4週間日替りでログインボーナスをプレゼント！*
`巡霊の葉 X 30
`_2023-04-23 19:35:10_
--------
*4892f706d3520440c52889adcd975007*
`登陆天数: 63天 / 1221天
等级: 125
石头: 863
呼符: 113
体力: 7602.27 / 137
友情点: 0 / 994480`
*連続ログイン7日間到達おめでとうございます！
明日は1日目からリスタートされます。*
`獣の足跡 X 1
呼符 X 1
4月交換券(2023) X 1
`*日替りログインボーナス*
*開催期間中、1日1回 4週間日替りでログインボーナスをプレゼント！*
`巡霊の葉 X 30
`_2023-04-23 19:35:18_
--------
*eeba3d0c68a3b7e9fa236136b30cb897*
`登陆天数: 63天 / 1195天
等级: 125
石头: 1970
呼符: 87
体力: 7601.47 / 137
友情点: 0 / 885650`
*連続ログイン7日間到達おめでとうございます！
明日は1日目からリスタートされます。*
`獣の足跡 X 1
呼符 X 1
4月交換券(2023) X 1
`*日替りログインボーナス*
*開催期間中、1日1回 4週間日替りでログインボーナスをプレゼント！*
`巡霊の葉 X 30
`_2023-04-23 19:35:27_
--------
*79533b6314e6a2650ec019ea96bcaebe*
`登陆天数: 63天 / 1207天
等级: 125
石头: 2115
呼符: 102
体力: 7600.6866666666665 / 137
友情点: 0 / 913055`
*連続ログイン7日間到達おめでとうございます！
明日は1日目からリスタートされます。*
`獣の足跡 X 1
呼符 X 1
4月交換券(2023) X 1
`*日替りログインボーナス*
*開催期間中、1日1回 4週間日替りでログインボーナスをプレゼント！*
`巡霊の葉 X 30
`_2023-04-23 19:35:35_
--------
*c4c21a97c6c4de9fca7a936ac25180fa*
`登陆天数: 63天 / 1187天
等级: 125
石头: 1625
呼符: 84
体力: 7598.653333333334 / 137
友情点: 0 / 900845`
*連続ログイン7日間到達おめでとうございます！
明日は1日目からリスタートされます。*
`獣の足跡 X 1
呼符 X 1
4月交換券(2023) X 1
`*日替りログインボーナス*
*開催期間中、1日1回 4週間日替りでログインボーナスをプレゼント！*
`巡霊の葉 X 30
`_2023-04-23 19:35:43_
--------
*4aae112bebb9faeb436a728839c766be*
`登陆天数: 63天 / 1150天
等级: 125
石头: 408
呼符: 79
体力: 7596.36 / 137
友情点: 0 / 891595`
*連続ログイン7日間到達おめでとうございます！
明日は1日目からリスタートされます。*
`獣の足跡 X 1
呼符 X 1
4月交換券(2023) X 1
`*日替りログインボーナス*
*開催期間中、1日1回 4週間日替りでログインボーナスをプレゼント！*
`巡霊の葉 X 30
`_2023-04-23 19:35:52_
--------
