【登录信息】
*b3defd4892470752525def1917e467ce*
`登陆天数: 65天 / 1180天
等级: 125
石头: 907
呼符: 52
体力: 77.97666666666666 / 137
友情点: 0 / 835045`
*連続ログイン2日目
※ログインが途切れるか、7日到達すると
1日目から再開されます*
`聖晶石 X 1
4月交換券(2023) X 1
`*日替りログインボーナス*
*開催期間中、1日1回 4週間日替りでログインボーナスをプレゼント！*
`巡霊の葉 X 100
`_2023-04-25 19:34:22_
--------
*5513206501fad4f4b9bb8c80e1620d51*
`登陆天数: 65天 / 1198天
等级: 125
石头: 707
呼符: 71
体力: 58.70666666666666 / 137
友情点: 0 / 897975`
*連続ログイン2日目
※ログインが途切れるか、7日到達すると
1日目から再開されます*
`聖晶石 X 1
4月交換券(2023) X 1
`*日替りログインボーナス*
*開催期間中、1日1回 4週間日替りでログインボーナスをプレゼント！*
`巡霊の葉 X 100
`_2023-04-25 19:34:31_
--------
*b8ed275142bdf1da8b56aac07218370c*
`登陆天数: 65天 / 1224天
等级: 125
石头: 681
呼符: 92
体力: 67.87 / 137
友情点: 0 / 1002020`
*連続ログイン2日目
※ログインが途切れるか、7日到達すると
1日目から再開されます*
`聖晶石 X 1
4月交換券(2023) X 1
`*日替りログインボーナス*
*開催期間中、1日1回 4週間日替りでログインボーナスをプレゼント！*
`巡霊の葉 X 100
`_2023-04-25 19:34:39_
--------
*d70a593ddeab376c769499a5f750641b*
`登陆天数: 65天 / 1200天
等级: 125
石头: 215
呼符: 128
体力: 7841.873333333333 / 137
友情点: 0 / 887630`
*連続ログイン2日目
※ログインが途切れるか、7日到達すると
1日目から再開されます*
`聖晶石 X 1
4月交換券(2023) X 1
`*日替りログインボーナス*
*開催期間中、1日1回 4週間日替りでログインボーナスをプレゼント！*
`巡霊の葉 X 100
`_2023-04-25 19:34:47_
--------
*6cd714eeb3e3e13a19f5d07a4626b930*
`登陆天数: 65天 / 1195天
等级: 125
石头: 441
呼符: 88
体力: 66.84 / 137
友情点: 0 / 985045`
*連続ログイン2日目
※ログインが途切れるか、7日到達すると
1日目から再開されます*
`聖晶石 X 1
4月交換券(2023) X 1
`*日替りログインボーナス*
*開催期間中、1日1回 4週間日替りでログインボーナスをプレゼント！*
`巡霊の葉 X 100
`_2023-04-25 19:34:56_
--------
*4892f706d3520440c52889adcd975007*
`登陆天数: 65天 / 1223天
等级: 125
石头: 920
呼符: 118
体力: 65.19666666666667 / 137
友情点: 0 / 1002480`
*連続ログイン2日目
※ログインが途切れるか、7日到達すると
1日目から再開されます*
`聖晶石 X 1
4月交換券(2023) X 1
`*日替りログインボーナス*
*開催期間中、1日1回 4週間日替りでログインボーナスをプレゼント！*
`巡霊の葉 X 100
`_2023-04-25 19:35:04_
--------
*eeba3d0c68a3b7e9fa236136b30cb897*
`登陆天数: 65天 / 1197天
等级: 125
石头: 1487
呼符: 92
体力: 64.69 / 137
友情点: 0 / 893650`
*連続ログイン2日目
※ログインが途切れるか、7日到達すると
1日目から再開されます*
`聖晶石 X 1
4月交換券(2023) X 1
`*日替りログインボーナス*
*開催期間中、1日1回 4週間日替りでログインボーナスをプレゼント！*
`巡霊の葉 X 100
`_2023-04-25 19:35:12_
--------
*79533b6314e6a2650ec019ea96bcaebe*
`登陆天数: 65天 / 1209天
等级: 125
石头: 1422
呼符: 112
体力: 63.08 / 137
友情点: 0 / 921055`
*連続ログイン2日目
※ログインが途切れるか、7日到達すると
1日目から再開されます*
`聖晶石 X 1
4月交換券(2023) X 1
`*日替りログインボーナス*
*開催期間中、1日1回 4週間日替りでログインボーナスをプレゼント！*
`巡霊の葉 X 100
`_2023-04-25 19:35:21_
--------
*c4c21a97c6c4de9fca7a936ac25180fa*
`登陆天数: 65天 / 1189天
等级: 125
石头: 1625
呼符: 84
体力: 8174.606666666667 / 137
友情点: 0 / 900845`
*連続ログイン2日目
※ログインが途切れるか、7日到達すると
1日目から再開されます*
`聖晶石 X 1
4月交換券(2023) X 1
`*日替りログインボーナス*
*開催期間中、1日1回 4週間日替りでログインボーナスをプレゼント！*
`巡霊の葉 X 100
`_2023-04-25 19:35:29_
--------
*4aae112bebb9faeb436a728839c766be*
`登陆天数: 65天 / 1152天
等级: 125
石头: 408
呼符: 79
体力: 8172.31 / 137
友情点: 0 / 891595`
*連続ログイン2日目
※ログインが途切れるか、7日到達すると
1日目から再開されます*
`聖晶石 X 1
4月交換券(2023) X 1
`*日替りログインボーナス*
*開催期間中、1日1回 4週間日替りでログインボーナスをプレゼント！*
`巡霊の葉 X 100
`_2023-04-25 19:35:37_
--------
