【登录信息】
*b3defd4892470752525def1917e467ce*
`登陆天数: 69天 / 1184天
等级: 125
石头: 907
呼符: 52
体力: 1229.99 / 137
友情点: 0 / 835045`
*連続ログイン6日目
※ログインが途切れるか、7日到達すると
1日目から再開されます*
`聖晶石 X 2
4月交換券(2023) X 1
`*日替りログインボーナス*
*開催期間中、1日1回 4週間日替りでログインボーナスをプレゼント！*
`聖晶石 X 9
巡霊の葉 X 50
`_2023-04-29 19:34:26_
--------
*5513206501fad4f4b9bb8c80e1620d51*
`登陆天数: 69天 / 1202天
等级: 125
石头: 707
呼符: 71
体力: 1210.72 / 137
友情点: 0 / 897975`
*連続ログイン6日目
※ログインが途切れるか、7日到達すると
1日目から再開されます*
`聖晶石 X 2
4月交換券(2023) X 1
`*日替りログインボーナス*
*開催期間中、1日1回 4週間日替りでログインボーナスをプレゼント！*
`聖晶石 X 9
巡霊の葉 X 50
`_2023-04-29 19:34:34_
--------
*b8ed275142bdf1da8b56aac07218370c*
`登陆天数: 69天 / 1228天
等级: 125
石头: 681
呼符: 92
体力: 1219.8833333333334 / 137
友情点: 0 / 1002020`
*連続ログイン6日目
※ログインが途切れるか、7日到達すると
1日目から再開されます*
`聖晶石 X 2
4月交換券(2023) X 1
`*日替りログインボーナス*
*開催期間中、1日1回 4週間日替りでログインボーナスをプレゼント！*
`聖晶石 X 9
巡霊の葉 X 50
`_2023-04-29 19:34:43_
--------
*d70a593ddeab376c769499a5f750641b*
`登陆天数: 69天 / 1204天
等级: 125
石头: 215
呼符: 128
体力: 8993.886666666667 / 137
友情点: 0 / 887630`
*連続ログイン6日目
※ログインが途切れるか、7日到達すると
1日目から再開されます*
`聖晶石 X 2
4月交換券(2023) X 1
`*日替りログインボーナス*
*開催期間中、1日1回 4週間日替りでログインボーナスをプレゼント！*
`聖晶石 X 9
巡霊の葉 X 50
`_2023-04-29 19:34:51_
--------
*6cd714eeb3e3e13a19f5d07a4626b930*
`登陆天数: 69天 / 1199天
等级: 125
石头: 441
呼符: 88
体力: 1218.8533333333332 / 137
友情点: 0 / 985045`
*連続ログイン6日目
※ログインが途切れるか、7日到達すると
1日目から再開されます*
`聖晶石 X 2
4月交換券(2023) X 1
`*日替りログインボーナス*
*開催期間中、1日1回 4週間日替りでログインボーナスをプレゼント！*
`聖晶石 X 9
巡霊の葉 X 50
`_2023-04-29 19:35:00_
--------
*4892f706d3520440c52889adcd975007*
`登陆天数: 69天 / 1227天
等级: 125
石头: 723
呼符: 123
体力: 909.4333333333333 / 137
友情点: 0 / 1002480`
*連続ログイン6日目
※ログインが途切れるか、7日到達すると
1日目から再開されます*
`聖晶石 X 2
4月交換券(2023) X 1
`*日替りログインボーナス*
*開催期間中、1日1回 4週間日替りでログインボーナスをプレゼント！*
`聖晶石 X 9
巡霊の葉 X 50
`_2023-04-29 19:35:08_
--------
*eeba3d0c68a3b7e9fa236136b30cb897*
`登陆天数: 69天 / 1201天
等级: 125
石头: 1457
呼符: 92
体力: 909.9 / 137
友情点: 0 / 893650`
*連続ログイン6日目
※ログインが途切れるか、7日到達すると
1日目から再開されます*
`聖晶石 X 2
4月交換券(2023) X 1
`*日替りログインボーナス*
*開催期間中、1日1回 4週間日替りでログインボーナスをプレゼント！*
`聖晶石 X 9
巡霊の葉 X 50
`_2023-04-29 19:35:16_
--------
*79533b6314e6a2650ec019ea96bcaebe*
`登陆天数: 69天 / 1213天
等级: 125
石头: 985
呼符: 117
体力: 911.6933333333334 / 137
友情点: 0 / 921055`
*連続ログイン6日目
※ログインが途切れるか、7日到達すると
1日目から再開されます*
`聖晶石 X 2
4月交換券(2023) X 1
`*日替りログインボーナス*
*開催期間中、1日1回 4週間日替りでログインボーナスをプレゼント！*
`聖晶石 X 9
巡霊の葉 X 50
`_2023-04-29 19:35:25_
--------
*c4c21a97c6c4de9fca7a936ac25180fa*
`登陆天数: 69天 / 1193天
等级: 125
石头: 1215
呼符: 94
体力: 908.03 / 137
友情点: 0 / 908845`
*連続ログイン6日目
※ログインが途切れるか、7日到達すると
1日目から再開されます*
`聖晶石 X 2
4月交換券(2023) X 1
`*日替りログインボーナス*
*開催期間中、1日1回 4週間日替りでログインボーナスをプレゼント！*
`聖晶石 X 9
巡霊の葉 X 50
`_2023-04-29 19:35:33_
--------
*4aae112bebb9faeb436a728839c766be*
`登陆天数: 69天 / 1156天
等级: 125
石头: 408
呼符: 79
体力: 9324.323333333334 / 137
友情点: 0 / 891595`
*連続ログイン6日目
※ログインが途切れるか、7日到達すると
1日目から再開されます*
`聖晶石 X 2
4月交換券(2023) X 1
`*日替りログインボーナス*
*開催期間中、1日1回 4週間日替りでログインボーナスをプレゼント！*
`聖晶石 X 9
巡霊の葉 X 50
`_2023-04-29 19:35:41_
--------
