【登录信息】
*b3defd4892470752525def1917e467ce*
`登陆天数: 55天 / 1349天
等级: 125
石头: 437
呼符: 76
体力: 2673.05 / 137
友情点: 0 / 969135`
*連続ログイン6日目
※ログインが途切れるか、7日到達すると
1日目から再開されます*
`聖晶石 X 2
11月交換券(2023) X 1
`*聖杯戦線 ～白天の城、黒夜の城～開幕記念 ログインボーナス*
*開催期間中、1日1回 最大21回ログインボーナスをプレゼント！*
`黄金の果実 X 1
`_2023-11-01 19:30:39_
--------
*5513206501fad4f4b9bb8c80e1620d51*
`登陆天数: 55天 / 1368天
等级: 125
石头: 210
呼符: 97
体力: 2457.6133333333332 / 137
友情点: 0 / 1047975`
*連続ログイン6日目
※ログインが途切れるか、7日到達すると
1日目から再開されます*
`聖晶石 X 2
11月交換券(2023) X 1
`*聖杯戦線 ～白天の城、黒夜の城～開幕記念 ログインボーナス*
*開催期間中、1日1回 最大21回ログインボーナスをプレゼント！*
`黄金の果実 X 1
`_2023-11-01 19:30:48_
--------
*b8ed275142bdf1da8b56aac07218370c*
`登陆天数: 55天 / 1393天
等级: 125
石头: 466
呼符: 130
体力: 1833.6466666666668 / 137
友情点: 0 / 1150020`
*連続ログイン6日目
※ログインが途切れるか、7日到達すると
1日目から再開されます*
`聖晶石 X 2
11月交換券(2023) X 1
`*聖杯戦線 ～白天の城、黒夜の城～開幕記念 ログインボーナス*
*開催期間中、1日1回 最大21回ログインボーナスをプレゼント！*
`黄金の果実 X 1
`_2023-11-01 19:30:56_
--------
*d70a593ddeab376c769499a5f750641b*
`登陆天数: 55天 / 1369天
等级: 125
石头: 298
呼符: 146
体力: 1832.86 / 137
友情点: 0 / 1043630`
*連続ログイン6日目
※ログインが途切れるか、7日到達すると
1日目から再開されます*
`聖晶石 X 2
11月交換券(2023) X 1
`*聖杯戦線 ～白天の城、黒夜の城～開幕記念 ログインボーナス*
*開催期間中、1日1回 最大21回ログインボーナスをプレゼント！*
`黄金の果実 X 1
`_2023-11-01 19:31:05_
--------
*6cd714eeb3e3e13a19f5d07a4626b930*
`登陆天数: 55天 / 1364天
等级: 125
石头: 299
呼符: 131
体力: 1831.66 / 137
友情点: 0 / 1129045`
*連続ログイン6日目
※ログインが途切れるか、7日到達すると
1日目から再開されます*
`聖晶石 X 2
11月交換券(2023) X 1
`*聖杯戦線 ～白天の城、黒夜の城～開幕記念 ログインボーナス*
*開催期間中、1日1回 最大21回ログインボーナスをプレゼント！*
`黄金の果実 X 1
`_2023-11-01 19:31:14_
--------
*4892f706d3520440c52889adcd975007*
`登陆天数: 55天 / 1393天
等级: 125
石头: 178
呼符: 111
体力: 1829.41 / 137
友情点: 0 / 1152480`
*連続ログイン6日目
※ログインが途切れるか、7日到達すると
1日目から再開されます*
`聖晶石 X 2
11月交換券(2023) X 1
`*聖杯戦線 ～白天の城、黒夜の城～開幕記念 ログインボーナス*
*開催期間中、1日1回 最大21回ログインボーナスをプレゼント！*
`黄金の果実 X 1
`_2023-11-01 19:31:24_
--------
*eeba3d0c68a3b7e9fa236136b30cb897*
`登陆天数: 55天 / 1367天
等级: 125
石头: 505
呼符: 135
体力: 1850.29 / 137
友情点: 0 / 1043650`
*連続ログイン6日目
※ログインが途切れるか、7日到達すると
1日目から再開されます*
`聖晶石 X 2
11月交換券(2023) X 1
`*聖杯戦線 ～白天の城、黒夜の城～開幕記念 ログインボーナス*
*開催期間中、1日1回 最大21回ログインボーナスをプレゼント！*
`黄金の果実 X 1
`_2023-11-01 19:31:33_
--------
*79533b6314e6a2650ec019ea96bcaebe*
`登陆天数: 55天 / 1379天
等级: 125
石头: 466
呼符: 154
体力: 1848.6233333333332 / 137
友情点: 0 / 1069055`
*連続ログイン6日目
※ログインが途切れるか、7日到達すると
1日目から再開されます*
`聖晶石 X 2
11月交換券(2023) X 1
`*聖杯戦線 ～白天の城、黒夜の城～開幕記念 ログインボーナス*
*開催期間中、1日1回 最大21回ログインボーナスをプレゼント！*
`黄金の果実 X 1
`_2023-11-01 19:31:42_
--------
*c4c21a97c6c4de9fca7a936ac25180fa*
`登陆天数: 55天 / 1358天
等级: 125
石头: 821
呼符: 136
体力: 3255.67 / 137
友情点: 0 / 1056845`
*連続ログイン6日目
※ログインが途切れるか、7日到達すると
1日目から再開されます*
`聖晶石 X 2
11月交換券(2023) X 1
`*聖杯戦線 ～白天の城、黒夜の城～開幕記念 ログインボーナス*
*開催期間中、1日1回 最大21回ログインボーナスをプレゼント！*
`黄金の果実 X 1
`_2023-11-01 19:31:51_
--------
*4aae112bebb9faeb436a728839c766be*
`登陆天数: 55天 / 1321天
等级: 125
石头: 190
呼符: 96
体力: 3253.7166666666667 / 137
友情点: 0 / 1047595`
*連続ログイン6日目
※ログインが途切れるか、7日到達すると
1日目から再開されます*
`聖晶石 X 2
11月交換券(2023) X 1
`*聖杯戦線 ～白天の城、黒夜の城～開幕記念 ログインボーナス*
*開催期間中、1日1回 最大21回ログインボーナスをプレゼント！*
`黄金の果実 X 1
`_2023-11-01 19:32:00_
--------
