【登录信息】
*b3defd4892470752525def1917e467ce*
`登陆天数: 60天 / 1354天
等级: 125
石头: 437
呼符: 76
体力: 4113.07 / 137
友情点: 0 / 969135`
*連続ログイン4日目
※ログインが途切れるか、7日到達すると
1日目から再開されます*
`聖晶石 X 1
11月交換券(2023) X 1
`*聖杯戦線 ～白天の城、黒夜の城～開幕記念 ログインボーナス*
*開催期間中、1日1回 最大21回ログインボーナスをプレゼント！*
`白銀の果実 X 1
`_2023-11-06 19:30:45_
--------
*5513206501fad4f4b9bb8c80e1620d51*
`登陆天数: 60天 / 1373天
等级: 125
石头: 210
呼符: 97
体力: 3897.633333333333 / 137
友情点: 0 / 1047975`
*連続ログイン4日目
※ログインが途切れるか、7日到達すると
1日目から再開されます*
`聖晶石 X 1
11月交換券(2023) X 1
`*聖杯戦線 ～白天の城、黒夜の城～開幕記念 ログインボーナス*
*開催期間中、1日1回 最大21回ログインボーナスをプレゼント！*
`白銀の果実 X 1
`_2023-11-06 19:30:54_
--------
*b8ed275142bdf1da8b56aac07218370c*
`登陆天数: 60天 / 1398天
等级: 125
石头: 466
呼符: 130
体力: 3273.6666666666665 / 137
友情点: 0 / 1150020`
*連続ログイン4日目
※ログインが途切れるか、7日到達すると
1日目から再開されます*
`聖晶石 X 1
11月交換券(2023) X 1
`*聖杯戦線 ～白天の城、黒夜の城～開幕記念 ログインボーナス*
*開催期間中、1日1回 最大21回ログインボーナスをプレゼント！*
`白銀の果実 X 1
`_2023-11-06 19:31:02_
--------
*d70a593ddeab376c769499a5f750641b*
`登陆天数: 60天 / 1374天
等级: 125
石头: 298
呼符: 146
体力: 3272.88 / 137
友情点: 0 / 1043630`
*連続ログイン4日目
※ログインが途切れるか、7日到達すると
1日目から再開されます*
`聖晶石 X 1
11月交換券(2023) X 1
`*聖杯戦線 ～白天の城、黒夜の城～開幕記念 ログインボーナス*
*開催期間中、1日1回 最大21回ログインボーナスをプレゼント！*
`白銀の果実 X 1
`_2023-11-06 19:31:11_
--------
*6cd714eeb3e3e13a19f5d07a4626b930*
`登陆天数: 60天 / 1369天
等级: 125
石头: 299
呼符: 131
体力: 3271.6766666666667 / 137
友情点: 0 / 1129045`
*連続ログイン4日目
※ログインが途切れるか、7日到達すると
1日目から再開されます*
`聖晶石 X 1
11月交換券(2023) X 1
`*聖杯戦線 ～白天の城、黒夜の城～開幕記念 ログインボーナス*
*開催期間中、1日1回 最大21回ログインボーナスをプレゼント！*
`白銀の果実 X 1
`_2023-11-06 19:31:20_
--------
*4892f706d3520440c52889adcd975007*
`登陆天数: 60天 / 1398天
等级: 125
石头: 178
呼符: 111
体力: 3269.4266666666667 / 137
友情点: 0 / 1152480`
*連続ログイン4日目
※ログインが途切れるか、7日到達すると
1日目から再開されます*
`聖晶石 X 1
11月交換券(2023) X 1
`*聖杯戦線 ～白天の城、黒夜の城～開幕記念 ログインボーナス*
*開催期間中、1日1回 最大21回ログインボーナスをプレゼント！*
`白銀の果実 X 1
`_2023-11-06 19:31:29_
--------
*eeba3d0c68a3b7e9fa236136b30cb897*
`登陆天数: 60天 / 1372天
等级: 125
石头: 505
呼符: 135
体力: 3290.306666666667 / 137
友情点: 0 / 1043650`
*連続ログイン4日目
※ログインが途切れるか、7日到達すると
1日目から再開されます*
`聖晶石 X 1
11月交換券(2023) X 1
`*聖杯戦線 ～白天の城、黒夜の城～開幕記念 ログインボーナス*
*開催期間中、1日1回 最大21回ログインボーナスをプレゼント！*
`白銀の果実 X 1
`_2023-11-06 19:31:38_
--------
*79533b6314e6a2650ec019ea96bcaebe*
`登陆天数: 60天 / 1384天
等级: 125
石头: 466
呼符: 154
体力: 3288.64 / 137
友情点: 0 / 1069055`
*連続ログイン4日目
※ログインが途切れるか、7日到達すると
1日目から再開されます*
`聖晶石 X 1
11月交換券(2023) X 1
`*聖杯戦線 ～白天の城、黒夜の城～開幕記念 ログインボーナス*
*開催期間中、1日1回 最大21回ログインボーナスをプレゼント！*
`白銀の果実 X 1
`_2023-11-06 19:31:47_
--------
*c4c21a97c6c4de9fca7a936ac25180fa*
`登陆天数: 60天 / 1363天
等级: 125
石头: 821
呼符: 136
体力: 4695.6866666666665 / 137
友情点: 0 / 1056845`
*連続ログイン4日目
※ログインが途切れるか、7日到達すると
1日目から再開されます*
`聖晶石 X 1
11月交換券(2023) X 1
`*聖杯戦線 ～白天の城、黒夜の城～開幕記念 ログインボーナス*
*開催期間中、1日1回 最大21回ログインボーナスをプレゼント！*
`白銀の果実 X 1
`_2023-11-06 19:31:56_
--------
*4aae112bebb9faeb436a728839c766be*
`登陆天数: 60天 / 1326天
等级: 125
石头: 190
呼符: 96
体力: 4693.733333333334 / 137
友情点: 0 / 1047595`
*連続ログイン4日目
※ログインが途切れるか、7日到達すると
1日目から再開されます*
`聖晶石 X 1
11月交換券(2023) X 1
`*聖杯戦線 ～白天の城、黒夜の城～開幕記念 ログインボーナス*
*開催期間中、1日1回 最大21回ログインボーナスをプレゼント！*
`白銀の果実 X 1
`_2023-11-06 19:32:05_
--------
