【登录信息】
*b3defd4892470752525def1917e467ce*
`登陆天数: 5天 / 1360天
等级: 125
石头: 437
呼符: 76
体力: 6418.626666666667 / 137
友情点: 0 / 969135`
*連続ログイン5日目
※ログインが途切れるか、7日到達すると
1日目から再開されます*
`叡智の業火 X 2
11月交換券(2023) X 1
`*聖杯戦線 ～白天の城、黒夜の城～開幕記念 ログインボーナス*
*開催期間中、1日1回 最大21回ログインボーナスをプレゼント！*
`白銀の果実 X 1
`_2023-11-14 19:38:32_
--------
*5513206501fad4f4b9bb8c80e1620d51*
`登陆天数: 5天 / 1379天
等级: 125
石头: 210
呼符: 97
体力: 6203.1866666666665 / 137
友情点: 0 / 1047975`
*連続ログイン5日目
※ログインが途切れるか、7日到達すると
1日目から再開されます*
`叡智の業火 X 2
11月交換券(2023) X 1
`*聖杯戦線 ～白天の城、黒夜の城～開幕記念 ログインボーナス*
*開催期間中、1日1回 最大21回ログインボーナスをプレゼント！*
`白銀の果実 X 1
`_2023-11-14 19:38:41_
--------
*b8ed275142bdf1da8b56aac07218370c*
`登陆天数: 5天 / 1404天
等级: 125
石头: 466
呼符: 130
体力: 5579.22 / 137
友情点: 0 / 1150020`
*連続ログイン5日目
※ログインが途切れるか、7日到達すると
1日目から再開されます*
`叡智の業火 X 2
11月交換券(2023) X 1
`*聖杯戦線 ～白天の城、黒夜の城～開幕記念 ログインボーナス*
*開催期間中、1日1回 最大21回ログインボーナスをプレゼント！*
`白銀の果実 X 1
`_2023-11-14 19:38:49_
--------
*d70a593ddeab376c769499a5f750641b*
`登陆天数: 5天 / 1380天
等级: 125
石头: 298
呼符: 146
体力: 5578.43 / 137
友情点: 0 / 1043630`
*連続ログイン5日目
※ログインが途切れるか、7日到達すると
1日目から再開されます*
`叡智の業火 X 2
11月交換券(2023) X 1
`*聖杯戦線 ～白天の城、黒夜の城～開幕記念 ログインボーナス*
*開催期間中、1日1回 最大21回ログインボーナスをプレゼント！*
`白銀の果実 X 1
`_2023-11-14 19:38:57_
--------
*6cd714eeb3e3e13a19f5d07a4626b930*
`登陆天数: 5天 / 1375天
等级: 125
石头: 299
呼符: 131
体力: 5577.2266666666665 / 137
友情点: 0 / 1129045`
*連続ログイン5日目
※ログインが途切れるか、7日到達すると
1日目から再開されます*
`叡智の業火 X 2
11月交換券(2023) X 1
`*聖杯戦線 ～白天の城、黒夜の城～開幕記念 ログインボーナス*
*開催期間中、1日1回 最大21回ログインボーナスをプレゼント！*
`白銀の果実 X 1
`_2023-11-14 19:39:05_
--------
*4892f706d3520440c52889adcd975007*
`登陆天数: 5天 / 1404天
等级: 125
石头: 178
呼符: 111
体力: 5574.9766666666665 / 137
友情点: 0 / 1152480`
*連続ログイン5日目
※ログインが途切れるか、7日到達すると
1日目から再開されます*
`叡智の業火 X 2
11月交換券(2023) X 1
`*聖杯戦線 ～白天の城、黒夜の城～開幕記念 ログインボーナス*
*開催期間中、1日1回 最大21回ログインボーナスをプレゼント！*
`白銀の果実 X 1
`_2023-11-14 19:39:13_
--------
*eeba3d0c68a3b7e9fa236136b30cb897*
`登陆天数: 5天 / 1378天
等级: 125
石头: 505
呼符: 135
体力: 5595.8533333333335 / 137
友情点: 0 / 1043650`
*連続ログイン5日目
※ログインが途切れるか、7日到達すると
1日目から再開されます*
`叡智の業火 X 2
11月交換券(2023) X 1
`*聖杯戦線 ～白天の城、黒夜の城～開幕記念 ログインボーナス*
*開催期間中、1日1回 最大21回ログインボーナスをプレゼント！*
`白銀の果実 X 1
`_2023-11-14 19:39:22_
--------
*79533b6314e6a2650ec019ea96bcaebe*
`登陆天数: 5天 / 1390天
等级: 125
石头: 466
呼符: 154
体力: 5594.1866666666665 / 137
友情点: 0 / 1069055`
*連続ログイン5日目
※ログインが途切れるか、7日到達すると
1日目から再開されます*
`叡智の業火 X 2
11月交換券(2023) X 1
`*聖杯戦線 ～白天の城、黒夜の城～開幕記念 ログインボーナス*
*開催期間中、1日1回 最大21回ログインボーナスをプレゼント！*
`白銀の果実 X 1
`_2023-11-14 19:39:30_
--------
*c4c21a97c6c4de9fca7a936ac25180fa*
`登陆天数: 5天 / 1369天
等级: 125
石头: 821
呼符: 136
体力: 7001.23 / 137
友情点: 0 / 1056845`
*連続ログイン5日目
※ログインが途切れるか、7日到達すると
1日目から再開されます*
`叡智の業火 X 2
11月交換券(2023) X 1
`*聖杯戦線 ～白天の城、黒夜の城～開幕記念 ログインボーナス*
*開催期間中、1日1回 最大21回ログインボーナスをプレゼント！*
`白銀の果実 X 1
`_2023-11-14 19:39:39_
--------
*4aae112bebb9faeb436a728839c766be*
`登陆天数: 5天 / 1332天
等级: 125
石头: 190
呼符: 96
体力: 6999.276666666667 / 137
友情点: 0 / 1047595`
*連続ログイン5日目
※ログインが途切れるか、7日到達すると
1日目から再開されます*
`叡智の業火 X 2
11月交換券(2023) X 1
`*聖杯戦線 ～白天の城、黒夜の城～開幕記念 ログインボーナス*
*開催期間中、1日1回 最大21回ログインボーナスをプレゼント！*
`白銀の果実 X 1
`_2023-11-14 19:39:47_
--------
