【登录信息】
*b3defd4892470752525def1917e467ce*
`登陆天数: 6天 / 1361天
等级: 125
石头: 437
呼符: 76
体力: 6706.16 / 137
友情点: 0 / 969135`
*連続ログイン6日目
※ログインが途切れるか、7日到達すると
1日目から再開されます*
`聖晶石 X 2
11月交換券(2023) X 1
`*使用期限付コンティニューアイテムプレゼント！*
*開催期間中、初回ログインでコンティニューアイテム「霊脈石×3」をプレゼント！*
`霊脈石 X 3
`_2023-11-15 19:36:12_
--------
*5513206501fad4f4b9bb8c80e1620d51*
`登陆天数: 6天 / 1380天
等级: 125
石头: 210
呼符: 97
体力: 6490.723333333333 / 137
友情点: 0 / 1047975`
*連続ログイン6日目
※ログインが途切れるか、7日到達すると
1日目から再開されます*
`聖晶石 X 2
11月交換券(2023) X 1
`*使用期限付コンティニューアイテムプレゼント！*
*開催期間中、初回ログインでコンティニューアイテム「霊脈石×3」をプレゼント！*
`霊脈石 X 3
`_2023-11-15 19:36:21_
--------
*b8ed275142bdf1da8b56aac07218370c*
`登陆天数: 6天 / 1405天
等级: 125
石头: 466
呼符: 130
体力: 5866.756666666667 / 137
友情点: 0 / 1150020`
*連続ログイン6日目
※ログインが途切れるか、7日到達すると
1日目から再開されます*
`聖晶石 X 2
11月交換券(2023) X 1
`*使用期限付コンティニューアイテムプレゼント！*
*開催期間中、初回ログインでコンティニューアイテム「霊脈石×3」をプレゼント！*
`霊脈石 X 3
`_2023-11-15 19:36:29_
--------
*d70a593ddeab376c769499a5f750641b*
`登陆天数: 6天 / 1381天
等级: 125
石头: 298
呼符: 146
体力: 5865.97 / 137
友情点: 0 / 1043630`
*連続ログイン6日目
※ログインが途切れるか、7日到達すると
1日目から再開されます*
`聖晶石 X 2
11月交換券(2023) X 1
`*使用期限付コンティニューアイテムプレゼント！*
*開催期間中、初回ログインでコンティニューアイテム「霊脈石×3」をプレゼント！*
`霊脈石 X 3
`_2023-11-15 19:36:39_
--------
*6cd714eeb3e3e13a19f5d07a4626b930*
`登陆天数: 6天 / 1376天
等级: 125
石头: 299
呼符: 131
体力: 5864.77 / 137
友情点: 0 / 1129045`
*連続ログイン6日目
※ログインが途切れるか、7日到達すると
1日目から再開されます*
`聖晶石 X 2
11月交換券(2023) X 1
`*使用期限付コンティニューアイテムプレゼント！*
*開催期間中、初回ログインでコンティニューアイテム「霊脈石×3」をプレゼント！*
`霊脈石 X 3
`_2023-11-15 19:36:48_
--------
*4892f706d3520440c52889adcd975007*
`登陆天数: 6天 / 1405天
等级: 125
石头: 178
呼符: 111
体力: 5862.52 / 137
友情点: 0 / 1152480`
*連続ログイン6日目
※ログインが途切れるか、7日到達すると
1日目から再開されます*
`聖晶石 X 2
11月交換券(2023) X 1
`*使用期限付コンティニューアイテムプレゼント！*
*開催期間中、初回ログインでコンティニューアイテム「霊脈石×3」をプレゼント！*
`霊脈石 X 3
`_2023-11-15 19:36:57_
--------
*eeba3d0c68a3b7e9fa236136b30cb897*
`登陆天数: 6天 / 1379天
等级: 125
石头: 505
呼符: 135
体力: 5883.4 / 137
友情点: 0 / 1043650`
*連続ログイン6日目
※ログインが途切れるか、7日到達すると
1日目から再開されます*
`聖晶石 X 2
11月交換券(2023) X 1
`*使用期限付コンティニューアイテムプレゼント！*
*開催期間中、初回ログインでコンティニューアイテム「霊脈石×3」をプレゼント！*
`霊脈石 X 3
`_2023-11-15 19:37:06_
--------
*79533b6314e6a2650ec019ea96bcaebe*
`登陆天数: 6天 / 1391天
等级: 125
石头: 466
呼符: 154
体力: 5881.733333333334 / 137
友情点: 0 / 1069055`
*連続ログイン6日目
※ログインが途切れるか、7日到達すると
1日目から再開されます*
`聖晶石 X 2
11月交換券(2023) X 1
`*使用期限付コンティニューアイテムプレゼント！*
*開催期間中、初回ログインでコンティニューアイテム「霊脈石×3」をプレゼント！*
`霊脈石 X 3
`_2023-11-15 19:37:15_
--------
*c4c21a97c6c4de9fca7a936ac25180fa*
`登陆天数: 6天 / 1370天
等级: 125
石头: 821
呼符: 136
体力: 7288.78 / 137
友情点: 0 / 1056845`
*連続ログイン6日目
※ログインが途切れるか、7日到達すると
1日目から再開されます*
`聖晶石 X 2
11月交換券(2023) X 1
`*使用期限付コンティニューアイテムプレゼント！*
*開催期間中、初回ログインでコンティニューアイテム「霊脈石×3」をプレゼント！*
`霊脈石 X 3
`_2023-11-15 19:37:24_
--------
*4aae112bebb9faeb436a728839c766be*
`登陆天数: 6天 / 1333天
等级: 125
石头: 190
呼符: 96
体力: 7286.826666666667 / 137
友情点: 0 / 1047595`
*連続ログイン6日目
※ログインが途切れるか、7日到達すると
1日目から再開されます*
`聖晶石 X 2
11月交換券(2023) X 1
`*使用期限付コンティニューアイテムプレゼント！*
*開催期間中、初回ログインでコンティニューアイテム「霊脈石×3」をプレゼント！*
`霊脈石 X 3
`_2023-11-15 19:37:33_
--------
