【登录信息】
*b3defd4892470752525def1917e467ce*
`登陆天数: 7天 / 1362天
等级: 125
石头: 437
呼符: 76
体力: 6994.206666666667 / 137
友情点: 0 / 969135`
*連続ログイン7日間到達おめでとうございます！
明日は1日目からリスタートされます。*
`獣の足跡 X 1
呼符 X 1
11月交換券(2023) X 1
`_2023-11-16 19:36:25_
--------
*5513206501fad4f4b9bb8c80e1620d51*
`登陆天数: 7天 / 1381天
等级: 125
石头: 210
呼符: 97
体力: 6778.766666666666 / 137
友情点: 0 / 1047975`
*連続ログイン7日間到達おめでとうございます！
明日は1日目からリスタートされます。*
`獣の足跡 X 1
呼符 X 1
11月交換券(2023) X 1
`_2023-11-16 19:36:34_
--------
*b8ed275142bdf1da8b56aac07218370c*
`登陆天数: 7天 / 1406天
等级: 125
石头: 466
呼符: 130
体力: 6154.8 / 137
友情点: 0 / 1150020`
*連続ログイン7日間到達おめでとうございます！
明日は1日目からリスタートされます。*
`獣の足跡 X 1
呼符 X 1
11月交換券(2023) X 1
`_2023-11-16 19:36:43_
--------
*d70a593ddeab376c769499a5f750641b*
`登陆天数: 7天 / 1382天
等级: 125
石头: 298
呼符: 146
体力: 6154.013333333333 / 137
友情点: 0 / 1043630`
*連続ログイン7日間到達おめでとうございます！
明日は1日目からリスタートされます。*
`獣の足跡 X 1
呼符 X 1
11月交換券(2023) X 1
`_2023-11-16 19:36:51_
--------
*6cd714eeb3e3e13a19f5d07a4626b930*
`登陆天数: 7天 / 1377天
等级: 125
石头: 299
呼符: 131
体力: 6152.8133333333335 / 137
友情点: 0 / 1129045`
*連続ログイン7日間到達おめでとうございます！
明日は1日目からリスタートされます。*
`獣の足跡 X 1
呼符 X 1
11月交換券(2023) X 1
`_2023-11-16 19:37:00_
--------
*4892f706d3520440c52889adcd975007*
`登陆天数: 7天 / 1406天
等级: 125
石头: 178
呼符: 111
体力: 6150.5633333333335 / 137
友情点: 0 / 1152480`
*連続ログイン7日間到達おめでとうございます！
明日は1日目からリスタートされます。*
`獣の足跡 X 1
呼符 X 1
11月交換券(2023) X 1
`_2023-11-16 19:37:09_
--------
*eeba3d0c68a3b7e9fa236136b30cb897*
`登陆天数: 7天 / 1380天
等级: 125
石头: 505
呼符: 135
体力: 6171.44 / 137
友情点: 0 / 1043650`
*連続ログイン7日間到達おめでとうございます！
明日は1日目からリスタートされます。*
`獣の足跡 X 1
呼符 X 1
11月交換券(2023) X 1
`_2023-11-16 19:37:18_
--------
*79533b6314e6a2650ec019ea96bcaebe*
`登陆天数: 7天 / 1392天
等级: 125
石头: 466
呼符: 154
体力: 6169.776666666667 / 137
友情点: 0 / 1069055`
*連続ログイン7日間到達おめでとうございます！
明日は1日目からリスタートされます。*
`獣の足跡 X 1
呼符 X 1
11月交換券(2023) X 1
`_2023-11-16 19:37:27_
--------
*c4c21a97c6c4de9fca7a936ac25180fa*
`登陆天数: 7天 / 1371天
等级: 125
石头: 821
呼符: 136
体力: 7576.82 / 137
友情点: 0 / 1056845`
*連続ログイン7日間到達おめでとうございます！
明日は1日目からリスタートされます。*
`獣の足跡 X 1
呼符 X 1
11月交換券(2023) X 1
`_2023-11-16 19:37:36_
--------
*4aae112bebb9faeb436a728839c766be*
`登陆天数: 7天 / 1334天
等级: 125
石头: 190
呼符: 96
体力: 7574.866666666667 / 137
友情点: 0 / 1047595`
*連続ログイン7日間到達おめでとうございます！
明日は1日目からリスタートされます。*
`獣の足跡 X 1
呼符 X 1
11月交換券(2023) X 1
`_2023-11-16 19:37:45_
--------
