【登录信息】
*b3defd4892470752525def1917e467ce*
`登陆天数: 8天 / 1363天
等级: 125
石头: 437
呼符: 76
体力: 7282.1866666666665 / 137
友情点: 0 / 969135`
*連続ログイン1日目
※ログインが途切れるか、7日到達すると
1日目から再開されます*
`フレンドポイント X 2000
11月交換券(2023) X 1
`*2900万DL突破記念 特別回数ログインボーナス*
*開催期間中、1日1回 最大10回 回数ログインボーナスをプレゼント！*
`白銀の果実 X 10
`_2023-11-17 19:36:20_
--------
*5513206501fad4f4b9bb8c80e1620d51*
`登陆天数: 8天 / 1382天
等级: 125
石头: 210
呼符: 97
体力: 7066.746666666667 / 137
友情点: 0 / 1047975`
*連続ログイン1日目
※ログインが途切れるか、7日到達すると
1日目から再開されます*
`フレンドポイント X 2000
11月交換券(2023) X 1
`*2900万DL突破記念 特別回数ログインボーナス*
*開催期間中、1日1回 最大10回 回数ログインボーナスをプレゼント！*
`白銀の果実 X 10
`_2023-11-17 19:36:28_
--------
*b8ed275142bdf1da8b56aac07218370c*
`登陆天数: 8天 / 1407天
等级: 125
石头: 466
呼符: 130
体力: 6442.78 / 137
友情点: 0 / 1150020`
*連続ログイン1日目
※ログインが途切れるか、7日到達すると
1日目から再開されます*
`フレンドポイント X 2000
11月交換券(2023) X 1
`*2900万DL突破記念 特別回数ログインボーナス*
*開催期間中、1日1回 最大10回 回数ログインボーナスをプレゼント！*
`白銀の果実 X 10
`_2023-11-17 19:36:36_
--------
*d70a593ddeab376c769499a5f750641b*
`登陆天数: 8天 / 1383天
等级: 125
石头: 298
呼符: 146
体力: 6441.99 / 137
友情点: 0 / 1043630`
*連続ログイン1日目
※ログインが途切れるか、7日到達すると
1日目から再開されます*
`フレンドポイント X 2000
11月交換券(2023) X 1
`*2900万DL突破記念 特別回数ログインボーナス*
*開催期間中、1日1回 最大10回 回数ログインボーナスをプレゼント！*
`白銀の果実 X 10
`_2023-11-17 19:36:45_
--------
*6cd714eeb3e3e13a19f5d07a4626b930*
`登陆天数: 8天 / 1378天
等级: 125
石头: 299
呼符: 131
体力: 6440.786666666667 / 137
友情点: 0 / 1129045`
*連続ログイン1日目
※ログインが途切れるか、7日到達すると
1日目から再開されます*
`フレンドポイント X 2000
11月交換券(2023) X 1
`*2900万DL突破記念 特別回数ログインボーナス*
*開催期間中、1日1回 最大10回 回数ログインボーナスをプレゼント！*
`白銀の果実 X 10
`_2023-11-17 19:36:53_
--------
*4892f706d3520440c52889adcd975007*
`登陆天数: 8天 / 1407天
等级: 125
石头: 178
呼符: 111
体力: 6438.536666666667 / 137
友情点: 0 / 1152480`
*連続ログイン1日目
※ログインが途切れるか、7日到達すると
1日目から再開されます*
`フレンドポイント X 2000
11月交換券(2023) X 1
`*2900万DL突破記念 特別回数ログインボーナス*
*開催期間中、1日1回 最大10回 回数ログインボーナスをプレゼント！*
`白銀の果実 X 10
`_2023-11-17 19:37:02_
--------
*eeba3d0c68a3b7e9fa236136b30cb897*
`登陆天数: 8天 / 1381天
等级: 125
石头: 505
呼符: 135
体力: 6459.413333333333 / 137
友情点: 0 / 1043650`
*連続ログイン1日目
※ログインが途切れるか、7日到達すると
1日目から再開されます*
`フレンドポイント X 2000
11月交換券(2023) X 1
`*2900万DL突破記念 特別回数ログインボーナス*
*開催期間中、1日1回 最大10回 回数ログインボーナスをプレゼント！*
`白銀の果実 X 10
`_2023-11-17 19:37:10_
--------
*79533b6314e6a2650ec019ea96bcaebe*
`登陆天数: 8天 / 1393天
等级: 125
石头: 466
呼符: 154
体力: 6457.746666666667 / 137
友情点: 0 / 1069055`
*連続ログイン1日目
※ログインが途切れるか、7日到達すると
1日目から再開されます*
`フレンドポイント X 2000
11月交換券(2023) X 1
`*2900万DL突破記念 特別回数ログインボーナス*
*開催期間中、1日1回 最大10回 回数ログインボーナスをプレゼント！*
`白銀の果実 X 10
`_2023-11-17 19:37:19_
--------
*c4c21a97c6c4de9fca7a936ac25180fa*
`登陆天数: 8天 / 1372天
等级: 125
石头: 821
呼符: 136
体力: 7864.793333333333 / 137
友情点: 0 / 1056845`
*連続ログイン1日目
※ログインが途切れるか、7日到達すると
1日目から再開されます*
`フレンドポイント X 2000
11月交換券(2023) X 1
`*2900万DL突破記念 特別回数ログインボーナス*
*開催期間中、1日1回 最大10回 回数ログインボーナスをプレゼント！*
`白銀の果実 X 10
`_2023-11-17 19:37:28_
--------
*4aae112bebb9faeb436a728839c766be*
`登陆天数: 8天 / 1335天
等级: 125
石头: 190
呼符: 96
体力: 7862.836666666667 / 137
友情点: 0 / 1047595`
*連続ログイン1日目
※ログインが途切れるか、7日到達すると
1日目から再開されます*
`フレンドポイント X 2000
11月交換券(2023) X 1
`*2900万DL突破記念 特別回数ログインボーナス*
*開催期間中、1日1回 最大10回 回数ログインボーナスをプレゼント！*
`白銀の果実 X 10
`_2023-11-17 19:37:36_
--------
