【登录信息】
*b3defd4892470752525def1917e467ce*
`登陆天数: 9天 / 1364天
等级: 125
石头: 437
呼符: 76
体力: 7570.13 / 137
友情点: 0 / 969135`
*連続ログイン2日目
※ログインが途切れるか、7日到達すると
1日目から再開されます*
`聖晶石 X 1
11月交換券(2023) X 1
`*2900万DL突破記念 特別回数ログインボーナス*
*開催期間中、1日1回 最大10回 回数ログインボーナスをプレゼント！*
`マナプリズム X 100
黄金の果実 X 10
`_2023-11-18 19:36:03_
--------
*5513206501fad4f4b9bb8c80e1620d51*
`登陆天数: 9天 / 1383天
等级: 125
石头: 210
呼符: 97
体力: 7354.693333333334 / 137
友情点: 0 / 1047975`
*連続ログイン2日目
※ログインが途切れるか、7日到達すると
1日目から再開されます*
`聖晶石 X 1
11月交換券(2023) X 1
`*2900万DL突破記念 特別回数ログインボーナス*
*開催期間中、1日1回 最大10回 回数ログインボーナスをプレゼント！*
`マナプリズム X 100
黄金の果実 X 10
`_2023-11-18 19:36:12_
--------
*b8ed275142bdf1da8b56aac07218370c*
`登陆天数: 9天 / 1408天
等级: 125
石头: 466
呼符: 130
体力: 6730.7266666666665 / 137
友情点: 0 / 1150020`
*連続ログイン2日目
※ログインが途切れるか、7日到達すると
1日目から再開されます*
`聖晶石 X 1
11月交換券(2023) X 1
`*2900万DL突破記念 特別回数ログインボーナス*
*開催期間中、1日1回 最大10回 回数ログインボーナスをプレゼント！*
`マナプリズム X 100
黄金の果実 X 10
`_2023-11-18 19:36:21_
--------
*d70a593ddeab376c769499a5f750641b*
`登陆天数: 9天 / 1384天
等级: 125
石头: 298
呼符: 146
体力: 6729.94 / 137
友情点: 0 / 1043630`
*連続ログイン2日目
※ログインが途切れるか、7日到達すると
1日目から再開されます*
`聖晶石 X 1
11月交換券(2023) X 1
`*2900万DL突破記念 特別回数ログインボーナス*
*開催期間中、1日1回 最大10回 回数ログインボーナスをプレゼント！*
`マナプリズム X 100
黄金の果実 X 10
`_2023-11-18 19:36:30_
--------
*6cd714eeb3e3e13a19f5d07a4626b930*
`登陆天数: 9天 / 1379天
等级: 125
石头: 299
呼符: 131
体力: 6728.74 / 137
友情点: 0 / 1129045`
*連続ログイン2日目
※ログインが途切れるか、7日到達すると
1日目から再開されます*
`聖晶石 X 1
11月交換券(2023) X 1
`*2900万DL突破記念 特別回数ログインボーナス*
*開催期間中、1日1回 最大10回 回数ログインボーナスをプレゼント！*
`マナプリズム X 100
黄金の果実 X 10
`_2023-11-18 19:36:39_
--------
*4892f706d3520440c52889adcd975007*
`登陆天数: 9天 / 1408天
等级: 125
石头: 178
呼符: 111
体力: 6726.49 / 137
友情点: 0 / 1152480`
*連続ログイン2日目
※ログインが途切れるか、7日到達すると
1日目から再開されます*
`聖晶石 X 1
11月交換券(2023) X 1
`*2900万DL突破記念 特別回数ログインボーナス*
*開催期間中、1日1回 最大10回 回数ログインボーナスをプレゼント！*
`マナプリズム X 100
黄金の果実 X 10
`_2023-11-18 19:36:47_
--------
*eeba3d0c68a3b7e9fa236136b30cb897*
`登陆天数: 9天 / 1382天
等级: 125
石头: 505
呼符: 135
体力: 6747.37 / 137
友情点: 0 / 1043650`
*連続ログイン2日目
※ログインが途切れるか、7日到達すると
1日目から再開されます*
`聖晶石 X 1
11月交換券(2023) X 1
`*2900万DL突破記念 特別回数ログインボーナス*
*開催期間中、1日1回 最大10回 回数ログインボーナスをプレゼント！*
`マナプリズム X 100
黄金の果実 X 10
`_2023-11-18 19:36:56_
--------
*79533b6314e6a2650ec019ea96bcaebe*
`登陆天数: 9天 / 1394天
等级: 125
石头: 466
呼符: 154
体力: 6745.703333333333 / 137
友情点: 0 / 1069055`
*連続ログイン2日目
※ログインが途切れるか、7日到達すると
1日目から再開されます*
`聖晶石 X 1
11月交換券(2023) X 1
`*2900万DL突破記念 特別回数ログインボーナス*
*開催期間中、1日1回 最大10回 回数ログインボーナスをプレゼント！*
`マナプリズム X 100
黄金の果実 X 10
`_2023-11-18 19:37:06_
--------
*c4c21a97c6c4de9fca7a936ac25180fa*
`登陆天数: 9天 / 1373天
等级: 125
石头: 821
呼符: 136
体力: 8152.75 / 137
友情点: 0 / 1056845`
*連続ログイン2日目
※ログインが途切れるか、7日到達すると
1日目から再開されます*
`聖晶石 X 1
11月交換券(2023) X 1
`*2900万DL突破記念 特別回数ログインボーナス*
*開催期間中、1日1回 最大10回 回数ログインボーナスをプレゼント！*
`マナプリズム X 100
黄金の果実 X 10
`_2023-11-18 19:37:15_
--------
*4aae112bebb9faeb436a728839c766be*
`登陆天数: 9天 / 1336天
等级: 125
石头: 190
呼符: 96
体力: 8150.796666666667 / 137
友情点: 0 / 1047595`
*連続ログイン2日目
※ログインが途切れるか、7日到達すると
1日目から再開されます*
`聖晶石 X 1
11月交換券(2023) X 1
`*2900万DL突破記念 特別回数ログインボーナス*
*開催期間中、1日1回 最大10回 回数ログインボーナスをプレゼント！*
`マナプリズム X 100
黄金の果実 X 10
`_2023-11-18 19:37:24_
--------
