【登录信息】
*b3defd4892470752525def1917e467ce*
`登陆天数: 10天 / 1365天
等级: 125
石头: 437
呼符: 76
体力: 7858.19 / 137
友情点: 0 / 969135`
*連続ログイン3日目
※ログインが途切れるか、7日到達すると
1日目から再開されます*
`叡智の業火 X 1
11月交換券(2023) X 1
`*2900万DL突破記念 特別回数ログインボーナス*
*開催期間中、1日1回 最大10回 回数ログインボーナスをプレゼント！*
`QP X 10000000
`_2023-11-19 19:36:21_
--------
*5513206501fad4f4b9bb8c80e1620d51*
`登陆天数: 10天 / 1384天
等级: 125
石头: 210
呼符: 97
体力: 7642.75 / 137
友情点: 0 / 1047975`
*連続ログイン3日目
※ログインが途切れるか、7日到達すると
1日目から再開されます*
`叡智の業火 X 1
11月交換券(2023) X 1
`*2900万DL突破記念 特別回数ログインボーナス*
*開催期間中、1日1回 最大10回 回数ログインボーナスをプレゼント！*
`QP X 10000000
`_2023-11-19 19:36:29_
--------
*b8ed275142bdf1da8b56aac07218370c*
`登陆天数: 10天 / 1409天
等级: 125
石头: 466
呼符: 130
体力: 7018.78 / 137
友情点: 0 / 1150020`
*連続ログイン3日目
※ログインが途切れるか、7日到達すると
1日目から再開されます*
`叡智の業火 X 1
11月交換券(2023) X 1
`*2900万DL突破記念 特別回数ログインボーナス*
*開催期間中、1日1回 最大10回 回数ログインボーナスをプレゼント！*
`QP X 10000000
`_2023-11-19 19:36:37_
--------
*d70a593ddeab376c769499a5f750641b*
`登陆天数: 10天 / 1385天
等级: 125
石头: 298
呼符: 146
体力: 7017.99 / 137
友情点: 0 / 1043630`
*連続ログイン3日目
※ログインが途切れるか、7日到達すると
1日目から再開されます*
`叡智の業火 X 1
11月交換券(2023) X 1
`*2900万DL突破記念 特別回数ログインボーナス*
*開催期間中、1日1回 最大10回 回数ログインボーナスをプレゼント！*
`QP X 10000000
`_2023-11-19 19:36:45_
--------
*6cd714eeb3e3e13a19f5d07a4626b930*
`登陆天数: 10天 / 1380天
等级: 125
石头: 299
呼符: 131
体力: 7016.79 / 137
友情点: 0 / 1129045`
*連続ログイン3日目
※ログインが途切れるか、7日到達すると
1日目から再開されます*
`叡智の業火 X 1
11月交換券(2023) X 1
`*2900万DL突破記念 特別回数ログインボーナス*
*開催期間中、1日1回 最大10回 回数ログインボーナスをプレゼント！*
`QP X 10000000
`_2023-11-19 19:36:54_
--------
*4892f706d3520440c52889adcd975007*
`登陆天数: 10天 / 1409天
等级: 125
石头: 178
呼符: 111
体力: 7014.536666666667 / 137
友情点: 0 / 1152480`
*連続ログイン3日目
※ログインが途切れるか、7日到達すると
1日目から再開されます*
`叡智の業火 X 1
11月交換券(2023) X 1
`*2900万DL突破記念 特別回数ログインボーナス*
*開催期間中、1日1回 最大10回 回数ログインボーナスをプレゼント！*
`QP X 10000000
`_2023-11-19 19:37:02_
--------
*eeba3d0c68a3b7e9fa236136b30cb897*
`登陆天数: 10天 / 1383天
等级: 125
石头: 505
呼符: 135
体力: 7035.416666666667 / 137
友情点: 0 / 1043650`
*連続ログイン3日目
※ログインが途切れるか、7日到達すると
1日目から再開されます*
`叡智の業火 X 1
11月交換券(2023) X 1
`*2900万DL突破記念 特別回数ログインボーナス*
*開催期間中、1日1回 最大10回 回数ログインボーナスをプレゼント！*
`QP X 10000000
`_2023-11-19 19:37:10_
--------
*79533b6314e6a2650ec019ea96bcaebe*
`登陆天数: 10天 / 1395天
等级: 125
石头: 466
呼符: 154
体力: 7033.75 / 137
友情点: 0 / 1069055`
*連続ログイン3日目
※ログインが途切れるか、7日到達すると
1日目から再開されます*
`叡智の業火 X 1
11月交換券(2023) X 1
`*2900万DL突破記念 特別回数ログインボーナス*
*開催期間中、1日1回 最大10回 回数ログインボーナスをプレゼント！*
`QP X 10000000
`_2023-11-19 19:37:19_
--------
*c4c21a97c6c4de9fca7a936ac25180fa*
`登陆天数: 10天 / 1374天
等级: 125
石头: 606
呼符: 145
体力: 27.706666666666663 / 137
友情点: 0 / 1064845`
*連続ログイン3日目
※ログインが途切れるか、7日到達すると
1日目から再開されます*
`叡智の業火 X 1
11月交換券(2023) X 1
`*2900万DL突破記念 特別回数ログインボーナス*
*開催期間中、1日1回 最大10回 回数ログインボーナスをプレゼント！*
`QP X 10000000
`_2023-11-19 19:37:28_
--------
*4aae112bebb9faeb436a728839c766be*
`登陆天数: 10天 / 1337天
等级: 125
石头: 190
呼符: 96
体力: 8438.836666666666 / 137
友情点: 0 / 1047595`
*連続ログイン3日目
※ログインが途切れるか、7日到達すると
1日目から再開されます*
`叡智の業火 X 1
11月交換券(2023) X 1
`*2900万DL突破記念 特別回数ログインボーナス*
*開催期間中、1日1回 最大10回 回数ログインボーナスをプレゼント！*
`QP X 10000000
`_2023-11-19 19:37:36_
--------
