【登录信息】
*b3defd4892470752525def1917e467ce*
`登陆天数: 11天 / 1366天
等级: 125
石头: 437
呼符: 76
体力: 8146.193333333334 / 137
友情点: 0 / 969135`
*連続ログイン4日目
※ログインが途切れるか、7日到達すると
1日目から再開されます*
`聖晶石 X 1
11月交換券(2023) X 1
`*2900万DL突破記念 特別回数ログインボーナス*
*開催期間中、1日1回 最大10回 回数ログインボーナスをプレゼント！*
`叡智の業火 X 10
`_2023-11-20 19:36:22_
--------
*5513206501fad4f4b9bb8c80e1620d51*
`登陆天数: 11天 / 1385天
等级: 125
石头: 210
呼符: 97
体力: 7930.756666666667 / 137
友情点: 0 / 1047975`
*連続ログイン4日目
※ログインが途切れるか、7日到達すると
1日目から再開されます*
`聖晶石 X 1
11月交換券(2023) X 1
`*2900万DL突破記念 特別回数ログインボーナス*
*開催期間中、1日1回 最大10回 回数ログインボーナスをプレゼント！*
`叡智の業火 X 10
`_2023-11-20 19:36:30_
--------
*b8ed275142bdf1da8b56aac07218370c*
`登陆天数: 11天 / 1410天
等级: 125
石头: 466
呼符: 130
体力: 7306.79 / 137
友情点: 0 / 1150020`
*連続ログイン4日目
※ログインが途切れるか、7日到達すると
1日目から再開されます*
`聖晶石 X 1
11月交換券(2023) X 1
`*2900万DL突破記念 特別回数ログインボーナス*
*開催期間中、1日1回 最大10回 回数ログインボーナスをプレゼント！*
`叡智の業火 X 10
`_2023-11-20 19:36:39_
--------
*d70a593ddeab376c769499a5f750641b*
`登陆天数: 11天 / 1386天
等级: 125
石头: 298
呼符: 146
体力: 7306.003333333333 / 137
友情点: 0 / 1043630`
*連続ログイン4日目
※ログインが途切れるか、7日到達すると
1日目から再開されます*
`聖晶石 X 1
11月交換券(2023) X 1
`*2900万DL突破記念 特別回数ログインボーナス*
*開催期間中、1日1回 最大10回 回数ログインボーナスをプレゼント！*
`叡智の業火 X 10
`_2023-11-20 19:36:49_
--------
*6cd714eeb3e3e13a19f5d07a4626b930*
`登陆天数: 11天 / 1381天
等级: 125
石头: 299
呼符: 131
体力: 7304.803333333333 / 137
友情点: 0 / 1129045`
*連続ログイン4日目
※ログインが途切れるか、7日到達すると
1日目から再開されます*
`聖晶石 X 1
11月交換券(2023) X 1
`*2900万DL突破記念 特別回数ログインボーナス*
*開催期間中、1日1回 最大10回 回数ログインボーナスをプレゼント！*
`叡智の業火 X 10
`_2023-11-20 19:36:57_
--------
*4892f706d3520440c52889adcd975007*
`登陆天数: 11天 / 1410天
等级: 125
石头: 178
呼符: 111
体力: 7302.553333333333 / 137
友情点: 0 / 1152480`
*連続ログイン4日目
※ログインが途切れるか、7日到達すると
1日目から再開されます*
`聖晶石 X 1
11月交換券(2023) X 1
`*2900万DL突破記念 特別回数ログインボーナス*
*開催期間中、1日1回 最大10回 回数ログインボーナスをプレゼント！*
`叡智の業火 X 10
`_2023-11-20 19:37:06_
--------
*eeba3d0c68a3b7e9fa236136b30cb897*
`登陆天数: 11天 / 1384天
等级: 125
石头: 505
呼符: 135
体力: 7323.433333333333 / 137
友情点: 0 / 1043650`
*連続ログイン4日目
※ログインが途切れるか、7日到達すると
1日目から再開されます*
`聖晶石 X 1
11月交換券(2023) X 1
`*2900万DL突破記念 特別回数ログインボーナス*
*開催期間中、1日1回 最大10回 回数ログインボーナスをプレゼント！*
`叡智の業火 X 10
`_2023-11-20 19:37:15_
--------
*79533b6314e6a2650ec019ea96bcaebe*
`登陆天数: 11天 / 1396天
等级: 125
石头: 466
呼符: 154
体力: 7321.766666666666 / 137
友情点: 0 / 1069055`
*連続ログイン4日目
※ログインが途切れるか、7日到達すると
1日目から再開されます*
`聖晶石 X 1
11月交換券(2023) X 1
`*2900万DL突破記念 特別回数ログインボーナス*
*開催期間中、1日1回 最大10回 回数ログインボーナスをプレゼント！*
`叡智の業火 X 10
`_2023-11-20 19:37:25_
--------
*c4c21a97c6c4de9fca7a936ac25180fa*
`登陆天数: 11天 / 1375天
等级: 125
石头: 606
呼符: 145
体力: 315.73 / 137
友情点: 0 / 1064845`
*連続ログイン4日目
※ログインが途切れるか、7日到達すると
1日目から再開されます*
`聖晶石 X 1
11月交換券(2023) X 1
`*2900万DL突破記念 特別回数ログインボーナス*
*開催期間中、1日1回 最大10回 回数ログインボーナスをプレゼント！*
`叡智の業火 X 10
`_2023-11-20 19:37:34_
--------
*4aae112bebb9faeb436a728839c766be*
`登陆天数: 11天 / 1338天
等级: 125
石头: 190
呼符: 96
体力: 8726.863333333333 / 137
友情点: 0 / 1047595`
*連続ログイン4日目
※ログインが途切れるか、7日到達すると
1日目から再開されます*
`聖晶石 X 1
11月交換券(2023) X 1
`*2900万DL突破記念 特別回数ログインボーナス*
*開催期間中、1日1回 最大10回 回数ログインボーナスをプレゼント！*
`叡智の業火 X 10
`_2023-11-20 19:37:43_
--------
