【登录信息】
*b3defd4892470752525def1917e467ce*
`登陆天数: 16天 / 1371天
等级: 125
石头: 437
呼符: 76
体力: 9586.22 / 137
友情点: 0 / 969135`
*連続ログイン2日目
※ログインが途切れるか、7日到達すると
1日目から再開されます*
`聖晶石 X 1
11月交換券(2023) X 1
`*日替りログインボーナス*
*開催期間中、1日1回 2週間日替りでログインボーナスをプレゼント！*
`巡霊の葉 X 30
`_2023-11-25 19:36:30_
--------
*5513206501fad4f4b9bb8c80e1620d51*
`登陆天数: 16天 / 1390天
等级: 125
石头: 210
呼符: 97
体力: 9370.78 / 137
友情点: 0 / 1047975`
*連続ログイン2日目
※ログインが途切れるか、7日到達すると
1日目から再開されます*
`聖晶石 X 1
11月交換券(2023) X 1
`*日替りログインボーナス*
*開催期間中、1日1回 2週間日替りでログインボーナスをプレゼント！*
`巡霊の葉 X 30
`_2023-11-25 19:36:38_
--------
*b8ed275142bdf1da8b56aac07218370c*
`登陆天数: 16天 / 1415天
等级: 125
石头: 466
呼符: 130
体力: 8746.813333333334 / 137
友情点: 0 / 1150020`
*連続ログイン2日目
※ログインが途切れるか、7日到達すると
1日目から再開されます*
`聖晶石 X 1
11月交換券(2023) X 1
`*日替りログインボーナス*
*開催期間中、1日1回 2週間日替りでログインボーナスをプレゼント！*
`巡霊の葉 X 30
`_2023-11-25 19:36:47_
--------
*d70a593ddeab376c769499a5f750641b*
`登陆天数: 16天 / 1391天
等级: 125
石头: 298
呼符: 146
体力: 8746.026666666667 / 137
友情点: 0 / 1043630`
*連続ログイン2日目
※ログインが途切れるか、7日到達すると
1日目から再開されます*
`聖晶石 X 1
11月交換券(2023) X 1
`*日替りログインボーナス*
*開催期間中、1日1回 2週間日替りでログインボーナスをプレゼント！*
`巡霊の葉 X 30
`_2023-11-25 19:36:55_
--------
*6cd714eeb3e3e13a19f5d07a4626b930*
`登陆天数: 16天 / 1386天
等级: 125
石头: 299
呼符: 131
体力: 8744.823333333334 / 137
友情点: 0 / 1129045`
*連続ログイン2日目
※ログインが途切れるか、7日到達すると
1日目から再開されます*
`聖晶石 X 1
11月交換券(2023) X 1
`*日替りログインボーナス*
*開催期間中、1日1回 2週間日替りでログインボーナスをプレゼント！*
`巡霊の葉 X 30
`_2023-11-25 19:37:04_
--------
*4892f706d3520440c52889adcd975007*
`登陆天数: 16天 / 1415天
等级: 125
石头: 178
呼符: 111
体力: 8742.573333333334 / 137
友情点: 0 / 1152480`
*連続ログイン2日目
※ログインが途切れるか、7日到達すると
1日目から再開されます*
`聖晶石 X 1
11月交換券(2023) X 1
`*日替りログインボーナス*
*開催期間中、1日1回 2週間日替りでログインボーナスをプレゼント！*
`巡霊の葉 X 30
`_2023-11-25 19:37:12_
--------
*eeba3d0c68a3b7e9fa236136b30cb897*
`登陆天数: 16天 / 1389天
等级: 125
石头: 505
呼符: 135
体力: 8763.45 / 137
友情点: 0 / 1043650`
*連続ログイン2日目
※ログインが途切れるか、7日到達すると
1日目から再開されます*
`聖晶石 X 1
11月交換券(2023) X 1
`*日替りログインボーナス*
*開催期間中、1日1回 2週間日替りでログインボーナスをプレゼント！*
`巡霊の葉 X 30
`_2023-11-25 19:37:21_
--------
*79533b6314e6a2650ec019ea96bcaebe*
`登陆天数: 16天 / 1401天
等级: 125
石头: 466
呼符: 154
体力: 8761.783333333333 / 137
友情点: 0 / 1069055`
*連続ログイン2日目
※ログインが途切れるか、7日到達すると
1日目から再開されます*
`聖晶石 X 1
11月交換券(2023) X 1
`*日替りログインボーナス*
*開催期間中、1日1回 2週間日替りでログインボーナスをプレゼント！*
`巡霊の葉 X 30
`_2023-11-25 19:37:30_
--------
*c4c21a97c6c4de9fca7a936ac25180fa*
`登陆天数: 16天 / 1380天
等级: 125
石头: 606
呼符: 145
体力: 1755.7466666666667 / 137
友情点: 0 / 1064845`
*連続ログイン2日目
※ログインが途切れるか、7日到達すると
1日目から再開されます*
`聖晶石 X 1
11月交換券(2023) X 1
`*日替りログインボーナス*
*開催期間中、1日1回 2週間日替りでログインボーナスをプレゼント！*
`巡霊の葉 X 30
`_2023-11-25 19:37:39_
--------
*4aae112bebb9faeb436a728839c766be*
`登陆天数: 16天 / 1343天
等级: 125
石头: 190
呼符: 96
体力: 10166.873333333333 / 137
友情点: 0 / 1047595`
*連続ログイン2日目
※ログインが途切れるか、7日到達すると
1日目から再開されます*
`聖晶石 X 1
11月交換券(2023) X 1
`*日替りログインボーナス*
*開催期間中、1日1回 2週間日替りでログインボーナスをプレゼント！*
`巡霊の葉 X 30
`_2023-11-25 19:37:47_
--------
