【登录信息】
*b3defd4892470752525def1917e467ce*
`登陆天数: 19天 / 1374天
等级: 125
石头: 437
呼符: 76
体力: 10450.156666666666 / 137
友情点: 0 / 969135`
*連続ログイン5日目
※ログインが途切れるか、7日到達すると
1日目から再開されます*
`叡智の業火 X 2
11月交換券(2023) X 1
`*日替りログインボーナス*
*開催期間中、1日1回 2週間日替りでログインボーナスをプレゼント！*
`聖晶石 X 3
巡霊の葉 X 50
`_2023-11-28 19:36:11_
--------
*5513206501fad4f4b9bb8c80e1620d51*
`登陆天数: 19天 / 1393天
等级: 125
石头: 210
呼符: 97
体力: 10234.716666666667 / 137
友情点: 0 / 1047975`
*連続ログイン5日目
※ログインが途切れるか、7日到達すると
1日目から再開されます*
`叡智の業火 X 2
11月交換券(2023) X 1
`*日替りログインボーナス*
*開催期間中、1日1回 2週間日替りでログインボーナスをプレゼント！*
`聖晶石 X 3
巡霊の葉 X 50
`_2023-11-28 19:36:19_
--------
*b8ed275142bdf1da8b56aac07218370c*
`登陆天数: 19天 / 1418天
等级: 125
石头: 466
呼符: 130
体力: 9610.75 / 137
友情点: 0 / 1150020`
*連続ログイン5日目
※ログインが途切れるか、7日到達すると
1日目から再開されます*
`叡智の業火 X 2
11月交換券(2023) X 1
`*日替りログインボーナス*
*開催期間中、1日1回 2週間日替りでログインボーナスをプレゼント！*
`聖晶石 X 3
巡霊の葉 X 50
`_2023-11-28 19:36:27_
--------
*d70a593ddeab376c769499a5f750641b*
`登陆天数: 19天 / 1394天
等级: 125
石头: 298
呼符: 146
体力: 9609.96 / 137
友情点: 0 / 1043630`
*連続ログイン5日目
※ログインが途切れるか、7日到達すると
1日目から再開されます*
`叡智の業火 X 2
11月交換券(2023) X 1
`*日替りログインボーナス*
*開催期間中、1日1回 2週間日替りでログインボーナスをプレゼント！*
`聖晶石 X 3
巡霊の葉 X 50
`_2023-11-28 19:36:36_
--------
*6cd714eeb3e3e13a19f5d07a4626b930*
`登陆天数: 19天 / 1389天
等级: 125
石头: 299
呼符: 131
体力: 9608.76 / 137
友情点: 0 / 1129045`
*連続ログイン5日目
※ログインが途切れるか、7日到達すると
1日目から再開されます*
`叡智の業火 X 2
11月交換券(2023) X 1
`*日替りログインボーナス*
*開催期間中、1日1回 2週間日替りでログインボーナスをプレゼント！*
`聖晶石 X 3
巡霊の葉 X 50
`_2023-11-28 19:36:45_
--------
*4892f706d3520440c52889adcd975007*
`登陆天数: 19天 / 1418天
等级: 125
石头: 178
呼符: 111
体力: 9606.506666666666 / 137
友情点: 0 / 1152480`
*連続ログイン5日目
※ログインが途切れるか、7日到達すると
1日目から再開されます*
`叡智の業火 X 2
11月交換券(2023) X 1
`*日替りログインボーナス*
*開催期間中、1日1回 2週間日替りでログインボーナスをプレゼント！*
`聖晶石 X 3
巡霊の葉 X 50
`_2023-11-28 19:36:53_
--------
*eeba3d0c68a3b7e9fa236136b30cb897*
`登陆天数: 19天 / 1392天
等级: 125
石头: 505
呼符: 135
体力: 9627.386666666667 / 137
友情点: 0 / 1043650`
*連続ログイン5日目
※ログインが途切れるか、7日到達すると
1日目から再開されます*
`叡智の業火 X 2
11月交換券(2023) X 1
`*日替りログインボーナス*
*開催期間中、1日1回 2週間日替りでログインボーナスをプレゼント！*
`聖晶石 X 3
巡霊の葉 X 50
`_2023-11-28 19:37:02_
--------
*79533b6314e6a2650ec019ea96bcaebe*
`登陆天数: 19天 / 1404天
等级: 125
石头: 466
呼符: 154
体力: 9625.72 / 137
友情点: 0 / 1069055`
*連続ログイン5日目
※ログインが途切れるか、7日到達すると
1日目から再開されます*
`叡智の業火 X 2
11月交換券(2023) X 1
`*日替りログインボーナス*
*開催期間中、1日1回 2週間日替りでログインボーナスをプレゼント！*
`聖晶石 X 3
巡霊の葉 X 50
`_2023-11-28 19:37:11_
--------
*c4c21a97c6c4de9fca7a936ac25180fa*
`登陆天数: 19天 / 1383天
等级: 125
石头: 606
呼符: 145
体力: 2619.6833333333334 / 137
友情点: 0 / 1064845`
*連続ログイン5日目
※ログインが途切れるか、7日到達すると
1日目から再開されます*
`叡智の業火 X 2
11月交換券(2023) X 1
`*日替りログインボーナス*
*開催期間中、1日1回 2週間日替りでログインボーナスをプレゼント！*
`聖晶石 X 3
巡霊の葉 X 50
`_2023-11-28 19:37:19_
--------
*4aae112bebb9faeb436a728839c766be*
`登陆天数: 19天 / 1346天
等级: 125
石头: 190
呼符: 96
体力: 11030.81 / 137
友情点: 0 / 1047595`
*連続ログイン5日目
※ログインが途切れるか、7日到達すると
1日目から再開されます*
`叡智の業火 X 2
11月交換券(2023) X 1
`*日替りログインボーナス*
*開催期間中、1日1回 2週間日替りでログインボーナスをプレゼント！*
`聖晶石 X 3
巡霊の葉 X 50
`_2023-11-28 19:37:28_
--------
