【登录信息】
*b3defd4892470752525def1917e467ce*
`登陆天数: 70天 / 1185天
等级: 125
石头: 907
呼符: 52
体力: 1518.0066666666667 / 137
友情点: 0 / 835045`
*連続ログイン7日間到達おめでとうございます！
明日は1日目からリスタートされます。*
`獣の足跡 X 1
呼符 X 1
5月交換券(2023) X 1
`_2023-04-30 19:34:32_
--------
*5513206501fad4f4b9bb8c80e1620d51*
`登陆天数: 70天 / 1203天
等级: 125
石头: 707
呼符: 71
体力: 1498.74 / 137
友情点: 0 / 897975`
*連続ログイン7日間到達おめでとうございます！
明日は1日目からリスタートされます。*
`獣の足跡 X 1
呼符 X 1
5月交換券(2023) X 1
`_2023-04-30 19:34:40_
--------
*b8ed275142bdf1da8b56aac07218370c*
`登陆天数: 70天 / 1229天
等级: 125
石头: 681
呼符: 92
体力: 1507.9 / 137
友情点: 0 / 1002020`
*連続ログイン7日間到達おめでとうございます！
明日は1日目からリスタートされます。*
`獣の足跡 X 1
呼符 X 1
5月交換券(2023) X 1
`_2023-04-30 19:34:48_
--------
*d70a593ddeab376c769499a5f750641b*
`登陆天数: 70天 / 1205天
等级: 125
石头: 215
呼符: 128
体力: 9281.903333333334 / 137
友情点: 0 / 887630`
*連続ログイン7日間到達おめでとうございます！
明日は1日目からリスタートされます。*
`獣の足跡 X 1
呼符 X 1
5月交換券(2023) X 1
`_2023-04-30 19:34:56_
--------
*6cd714eeb3e3e13a19f5d07a4626b930*
`登陆天数: 70天 / 1200天
等级: 125
石头: 441
呼符: 88
体力: 1506.8666666666666 / 137
友情点: 0 / 985045`
*連続ログイン7日間到達おめでとうございます！
明日は1日目からリスタートされます。*
`獣の足跡 X 1
呼符 X 1
5月交換券(2023) X 1
`_2023-04-30 19:35:04_
--------
*4892f706d3520440c52889adcd975007*
`登陆天数: 70天 / 1228天
等级: 125
石头: 723
呼符: 123
体力: 1197.4466666666667 / 137
友情点: 0 / 1002480`
*連続ログイン7日間到達おめでとうございます！
明日は1日目からリスタートされます。*
`獣の足跡 X 1
呼符 X 1
5月交換券(2023) X 1
`_2023-04-30 19:35:12_
--------
*eeba3d0c68a3b7e9fa236136b30cb897*
`登陆天数: 70天 / 1202天
等级: 125
石头: 1457
呼符: 92
体力: 1197.9133333333334 / 137
友情点: 0 / 893650`
*連続ログイン7日間到達おめでとうございます！
明日は1日目からリスタートされます。*
`獣の足跡 X 1
呼符 X 1
5月交換券(2023) X 1
`_2023-04-30 19:35:20_
--------
*79533b6314e6a2650ec019ea96bcaebe*
`登陆天数: 70天 / 1214天
等级: 125
石头: 985
呼符: 117
体力: 1199.7033333333334 / 137
友情点: 0 / 921055`
*連続ログイン7日間到達おめでとうございます！
明日は1日目からリスタートされます。*
`獣の足跡 X 1
呼符 X 1
5月交換券(2023) X 1
`_2023-04-30 19:35:28_
--------
*c4c21a97c6c4de9fca7a936ac25180fa*
`登陆天数: 70天 / 1194天
等级: 125
石头: 1215
呼符: 94
体力: 1196.04 / 137
友情点: 0 / 908845`
*連続ログイン7日間到達おめでとうございます！
明日は1日目からリスタートされます。*
`獣の足跡 X 1
呼符 X 1
5月交換券(2023) X 1
`_2023-04-30 19:35:36_
--------
*4aae112bebb9faeb436a728839c766be*
`登陆天数: 70天 / 1157天
等级: 125
石头: 408
呼符: 79
体力: 9612.333333333334 / 137
友情点: 0 / 891595`
*連続ログイン7日間到達おめでとうございます！
明日は1日目からリスタートされます。*
`獣の足跡 X 1
呼符 X 1
5月交換券(2023) X 1
`_2023-04-30 19:35:44_
--------
