【登录信息】
*b3defd4892470752525def1917e467ce*
`登陆天数: 71天 / 1186天
等级: 125
石头: 907
呼符: 52
体力: 1805.9933333333333 / 137
友情点: 0 / 835045`
*連続ログイン1日目
※ログインが途切れるか、7日到達すると
1日目から再開されます*
`フレンドポイント X 2000
5月交換券(2023) X 1
`_2023-05-01 19:34:27_
--------
*5513206501fad4f4b9bb8c80e1620d51*
`登陆天数: 71天 / 1204天
等级: 125
石头: 707
呼符: 71
体力: 1786.7233333333334 / 137
友情点: 0 / 897975`
*連続ログイン1日目
※ログインが途切れるか、7日到達すると
1日目から再開されます*
`フレンドポイント X 2000
5月交換券(2023) X 1
`_2023-05-01 19:34:35_
--------
*b8ed275142bdf1da8b56aac07218370c*
`登陆天数: 71天 / 1230天
等级: 125
石头: 681
呼符: 92
体力: 1795.8833333333334 / 137
友情点: 0 / 1002020`
*連続ログイン1日目
※ログインが途切れるか、7日到達すると
1日目から再開されます*
`フレンドポイント X 2000
5月交換券(2023) X 1
`_2023-05-01 19:34:43_
--------
*d70a593ddeab376c769499a5f750641b*
`登陆天数: 71天 / 1206天
等级: 125
石头: 215
呼符: 128
体力: 9569.89 / 137
友情点: 0 / 887630`
*連続ログイン1日目
※ログインが途切れるか、7日到達すると
1日目から再開されます*
`フレンドポイント X 2000
5月交換券(2023) X 1
`_2023-05-01 19:34:52_
--------
*6cd714eeb3e3e13a19f5d07a4626b930*
`登陆天数: 71天 / 1201天
等级: 125
石头: 441
呼符: 88
体力: 1794.8533333333332 / 137
友情点: 0 / 985045`
*連続ログイン1日目
※ログインが途切れるか、7日到達すると
1日目から再開されます*
`フレンドポイント X 2000
5月交換券(2023) X 1
`_2023-05-01 19:35:00_
--------
*4892f706d3520440c52889adcd975007*
`登陆天数: 71天 / 1229天
等级: 125
石头: 723
呼符: 123
体力: 1485.4366666666667 / 137
友情点: 0 / 1002480`
*連続ログイン1日目
※ログインが途切れるか、7日到達すると
1日目から再開されます*
`フレンドポイント X 2000
5月交換券(2023) X 1
`_2023-05-01 19:35:09_
--------
*eeba3d0c68a3b7e9fa236136b30cb897*
`登陆天数: 71天 / 1203天
等级: 125
石头: 1457
呼符: 92
体力: 1485.9033333333334 / 137
友情点: 0 / 893650`
*連続ログイン1日目
※ログインが途切れるか、7日到達すると
1日目から再開されます*
`フレンドポイント X 2000
5月交換券(2023) X 1
`_2023-05-01 19:35:17_
--------
*79533b6314e6a2650ec019ea96bcaebe*
`登陆天数: 71天 / 1215天
等级: 125
石头: 985
呼符: 117
体力: 1487.6966666666667 / 137
友情点: 0 / 921055`
*連続ログイン1日目
※ログインが途切れるか、7日到達すると
1日目から再開されます*
`フレンドポイント X 2000
5月交換券(2023) X 1
`_2023-05-01 19:35:26_
--------
*c4c21a97c6c4de9fca7a936ac25180fa*
`登陆天数: 71天 / 1195天
等级: 125
石头: 1215
呼符: 94
体力: 1484.0333333333333 / 137
友情点: 0 / 908845`
*連続ログイン1日目
※ログインが途切れるか、7日到達すると
1日目から再開されます*
`フレンドポイント X 2000
5月交換券(2023) X 1
`_2023-05-01 19:35:35_
--------
*4aae112bebb9faeb436a728839c766be*
`登陆天数: 71天 / 1158天
等级: 125
石头: 408
呼符: 79
体力: 9900.33 / 137
友情点: 0 / 891595`
*連続ログイン1日目
※ログインが途切れるか、7日到達すると
1日目から再開されます*
`フレンドポイント X 2000
5月交換券(2023) X 1
`_2023-05-01 19:35:43_
--------
