【登录信息】
*b3defd4892470752525def1917e467ce*
`登陆天数: 72天 / 1187天
等级: 125
石头: 907
呼符: 52
体力: 2093.963333333333 / 137
友情点: 0 / 835045`
*連続ログイン2日目
※ログインが途切れるか、7日到達すると
1日目から再開されます*
`聖晶石 X 1
5月交換券(2023) X 1
`_2023-05-02 19:34:18_
--------
*5513206501fad4f4b9bb8c80e1620d51*
`登陆天数: 72天 / 1205天
等级: 125
石头: 707
呼符: 71
体力: 2074.6933333333336 / 137
友情点: 0 / 897975`
*連続ログイン2日目
※ログインが途切れるか、7日到達すると
1日目から再開されます*
`聖晶石 X 1
5月交換券(2023) X 1
`_2023-05-02 19:34:26_
--------
*b8ed275142bdf1da8b56aac07218370c*
`登陆天数: 72天 / 1231天
等级: 125
石头: 681
呼符: 92
体力: 2083.8533333333335 / 137
友情点: 0 / 1002020`
*連続ログイン2日目
※ログインが途切れるか、7日到達すると
1日目から再開されます*
`聖晶石 X 1
5月交換券(2023) X 1
`_2023-05-02 19:34:34_
--------
*d70a593ddeab376c769499a5f750641b*
`登陆天数: 72天 / 1207天
等级: 125
石头: 215
呼符: 128
体力: 9857.856666666667 / 137
友情点: 0 / 887630`
*連続ログイン2日目
※ログインが途切れるか、7日到達すると
1日目から再開されます*
`聖晶石 X 1
5月交換券(2023) X 1
`_2023-05-02 19:34:43_
--------
*6cd714eeb3e3e13a19f5d07a4626b930*
`登陆天数: 72天 / 1202天
等级: 125
石头: 441
呼符: 88
体力: 2082.8233333333333 / 137
友情点: 0 / 985045`
*連続ログイン2日目
※ログインが途切れるか、7日到達すると
1日目から再開されます*
`聖晶石 X 1
5月交換券(2023) X 1
`_2023-05-02 19:34:51_
--------
*4892f706d3520440c52889adcd975007*
`登陆天数: 72天 / 1230天
等级: 125
石头: 723
呼符: 123
体力: 1773.4033333333334 / 137
友情点: 0 / 1002480`
*連続ログイン2日目
※ログインが途切れるか、7日到達すると
1日目から再開されます*
`聖晶石 X 1
5月交換券(2023) X 1
`_2023-05-02 19:34:59_
--------
*eeba3d0c68a3b7e9fa236136b30cb897*
`登陆天数: 72天 / 1204天
等级: 125
石头: 1457
呼符: 92
体力: 1773.8733333333332 / 137
友情点: 0 / 893650`
*連続ログイン2日目
※ログインが途切れるか、7日到達すると
1日目から再開されます*
`聖晶石 X 1
5月交換券(2023) X 1
`_2023-05-02 19:35:08_
--------
*79533b6314e6a2650ec019ea96bcaebe*
`登陆天数: 72天 / 1216天
等级: 125
石头: 985
呼符: 117
体力: 1775.6633333333334 / 137
友情点: 0 / 921055`
*連続ログイン2日目
※ログインが途切れるか、7日到達すると
1日目から再開されます*
`聖晶石 X 1
5月交換券(2023) X 1
`_2023-05-02 19:35:16_
--------
*c4c21a97c6c4de9fca7a936ac25180fa*
`登陆天数: 72天 / 1196天
等级: 125
石头: 1215
呼符: 94
体力: 1772.0033333333333 / 137
友情点: 0 / 908845`
*連続ログイン2日目
※ログインが途切れるか、7日到達すると
1日目から再開されます*
`聖晶石 X 1
5月交換券(2023) X 1
`_2023-05-02 19:35:25_
--------
*4aae112bebb9faeb436a728839c766be*
`登陆天数: 72天 / 1159天
等级: 125
石头: 408
呼符: 79
体力: 10188.296666666667 / 137
友情点: 0 / 891595`
*連続ログイン2日目
※ログインが途切れるか、7日到達すると
1日目から再開されます*
`聖晶石 X 1
5月交換券(2023) X 1
`_2023-05-02 19:35:33_
--------
