【登录信息】
*b3defd4892470752525def1917e467ce*
`登陆天数: 73天 / 1188天
等级: 125
石头: 907
呼符: 52
体力: 2382.01 / 137
友情点: 0 / 835045`
*連続ログイン3日目
※ログインが途切れるか、7日到達すると
1日目から再開されます*
`叡智の業火 X 1
5月交換券(2023) X 1
`_2023-05-03 19:34:32_
--------
*5513206501fad4f4b9bb8c80e1620d51*
`登陆天数: 73天 / 1206天
等级: 125
石头: 707
呼符: 71
体力: 2362.74 / 137
友情点: 0 / 897975`
*連続ログイン3日目
※ログインが途切れるか、7日到達すると
1日目から再開されます*
`叡智の業火 X 1
5月交換券(2023) X 1
`_2023-05-03 19:34:40_
--------
*b8ed275142bdf1da8b56aac07218370c*
`登陆天数: 73天 / 1232天
等级: 125
石头: 681
呼符: 92
体力: 2371.903333333333 / 137
友情点: 0 / 1002020`
*連続ログイン3日目
※ログインが途切れるか、7日到達すると
1日目から再開されます*
`叡智の業火 X 1
5月交換券(2023) X 1
`_2023-05-03 19:34:49_
--------
*d70a593ddeab376c769499a5f750641b*
`登陆天数: 73天 / 1208天
等级: 125
石头: 215
呼符: 128
体力: 10145.91 / 137
友情点: 0 / 887630`
*連続ログイン3日目
※ログインが途切れるか、7日到達すると
1日目から再開されます*
`叡智の業火 X 1
5月交換券(2023) X 1
`_2023-05-03 19:34:58_
--------
*6cd714eeb3e3e13a19f5d07a4626b930*
`登陆天数: 73天 / 1203天
等级: 125
石头: 441
呼符: 88
体力: 2370.8733333333334 / 137
友情点: 0 / 985045`
*連続ログイン3日目
※ログインが途切れるか、7日到達すると
1日目から再開されます*
`叡智の業火 X 1
5月交換券(2023) X 1
`_2023-05-03 19:35:06_
--------
*4892f706d3520440c52889adcd975007*
`登陆天数: 73天 / 1231天
等级: 125
石头: 723
呼符: 123
体力: 2061.4533333333334 / 137
友情点: 0 / 1002480`
*連続ログイン3日目
※ログインが途切れるか、7日到達すると
1日目から再開されます*
`叡智の業火 X 1
5月交換券(2023) X 1
`_2023-05-03 19:35:14_
--------
*eeba3d0c68a3b7e9fa236136b30cb897*
`登陆天数: 73天 / 1205天
等级: 125
石头: 1457
呼符: 92
体力: 2061.923333333333 / 137
友情点: 0 / 893650`
*連続ログイン3日目
※ログインが途切れるか、7日到達すると
1日目から再開されます*
`叡智の業火 X 1
5月交換券(2023) X 1
`_2023-05-03 19:35:23_
--------
*79533b6314e6a2650ec019ea96bcaebe*
`登陆天数: 73天 / 1217天
等级: 125
石头: 985
呼符: 117
体力: 2063.713333333333 / 137
友情点: 0 / 921055`
*連続ログイン3日目
※ログインが途切れるか、7日到達すると
1日目から再開されます*
`叡智の業火 X 1
5月交換券(2023) X 1
`_2023-05-03 19:35:31_
--------
*c4c21a97c6c4de9fca7a936ac25180fa*
`登陆天数: 73天 / 1197天
等级: 125
石头: 1215
呼符: 94
体力: 2060.0533333333333 / 137
友情点: 0 / 908845`
*連続ログイン3日目
※ログインが途切れるか、7日到達すると
1日目から再開されます*
`叡智の業火 X 1
5月交換券(2023) X 1
`_2023-05-03 19:35:40_
--------
*4aae112bebb9faeb436a728839c766be*
`登陆天数: 73天 / 1160天
等级: 125
石头: 408
呼符: 79
体力: 10476.346666666666 / 137
友情点: 0 / 891595`
*連続ログイン3日目
※ログインが途切れるか、7日到達すると
1日目から再開されます*
`叡智の業火 X 1
5月交換券(2023) X 1
`_2023-05-03 19:35:48_
--------
