【登录信息】
*b3defd4892470752525def1917e467ce*
`登陆天数: 75天 / 1190天
等级: 125
石头: 23
呼符: 51
体力: 148.17333333333335 / 137
友情点: 0 / 837045`
*連続ログイン5日目
※ログインが途切れるか、7日到達すると
1日目から再開されます*
`叡智の業火 X 2
5月交換券(2023) X 1
`_2023-05-05 19:34:22_
--------
*5513206501fad4f4b9bb8c80e1620d51*
`登陆天数: 75天 / 1208天
等级: 125
石头: 213
呼符: 82
体力: 144.63333333333333 / 137
友情点: 0 / 899975`
*連続ログイン5日目
※ログインが途切れるか、7日到達すると
1日目から再開されます*
`叡智の業火 X 2
5月交換券(2023) X 1
`_2023-05-05 19:34:31_
--------
*b8ed275142bdf1da8b56aac07218370c*
`登陆天数: 75天 / 1234天
等级: 125
石头: 21
呼符: 87
体力: 142.81333333333333 / 137
友情点: 0 / 1002020`
*連続ログイン5日目
※ログインが途切れるか、7日到達すると
1日目から再開されます*
`叡智の業火 X 2
5月交換券(2023) X 1
`_2023-05-05 19:34:39_
--------
*d70a593ddeab376c769499a5f750641b*
`登陆天数: 75天 / 1210天
等级: 125
石头: 6
呼符: 109
体力: 141.07333333333332 / 137
友情点: 0 / 897630`
*連続ログイン5日目
※ログインが途切れるか、7日到達すると
1日目から再開されます*
`叡智の業火 X 2
5月交換券(2023) X 1
`_2023-05-05 19:34:47_
--------
*6cd714eeb3e3e13a19f5d07a4626b930*
`登陆天数: 75天 / 1205天
等级: 125
石头: 37
呼符: 99
体力: 138.00333333333333 / 137
友情点: 0 / 987045`
*連続ログイン5日目
※ログインが途切れるか、7日到達すると
1日目から再開されます*
`叡智の業火 X 2
5月交換券(2023) X 1
`_2023-05-05 19:34:55_
--------
*4892f706d3520440c52889adcd975007*
`登陆天数: 75天 / 1233天
等级: 125
石头: 723
呼符: 123
体力: 2637.42 / 137
友情点: 0 / 1002480`
*連続ログイン5日目
※ログインが途切れるか、7日到達すると
1日目から再開されます*
`叡智の業火 X 2
5月交換券(2023) X 1
`_2023-05-05 19:35:04_
--------
*eeba3d0c68a3b7e9fa236136b30cb897*
`登陆天数: 75天 / 1207天
等级: 125
石头: 1023
呼符: 103
体力: 136.26 / 137
友情点: 0 / 895650`
*連続ログイン5日目
※ログインが途切れるか、7日到達すると
1日目から再開されます*
`叡智の業火 X 2
5月交換券(2023) X 1
`_2023-05-05 19:35:12_
--------
*79533b6314e6a2650ec019ea96bcaebe*
`登陆天数: 75天 / 1219天
等级: 125
石头: 658
呼符: 123
体力: 134.13333333333333 / 137
友情点: 0 / 923055`
*連続ログイン5日目
※ログインが途切れるか、7日到達すると
1日目から再開されます*
`叡智の業火 X 2
5月交換券(2023) X 1
`_2023-05-05 19:35:21_
--------
*c4c21a97c6c4de9fca7a936ac25180fa*
`登陆天数: 75天 / 1199天
等级: 125
石头: 1248
呼符: 100
体力: 130.59333333333333 / 137
友情点: 0 / 910845`
*連続ログイン5日目
※ログインが途切れるか、7日到達すると
1日目から再開されます*
`叡智の業火 X 2
5月交換券(2023) X 1
`_2023-05-05 19:35:30_
--------
*4aae112bebb9faeb436a728839c766be*
`登陆天数: 75天 / 1162天
等级: 125
石头: 187
呼符: 60
体力: 129.78 / 137
友情点: 0 / 901595`
*連続ログイン5日目
※ログインが途切れるか、7日到達すると
1日目から再開されます*
`叡智の業火 X 2
5月交換券(2023) X 1
`_2023-05-05 19:35:38_
--------
