【登录信息】
*b3defd4892470752525def1917e467ce*
`登陆天数: 77天 / 1192天
等级: 125
石头: 23
呼符: 51
体力: 724.18 / 137
友情点: 0 / 837045`
*連続ログイン7日間到達おめでとうございます！
明日は1日目からリスタートされます。*
`獣の足跡 X 1
呼符 X 1
5月交換券(2023) X 1
`*「Fate/Grand Order キャストトーク in マチ★アソビvol.26」開催記念プレゼント*
*開催期間中、初回ログインで「聖晶石×10」をプレゼント！*
`聖晶石 X 10
`_2023-05-07 19:34:24_
--------
*5513206501fad4f4b9bb8c80e1620d51*
`登陆天数: 77天 / 1210天
等级: 125
石头: 213
呼符: 82
体力: 720.64 / 137
友情点: 0 / 899975`
*連続ログイン7日間到達おめでとうございます！
明日は1日目からリスタートされます。*
`獣の足跡 X 1
呼符 X 1
5月交換券(2023) X 1
`*「Fate/Grand Order キャストトーク in マチ★アソビvol.26」開催記念プレゼント*
*開催期間中、初回ログインで「聖晶石×10」をプレゼント！*
`聖晶石 X 10
`_2023-05-07 19:34:33_
--------
*b8ed275142bdf1da8b56aac07218370c*
`登陆天数: 77天 / 1236天
等级: 125
石头: 21
呼符: 87
体力: 718.82 / 137
友情点: 0 / 1002020`
*連続ログイン7日間到達おめでとうございます！
明日は1日目からリスタートされます。*
`獣の足跡 X 1
呼符 X 1
5月交換券(2023) X 1
`*「Fate/Grand Order キャストトーク in マチ★アソビvol.26」開催記念プレゼント*
*開催期間中、初回ログインで「聖晶石×10」をプレゼント！*
`聖晶石 X 10
`_2023-05-07 19:34:41_
--------
*d70a593ddeab376c769499a5f750641b*
`登陆天数: 77天 / 1212天
等级: 125
石头: 6
呼符: 109
体力: 717.08 / 137
友情点: 0 / 897630`
*連続ログイン7日間到達おめでとうございます！
明日は1日目からリスタートされます。*
`獣の足跡 X 1
呼符 X 1
5月交換券(2023) X 1
`*「Fate/Grand Order キャストトーク in マチ★アソビvol.26」開催記念プレゼント*
*開催期間中、初回ログインで「聖晶石×10」をプレゼント！*
`聖晶石 X 10
`_2023-05-07 19:34:49_
--------
*6cd714eeb3e3e13a19f5d07a4626b930*
`登陆天数: 77天 / 1207天
等级: 125
石头: 37
呼符: 99
体力: 714.0133333333333 / 137
友情点: 0 / 987045`
*連続ログイン7日間到達おめでとうございます！
明日は1日目からリスタートされます。*
`獣の足跡 X 1
呼符 X 1
5月交換券(2023) X 1
`*「Fate/Grand Order キャストトーク in マチ★アソビvol.26」開催記念プレゼント*
*開催期間中、初回ログインで「聖晶石×10」をプレゼント！*
`聖晶石 X 10
`_2023-05-07 19:34:58_
--------
*4892f706d3520440c52889adcd975007*
`登陆天数: 77天 / 1235天
等级: 125
石头: 723
呼符: 123
体力: 3213.4266666666667 / 137
友情点: 0 / 1002480`
*連続ログイン7日間到達おめでとうございます！
明日は1日目からリスタートされます。*
`獣の足跡 X 1
呼符 X 1
5月交換券(2023) X 1
`*「Fate/Grand Order キャストトーク in マチ★アソビvol.26」開催記念プレゼント*
*開催期間中、初回ログインで「聖晶石×10」をプレゼント！*
`聖晶石 X 10
`_2023-05-07 19:35:06_
--------
*eeba3d0c68a3b7e9fa236136b30cb897*
`登陆天数: 77天 / 1209天
等级: 125
石头: 1023
呼符: 103
体力: 712.27 / 137
友情点: 0 / 895650`
*連続ログイン7日間到達おめでとうございます！
明日は1日目からリスタートされます。*
`獣の足跡 X 1
呼符 X 1
5月交換券(2023) X 1
`*「Fate/Grand Order キャストトーク in マチ★アソビvol.26」開催記念プレゼント*
*開催期間中、初回ログインで「聖晶石×10」をプレゼント！*
`聖晶石 X 10
`_2023-05-07 19:35:15_
--------
*79533b6314e6a2650ec019ea96bcaebe*
`登陆天数: 77天 / 1221天
等级: 125
石头: 658
呼符: 123
体力: 710.14 / 137
友情点: 0 / 923055`
*連続ログイン7日間到達おめでとうございます！
明日は1日目からリスタートされます。*
`獣の足跡 X 1
呼符 X 1
5月交換券(2023) X 1
`*「Fate/Grand Order キャストトーク in マチ★アソビvol.26」開催記念プレゼント*
*開催期間中、初回ログインで「聖晶石×10」をプレゼント！*
`聖晶石 X 10
`_2023-05-07 19:35:23_
--------
*c4c21a97c6c4de9fca7a936ac25180fa*
`登陆天数: 77天 / 1201天
等级: 125
石头: 1248
呼符: 100
体力: 706.5966666666667 / 137
友情点: 0 / 910845`
*連続ログイン7日間到達おめでとうございます！
明日は1日目からリスタートされます。*
`獣の足跡 X 1
呼符 X 1
5月交換券(2023) X 1
`*「Fate/Grand Order キャストトーク in マチ★アソビvol.26」開催記念プレゼント*
*開催期間中、初回ログインで「聖晶石×10」をプレゼント！*
`聖晶石 X 10
`_2023-05-07 19:35:31_
--------
*4aae112bebb9faeb436a728839c766be*
`登陆天数: 77天 / 1164天
等级: 125
石头: 187
呼符: 60
体力: 705.7866666666666 / 137
友情点: 0 / 901595`
*連続ログイン7日間到達おめでとうございます！
明日は1日目からリスタートされます。*
`獣の足跡 X 1
呼符 X 1
5月交換券(2023) X 1
`*「Fate/Grand Order キャストトーク in マチ★アソビvol.26」開催記念プレゼント*
*開催期間中、初回ログインで「聖晶石×10」をプレゼント！*
`聖晶石 X 10
`_2023-05-07 19:35:40_
--------
