【登录信息】
*b3defd4892470752525def1917e467ce*
`登陆天数: 78天 / 1193天
等级: 125
石头: 23
呼符: 51
体力: 1012.1733333333333 / 137
友情点: 0 / 837045`
*連続ログイン1日目
※ログインが途切れるか、7日到達すると
1日目から再開されます*
`フレンドポイント X 2000
5月交換券(2023) X 1
`_2023-05-08 19:34:22_
--------
*5513206501fad4f4b9bb8c80e1620d51*
`登陆天数: 78天 / 1211天
等级: 125
石头: 213
呼符: 82
体力: 1008.63 / 137
友情点: 0 / 899975`
*連続ログイン1日目
※ログインが途切れるか、7日到達すると
1日目から再開されます*
`フレンドポイント X 2000
5月交換券(2023) X 1
`_2023-05-08 19:34:30_
--------
*b8ed275142bdf1da8b56aac07218370c*
`登陆天数: 78天 / 1237天
等级: 125
石头: 21
呼符: 87
体力: 1006.8133333333334 / 137
友情点: 0 / 1002020`
*連続ログイン1日目
※ログインが途切れるか、7日到達すると
1日目から再開されます*
`フレンドポイント X 2000
5月交換券(2023) X 1
`_2023-05-08 19:34:39_
--------
*d70a593ddeab376c769499a5f750641b*
`登陆天数: 78天 / 1213天
等级: 125
石头: 6
呼符: 109
体力: 1005.0733333333334 / 137
友情点: 0 / 897630`
*連続ログイン1日目
※ログインが途切れるか、7日到達すると
1日目から再開されます*
`フレンドポイント X 2000
5月交換券(2023) X 1
`_2023-05-08 19:34:47_
--------
*6cd714eeb3e3e13a19f5d07a4626b930*
`登陆天数: 78天 / 1208天
等级: 125
石头: 37
呼符: 99
体力: 1002.0033333333333 / 137
友情点: 0 / 987045`
*連続ログイン1日目
※ログインが途切れるか、7日到達すると
1日目から再開されます*
`フレンドポイント X 2000
5月交換券(2023) X 1
`_2023-05-08 19:34:55_
--------
*4892f706d3520440c52889adcd975007*
`登陆天数: 78天 / 1236天
等级: 125
石头: 723
呼符: 123
体力: 3501.42 / 137
友情点: 0 / 1002480`
*連続ログイン1日目
※ログインが途切れるか、7日到達すると
1日目から再開されます*
`フレンドポイント X 2000
5月交換券(2023) X 1
`_2023-05-08 19:35:04_
--------
*eeba3d0c68a3b7e9fa236136b30cb897*
`登陆天数: 78天 / 1210天
等级: 125
石头: 1023
呼符: 103
体力: 1000.26 / 137
友情点: 0 / 895650`
*連続ログイン1日目
※ログインが途切れるか、7日到達すると
1日目から再開されます*
`フレンドポイント X 2000
5月交換券(2023) X 1
`_2023-05-08 19:35:13_
--------
*79533b6314e6a2650ec019ea96bcaebe*
`登陆天数: 78天 / 1222天
等级: 125
石头: 658
呼符: 123
体力: 998.1333333333333 / 137
友情点: 0 / 923055`
*連続ログイン1日目
※ログインが途切れるか、7日到達すると
1日目から再開されます*
`フレンドポイント X 2000
5月交換券(2023) X 1
`_2023-05-08 19:35:21_
--------
*c4c21a97c6c4de9fca7a936ac25180fa*
`登陆天数: 78天 / 1202天
等级: 125
石头: 1248
呼符: 100
体力: 994.59 / 137
友情点: 0 / 910845`
*連続ログイン1日目
※ログインが途切れるか、7日到達すると
1日目から再開されます*
`フレンドポイント X 2000
5月交換券(2023) X 1
`_2023-05-08 19:35:29_
--------
*4aae112bebb9faeb436a728839c766be*
`登陆天数: 78天 / 1165天
等级: 125
石头: 187
呼符: 60
体力: 993.78 / 137
友情点: 0 / 901595`
*連続ログイン1日目
※ログインが途切れるか、7日到達すると
1日目から再開されます*
`フレンドポイント X 2000
5月交換券(2023) X 1
`_2023-05-08 19:35:38_
--------
