【登录信息】
*b3defd4892470752525def1917e467ce*
`登陆天数: 80天 / 1195天
等级: 125
石头: 23
呼符: 51
体力: 1588.69 / 137
友情点: 0 / 837045`
*連続ログイン3日目
※ログインが途切れるか、7日到達すると
1日目から再開されます*
`叡智の業火 X 1
5月交換券(2023) X 1
`*日替りログインボーナス*
*開催期間中、1日1回 2週間日替りでログインボーナスをプレゼント！*
`巡霊の葉 X 30
`_2023-05-10 19:36:58_
--------
*5513206501fad4f4b9bb8c80e1620d51*
`登陆天数: 80天 / 1213天
等级: 125
石头: 213
呼符: 82
体力: 1585.15 / 137
友情点: 0 / 899975`
*連続ログイン3日目
※ログインが途切れるか、7日到達すると
1日目から再開されます*
`叡智の業火 X 1
5月交換券(2023) X 1
`*日替りログインボーナス*
*開催期間中、1日1回 2週間日替りでログインボーナスをプレゼント！*
`巡霊の葉 X 30
`_2023-05-10 19:37:06_
--------
*b8ed275142bdf1da8b56aac07218370c*
`登陆天数: 80天 / 1239天
等级: 125
石头: 21
呼符: 87
体力: 1583.33 / 137
友情点: 0 / 1002020`
*連続ログイン3日目
※ログインが途切れるか、7日到達すると
1日目から再開されます*
`叡智の業火 X 1
5月交換券(2023) X 1
`*日替りログインボーナス*
*開催期間中、1日1回 2週間日替りでログインボーナスをプレゼント！*
`巡霊の葉 X 30
`_2023-05-10 19:37:14_
--------
*d70a593ddeab376c769499a5f750641b*
`登陆天数: 80天 / 1215天
等级: 125
石头: 6
呼符: 109
体力: 1581.5933333333332 / 137
友情点: 0 / 897630`
*連続ログイン3日目
※ログインが途切れるか、7日到達すると
1日目から再開されます*
`叡智の業火 X 1
5月交換券(2023) X 1
`*日替りログインボーナス*
*開催期間中、1日1回 2週間日替りでログインボーナスをプレゼント！*
`巡霊の葉 X 30
`_2023-05-10 19:37:23_
--------
*6cd714eeb3e3e13a19f5d07a4626b930*
`登陆天数: 80天 / 1210天
等级: 125
石头: 37
呼符: 99
体力: 1578.5233333333333 / 137
友情点: 0 / 987045`
*連続ログイン3日目
※ログインが途切れるか、7日到達すると
1日目から再開されます*
`叡智の業火 X 1
5月交換券(2023) X 1
`*日替りログインボーナス*
*開催期間中、1日1回 2週間日替りでログインボーナスをプレゼント！*
`巡霊の葉 X 30
`_2023-05-10 19:37:31_
--------
*4892f706d3520440c52889adcd975007*
`登陆天数: 80天 / 1238天
等级: 125
石头: 723
呼符: 123
体力: 4077.94 / 137
友情点: 0 / 1002480`
*連続ログイン3日目
※ログインが途切れるか、7日到達すると
1日目から再開されます*
`叡智の業火 X 1
5月交換券(2023) X 1
`*日替りログインボーナス*
*開催期間中、1日1回 2週間日替りでログインボーナスをプレゼント！*
`巡霊の葉 X 30
`_2023-05-10 19:37:39_
--------
*eeba3d0c68a3b7e9fa236136b30cb897*
`登陆天数: 80天 / 1212天
等级: 125
石头: 1023
呼符: 103
体力: 1576.78 / 137
友情点: 0 / 895650`
*連続ログイン3日目
※ログインが途切れるか、7日到達すると
1日目から再開されます*
`叡智の業火 X 1
5月交換券(2023) X 1
`*日替りログインボーナス*
*開催期間中、1日1回 2週間日替りでログインボーナスをプレゼント！*
`巡霊の葉 X 30
`_2023-05-10 19:37:48_
--------
*79533b6314e6a2650ec019ea96bcaebe*
`登陆天数: 80天 / 1224天
等级: 125
石头: 658
呼符: 123
体力: 1574.65 / 137
友情点: 0 / 923055`
*連続ログイン3日目
※ログインが途切れるか、7日到達すると
1日目から再開されます*
`叡智の業火 X 1
5月交換券(2023) X 1
`*日替りログインボーナス*
*開催期間中、1日1回 2週間日替りでログインボーナスをプレゼント！*
`巡霊の葉 X 30
`_2023-05-10 19:37:56_
--------
*c4c21a97c6c4de9fca7a936ac25180fa*
`登陆天数: 80天 / 1204天
等级: 125
石头: 1248
呼符: 100
体力: 1571.1066666666666 / 137
友情点: 0 / 910845`
*連続ログイン3日目
※ログインが途切れるか、7日到達すると
1日目から再開されます*
`叡智の業火 X 1
5月交換券(2023) X 1
`*日替りログインボーナス*
*開催期間中、1日1回 2週間日替りでログインボーナスをプレゼント！*
`巡霊の葉 X 30
`_2023-05-10 19:38:04_
--------
*4aae112bebb9faeb436a728839c766be*
`登陆天数: 80天 / 1167天
等级: 125
石头: 187
呼符: 60
体力: 1570.2933333333333 / 137
友情点: 0 / 901595`
*連続ログイン3日目
※ログインが途切れるか、7日到達すると
1日目から再開されます*
`叡智の業火 X 1
5月交換券(2023) X 1
`*日替りログインボーナス*
*開催期間中、1日1回 2週間日替りでログインボーナスをプレゼント！*
`巡霊の葉 X 30
`_2023-05-10 19:38:13_
--------
