【登录信息】
*b3defd4892470752525def1917e467ce*
`登陆天数: 84天 / 1199天
等级: 125
石头: 23
呼符: 51
体力: 2740.18 / 137
友情点: 0 / 837045`
*連続ログイン7日間到達おめでとうございます！
明日は1日目からリスタートされます。*
`獣の足跡 X 1
呼符 X 1
5月交換券(2023) X 1
`*日替りログインボーナス*
*開催期間中、1日1回 2週間日替りでログインボーナスをプレゼント！*
`巡霊の葉 X 30
`_2023-05-14 19:34:24_
--------
*5513206501fad4f4b9bb8c80e1620d51*
`登陆天数: 84天 / 1217天
等级: 125
石头: 213
呼符: 82
体力: 2736.64 / 137
友情点: 0 / 899975`
*連続ログイン7日間到達おめでとうございます！
明日は1日目からリスタートされます。*
`獣の足跡 X 1
呼符 X 1
5月交換券(2023) X 1
`*日替りログインボーナス*
*開催期間中、1日1回 2週間日替りでログインボーナスをプレゼント！*
`巡霊の葉 X 30
`_2023-05-14 19:34:33_
--------
*b8ed275142bdf1da8b56aac07218370c*
`登陆天数: 84天 / 1243天
等级: 125
石头: 21
呼符: 87
体力: 2734.82 / 137
友情点: 0 / 1002020`
*連続ログイン7日間到達おめでとうございます！
明日は1日目からリスタートされます。*
`獣の足跡 X 1
呼符 X 1
5月交換券(2023) X 1
`*日替りログインボーナス*
*開催期間中、1日1回 2週間日替りでログインボーナスをプレゼント！*
`巡霊の葉 X 30
`_2023-05-14 19:34:41_
--------
*d70a593ddeab376c769499a5f750641b*
`登陆天数: 84天 / 1219天
等级: 125
石头: 6
呼符: 109
体力: 2733.0833333333335 / 137
友情点: 0 / 897630`
*連続ログイン7日間到達おめでとうございます！
明日は1日目からリスタートされます。*
`獣の足跡 X 1
呼符 X 1
5月交換券(2023) X 1
`*日替りログインボーナス*
*開催期間中、1日1回 2週間日替りでログインボーナスをプレゼント！*
`巡霊の葉 X 30
`_2023-05-14 19:34:50_
--------
*6cd714eeb3e3e13a19f5d07a4626b930*
`登陆天数: 84天 / 1214天
等级: 125
石头: 37
呼符: 99
体力: 2730.0133333333333 / 137
友情点: 0 / 987045`
*連続ログイン7日間到達おめでとうございます！
明日は1日目からリスタートされます。*
`獣の足跡 X 1
呼符 X 1
5月交換券(2023) X 1
`*日替りログインボーナス*
*開催期間中、1日1回 2週間日替りでログインボーナスをプレゼント！*
`巡霊の葉 X 30
`_2023-05-14 19:34:58_
--------
*4892f706d3520440c52889adcd975007*
`登陆天数: 84天 / 1242天
等级: 125
石头: 723
呼符: 123
体力: 5229.43 / 137
友情点: 0 / 1002480`
*連続ログイン7日間到達おめでとうございます！
明日は1日目からリスタートされます。*
`獣の足跡 X 1
呼符 X 1
5月交換券(2023) X 1
`*日替りログインボーナス*
*開催期間中、1日1回 2週間日替りでログインボーナスをプレゼント！*
`巡霊の葉 X 30
`_2023-05-14 19:35:07_
--------
*eeba3d0c68a3b7e9fa236136b30cb897*
`登陆天数: 84天 / 1216天
等级: 125
石头: 1023
呼符: 103
体力: 2728.27 / 137
友情点: 0 / 895650`
*連続ログイン7日間到達おめでとうございます！
明日は1日目からリスタートされます。*
`獣の足跡 X 1
呼符 X 1
5月交換券(2023) X 1
`*日替りログインボーナス*
*開催期間中、1日1回 2週間日替りでログインボーナスをプレゼント！*
`巡霊の葉 X 30
`_2023-05-14 19:35:15_
--------
*79533b6314e6a2650ec019ea96bcaebe*
`登陆天数: 84天 / 1228天
等级: 125
石头: 658
呼符: 123
体力: 2726.1433333333334 / 137
友情点: 0 / 923055`
*連続ログイン7日間到達おめでとうございます！
明日は1日目からリスタートされます。*
`獣の足跡 X 1
呼符 X 1
5月交換券(2023) X 1
`*日替りログインボーナス*
*開催期間中、1日1回 2週間日替りでログインボーナスをプレゼント！*
`巡霊の葉 X 30
`_2023-05-14 19:35:24_
--------
*c4c21a97c6c4de9fca7a936ac25180fa*
`登陆天数: 84天 / 1208天
等级: 125
石头: 1248
呼符: 100
体力: 2722.6 / 137
友情点: 0 / 910845`
*連続ログイン7日間到達おめでとうございます！
明日は1日目からリスタートされます。*
`獣の足跡 X 1
呼符 X 1
5月交換券(2023) X 1
`*日替りログインボーナス*
*開催期間中、1日1回 2週間日替りでログインボーナスをプレゼント！*
`巡霊の葉 X 30
`_2023-05-14 19:35:32_
--------
*4aae112bebb9faeb436a728839c766be*
`登陆天数: 84天 / 1171天
等级: 125
石头: 187
呼符: 60
体力: 2721.79 / 137
友情点: 0 / 901595`
*連続ログイン7日間到達おめでとうございます！
明日は1日目からリスタートされます。*
`獣の足跡 X 1
呼符 X 1
5月交換券(2023) X 1
`*日替りログインボーナス*
*開催期間中、1日1回 2週間日替りでログインボーナスをプレゼント！*
`巡霊の葉 X 30
`_2023-05-14 19:35:41_
--------
