【登录信息】
*b3defd4892470752525def1917e467ce*
`登陆天数: 89天 / 1204天
等级: 125
石头: 23
呼符: 51
体力: 4180.196666666667 / 137
友情点: 0 / 837045`
*連続ログイン5日目
※ログインが途切れるか、7日到達すると
1日目から再開されます*
`叡智の業火 X 2
5月交換券(2023) X 1
`*日替りログインボーナス*
*開催期間中、1日1回 2週間日替りでログインボーナスをプレゼント！*
`聖晶石 X 2
巡霊の葉 X 100
`_2023-05-19 19:34:29_
--------
*5513206501fad4f4b9bb8c80e1620d51*
`登陆天数: 89天 / 1222天
等级: 125
石头: 213
呼符: 82
体力: 4176.653333333334 / 137
友情点: 0 / 899975`
*連続ログイン5日目
※ログインが途切れるか、7日到達すると
1日目から再開されます*
`叡智の業火 X 2
5月交換券(2023) X 1
`*日替りログインボーナス*
*開催期間中、1日1回 2週間日替りでログインボーナスをプレゼント！*
`聖晶石 X 2
巡霊の葉 X 100
`_2023-05-19 19:34:37_
--------
*b8ed275142bdf1da8b56aac07218370c*
`登陆天数: 89天 / 1248天
等级: 125
石头: 21
呼符: 87
体力: 4174.836666666666 / 137
友情点: 0 / 1002020`
*連続ログイン5日目
※ログインが途切れるか、7日到達すると
1日目から再開されます*
`叡智の業火 X 2
5月交換券(2023) X 1
`*日替りログインボーナス*
*開催期間中、1日1回 2週間日替りでログインボーナスをプレゼント！*
`聖晶石 X 2
巡霊の葉 X 100
`_2023-05-19 19:34:46_
--------
*d70a593ddeab376c769499a5f750641b*
`登陆天数: 89天 / 1224天
等级: 125
石头: 6
呼符: 109
体力: 4173.096666666666 / 137
友情点: 0 / 897630`
*連続ログイン5日目
※ログインが途切れるか、7日到達すると
1日目から再開されます*
`叡智の業火 X 2
5月交換券(2023) X 1
`*日替りログインボーナス*
*開催期間中、1日1回 2週間日替りでログインボーナスをプレゼント！*
`聖晶石 X 2
巡霊の葉 X 100
`_2023-05-19 19:34:54_
--------
*6cd714eeb3e3e13a19f5d07a4626b930*
`登陆天数: 89天 / 1219天
等级: 125
石头: 37
呼符: 99
体力: 4170.030000000001 / 137
友情点: 0 / 987045`
*連続ログイン5日目
※ログインが途切れるか、7日到達すると
1日目から再開されます*
`叡智の業火 X 2
5月交換券(2023) X 1
`*日替りログインボーナス*
*開催期間中、1日1回 2週間日替りでログインボーナスをプレゼント！*
`聖晶石 X 2
巡霊の葉 X 100
`_2023-05-19 19:35:03_
--------
*4892f706d3520440c52889adcd975007*
`登陆天数: 89天 / 1247天
等级: 125
石头: 723
呼符: 123
体力: 6669.443333333334 / 137
友情点: 0 / 1002480`
*連続ログイン5日目
※ログインが途切れるか、7日到達すると
1日目から再開されます*
`叡智の業火 X 2
5月交換券(2023) X 1
`*日替りログインボーナス*
*開催期間中、1日1回 2週間日替りでログインボーナスをプレゼント！*
`聖晶石 X 2
巡霊の葉 X 100
`_2023-05-19 19:35:11_
--------
*eeba3d0c68a3b7e9fa236136b30cb897*
`登陆天数: 89天 / 1221天
等级: 125
石头: 1023
呼符: 103
体力: 4168.286666666667 / 137
友情点: 0 / 895650`
*連続ログイン5日目
※ログインが途切れるか、7日到達すると
1日目から再開されます*
`叡智の業火 X 2
5月交換券(2023) X 1
`*日替りログインボーナス*
*開催期間中、1日1回 2週間日替りでログインボーナスをプレゼント！*
`聖晶石 X 2
巡霊の葉 X 100
`_2023-05-19 19:35:20_
--------
*79533b6314e6a2650ec019ea96bcaebe*
`登陆天数: 89天 / 1233天
等级: 125
石头: 658
呼符: 123
体力: 4166.156666666667 / 137
友情点: 0 / 923055`
*連続ログイン5日目
※ログインが途切れるか、7日到達すると
1日目から再開されます*
`叡智の業火 X 2
5月交換券(2023) X 1
`*日替りログインボーナス*
*開催期間中、1日1回 2週間日替りでログインボーナスをプレゼント！*
`聖晶石 X 2
巡霊の葉 X 100
`_2023-05-19 19:35:28_
--------
*c4c21a97c6c4de9fca7a936ac25180fa*
`登陆天数: 89天 / 1213天
等级: 125
石头: 1248
呼符: 100
体力: 4162.616666666667 / 137
友情点: 0 / 910845`
*連続ログイン5日目
※ログインが途切れるか、7日到達すると
1日目から再開されます*
`叡智の業火 X 2
5月交換券(2023) X 1
`*日替りログインボーナス*
*開催期間中、1日1回 2週間日替りでログインボーナスをプレゼント！*
`聖晶石 X 2
巡霊の葉 X 100
`_2023-05-19 19:35:37_
--------
*4aae112bebb9faeb436a728839c766be*
`登陆天数: 89天 / 1176天
等级: 125
石头: 187
呼符: 60
体力: 4161.803333333333 / 137
友情点: 0 / 901595`
*連続ログイン5日目
※ログインが途切れるか、7日到達すると
1日目から再開されます*
`叡智の業火 X 2
5月交換券(2023) X 1
`*日替りログインボーナス*
*開催期間中、1日1回 2週間日替りでログインボーナスをプレゼント！*
`聖晶石 X 2
巡霊の葉 X 100
`_2023-05-19 19:35:45_
--------
