【登录信息】
*b3defd4892470752525def1917e467ce*
`登陆天数: 98天 / 1213天
等级: 125
石头: 23
呼符: 51
体力: 6772.183333333333 / 137
友情点: 0 / 837045`
*連続ログイン7日間到達おめでとうございます！
明日は1日目からリスタートされます。*
`獣の足跡 X 1
呼符 X 1
5月交換券(2023) X 1
`_2023-05-28 19:34:25_
--------
*5513206501fad4f4b9bb8c80e1620d51*
`登陆天数: 98天 / 1231天
等级: 125
石头: 213
呼符: 82
体力: 6768.643333333333 / 137
友情点: 0 / 899975`
*連続ログイン7日間到達おめでとうございます！
明日は1日目からリスタートされます。*
`獣の足跡 X 1
呼符 X 1
5月交換券(2023) X 1
`_2023-05-28 19:34:34_
--------
*b8ed275142bdf1da8b56aac07218370c*
`登陆天数: 98天 / 1257天
等级: 125
石头: 21
呼符: 87
体力: 6766.826666666667 / 137
友情点: 0 / 1002020`
*連続ログイン7日間到達おめでとうございます！
明日は1日目からリスタートされます。*
`獣の足跡 X 1
呼符 X 1
5月交換券(2023) X 1
`_2023-05-28 19:34:42_
--------
*d70a593ddeab376c769499a5f750641b*
`登陆天数: 98天 / 1233天
等级: 125
石头: 6
呼符: 109
体力: 6765.086666666667 / 137
友情点: 0 / 897630`
*連続ログイン7日間到達おめでとうございます！
明日は1日目からリスタートされます。*
`獣の足跡 X 1
呼符 X 1
5月交換券(2023) X 1
`_2023-05-28 19:34:51_
--------
*6cd714eeb3e3e13a19f5d07a4626b930*
`登陆天数: 98天 / 1228天
等级: 125
石头: 37
呼符: 99
体力: 6762.02 / 137
友情点: 0 / 987045`
*連続ログイン7日間到達おめでとうございます！
明日は1日目からリスタートされます。*
`獣の足跡 X 1
呼符 X 1
5月交換券(2023) X 1
`_2023-05-28 19:35:00_
--------
*4892f706d3520440c52889adcd975007*
`登陆天数: 98天 / 1256天
等级: 125
石头: 723
呼符: 123
体力: 9261.436666666666 / 137
友情点: 0 / 1002480`
*連続ログイン7日間到達おめでとうございます！
明日は1日目からリスタートされます。*
`獣の足跡 X 1
呼符 X 1
5月交換券(2023) X 1
`_2023-05-28 19:35:09_
--------
*eeba3d0c68a3b7e9fa236136b30cb897*
`登陆天数: 98天 / 1230天
等级: 125
石头: 1023
呼符: 103
体力: 6760.276666666667 / 137
友情点: 0 / 895650`
*連続ログイン7日間到達おめでとうございます！
明日は1日目からリスタートされます。*
`獣の足跡 X 1
呼符 X 1
5月交換券(2023) X 1
`_2023-05-28 19:35:17_
--------
*79533b6314e6a2650ec019ea96bcaebe*
`登陆天数: 98天 / 1242天
等级: 125
石头: 658
呼符: 123
体力: 6758.15 / 137
友情点: 0 / 923055`
*連続ログイン7日間到達おめでとうございます！
明日は1日目からリスタートされます。*
`獣の足跡 X 1
呼符 X 1
5月交換券(2023) X 1
`_2023-05-28 19:35:26_
--------
*c4c21a97c6c4de9fca7a936ac25180fa*
`登陆天数: 98天 / 1222天
等级: 125
石头: 1248
呼符: 100
体力: 6754.606666666667 / 137
友情点: 0 / 910845`
*連続ログイン7日間到達おめでとうございます！
明日は1日目からリスタートされます。*
`獣の足跡 X 1
呼符 X 1
5月交換券(2023) X 1
`_2023-05-28 19:35:34_
--------
*4aae112bebb9faeb436a728839c766be*
`登陆天数: 98天 / 1185天
等级: 125
石头: 187
呼符: 60
体力: 6753.796666666667 / 137
友情点: 0 / 901595`
*連続ログイン7日間到達おめでとうございます！
明日は1日目からリスタートされます。*
`獣の足跡 X 1
呼符 X 1
5月交換券(2023) X 1
`_2023-05-28 19:35:42_
--------
