【登录信息】
*b3defd4892470752525def1917e467ce*
`登陆天数: 99天 / 1214天
等级: 125
石头: 23
呼符: 51
体力: 7060.2 / 137
友情点: 0 / 837045`
*連続ログイン1日目
※ログインが途切れるか、7日到達すると
1日目から再開されます*
`フレンドポイント X 2000
5月交換券(2023) X 1
`_2023-05-29 19:34:30_
--------
*5513206501fad4f4b9bb8c80e1620d51*
`登陆天数: 99天 / 1232天
等级: 125
石头: 213
呼符: 82
体力: 7056.656666666667 / 137
友情点: 0 / 899975`
*連続ログイン1日目
※ログインが途切れるか、7日到達すると
1日目から再開されます*
`フレンドポイント X 2000
5月交換券(2023) X 1
`_2023-05-29 19:34:38_
--------
*b8ed275142bdf1da8b56aac07218370c*
`登陆天数: 99天 / 1258天
等级: 125
石头: 21
呼符: 87
体力: 7054.84 / 137
友情点: 0 / 1002020`
*連続ログイン1日目
※ログインが途切れるか、7日到達すると
1日目から再開されます*
`フレンドポイント X 2000
5月交換券(2023) X 1
`_2023-05-29 19:34:47_
--------
*d70a593ddeab376c769499a5f750641b*
`登陆天数: 99天 / 1234天
等级: 125
石头: 6
呼符: 109
体力: 7053.1033333333335 / 137
友情点: 0 / 897630`
*連続ログイン1日目
※ログインが途切れるか、7日到達すると
1日目から再開されます*
`フレンドポイント X 2000
5月交換券(2023) X 1
`_2023-05-29 19:34:55_
--------
*6cd714eeb3e3e13a19f5d07a4626b930*
`登陆天数: 99天 / 1229天
等级: 125
石头: 37
呼符: 99
体力: 7050.033333333334 / 137
友情点: 0 / 987045`
*連続ログイン1日目
※ログインが途切れるか、7日到達すると
1日目から再開されます*
`フレンドポイント X 2000
5月交換券(2023) X 1
`_2023-05-29 19:35:04_
--------
*4892f706d3520440c52889adcd975007*
`登陆天数: 99天 / 1257天
等级: 125
石头: 723
呼符: 123
体力: 9549.45 / 137
友情点: 0 / 1002480`
*連続ログイン1日目
※ログインが途切れるか、7日到達すると
1日目から再開されます*
`フレンドポイント X 2000
5月交換券(2023) X 1
`_2023-05-29 19:35:13_
--------
*eeba3d0c68a3b7e9fa236136b30cb897*
`登陆天数: 99天 / 1231天
等级: 125
石头: 1023
呼符: 103
体力: 7048.29 / 137
友情点: 0 / 895650`
*連続ログイン1日目
※ログインが途切れるか、7日到達すると
1日目から再開されます*
`フレンドポイント X 2000
5月交換券(2023) X 1
`_2023-05-29 19:35:21_
--------
*79533b6314e6a2650ec019ea96bcaebe*
`登陆天数: 99天 / 1243天
等级: 125
石头: 658
呼符: 123
体力: 7046.163333333333 / 137
友情点: 0 / 923055`
*連続ログイン1日目
※ログインが途切れるか、7日到達すると
1日目から再開されます*
`フレンドポイント X 2000
5月交換券(2023) X 1
`_2023-05-29 19:35:30_
--------
*c4c21a97c6c4de9fca7a936ac25180fa*
`登陆天数: 99天 / 1223天
等级: 125
石头: 1248
呼符: 100
体力: 7042.623333333333 / 137
友情点: 0 / 910845`
*連続ログイン1日目
※ログインが途切れるか、7日到達すると
1日目から再開されます*
`フレンドポイント X 2000
5月交換券(2023) X 1
`_2023-05-29 19:35:39_
--------
*4aae112bebb9faeb436a728839c766be*
`登陆天数: 99天 / 1186天
等级: 125
石头: 187
呼符: 60
体力: 7041.81 / 137
友情点: 0 / 901595`
*連続ログイン1日目
※ログインが途切れるか、7日到達すると
1日目から再開されます*
`フレンドポイント X 2000
5月交換券(2023) X 1
`_2023-05-29 19:35:47_
--------
