【登录信息】
*b3defd4892470752525def1917e467ce*
`登陆天数: 101天 / 1216天
等级: 125
石头: 23
呼符: 51
体力: 7636.206666666667 / 137
友情点: 0 / 837045`
*連続ログイン3日目
※ログインが途切れるか、7日到達すると
1日目から再開されます*
`叡智の業火 X 1
6月交換券(2023) X 1
`_2023-05-31 19:34:32_
--------
*5513206501fad4f4b9bb8c80e1620d51*
`登陆天数: 101天 / 1234天
等级: 125
石头: 213
呼符: 82
体力: 7632.663333333333 / 137
友情点: 0 / 899975`
*連続ログイン3日目
※ログインが途切れるか、7日到達すると
1日目から再開されます*
`叡智の業火 X 1
6月交換券(2023) X 1
`_2023-05-31 19:34:40_
--------
*b8ed275142bdf1da8b56aac07218370c*
`登陆天数: 101天 / 1260天
等级: 125
石头: 21
呼符: 87
体力: 7630.846666666666 / 137
友情点: 0 / 1002020`
*連続ログイン3日目
※ログインが途切れるか、7日到達すると
1日目から再開されます*
`叡智の業火 X 1
6月交換券(2023) X 1
`_2023-05-31 19:34:49_
--------
*d70a593ddeab376c769499a5f750641b*
`登陆天数: 101天 / 1236天
等级: 125
石头: 6
呼符: 109
体力: 7629.11 / 137
友情点: 0 / 897630`
*連続ログイン3日目
※ログインが途切れるか、7日到達すると
1日目から再開されます*
`叡智の業火 X 1
6月交換券(2023) X 1
`_2023-05-31 19:34:58_
--------
*6cd714eeb3e3e13a19f5d07a4626b930*
`登陆天数: 101天 / 1231天
等级: 125
石头: 37
呼符: 99
体力: 7626.04 / 137
友情点: 0 / 987045`
*連続ログイン3日目
※ログインが途切れるか、7日到達すると
1日目から再開されます*
`叡智の業火 X 1
6月交換券(2023) X 1
`_2023-05-31 19:35:06_
--------
*4892f706d3520440c52889adcd975007*
`登陆天数: 101天 / 1259天
等级: 125
石头: 723
呼符: 123
体力: 10125.456666666667 / 137
友情点: 0 / 1002480`
*連続ログイン3日目
※ログインが途切れるか、7日到達すると
1日目から再開されます*
`叡智の業火 X 1
6月交換券(2023) X 1
`_2023-05-31 19:35:15_
--------
*eeba3d0c68a3b7e9fa236136b30cb897*
`登陆天数: 101天 / 1233天
等级: 125
石头: 1023
呼符: 103
体力: 7624.3 / 137
友情点: 0 / 895650`
*連続ログイン3日目
※ログインが途切れるか、7日到達すると
1日目から再開されます*
`叡智の業火 X 1
6月交換券(2023) X 1
`_2023-05-31 19:35:24_
--------
*79533b6314e6a2650ec019ea96bcaebe*
`登陆天数: 101天 / 1245天
等级: 125
石头: 658
呼符: 123
体力: 7622.173333333333 / 137
友情点: 0 / 923055`
*連続ログイン3日目
※ログインが途切れるか、7日到達すると
1日目から再開されます*
`叡智の業火 X 1
6月交換券(2023) X 1
`_2023-05-31 19:35:32_
--------
*c4c21a97c6c4de9fca7a936ac25180fa*
`登陆天数: 101天 / 1225天
等级: 125
石头: 1248
呼符: 100
体力: 7618.63 / 137
友情点: 0 / 910845`
*連続ログイン3日目
※ログインが途切れるか、7日到達すると
1日目から再開されます*
`叡智の業火 X 1
6月交換券(2023) X 1
`_2023-05-31 19:35:41_
--------
*4aae112bebb9faeb436a728839c766be*
`登陆天数: 101天 / 1188天
等级: 125
石头: 187
呼符: 60
体力: 7617.82 / 137
友情点: 0 / 901595`
*連続ログイン3日目
※ログインが途切れるか、7日到達すると
1日目から再開されます*
`叡智の業火 X 1
6月交換券(2023) X 1
`_2023-05-31 19:35:50_
--------
