【登录信息】
*b3defd4892470752525def1917e467ce*
`登陆天数: 104天 / 1219天
等级: 125
石头: 23
呼符: 51
体力: 8500.133333333333 / 137
友情点: 0 / 837045`
*連続ログイン6日目
※ログインが途切れるか、7日到達すると
1日目から再開されます*
`聖晶石 X 2
6月交換券(2023) X 1
`_2023-06-03 19:34:10_
--------
*5513206501fad4f4b9bb8c80e1620d51*
`登陆天数: 104天 / 1237天
等级: 125
石头: 213
呼符: 82
体力: 8496.593333333334 / 137
友情点: 0 / 899975`
*連続ログイン6日目
※ログインが途切れるか、7日到達すると
1日目から再開されます*
`聖晶石 X 2
6月交換券(2023) X 1
`_2023-06-03 19:34:19_
--------
*b8ed275142bdf1da8b56aac07218370c*
`登陆天数: 104天 / 1263天
等级: 125
石头: 21
呼符: 87
体力: 8494.776666666667 / 137
友情点: 0 / 1002020`
*連続ログイン6日目
※ログインが途切れるか、7日到達すると
1日目から再開されます*
`聖晶石 X 2
6月交換券(2023) X 1
`_2023-06-03 19:34:27_
--------
*d70a593ddeab376c769499a5f750641b*
`登陆天数: 104天 / 1239天
等级: 125
石头: 6
呼符: 109
体力: 8493.036666666667 / 137
友情点: 0 / 897630`
*連続ログイン6日目
※ログインが途切れるか、7日到達すると
1日目から再開されます*
`聖晶石 X 2
6月交換券(2023) X 1
`_2023-06-03 19:34:36_
--------
*6cd714eeb3e3e13a19f5d07a4626b930*
`登陆天数: 104天 / 1234天
等级: 125
石头: 37
呼符: 99
体力: 8489.97 / 137
友情点: 0 / 987045`
*連続ログイン6日目
※ログインが途切れるか、7日到達すると
1日目から再開されます*
`聖晶石 X 2
6月交換券(2023) X 1
`_2023-06-03 19:34:45_
--------
*4892f706d3520440c52889adcd975007*
`登陆天数: 104天 / 1262天
等级: 125
石头: 723
呼符: 123
体力: 10989.383333333333 / 137
友情点: 0 / 1002480`
*連続ログイン6日目
※ログインが途切れるか、7日到達すると
1日目から再開されます*
`聖晶石 X 2
6月交換券(2023) X 1
`_2023-06-03 19:34:53_
--------
*eeba3d0c68a3b7e9fa236136b30cb897*
`登陆天数: 104天 / 1236天
等级: 125
石头: 1023
呼符: 103
体力: 8488.223333333333 / 137
友情点: 0 / 895650`
*連続ログイン6日目
※ログインが途切れるか、7日到達すると
1日目から再開されます*
`聖晶石 X 2
6月交換券(2023) X 1
`_2023-06-03 19:35:01_
--------
*79533b6314e6a2650ec019ea96bcaebe*
`登陆天数: 104天 / 1248天
等级: 125
石头: 658
呼符: 123
体力: 8486.096666666666 / 137
友情点: 0 / 923055`
*連続ログイン6日目
※ログインが途切れるか、7日到達すると
1日目から再開されます*
`聖晶石 X 2
6月交換券(2023) X 1
`_2023-06-03 19:35:10_
--------
*c4c21a97c6c4de9fca7a936ac25180fa*
`登陆天数: 104天 / 1228天
等级: 125
石头: 1248
呼符: 100
体力: 8482.556666666667 / 137
友情点: 0 / 910845`
*連続ログイン6日目
※ログインが途切れるか、7日到達すると
1日目から再開されます*
`聖晶石 X 2
6月交換券(2023) X 1
`_2023-06-03 19:35:19_
--------
*4aae112bebb9faeb436a728839c766be*
`登陆天数: 104天 / 1191天
等级: 125
石头: 187
呼符: 60
体力: 8481.743333333334 / 137
友情点: 0 / 901595`
*連続ログイン6日目
※ログインが途切れるか、7日到達すると
1日目から再開されます*
`聖晶石 X 2
6月交換券(2023) X 1
`_2023-06-03 19:35:27_
--------
