【登录信息】
*b3defd4892470752525def1917e467ce*
`登陆天数: 105天 / 1220天
等级: 125
石头: 23
呼符: 51
体力: 8788.22 / 137
友情点: 0 / 837045`
*連続ログイン7日間到達おめでとうございます！
明日は1日目からリスタートされます。*
`獣の足跡 X 1
呼符 X 1
6月交換券(2023) X 1
`_2023-06-04 19:34:36_
--------
*5513206501fad4f4b9bb8c80e1620d51*
`登陆天数: 105天 / 1238天
等级: 125
石头: 213
呼符: 82
体力: 8784.676666666666 / 137
友情点: 0 / 899975`
*連続ログイン7日間到達おめでとうございます！
明日は1日目からリスタートされます。*
`獣の足跡 X 1
呼符 X 1
6月交換券(2023) X 1
`_2023-06-04 19:34:44_
--------
*b8ed275142bdf1da8b56aac07218370c*
`登陆天数: 105天 / 1264天
等级: 125
石头: 21
呼符: 87
体力: 8782.856666666667 / 137
友情点: 0 / 1002020`
*連続ログイン7日間到達おめでとうございます！
明日は1日目からリスタートされます。*
`獣の足跡 X 1
呼符 X 1
6月交換券(2023) X 1
`_2023-06-04 19:34:52_
--------
*d70a593ddeab376c769499a5f750641b*
`登陆天数: 105天 / 1240天
等级: 125
石头: 6
呼符: 109
体力: 8781.116666666667 / 137
友情点: 0 / 897630`
*連続ログイン7日間到達おめでとうございます！
明日は1日目からリスタートされます。*
`獣の足跡 X 1
呼符 X 1
6月交換券(2023) X 1
`_2023-06-04 19:35:00_
--------
*6cd714eeb3e3e13a19f5d07a4626b930*
`登陆天数: 105天 / 1235天
等级: 125
石头: 37
呼符: 99
体力: 8778.046666666667 / 137
友情点: 0 / 987045`
*連続ログイン7日間到達おめでとうございます！
明日は1日目からリスタートされます。*
`獣の足跡 X 1
呼符 X 1
6月交換券(2023) X 1
`_2023-06-04 19:35:09_
--------
*4892f706d3520440c52889adcd975007*
`登陆天数: 105天 / 1263天
等级: 125
石头: 723
呼符: 123
体力: 11277.46 / 137
友情点: 0 / 1002480`
*連続ログイン7日間到達おめでとうございます！
明日は1日目からリスタートされます。*
`獣の足跡 X 1
呼符 X 1
6月交換券(2023) X 1
`_2023-06-04 19:35:17_
--------
*eeba3d0c68a3b7e9fa236136b30cb897*
`登陆天数: 105天 / 1237天
等级: 125
石头: 1023
呼符: 103
体力: 8776.3 / 137
友情点: 0 / 895650`
*連続ログイン7日間到達おめでとうございます！
明日は1日目からリスタートされます。*
`獣の足跡 X 1
呼符 X 1
6月交換券(2023) X 1
`_2023-06-04 19:35:25_
--------
*79533b6314e6a2650ec019ea96bcaebe*
`登陆天数: 105天 / 1249天
等级: 125
石头: 658
呼符: 123
体力: 8774.173333333334 / 137
友情点: 0 / 923055`
*連続ログイン7日間到達おめでとうございます！
明日は1日目からリスタートされます。*
`獣の足跡 X 1
呼符 X 1
6月交換券(2023) X 1
`_2023-06-04 19:35:33_
--------
*c4c21a97c6c4de9fca7a936ac25180fa*
`登陆天数: 105天 / 1229天
等级: 125
石头: 1248
呼符: 100
体力: 8770.63 / 137
友情点: 0 / 910845`
*連続ログイン7日間到達おめでとうございます！
明日は1日目からリスタートされます。*
`獣の足跡 X 1
呼符 X 1
6月交換券(2023) X 1
`_2023-06-04 19:35:41_
--------
*4aae112bebb9faeb436a728839c766be*
`登陆天数: 105天 / 1192天
等级: 125
石头: 187
呼符: 60
体力: 8769.816666666668 / 137
友情点: 0 / 901595`
*連続ログイン7日間到達おめでとうございます！
明日は1日目からリスタートされます。*
`獣の足跡 X 1
呼符 X 1
6月交換券(2023) X 1
`_2023-06-04 19:35:49_
--------
