【登录信息】
*b3defd4892470752525def1917e467ce*
`登陆天数: 107天 / 1222天
等级: 125
石头: 23
呼符: 51
体力: 9364.21 / 137
友情点: 0 / 837045`
*連続ログイン2日目
※ログインが途切れるか、7日到達すると
1日目から再開されます*
`聖晶石 X 1
6月交換券(2023) X 1
`_2023-06-06 19:34:33_
--------
*5513206501fad4f4b9bb8c80e1620d51*
`登陆天数: 107天 / 1240天
等级: 125
石头: 213
呼符: 82
体力: 9360.666666666666 / 137
友情点: 0 / 899975`
*連続ログイン2日目
※ログインが途切れるか、7日到達すると
1日目から再開されます*
`聖晶石 X 1
6月交換券(2023) X 1
`_2023-06-06 19:34:41_
--------
*b8ed275142bdf1da8b56aac07218370c*
`登陆天数: 107天 / 1266天
等级: 125
石头: 21
呼符: 87
体力: 9358.846666666666 / 137
友情点: 0 / 1002020`
*連続ログイン2日目
※ログインが途切れるか、7日到達すると
1日目から再開されます*
`聖晶石 X 1
6月交換券(2023) X 1
`_2023-06-06 19:34:49_
--------
*d70a593ddeab376c769499a5f750641b*
`登陆天数: 107天 / 1242天
等级: 125
石头: 6
呼符: 109
体力: 9357.11 / 137
友情点: 0 / 897630`
*連続ログイン2日目
※ログインが途切れるか、7日到達すると
1日目から再開されます*
`聖晶石 X 1
6月交換券(2023) X 1
`_2023-06-06 19:34:58_
--------
*6cd714eeb3e3e13a19f5d07a4626b930*
`登陆天数: 107天 / 1237天
等级: 125
石头: 37
呼符: 99
体力: 9354.04 / 137
友情点: 0 / 987045`
*連続ログイン2日目
※ログインが途切れるか、7日到達すると
1日目から再開されます*
`聖晶石 X 1
6月交換券(2023) X 1
`_2023-06-06 19:35:06_
--------
*4892f706d3520440c52889adcd975007*
`登陆天数: 107天 / 1265天
等级: 125
石头: 723
呼符: 123
体力: 11853.456666666667 / 137
友情点: 0 / 1002480`
*連続ログイン2日目
※ログインが途切れるか、7日到達すると
1日目から再開されます*
`聖晶石 X 1
6月交換券(2023) X 1
`_2023-06-06 19:35:15_
--------
*eeba3d0c68a3b7e9fa236136b30cb897*
`登陆天数: 107天 / 1239天
等级: 125
石头: 1023
呼符: 103
体力: 9352.296666666667 / 137
友情点: 0 / 895650`
*連続ログイン2日目
※ログインが途切れるか、7日到達すると
1日目から再開されます*
`聖晶石 X 1
6月交換券(2023) X 1
`_2023-06-06 19:35:23_
--------
*79533b6314e6a2650ec019ea96bcaebe*
`登陆天数: 107天 / 1251天
等级: 125
石头: 658
呼符: 123
体力: 9350.17 / 137
友情点: 0 / 923055`
*連続ログイン2日目
※ログインが途切れるか、7日到達すると
1日目から再開されます*
`聖晶石 X 1
6月交換券(2023) X 1
`_2023-06-06 19:35:32_
--------
*c4c21a97c6c4de9fca7a936ac25180fa*
`登陆天数: 107天 / 1231天
等级: 125
石头: 1248
呼符: 100
体力: 9346.63 / 137
友情点: 0 / 910845`
*連続ログイン2日目
※ログインが途切れるか、7日到達すると
1日目から再開されます*
`聖晶石 X 1
6月交換券(2023) X 1
`_2023-06-06 19:35:40_
--------
*4aae112bebb9faeb436a728839c766be*
`登陆天数: 107天 / 1194天
等级: 125
石头: 187
呼符: 60
体力: 9345.813333333334 / 137
友情点: 0 / 901595`
*連続ログイン2日目
※ログインが途切れるか、7日到達すると
1日目から再開されます*
`聖晶石 X 1
6月交換券(2023) X 1
`_2023-06-06 19:35:49_
--------
