【登录信息】
*b3defd4892470752525def1917e467ce*
`登陆天数: 115天 / 1230天
等级: 125
石头: 23
呼符: 51
体力: 11668.2 / 137
友情点: 0 / 837045`
*連続ログイン3日目
※ログインが途切れるか、7日到達すると
1日目から再開されます*
`叡智の業火 X 1
6月交換券(2023) X 1
`*Dandelion1 生放送放送 初回ログインボーナス*
*開催期間中、初回ログインで「聖晶石×14」をプレゼント！*
`聖晶石 X 14
`_2023-06-14 19:34:30_
--------
*5513206501fad4f4b9bb8c80e1620d51*
`登陆天数: 115天 / 1248天
等级: 125
石头: 213
呼符: 82
体力: 11664.656666666666 / 137
友情点: 0 / 899975`
*連続ログイン3日目
※ログインが途切れるか、7日到達すると
1日目から再開されます*
`叡智の業火 X 1
6月交換券(2023) X 1
`*Dandelion1 生放送放送 初回ログインボーナス*
*開催期間中、初回ログインで「聖晶石×14」をプレゼント！*
`聖晶石 X 14
`_2023-06-14 19:34:38_
--------
*b8ed275142bdf1da8b56aac07218370c*
`登陆天数: 115天 / 1274天
等级: 125
石头: 21
呼符: 87
体力: 11662.84 / 137
友情点: 0 / 1002020`
*連続ログイン3日目
※ログインが途切れるか、7日到達すると
1日目から再開されます*
`叡智の業火 X 1
6月交換券(2023) X 1
`*Dandelion1 生放送放送 初回ログインボーナス*
*開催期間中、初回ログインで「聖晶石×14」をプレゼント！*
`聖晶石 X 14
`_2023-06-14 19:34:47_
--------
*d70a593ddeab376c769499a5f750641b*
`登陆天数: 115天 / 1250天
等级: 125
石头: 6
呼符: 109
体力: 11661.1 / 137
友情点: 0 / 897630`
*連続ログイン3日目
※ログインが途切れるか、7日到達すると
1日目から再開されます*
`叡智の業火 X 1
6月交換券(2023) X 1
`*Dandelion1 生放送放送 初回ログインボーナス*
*開催期間中、初回ログインで「聖晶石×14」をプレゼント！*
`聖晶石 X 14
`_2023-06-14 19:34:55_
--------
*6cd714eeb3e3e13a19f5d07a4626b930*
`登陆天数: 115天 / 1245天
等级: 125
石头: 37
呼符: 99
体力: 11658.033333333333 / 137
友情点: 0 / 987045`
*連続ログイン3日目
※ログインが途切れるか、7日到達すると
1日目から再開されます*
`叡智の業火 X 1
6月交換券(2023) X 1
`*Dandelion1 生放送放送 初回ログインボーナス*
*開催期間中、初回ログインで「聖晶石×14」をプレゼント！*
`聖晶石 X 14
`_2023-06-14 19:35:04_
--------
*4892f706d3520440c52889adcd975007*
`登陆天数: 115天 / 1273天
等级: 125
石头: 723
呼符: 123
体力: 14157.45 / 137
友情点: 0 / 1002480`
*連続ログイン3日目
※ログインが途切れるか、7日到達すると
1日目から再開されます*
`叡智の業火 X 1
6月交換券(2023) X 1
`*Dandelion1 生放送放送 初回ログインボーナス*
*開催期間中、初回ログインで「聖晶石×14」をプレゼント！*
`聖晶石 X 14
`_2023-06-14 19:35:13_
--------
*eeba3d0c68a3b7e9fa236136b30cb897*
`登陆天数: 115天 / 1247天
等级: 125
石头: 1023
呼符: 103
体力: 11656.29 / 137
友情点: 0 / 895650`
*連続ログイン3日目
※ログインが途切れるか、7日到達すると
1日目から再開されます*
`叡智の業火 X 1
6月交換券(2023) X 1
`*Dandelion1 生放送放送 初回ログインボーナス*
*開催期間中、初回ログインで「聖晶石×14」をプレゼント！*
`聖晶石 X 14
`_2023-06-14 19:35:21_
--------
*79533b6314e6a2650ec019ea96bcaebe*
`登陆天数: 115天 / 1259天
等级: 125
石头: 658
呼符: 123
体力: 11654.163333333334 / 137
友情点: 0 / 923055`
*連続ログイン3日目
※ログインが途切れるか、7日到達すると
1日目から再開されます*
`叡智の業火 X 1
6月交換券(2023) X 1
`*Dandelion1 生放送放送 初回ログインボーナス*
*開催期間中、初回ログインで「聖晶石×14」をプレゼント！*
`聖晶石 X 14
`_2023-06-14 19:35:30_
--------
*c4c21a97c6c4de9fca7a936ac25180fa*
`登陆天数: 115天 / 1239天
等级: 125
石头: 1248
呼符: 100
体力: 11650.623333333333 / 137
友情点: 0 / 910845`
*連続ログイン3日目
※ログインが途切れるか、7日到達すると
1日目から再開されます*
`叡智の業火 X 1
6月交換券(2023) X 1
`*Dandelion1 生放送放送 初回ログインボーナス*
*開催期間中、初回ログインで「聖晶石×14」をプレゼント！*
`聖晶石 X 14
`_2023-06-14 19:35:39_
--------
*4aae112bebb9faeb436a728839c766be*
`登陆天数: 115天 / 1202天
等级: 125
石头: 187
呼符: 60
体力: 11649.81 / 137
友情点: 0 / 901595`
*連続ログイン3日目
※ログインが途切れるか、7日到達すると
1日目から再開されます*
`叡智の業火 X 1
6月交換券(2023) X 1
`*Dandelion1 生放送放送 初回ログインボーナス*
*開催期間中、初回ログインで「聖晶石×14」をプレゼント！*
`聖晶石 X 14
`_2023-06-14 19:35:47_
--------
