【登录信息】
*b3defd4892470752525def1917e467ce*
`登陆天数: 122天 / 1237天
等级: 125
石头: 23
呼符: 51
体力: 13683.85 / 137
友情点: 0 / 837045`
*連続ログイン3日目
※ログインが途切れるか、7日到達すると
1日目から再開されます*
`叡智の業火 X 1
6月交換券(2023) X 1
`_2023-06-21 19:32:45_
--------
*5513206501fad4f4b9bb8c80e1620d51*
`登陆天数: 122天 / 1255天
等级: 125
石头: 213
呼符: 82
体力: 13680.31 / 137
友情点: 0 / 899975`
*連続ログイン3日目
※ログインが途切れるか、7日到達すると
1日目から再開されます*
`叡智の業火 X 1
6月交換券(2023) X 1
`_2023-06-21 19:32:54_
--------
*b8ed275142bdf1da8b56aac07218370c*
`登陆天数: 122天 / 1281天
等级: 125
石头: 21
呼符: 87
体力: 13678.49 / 137
友情点: 0 / 1002020`
*連続ログイン3日目
※ログインが途切れるか、7日到達すると
1日目から再開されます*
`叡智の業火 X 1
6月交換券(2023) X 1
`_2023-06-21 19:33:02_
--------
*d70a593ddeab376c769499a5f750641b*
`登陆天数: 122天 / 1257天
等级: 125
石头: 6
呼符: 109
体力: 13676.753333333334 / 137
友情点: 0 / 897630`
*連続ログイン3日目
※ログインが途切れるか、7日到達すると
1日目から再開されます*
`叡智の業火 X 1
6月交換券(2023) X 1
`_2023-06-21 19:33:11_
--------
*6cd714eeb3e3e13a19f5d07a4626b930*
`登陆天数: 122天 / 1252天
等级: 125
石头: 37
呼符: 99
体力: 13673.683333333332 / 137
友情点: 0 / 987045`
*連続ログイン3日目
※ログインが途切れるか、7日到達すると
1日目から再開されます*
`叡智の業火 X 1
6月交換券(2023) X 1
`_2023-06-21 19:33:19_
--------
*4892f706d3520440c52889adcd975007*
`登陆天数: 122天 / 1280天
等级: 125
石头: 723
呼符: 123
体力: 16173.1 / 137
友情点: 0 / 1002480`
*連続ログイン3日目
※ログインが途切れるか、7日到達すると
1日目から再開されます*
`叡智の業火 X 1
6月交換券(2023) X 1
`_2023-06-21 19:33:28_
--------
*eeba3d0c68a3b7e9fa236136b30cb897*
`登陆天数: 122天 / 1254天
等级: 125
石头: 1023
呼符: 103
体力: 13671.94 / 137
友情点: 0 / 895650`
*連続ログイン3日目
※ログインが途切れるか、7日到達すると
1日目から再開されます*
`叡智の業火 X 1
6月交換券(2023) X 1
`_2023-06-21 19:33:36_
--------
*79533b6314e6a2650ec019ea96bcaebe*
`登陆天数: 122天 / 1266天
等级: 125
石头: 658
呼符: 123
体力: 13669.813333333334 / 137
友情点: 0 / 923055`
*連続ログイン3日目
※ログインが途切れるか、7日到達すると
1日目から再開されます*
`叡智の業火 X 1
6月交換券(2023) X 1
`_2023-06-21 19:33:45_
--------
*c4c21a97c6c4de9fca7a936ac25180fa*
`登陆天数: 122天 / 1246天
等级: 125
石头: 1248
呼符: 100
体力: 13666.27 / 137
友情点: 0 / 910845`
*連続ログイン3日目
※ログインが途切れるか、7日到達すると
1日目から再開されます*
`叡智の業火 X 1
6月交換券(2023) X 1
`_2023-06-21 19:33:53_
--------
*4aae112bebb9faeb436a728839c766be*
`登陆天数: 122天 / 1209天
等级: 125
石头: 187
呼符: 60
体力: 13665.46 / 137
友情点: 0 / 901595`
*連続ログイン3日目
※ログインが途切れるか、7日到達すると
1日目から再開されます*
`叡智の業火 X 1
6月交換券(2023) X 1
`_2023-06-21 19:34:01_
--------
