【登录信息】
*b3defd4892470752525def1917e467ce*
`登陆天数: 124天 / 1239天
等级: 125
石头: 23
呼符: 51
体力: 14259.856666666667 / 137
友情点: 0 / 837045`
*連続ログイン5日目
※ログインが途切れるか、7日到達すると
1日目から再開されます*
`叡智の業火 X 2
6月交換券(2023) X 1
`_2023-06-23 19:32:47_
--------
*5513206501fad4f4b9bb8c80e1620d51*
`登陆天数: 124天 / 1257天
等级: 125
石头: 213
呼符: 82
体力: 14256.316666666668 / 137
友情点: 0 / 899975`
*連続ログイン5日目
※ログインが途切れるか、7日到達すると
1日目から再開されます*
`叡智の業火 X 2
6月交換券(2023) X 1
`_2023-06-23 19:32:56_
--------
*b8ed275142bdf1da8b56aac07218370c*
`登陆天数: 124天 / 1283天
等级: 125
石头: 21
呼符: 87
体力: 14254.5 / 137
友情点: 0 / 1002020`
*連続ログイン5日目
※ログインが途切れるか、7日到達すると
1日目から再開されます*
`叡智の業火 X 2
6月交換券(2023) X 1
`_2023-06-23 19:33:05_
--------
*d70a593ddeab376c769499a5f750641b*
`登陆天数: 124天 / 1259天
等级: 125
石头: 6
呼符: 109
体力: 14252.763333333334 / 137
友情点: 0 / 897630`
*連続ログイン5日目
※ログインが途切れるか、7日到達すると
1日目から再開されます*
`叡智の業火 X 2
6月交換券(2023) X 1
`_2023-06-23 19:33:13_
--------
*6cd714eeb3e3e13a19f5d07a4626b930*
`登陆天数: 124天 / 1254天
等级: 125
石头: 37
呼符: 99
体力: 14249.693333333333 / 137
友情点: 0 / 987045`
*連続ログイン5日目
※ログインが途切れるか、7日到達すると
1日目から再開されます*
`叡智の業火 X 2
6月交換券(2023) X 1
`_2023-06-23 19:33:22_
--------
*4892f706d3520440c52889adcd975007*
`登陆天数: 124天 / 1282天
等级: 125
石头: 723
呼符: 123
体力: 16749.11 / 137
友情点: 0 / 1002480`
*連続ログイン5日目
※ログインが途切れるか、7日到達すると
1日目から再開されます*
`叡智の業火 X 2
6月交換券(2023) X 1
`_2023-06-23 19:33:31_
--------
*eeba3d0c68a3b7e9fa236136b30cb897*
`登陆天数: 124天 / 1256天
等级: 125
石头: 1023
呼符: 103
体力: 14247.953333333333 / 137
友情点: 0 / 895650`
*連続ログイン5日目
※ログインが途切れるか、7日到達すると
1日目から再開されます*
`叡智の業火 X 2
6月交換券(2023) X 1
`_2023-06-23 19:33:39_
--------
*79533b6314e6a2650ec019ea96bcaebe*
`登陆天数: 124天 / 1268天
等级: 125
石头: 658
呼符: 123
体力: 14245.823333333334 / 137
友情点: 0 / 923055`
*連続ログイン5日目
※ログインが途切れるか、7日到達すると
1日目から再開されます*
`叡智の業火 X 2
6月交換券(2023) X 1
`_2023-06-23 19:33:48_
--------
*c4c21a97c6c4de9fca7a936ac25180fa*
`登陆天数: 124天 / 1248天
等级: 125
石头: 1248
呼符: 100
体力: 14242.283333333333 / 137
友情点: 0 / 910845`
*連続ログイン5日目
※ログインが途切れるか、7日到達すると
1日目から再開されます*
`叡智の業火 X 2
6月交換券(2023) X 1
`_2023-06-23 19:33:57_
--------
*4aae112bebb9faeb436a728839c766be*
`登陆天数: 124天 / 1211天
等级: 125
石头: 187
呼符: 60
体力: 14241.473333333333 / 137
友情点: 0 / 901595`
*連続ログイン5日目
※ログインが途切れるか、7日到達すると
1日目から再開されます*
`叡智の業火 X 2
6月交換券(2023) X 1
`_2023-06-23 19:34:05_
--------
