【登录信息】
*b3defd4892470752525def1917e467ce*
`登陆天数: 128天 / 1243天
等级: 125
石头: 23
呼符: 51
体力: 15411.913333333334 / 137
友情点: 0 / 837045`
*連続ログイン2日目
※ログインが途切れるか、7日到達すると
1日目から再開されます*
`聖晶石 X 1
6月交換券(2023) X 1
`_2023-06-27 19:33:04_
--------
*5513206501fad4f4b9bb8c80e1620d51*
`登陆天数: 128天 / 1261天
等级: 125
石头: 213
呼符: 82
体力: 15408.37 / 137
友情点: 0 / 899975`
*連続ログイン2日目
※ログインが途切れるか、7日到達すると
1日目から再開されます*
`聖晶石 X 1
6月交換券(2023) X 1
`_2023-06-27 19:33:12_
--------
*b8ed275142bdf1da8b56aac07218370c*
`登陆天数: 128天 / 1287天
等级: 125
石头: 21
呼符: 87
体力: 15406.553333333333 / 137
友情点: 0 / 1002020`
*連続ログイン2日目
※ログインが途切れるか、7日到達すると
1日目から再開されます*
`聖晶石 X 1
6月交換券(2023) X 1
`_2023-06-27 19:33:21_
--------
*d70a593ddeab376c769499a5f750641b*
`登陆天数: 128天 / 1263天
等级: 125
石头: 6
呼符: 109
体力: 15404.816666666668 / 137
友情点: 0 / 897630`
*連続ログイン2日目
※ログインが途切れるか、7日到達すると
1日目から再開されます*
`聖晶石 X 1
6月交換券(2023) X 1
`_2023-06-27 19:33:30_
--------
*6cd714eeb3e3e13a19f5d07a4626b930*
`登陆天数: 128天 / 1258天
等级: 125
石头: 37
呼符: 99
体力: 15401.75 / 137
友情点: 0 / 987045`
*連続ログイン2日目
※ログインが途切れるか、7日到達すると
1日目から再開されます*
`聖晶石 X 1
6月交換券(2023) X 1
`_2023-06-27 19:33:39_
--------
*4892f706d3520440c52889adcd975007*
`登陆天数: 128天 / 1286天
等级: 125
石头: 723
呼符: 123
体力: 17901.166666666668 / 137
友情点: 0 / 1002480`
*連続ログイン2日目
※ログインが途切れるか、7日到達すると
1日目から再開されます*
`聖晶石 X 1
6月交換券(2023) X 1
`_2023-06-27 19:33:48_
--------
*eeba3d0c68a3b7e9fa236136b30cb897*
`登陆天数: 128天 / 1260天
等级: 125
石头: 1023
呼符: 103
体力: 15400.01 / 137
友情点: 0 / 895650`
*連続ログイン2日目
※ログインが途切れるか、7日到達すると
1日目から再開されます*
`聖晶石 X 1
6月交換券(2023) X 1
`_2023-06-27 19:33:57_
--------
*79533b6314e6a2650ec019ea96bcaebe*
`登陆天数: 128天 / 1272天
等级: 125
石头: 658
呼符: 123
体力: 15397.883333333333 / 137
友情点: 0 / 923055`
*連続ログイン2日目
※ログインが途切れるか、7日到達すると
1日目から再開されます*
`聖晶石 X 1
6月交換券(2023) X 1
`_2023-06-27 19:34:06_
--------
*c4c21a97c6c4de9fca7a936ac25180fa*
`登陆天数: 128天 / 1252天
等级: 125
石头: 1248
呼符: 100
体力: 15394.343333333334 / 137
友情点: 0 / 910845`
*連続ログイン2日目
※ログインが途切れるか、7日到達すると
1日目から再開されます*
`聖晶石 X 1
6月交換券(2023) X 1
`_2023-06-27 19:34:15_
--------
*4aae112bebb9faeb436a728839c766be*
`登陆天数: 128天 / 1215天
等级: 125
石头: 187
呼符: 60
体力: 15393.533333333333 / 137
友情点: 0 / 901595`
*連続ログイン2日目
※ログインが途切れるか、7日到達すると
1日目から再開されます*
`聖晶石 X 1
6月交換券(2023) X 1
`_2023-06-27 19:34:24_
--------
