【登录信息】
*b3defd4892470752525def1917e467ce*
`登陆天数: 21天 / 1376天
等级: 125
石头: 437
呼符: 76
体力: 11026.14 / 137
友情点: 0 / 969135`
*連続ログイン7日間到達おめでとうございます！
明日は1日目からリスタートされます。*
`獣の足跡 X 1
呼符 X 1
12月交換券(2023) X 1
`*日替りログインボーナス*
*開催期間中、1日1回 2週間日替りでログインボーナスをプレゼント！*
`巡霊の葉 X 30
`_2023-11-30 19:36:05_
--------
*5513206501fad4f4b9bb8c80e1620d51*
`登陆天数: 21天 / 1395天
等级: 125
石头: 210
呼符: 97
体力: 10810.7 / 137
友情点: 0 / 1047975`
*連続ログイン7日間到達おめでとうございます！
明日は1日目からリスタートされます。*
`獣の足跡 X 1
呼符 X 1
12月交換券(2023) X 1
`*日替りログインボーナス*
*開催期間中、1日1回 2週間日替りでログインボーナスをプレゼント！*
`巡霊の葉 X 30
`_2023-11-30 19:36:14_
--------
*b8ed275142bdf1da8b56aac07218370c*
`登陆天数: 21天 / 1420天
等级: 125
石头: 466
呼符: 130
体力: 10186.733333333334 / 137
友情点: 0 / 1150020`
*連続ログイン7日間到達おめでとうございます！
明日は1日目からリスタートされます。*
`獣の足跡 X 1
呼符 X 1
12月交換券(2023) X 1
`*日替りログインボーナス*
*開催期間中、1日1回 2週間日替りでログインボーナスをプレゼント！*
`巡霊の葉 X 30
`_2023-11-30 19:36:23_
--------
*d70a593ddeab376c769499a5f750641b*
`登陆天数: 21天 / 1396天
等级: 125
石头: 298
呼符: 146
体力: 10185.946666666667 / 137
友情点: 0 / 1043630`
*連続ログイン7日間到達おめでとうございます！
明日は1日目からリスタートされます。*
`獣の足跡 X 1
呼符 X 1
12月交換券(2023) X 1
`*日替りログインボーナス*
*開催期間中、1日1回 2週間日替りでログインボーナスをプレゼント！*
`巡霊の葉 X 30
`_2023-11-30 19:36:31_
--------
*6cd714eeb3e3e13a19f5d07a4626b930*
`登陆天数: 21天 / 1391天
等级: 125
石头: 299
呼符: 131
体力: 10184.746666666666 / 137
友情点: 0 / 1129045`
*連続ログイン7日間到達おめでとうございます！
明日は1日目からリスタートされます。*
`獣の足跡 X 1
呼符 X 1
12月交換券(2023) X 1
`*日替りログインボーナス*
*開催期間中、1日1回 2週間日替りでログインボーナスをプレゼント！*
`巡霊の葉 X 30
`_2023-11-30 19:36:40_
--------
*4892f706d3520440c52889adcd975007*
`登陆天数: 21天 / 1420天
等级: 125
石头: 178
呼符: 111
体力: 10182.493333333334 / 137
友情点: 0 / 1152480`
*連続ログイン7日間到達おめでとうございます！
明日は1日目からリスタートされます。*
`獣の足跡 X 1
呼符 X 1
12月交換券(2023) X 1
`*日替りログインボーナス*
*開催期間中、1日1回 2週間日替りでログインボーナスをプレゼント！*
`巡霊の葉 X 30
`_2023-11-30 19:36:49_
--------
*eeba3d0c68a3b7e9fa236136b30cb897*
`登陆天数: 21天 / 1394天
等级: 125
石头: 505
呼符: 135
体力: 10203.373333333333 / 137
友情点: 0 / 1043650`
*連続ログイン7日間到達おめでとうございます！
明日は1日目からリスタートされます。*
`獣の足跡 X 1
呼符 X 1
12月交換券(2023) X 1
`*日替りログインボーナス*
*開催期間中、1日1回 2週間日替りでログインボーナスをプレゼント！*
`巡霊の葉 X 30
`_2023-11-30 19:36:58_
--------
*79533b6314e6a2650ec019ea96bcaebe*
`登陆天数: 21天 / 1406天
等级: 125
石头: 466
呼符: 154
体力: 10201.706666666667 / 137
友情点: 0 / 1069055`
*連続ログイン7日間到達おめでとうございます！
明日は1日目からリスタートされます。*
`獣の足跡 X 1
呼符 X 1
12月交換券(2023) X 1
`*日替りログインボーナス*
*開催期間中、1日1回 2週間日替りでログインボーナスをプレゼント！*
`巡霊の葉 X 30
`_2023-11-30 19:37:07_
--------
*c4c21a97c6c4de9fca7a936ac25180fa*
`登陆天数: 21天 / 1385天
等级: 125
石头: 606
呼符: 145
体力: 3195.67 / 137
友情点: 0 / 1064845`
*連続ログイン7日間到達おめでとうございます！
明日は1日目からリスタートされます。*
`獣の足跡 X 1
呼符 X 1
12月交換券(2023) X 1
`*日替りログインボーナス*
*開催期間中、1日1回 2週間日替りでログインボーナスをプレゼント！*
`巡霊の葉 X 30
`_2023-11-30 19:37:15_
--------
*4aae112bebb9faeb436a728839c766be*
`登陆天数: 21天 / 1348天
等级: 125
石头: 190
呼符: 96
体力: 11606.8 / 137
友情点: 0 / 1047595`
*連続ログイン7日間到達おめでとうございます！
明日は1日目からリスタートされます。*
`獣の足跡 X 1
呼符 X 1
12月交換券(2023) X 1
`*日替りログインボーナス*
*開催期間中、1日1回 2週間日替りでログインボーナスをプレゼント！*
`巡霊の葉 X 30
`_2023-11-30 19:37:24_
--------
