【登录信息】
*b3defd4892470752525def1917e467ce*
`登陆天数: 24天 / 1379天
等级: 125
石头: 437
呼符: 76
体力: 11890.22 / 137
友情点: 0 / 969135`
*連続ログイン3日目
※ログインが途切れるか、7日到達すると
1日目から再開されます*
`叡智の業火 X 1
12月交換券(2023) X 1
`*日替りログインボーナス*
*開催期間中、1日1回 2週間日替りでログインボーナスをプレゼント！*
`巡霊の葉 X 30
`_2023-12-03 19:36:30_
--------
*5513206501fad4f4b9bb8c80e1620d51*
`登陆天数: 24天 / 1398天
等级: 125
石头: 210
呼符: 97
体力: 11674.78 / 137
友情点: 0 / 1047975`
*連続ログイン3日目
※ログインが途切れるか、7日到達すると
1日目から再開されます*
`叡智の業火 X 1
12月交換券(2023) X 1
`*日替りログインボーナス*
*開催期間中、1日1回 2週間日替りでログインボーナスをプレゼント！*
`巡霊の葉 X 30
`_2023-12-03 19:36:38_
--------
*b8ed275142bdf1da8b56aac07218370c*
`登陆天数: 24天 / 1423天
等级: 125
石头: 466
呼符: 130
体力: 11050.813333333334 / 137
友情点: 0 / 1150020`
*連続ログイン3日目
※ログインが途切れるか、7日到達すると
1日目から再開されます*
`叡智の業火 X 1
12月交換券(2023) X 1
`*日替りログインボーナス*
*開催期間中、1日1回 2週間日替りでログインボーナスをプレゼント！*
`巡霊の葉 X 30
`_2023-12-03 19:36:47_
--------
*d70a593ddeab376c769499a5f750641b*
`登陆天数: 24天 / 1399天
等级: 125
石头: 298
呼符: 146
体力: 11050.026666666667 / 137
友情点: 0 / 1043630`
*連続ログイン3日目
※ログインが途切れるか、7日到達すると
1日目から再開されます*
`叡智の業火 X 1
12月交換券(2023) X 1
`*日替りログインボーナス*
*開催期間中、1日1回 2週間日替りでログインボーナスをプレゼント！*
`巡霊の葉 X 30
`_2023-12-03 19:36:56_
--------
*6cd714eeb3e3e13a19f5d07a4626b930*
`登陆天数: 24天 / 1394天
等级: 125
石头: 299
呼符: 131
体力: 11048.826666666666 / 137
友情点: 0 / 1129045`
*連続ログイン3日目
※ログインが途切れるか、7日到達すると
1日目から再開されます*
`叡智の業火 X 1
12月交換券(2023) X 1
`*日替りログインボーナス*
*開催期間中、1日1回 2週間日替りでログインボーナスをプレゼント！*
`巡霊の葉 X 30
`_2023-12-03 19:37:05_
--------
*4892f706d3520440c52889adcd975007*
`登陆天数: 24天 / 1423天
等级: 125
石头: 178
呼符: 111
体力: 11046.576666666666 / 137
友情点: 0 / 1152480`
*連続ログイン3日目
※ログインが途切れるか、7日到達すると
1日目から再開されます*
`叡智の業火 X 1
12月交換券(2023) X 1
`*日替りログインボーナス*
*開催期間中、1日1回 2週間日替りでログインボーナスをプレゼント！*
`巡霊の葉 X 30
`_2023-12-03 19:37:13_
--------
*eeba3d0c68a3b7e9fa236136b30cb897*
`登陆天数: 24天 / 1397天
等级: 125
石头: 505
呼符: 135
体力: 11067.453333333333 / 137
友情点: 0 / 1043650`
*連続ログイン3日目
※ログインが途切れるか、7日到達すると
1日目から再開されます*
`叡智の業火 X 1
12月交換券(2023) X 1
`*日替りログインボーナス*
*開催期間中、1日1回 2週間日替りでログインボーナスをプレゼント！*
`巡霊の葉 X 30
`_2023-12-03 19:37:22_
--------
*79533b6314e6a2650ec019ea96bcaebe*
`登陆天数: 24天 / 1409天
等级: 125
石头: 466
呼符: 154
体力: 11065.79 / 137
友情点: 0 / 1069055`
*連続ログイン3日目
※ログインが途切れるか、7日到達すると
1日目から再開されます*
`叡智の業火 X 1
12月交換券(2023) X 1
`*日替りログインボーナス*
*開催期間中、1日1回 2週間日替りでログインボーナスをプレゼント！*
`巡霊の葉 X 30
`_2023-12-03 19:37:31_
--------
*c4c21a97c6c4de9fca7a936ac25180fa*
`登陆天数: 24天 / 1388天
等级: 125
石头: 606
呼符: 145
体力: 4059.75 / 137
友情点: 0 / 1064845`
*連続ログイン3日目
※ログインが途切れるか、7日到達すると
1日目から再開されます*
`叡智の業火 X 1
12月交換券(2023) X 1
`*日替りログインボーナス*
*開催期間中、1日1回 2週間日替りでログインボーナスをプレゼント！*
`巡霊の葉 X 30
`_2023-12-03 19:37:40_
--------
*4aae112bebb9faeb436a728839c766be*
`登陆天数: 24天 / 1351天
等级: 125
石头: 190
呼符: 96
体力: 12470.88 / 137
友情点: 0 / 1047595`
*連続ログイン3日目
※ログインが途切れるか、7日到達すると
1日目から再開されます*
`叡智の業火 X 1
12月交換券(2023) X 1
`*日替りログインボーナス*
*開催期間中、1日1回 2週間日替りでログインボーナスをプレゼント！*
`巡霊の葉 X 30
`_2023-12-03 19:37:49_
--------
