【登录信息】
*b3defd4892470752525def1917e467ce*
`登陆天数: 38天 / 1393天
等级: 125
石头: 437
呼符: 76
体力: 15922.14 / 137
友情点: 0 / 969135`
*連続ログイン3日目
※ログインが途切れるか、7日到達すると
1日目から再開されます*
`叡智の業火 X 1
12月交換券(2023) X 1
`*激走！川中島24時 ぐだぐだ超五稜郭 殺しのサインはM51
開幕記念 ログインボーナス*
*開催期間中、1日1回 最大21回ログインボーナスをプレゼント！*
`白銀の果実 X 1
`_2023-12-17 19:36:06_
--------
*5513206501fad4f4b9bb8c80e1620d51*
`登陆天数: 38天 / 1412天
等级: 125
石头: 210
呼符: 97
体力: 15706.703333333333 / 137
友情点: 0 / 1047975`
*連続ログイン3日目
※ログインが途切れるか、7日到達すると
1日目から再開されます*
`叡智の業火 X 1
12月交換券(2023) X 1
`*激走！川中島24時 ぐだぐだ超五稜郭 殺しのサインはM51
開幕記念 ログインボーナス*
*開催期間中、1日1回 最大21回ログインボーナスをプレゼント！*
`白銀の果実 X 1
`_2023-12-17 19:36:15_
--------
*b8ed275142bdf1da8b56aac07218370c*
`登陆天数: 38天 / 1437天
等级: 125
石头: 474
呼符: 141
体力: 1508.19 / 137
友情点: 0 / 1164020`
*連続ログイン3日目
※ログインが途切れるか、7日到達すると
1日目から再開されます*
`叡智の業火 X 1
12月交換券(2023) X 1
`*激走！川中島24時 ぐだぐだ超五稜郭 殺しのサインはM51
開幕記念 ログインボーナス*
*開催期間中、1日1回 最大21回ログインボーナスをプレゼント！*
`白銀の果実 X 1
`_2023-12-17 19:36:23_
--------
*d70a593ddeab376c769499a5f750641b*
`登陆天数: 38天 / 1413天
等级: 125
石头: 298
呼符: 146
体力: 15081.946666666667 / 137
友情点: 0 / 1043630`
*連続ログイン3日目
※ログインが途切れるか、7日到達すると
1日目から再開されます*
`叡智の業火 X 1
12月交換券(2023) X 1
`*激走！川中島24時 ぐだぐだ超五稜郭 殺しのサインはM51
開幕記念 ログインボーナス*
*開催期間中、1日1回 最大21回ログインボーナスをプレゼント！*
`白銀の果実 X 1
`_2023-12-17 19:36:31_
--------
*6cd714eeb3e3e13a19f5d07a4626b930*
`登陆天数: 38天 / 1408天
等级: 125
石头: 299
呼符: 131
体力: 15080.743333333334 / 137
友情点: 0 / 1129045`
*連続ログイン3日目
※ログインが途切れるか、7日到達すると
1日目から再開されます*
`叡智の業火 X 1
12月交換券(2023) X 1
`*激走！川中島24時 ぐだぐだ超五稜郭 殺しのサインはM51
開幕記念 ログインボーナス*
*開催期間中、1日1回 最大21回ログインボーナスをプレゼント！*
`白銀の果実 X 1
`_2023-12-17 19:36:40_
--------
*4892f706d3520440c52889adcd975007*
`登陆天数: 38天 / 1437天
等级: 125
石头: 178
呼符: 111
体力: 15078.493333333334 / 137
友情点: 0 / 1152480`
*連続ログイン3日目
※ログインが途切れるか、7日到達すると
1日目から再開されます*
`叡智の業火 X 1
12月交換券(2023) X 1
`*激走！川中島24時 ぐだぐだ超五稜郭 殺しのサインはM51
開幕記念 ログインボーナス*
*開催期間中、1日1回 最大21回ログインボーナスをプレゼント！*
`白銀の果実 X 1
`_2023-12-17 19:36:49_
--------
*eeba3d0c68a3b7e9fa236136b30cb897*
`登陆天数: 38天 / 1411天
等级: 125
石头: 505
呼符: 135
体力: 15099.37 / 137
友情点: 0 / 1043650`
*連続ログイン3日目
※ログインが途切れるか、7日到達すると
1日目から再開されます*
`叡智の業火 X 1
12月交換券(2023) X 1
`*激走！川中島24時 ぐだぐだ超五稜郭 殺しのサインはM51
開幕記念 ログインボーナス*
*開催期間中、1日1回 最大21回ログインボーナスをプレゼント！*
`白銀の果実 X 1
`_2023-12-17 19:36:57_
--------
*79533b6314e6a2650ec019ea96bcaebe*
`登陆天数: 38天 / 1423天
等级: 125
石头: 466
呼符: 154
体力: 15097.703333333333 / 137
友情点: 0 / 1069055`
*連続ログイン3日目
※ログインが途切れるか、7日到達すると
1日目から再開されます*
`叡智の業火 X 1
12月交換券(2023) X 1
`*激走！川中島24時 ぐだぐだ超五稜郭 殺しのサインはM51
開幕記念 ログインボーナス*
*開催期間中、1日1回 最大21回ログインボーナスをプレゼント！*
`白銀の果実 X 1
`_2023-12-17 19:37:06_
--------
*c4c21a97c6c4de9fca7a936ac25180fa*
`登陆天数: 38天 / 1402天
等级: 125
石头: 606
呼符: 145
体力: 8091.663333333333 / 137
友情点: 0 / 1064845`
*連続ログイン3日目
※ログインが途切れるか、7日到達すると
1日目から再開されます*
`叡智の業火 X 1
12月交換券(2023) X 1
`*激走！川中島24時 ぐだぐだ超五稜郭 殺しのサインはM51
開幕記念 ログインボーナス*
*開催期間中、1日1回 最大21回ログインボーナスをプレゼント！*
`白銀の果実 X 1
`_2023-12-17 19:37:14_
--------
*4aae112bebb9faeb436a728839c766be*
`登陆天数: 38天 / 1365天
等级: 125
石头: 190
呼符: 96
体力: 16502.793333333335 / 137
友情点: 0 / 1047595`
*連続ログイン3日目
※ログインが途切れるか、7日到達すると
1日目から再開されます*
`叡智の業火 X 1
12月交換券(2023) X 1
`*激走！川中島24時 ぐだぐだ超五稜郭 殺しのサインはM51
開幕記念 ログインボーナス*
*開催期間中、1日1回 最大21回ログインボーナスをプレゼント！*
`白銀の果実 X 1
`_2023-12-17 19:37:23_
--------
