【登录信息】
*b3defd4892470752525def1917e467ce*
`登陆天数: 41天 / 1396天
等级: 125
石头: 437
呼符: 76
体力: 16786.19 / 137
友情点: 0 / 969135`
*連続ログイン6日目
※ログインが途切れるか、7日到達すると
1日目から再開されます*
`聖晶石 X 2
12月交換券(2023) X 1
`*雪原のメリー・クリスマス2023 ～7days / 8years Snow Carol～開幕記念 ログインボーナス*
*開催期間中、1日1回 最大10回ログインボーナスをプレゼント！*
`黄金の果実 X 1
`_2023-12-20 19:36:21_
--------
*5513206501fad4f4b9bb8c80e1620d51*
`登陆天数: 41天 / 1415天
等级: 125
石头: 210
呼符: 97
体力: 16570.75 / 137
友情点: 0 / 1047975`
*連続ログイン6日目
※ログインが途切れるか、7日到達すると
1日目から再開されます*
`聖晶石 X 2
12月交換券(2023) X 1
`*雪原のメリー・クリスマス2023 ～7days / 8years Snow Carol～開幕記念 ログインボーナス*
*開催期間中、1日1回 最大10回ログインボーナスをプレゼント！*
`黄金の果実 X 1
`_2023-12-20 19:36:29_
--------
*b8ed275142bdf1da8b56aac07218370c*
`登陆天数: 41天 / 1440天
等级: 125
石头: 474
呼符: 141
体力: 2372.2366666666667 / 137
友情点: 0 / 1164020`
*連続ログイン6日目
※ログインが途切れるか、7日到達すると
1日目から再開されます*
`聖晶石 X 2
12月交換券(2023) X 1
`*雪原のメリー・クリスマス2023 ～7days / 8years Snow Carol～開幕記念 ログインボーナス*
*開催期間中、1日1回 最大10回ログインボーナスをプレゼント！*
`黄金の果実 X 1
`_2023-12-20 19:36:37_
--------
*d70a593ddeab376c769499a5f750641b*
`登陆天数: 41天 / 1416天
等级: 125
石头: 298
呼符: 146
体力: 15945.99 / 137
友情点: 0 / 1043630`
*連続ログイン6日目
※ログインが途切れるか、7日到達すると
1日目から再開されます*
`聖晶石 X 2
12月交換券(2023) X 1
`*雪原のメリー・クリスマス2023 ～7days / 8years Snow Carol～開幕記念 ログインボーナス*
*開催期間中、1日1回 最大10回ログインボーナスをプレゼント！*
`黄金の果実 X 1
`_2023-12-20 19:36:45_
--------
*6cd714eeb3e3e13a19f5d07a4626b930*
`登陆天数: 41天 / 1411天
等级: 125
石头: 299
呼符: 131
体力: 15944.786666666667 / 137
友情点: 0 / 1129045`
*連続ログイン6日目
※ログインが途切れるか、7日到達すると
1日目から再開されます*
`聖晶石 X 2
12月交換券(2023) X 1
`*雪原のメリー・クリスマス2023 ～7days / 8years Snow Carol～開幕記念 ログインボーナス*
*開催期間中、1日1回 最大10回ログインボーナスをプレゼント！*
`黄金の果実 X 1
`_2023-12-20 19:36:53_
--------
*4892f706d3520440c52889adcd975007*
`登陆天数: 41天 / 1440天
等级: 125
石头: 178
呼符: 111
体力: 15942.533333333333 / 137
友情点: 0 / 1152480`
*連続ログイン6日目
※ログインが途切れるか、7日到達すると
1日目から再開されます*
`聖晶石 X 2
12月交換券(2023) X 1
`*雪原のメリー・クリスマス2023 ～7days / 8years Snow Carol～開幕記念 ログインボーナス*
*開催期間中、1日1回 最大10回ログインボーナスをプレゼント！*
`黄金の果実 X 1
`_2023-12-20 19:37:01_
--------
*eeba3d0c68a3b7e9fa236136b30cb897*
`登陆天数: 41天 / 1414天
等级: 125
石头: 505
呼符: 135
体力: 15963.413333333334 / 137
友情点: 0 / 1043650`
*連続ログイン6日目
※ログインが途切れるか、7日到達すると
1日目から再開されます*
`聖晶石 X 2
12月交換券(2023) X 1
`*雪原のメリー・クリスマス2023 ～7days / 8years Snow Carol～開幕記念 ログインボーナス*
*開催期間中、1日1回 最大10回ログインボーナスをプレゼント！*
`黄金の果実 X 1
`_2023-12-20 19:37:10_
--------
*79533b6314e6a2650ec019ea96bcaebe*
`登陆天数: 41天 / 1426天
等级: 125
石头: 466
呼符: 154
体力: 15961.743333333334 / 137
友情点: 0 / 1069055`
*連続ログイン6日目
※ログインが途切れるか、7日到達すると
1日目から再開されます*
`聖晶石 X 2
12月交換券(2023) X 1
`*雪原のメリー・クリスマス2023 ～7days / 8years Snow Carol～開幕記念 ログインボーナス*
*開催期間中、1日1回 最大10回ログインボーナスをプレゼント！*
`黄金の果実 X 1
`_2023-12-20 19:37:18_
--------
*c4c21a97c6c4de9fca7a936ac25180fa*
`登陆天数: 41天 / 1405天
等级: 125
石头: 606
呼符: 145
体力: 8955.703333333333 / 137
友情点: 0 / 1064845`
*連続ログイン6日目
※ログインが途切れるか、7日到達すると
1日目から再開されます*
`聖晶石 X 2
12月交換券(2023) X 1
`*雪原のメリー・クリスマス2023 ～7days / 8years Snow Carol～開幕記念 ログインボーナス*
*開催期間中、1日1回 最大10回ログインボーナスをプレゼント！*
`黄金の果実 X 1
`_2023-12-20 19:37:26_
--------
*4aae112bebb9faeb436a728839c766be*
`登陆天数: 41天 / 1368天
等级: 125
石头: 190
呼符: 96
体力: 17366.83 / 137
友情点: 0 / 1047595`
*連続ログイン6日目
※ログインが途切れるか、7日到達すると
1日目から再開されます*
`聖晶石 X 2
12月交換券(2023) X 1
`*雪原のメリー・クリスマス2023 ～7days / 8years Snow Carol～開幕記念 ログインボーナス*
*開催期間中、1日1回 最大10回ログインボーナスをプレゼント！*
`黄金の果実 X 1
`_2023-12-20 19:37:35_
--------
