【登录信息】
*b3defd4892470752525def1917e467ce*
`登陆天数: 45天 / 1400天
等级: 125
石头: 437
呼符: 76
体力: 17938.136666666665 / 137
友情点: 0 / 969135`
*連続ログイン3日目
※ログインが途切れるか、7日到達すると
1日目から再開されます*
`叡智の業火 X 1
12月交換券(2023) X 1
`*ネモ〔サンタ〕からのクリスマスプレゼント*
*開催期間中、初回ログインで「聖晶石×10」をプレゼント！*
`聖晶石 X 10
`_2023-12-24 19:36:05_
--------
*5513206501fad4f4b9bb8c80e1620d51*
`登陆天数: 45天 / 1419天
等级: 125
石头: 210
呼符: 97
体力: 17722.696666666667 / 137
友情点: 0 / 1047975`
*連続ログイン3日目
※ログインが途切れるか、7日到達すると
1日目から再開されます*
`叡智の業火 X 1
12月交換券(2023) X 1
`*ネモ〔サンタ〕からのクリスマスプレゼント*
*開催期間中、初回ログインで「聖晶石×10」をプレゼント！*
`聖晶石 X 10
`_2023-12-24 19:36:13_
--------
*b8ed275142bdf1da8b56aac07218370c*
`登陆天数: 45天 / 1444天
等级: 125
石头: 474
呼符: 141
体力: 3524.1866666666665 / 137
友情点: 0 / 1164020`
*連続ログイン3日目
※ログインが途切れるか、7日到達すると
1日目から再開されます*
`叡智の業火 X 1
12月交換券(2023) X 1
`*ネモ〔サンタ〕からのクリスマスプレゼント*
*開催期間中、初回ログインで「聖晶石×10」をプレゼント！*
`聖晶石 X 10
`_2023-12-24 19:36:22_
--------
*d70a593ddeab376c769499a5f750641b*
`登陆天数: 45天 / 1420天
等级: 125
石头: 298
呼符: 146
体力: 17097.94 / 137
友情点: 0 / 1043630`
*連続ログイン3日目
※ログインが途切れるか、7日到達すると
1日目から再開されます*
`叡智の業火 X 1
12月交換券(2023) X 1
`*ネモ〔サンタ〕からのクリスマスプレゼント*
*開催期間中、初回ログインで「聖晶石×10」をプレゼント！*
`聖晶石 X 10
`_2023-12-24 19:36:30_
--------
*6cd714eeb3e3e13a19f5d07a4626b930*
`登陆天数: 45天 / 1415天
等级: 125
石头: 299
呼符: 131
体力: 17096.736666666668 / 137
友情点: 0 / 1129045`
*連続ログイン3日目
※ログインが途切れるか、7日到達すると
1日目から再開されます*
`叡智の業火 X 1
12月交換券(2023) X 1
`*ネモ〔サンタ〕からのクリスマスプレゼント*
*開催期間中、初回ログインで「聖晶石×10」をプレゼント！*
`聖晶石 X 10
`_2023-12-24 19:36:38_
--------
*4892f706d3520440c52889adcd975007*
`登陆天数: 45天 / 1444天
等级: 125
石头: 178
呼符: 111
体力: 17094.486666666668 / 137
友情点: 0 / 1152480`
*連続ログイン3日目
※ログインが途切れるか、7日到達すると
1日目から再開されます*
`叡智の業火 X 1
12月交換券(2023) X 1
`*ネモ〔サンタ〕からのクリスマスプレゼント*
*開催期間中、初回ログインで「聖晶石×10」をプレゼント！*
`聖晶石 X 10
`_2023-12-24 19:36:47_
--------
*eeba3d0c68a3b7e9fa236136b30cb897*
`登陆天数: 45天 / 1418天
等级: 125
石头: 505
呼符: 135
体力: 17115.366666666665 / 137
友情点: 0 / 1043650`
*連続ログイン3日目
※ログインが途切れるか、7日到達すると
1日目から再開されます*
`叡智の業火 X 1
12月交換券(2023) X 1
`*ネモ〔サンタ〕からのクリスマスプレゼント*
*開催期間中、初回ログインで「聖晶石×10」をプレゼント！*
`聖晶石 X 10
`_2023-12-24 19:36:56_
--------
*79533b6314e6a2650ec019ea96bcaebe*
`登陆天数: 45天 / 1430天
等级: 125
石头: 466
呼符: 154
体力: 17113.7 / 137
友情点: 0 / 1069055`
*連続ログイン3日目
※ログインが途切れるか、7日到達すると
1日目から再開されます*
`叡智の業火 X 1
12月交換券(2023) X 1
`*ネモ〔サンタ〕からのクリスマスプレゼント*
*開催期間中、初回ログインで「聖晶石×10」をプレゼント！*
`聖晶石 X 10
`_2023-12-24 19:37:05_
--------
*c4c21a97c6c4de9fca7a936ac25180fa*
`登陆天数: 45天 / 1409天
等级: 125
石头: 606
呼符: 145
体力: 10107.663333333334 / 137
友情点: 0 / 1064845`
*連続ログイン3日目
※ログインが途切れるか、7日到達すると
1日目から再開されます*
`叡智の業火 X 1
12月交換券(2023) X 1
`*ネモ〔サンタ〕からのクリスマスプレゼント*
*開催期間中、初回ログインで「聖晶石×10」をプレゼント！*
`聖晶石 X 10
`_2023-12-24 19:37:13_
--------
*4aae112bebb9faeb436a728839c766be*
`登陆天数: 45天 / 1372天
等级: 125
石头: 190
呼符: 96
体力: 18518.79 / 137
友情点: 0 / 1047595`
*連続ログイン3日目
※ログインが途切れるか、7日到達すると
1日目から再開されます*
`叡智の業火 X 1
12月交換券(2023) X 1
`*ネモ〔サンタ〕からのクリスマスプレゼント*
*開催期間中、初回ログインで「聖晶石×10」をプレゼント！*
`聖晶石 X 10
`_2023-12-24 19:37:22_
--------
