【登录信息】
*b3defd4892470752525def1917e467ce*
`登陆天数: 46天 / 1401天
等级: 125
石头: 437
呼符: 76
体力: 18226.136666666665 / 137
友情点: 0 / 969135`
*連続ログイン4日目
※ログインが途切れるか、7日到達すると
1日目から再開されます*
`聖晶石 X 1
12月交換券(2023) X 1
`*雪原のメリー・クリスマス2023 ～7days / 8years Snow Carol～開幕記念 ログインボーナス*
*開催期間中、1日1回 最大10回ログインボーナスをプレゼント！*
`白銀の果実 X 1
`_2023-12-25 19:36:05_
--------
*5513206501fad4f4b9bb8c80e1620d51*
`登陆天数: 46天 / 1420天
等级: 125
石头: 210
呼符: 97
体力: 18010.696666666667 / 137
友情点: 0 / 1047975`
*連続ログイン4日目
※ログインが途切れるか、7日到達すると
1日目から再開されます*
`聖晶石 X 1
12月交換券(2023) X 1
`*雪原のメリー・クリスマス2023 ～7days / 8years Snow Carol～開幕記念 ログインボーナス*
*開催期間中、1日1回 最大10回ログインボーナスをプレゼント！*
`白銀の果実 X 1
`_2023-12-25 19:36:13_
--------
*b8ed275142bdf1da8b56aac07218370c*
`登陆天数: 46天 / 1445天
等级: 125
石头: 474
呼符: 141
体力: 3812.1866666666665 / 137
友情点: 0 / 1164020`
*連続ログイン4日目
※ログインが途切れるか、7日到達すると
1日目から再開されます*
`聖晶石 X 1
12月交換券(2023) X 1
`*雪原のメリー・クリスマス2023 ～7days / 8years Snow Carol～開幕記念 ログインボーナス*
*開催期間中、1日1回 最大10回ログインボーナスをプレゼント！*
`白銀の果実 X 1
`_2023-12-25 19:36:21_
--------
*d70a593ddeab376c769499a5f750641b*
`登陆天数: 46天 / 1421天
等级: 125
石头: 298
呼符: 146
体力: 17385.94 / 137
友情点: 0 / 1043630`
*連続ログイン4日目
※ログインが途切れるか、7日到達すると
1日目から再開されます*
`聖晶石 X 1
12月交換券(2023) X 1
`*雪原のメリー・クリスマス2023 ～7days / 8years Snow Carol～開幕記念 ログインボーナス*
*開催期間中、1日1回 最大10回ログインボーナスをプレゼント！*
`白銀の果実 X 1
`_2023-12-25 19:36:30_
--------
*6cd714eeb3e3e13a19f5d07a4626b930*
`登陆天数: 46天 / 1416天
等级: 125
石头: 299
呼符: 131
体力: 17384.74 / 137
友情点: 0 / 1129045`
*連続ログイン4日目
※ログインが途切れるか、7日到達すると
1日目から再開されます*
`聖晶石 X 1
12月交換券(2023) X 1
`*雪原のメリー・クリスマス2023 ～7days / 8years Snow Carol～開幕記念 ログインボーナス*
*開催期間中、1日1回 最大10回ログインボーナスをプレゼント！*
`白銀の果実 X 1
`_2023-12-25 19:36:39_
--------
*4892f706d3520440c52889adcd975007*
`登陆天数: 46天 / 1445天
等级: 125
石头: 178
呼符: 111
体力: 17382.49 / 137
友情点: 0 / 1152480`
*連続ログイン4日目
※ログインが途切れるか、7日到達すると
1日目から再開されます*
`聖晶石 X 1
12月交換券(2023) X 1
`*雪原のメリー・クリスマス2023 ～7days / 8years Snow Carol～開幕記念 ログインボーナス*
*開催期間中、1日1回 最大10回ログインボーナスをプレゼント！*
`白銀の果実 X 1
`_2023-12-25 19:36:47_
--------
*eeba3d0c68a3b7e9fa236136b30cb897*
`登陆天数: 46天 / 1419天
等级: 125
石头: 505
呼符: 135
体力: 17403.366666666665 / 137
友情点: 0 / 1043650`
*連続ログイン4日目
※ログインが途切れるか、7日到達すると
1日目から再開されます*
`聖晶石 X 1
12月交換券(2023) X 1
`*雪原のメリー・クリスマス2023 ～7days / 8years Snow Carol～開幕記念 ログインボーナス*
*開催期間中、1日1回 最大10回ログインボーナスをプレゼント！*
`白銀の果実 X 1
`_2023-12-25 19:36:56_
--------
*79533b6314e6a2650ec019ea96bcaebe*
`登陆天数: 46天 / 1431天
等级: 125
石头: 466
呼符: 154
体力: 17401.7 / 137
友情点: 0 / 1069055`
*連続ログイン4日目
※ログインが途切れるか、7日到達すると
1日目から再開されます*
`聖晶石 X 1
12月交換券(2023) X 1
`*雪原のメリー・クリスマス2023 ～7days / 8years Snow Carol～開幕記念 ログインボーナス*
*開催期間中、1日1回 最大10回ログインボーナスをプレゼント！*
`白銀の果実 X 1
`_2023-12-25 19:37:05_
--------
*c4c21a97c6c4de9fca7a936ac25180fa*
`登陆天数: 46天 / 1410天
等级: 125
石头: 606
呼符: 145
体力: 10395.663333333334 / 137
友情点: 0 / 1064845`
*連続ログイン4日目
※ログインが途切れるか、7日到達すると
1日目から再開されます*
`聖晶石 X 1
12月交換券(2023) X 1
`*雪原のメリー・クリスマス2023 ～7days / 8years Snow Carol～開幕記念 ログインボーナス*
*開催期間中、1日1回 最大10回ログインボーナスをプレゼント！*
`白銀の果実 X 1
`_2023-12-25 19:37:13_
--------
*4aae112bebb9faeb436a728839c766be*
`登陆天数: 46天 / 1373天
等级: 125
石头: 190
呼符: 96
体力: 18806.79 / 137
友情点: 0 / 1047595`
*連続ログイン4日目
※ログインが途切れるか、7日到達すると
1日目から再開されます*
`聖晶石 X 1
12月交換券(2023) X 1
`*雪原のメリー・クリスマス2023 ～7days / 8years Snow Carol～開幕記念 ログインボーナス*
*開催期間中、1日1回 最大10回ログインボーナスをプレゼント！*
`白銀の果実 X 1
`_2023-12-25 19:37:22_
--------
