【登录信息】
*b3defd4892470752525def1917e467ce*
`登陆天数: 51天 / 1406天
等级: 125
石头: 437
呼符: 76
体力: 19666.18 / 137
友情点: 0 / 969135`
*連続ログイン2日目
※ログインが途切れるか、7日到達すると
1日目から再開されます*
`聖晶石 X 1
12月交換券(2023) X 1
`*Fate Project 大晦日TVスペシャル2023 放送カウントダウンログインボーナス*
*開催期間中、1日1回 3日間日替りでログインボーナスをプレゼント！*
`黄金の果実 X 1
呼符 X 1
`_2023-12-30 19:36:18_
--------
*5513206501fad4f4b9bb8c80e1620d51*
`登陆天数: 51天 / 1425天
等级: 125
石头: 210
呼符: 97
体力: 19450.743333333332 / 137
友情点: 0 / 1047975`
*連続ログイン2日目
※ログインが途切れるか、7日到達すると
1日目から再開されます*
`聖晶石 X 1
12月交換券(2023) X 1
`*Fate Project 大晦日TVスペシャル2023 放送カウントダウンログインボーナス*
*開催期間中、1日1回 3日間日替りでログインボーナスをプレゼント！*
`黄金の果実 X 1
呼符 X 1
`_2023-12-30 19:36:27_
--------
*b8ed275142bdf1da8b56aac07218370c*
`登陆天数: 51天 / 1450天
等级: 125
石头: 474
呼符: 141
体力: 5252.23 / 137
友情点: 0 / 1164020`
*連続ログイン2日目
※ログインが途切れるか、7日到達すると
1日目から再開されます*
`聖晶石 X 1
12月交換券(2023) X 1
`*Fate Project 大晦日TVスペシャル2023 放送カウントダウンログインボーナス*
*開催期間中、1日1回 3日間日替りでログインボーナスをプレゼント！*
`黄金の果実 X 1
呼符 X 1
`_2023-12-30 19:36:35_
--------
*d70a593ddeab376c769499a5f750641b*
`登陆天数: 51天 / 1426天
等级: 125
石头: 298
呼符: 146
体力: 18825.986666666668 / 137
友情点: 0 / 1043630`
*連続ログイン2日目
※ログインが途切れるか、7日到達すると
1日目から再開されます*
`聖晶石 X 1
12月交換券(2023) X 1
`*Fate Project 大晦日TVスペシャル2023 放送カウントダウンログインボーナス*
*開催期間中、1日1回 3日間日替りでログインボーナスをプレゼント！*
`黄金の果実 X 1
呼符 X 1
`_2023-12-30 19:36:44_
--------
*6cd714eeb3e3e13a19f5d07a4626b930*
`登陆天数: 51天 / 1421天
等级: 125
石头: 299
呼符: 131
体力: 18824.783333333333 / 137
友情点: 0 / 1129045`
*連続ログイン2日目
※ログインが途切れるか、7日到達すると
1日目から再開されます*
`聖晶石 X 1
12月交換券(2023) X 1
`*Fate Project 大晦日TVスペシャル2023 放送カウントダウンログインボーナス*
*開催期間中、1日1回 3日間日替りでログインボーナスをプレゼント！*
`黄金の果実 X 1
呼符 X 1
`_2023-12-30 19:36:52_
--------
*4892f706d3520440c52889adcd975007*
`登陆天数: 51天 / 1450天
等级: 125
石头: 178
呼符: 111
体力: 18822.533333333333 / 137
友情点: 0 / 1152480`
*連続ログイン2日目
※ログインが途切れるか、7日到達すると
1日目から再開されます*
`聖晶石 X 1
12月交換券(2023) X 1
`*Fate Project 大晦日TVスペシャル2023 放送カウントダウンログインボーナス*
*開催期間中、1日1回 3日間日替りでログインボーナスをプレゼント！*
`黄金の果実 X 1
呼符 X 1
`_2023-12-30 19:37:01_
--------
*eeba3d0c68a3b7e9fa236136b30cb897*
`登陆天数: 51天 / 1424天
等级: 125
石头: 505
呼符: 135
体力: 18843.413333333334 / 137
友情点: 0 / 1043650`
*連続ログイン2日目
※ログインが途切れるか、7日到達すると
1日目から再開されます*
`聖晶石 X 1
12月交換券(2023) X 1
`*Fate Project 大晦日TVスペシャル2023 放送カウントダウンログインボーナス*
*開催期間中、1日1回 3日間日替りでログインボーナスをプレゼント！*
`黄金の果実 X 1
呼符 X 1
`_2023-12-30 19:37:09_
--------
*79533b6314e6a2650ec019ea96bcaebe*
`登陆天数: 51天 / 1436天
等级: 125
石头: 466
呼符: 154
体力: 18841.743333333332 / 137
友情点: 0 / 1069055`
*連続ログイン2日目
※ログインが途切れるか、7日到達すると
1日目から再開されます*
`聖晶石 X 1
12月交換券(2023) X 1
`*Fate Project 大晦日TVスペシャル2023 放送カウントダウンログインボーナス*
*開催期間中、1日1回 3日間日替りでログインボーナスをプレゼント！*
`黄金の果実 X 1
呼符 X 1
`_2023-12-30 19:37:18_
--------
*c4c21a97c6c4de9fca7a936ac25180fa*
`登陆天数: 51天 / 1415天
等级: 125
石头: 606
呼符: 145
体力: 11835.706666666667 / 137
友情点: 0 / 1064845`
*連続ログイン2日目
※ログインが途切れるか、7日到達すると
1日目から再開されます*
`聖晶石 X 1
12月交換券(2023) X 1
`*Fate Project 大晦日TVスペシャル2023 放送カウントダウンログインボーナス*
*開催期間中、1日1回 3日間日替りでログインボーナスをプレゼント！*
`黄金の果実 X 1
呼符 X 1
`_2023-12-30 19:37:27_
--------
*4aae112bebb9faeb436a728839c766be*
`登陆天数: 51天 / 1378天
等级: 125
石头: 190
呼符: 96
体力: 20246.833333333332 / 137
友情点: 0 / 1047595`
*連続ログイン2日目
※ログインが途切れるか、7日到達すると
1日目から再開されます*
`聖晶石 X 1
12月交換券(2023) X 1
`*Fate Project 大晦日TVスペシャル2023 放送カウントダウンログインボーナス*
*開催期間中、1日1回 3日間日替りでログインボーナスをプレゼント！*
`黄金の果実 X 1
呼符 X 1
`_2023-12-30 19:37:35_
--------
