【登录信息】
*b3defd4892470752525def1917e467ce*
`登陆天数: 28天 / 1322天
等级: 125
石头: 23
呼符: 51
体力: 44211.47666666667 / 137
友情点: 0 / 837045`
*連続ログイン7日間到達おめでとうございます！
明日は1日目からリスタートされます。*
`獣の足跡 X 1
呼符 X 1
10月交換券(2023) X 1
`*ワンジナ・ワールドツアー！ ～大精霊と巡る世界一周～開幕記念 ログインボーナス*
*開催期間中、1日1回 最大21回ログインボーナスをプレゼント！*
`白銀の果実 X 1
`_2023-10-05 19:30:53_
--------
*5513206501fad4f4b9bb8c80e1620d51*
`登陆天数: 28天 / 1341天
等级: 125
石头: 29
呼符: 90
体力: 44207.93666666667 / 137
友情点: 0 / 1033975`
*連続ログイン7日間到達おめでとうございます！
明日は1日目からリスタートされます。*
`獣の足跡 X 1
呼符 X 1
10月交換券(2023) X 1
`*ワンジナ・ワールドツアー！ ～大精霊と巡る世界一周～開幕記念 ログインボーナス*
*開催期間中、1日1回 最大21回ログインボーナスをプレゼント！*
`白銀の果実 X 1
`_2023-10-05 19:31:02_
--------
*b8ed275142bdf1da8b56aac07218370c*
`登陆天数: 28天 / 1366天
等级: 125
石头: 329
呼符: 123
体力: 6189.986666666667 / 137
友情点: 0 / 1138020`
*連続ログイン7日間到達おめでとうございます！
明日は1日目からリスタートされます。*
`獣の足跡 X 1
呼符 X 1
10月交換券(2023) X 1
`*ワンジナ・ワールドツアー！ ～大精霊と巡る世界一周～開幕記念 ログインボーナス*
*開催期間中、1日1回 最大21回ログインボーナスをプレゼント！*
`白銀の果実 X 1
`_2023-10-05 19:31:10_
--------
*d70a593ddeab376c769499a5f750641b*
`登陆天数: 28天 / 1342天
等级: 125
石头: 251
呼符: 139
体力: 6190.963333333333 / 137
友情点: 0 / 1031630`
*連続ログイン7日間到達おめでとうございます！
明日は1日目からリスタートされます。*
`獣の足跡 X 1
呼符 X 1
10月交換券(2023) X 1
`*ワンジナ・ワールドツアー！ ～大精霊と巡る世界一周～開幕記念 ログインボーナス*
*開催期間中、1日1回 最大21回ログインボーナスをプレゼント！*
`白銀の果実 X 1
`_2023-10-05 19:31:19_
--------
*6cd714eeb3e3e13a19f5d07a4626b930*
`登陆天数: 28天 / 1337天
等级: 125
石头: 222
呼符: 124
体力: 6191.9366666666665 / 137
友情点: 0 / 1121045`
*連続ログイン7日間到達おめでとうございます！
明日は1日目からリスタートされます。*
`獣の足跡 X 1
呼符 X 1
10月交換券(2023) X 1
`*ワンジナ・ワールドツアー！ ～大精霊と巡る世界一周～開幕記念 ログインボーナス*
*開催期間中、1日1回 最大21回ログインボーナスをプレゼント！*
`白銀の果実 X 1
`_2023-10-05 19:31:28_
--------
*4892f706d3520440c52889adcd975007*
`登陆天数: 28天 / 1366天
等级: 125
石头: 2
呼符: 104
体力: 46700.73 / 137
友情点: 0 / 1138480`
*連続ログイン7日間到達おめでとうございます！
明日は1日目からリスタートされます。*
`獣の足跡 X 1
呼符 X 1
10月交換券(2023) X 1
`*ワンジナ・ワールドツアー！ ～大精霊と巡る世界一周～開幕記念 ログインボーナス*
*開催期間中、1日1回 最大21回ログインボーナスをプレゼント！*
`白銀の果実 X 1
`_2023-10-05 19:31:37_
--------
*eeba3d0c68a3b7e9fa236136b30cb897*
`登陆天数: 28天 / 1340天
等级: 125
石头: 419
呼符: 128
体力: 44199.573333333334 / 137
友情点: 0 / 1029650`
*連続ログイン7日間到達おめでとうございます！
明日は1日目からリスタートされます。*
`獣の足跡 X 1
呼符 X 1
10月交換券(2023) X 1
`*ワンジナ・ワールドツアー！ ～大精霊と巡る世界一周～開幕記念 ログインボーナス*
*開催期間中、1日1回 最大21回ログインボーナスをプレゼント！*
`白銀の果実 X 1
`_2023-10-05 19:31:45_
--------
*79533b6314e6a2650ec019ea96bcaebe*
`登陆天数: 28天 / 1352天
等级: 125
石头: 504
呼符: 148
体力: 44197.44666666666 / 137
友情点: 0 / 1057055`
*連続ログイン7日間到達おめでとうございます！
明日は1日目からリスタートされます。*
`獣の足跡 X 1
呼符 X 1
10月交換券(2023) X 1
`*ワンジナ・ワールドツアー！ ～大精霊と巡る世界一周～開幕記念 ログインボーナス*
*開催期間中、1日1回 最大21回ログインボーナスをプレゼント！*
`白銀の果実 X 1
`_2023-10-05 19:31:55_
--------
*c4c21a97c6c4de9fca7a936ac25180fa*
`登陆天数: 28天 / 1331天
等级: 125
石头: 1313
呼符: 125
体力: 6196.51 / 137
友情点: 0 / 1044845`
*連続ログイン7日間到達おめでとうございます！
明日は1日目からリスタートされます。*
`獣の足跡 X 1
呼符 X 1
10月交換券(2023) X 1
`*ワンジナ・ワールドツアー！ ～大精霊と巡る世界一周～開幕記念 ログインボーナス*
*開催期間中、1日1回 最大21回ログインボーナスをプレゼント！*
`白銀の果実 X 1
`_2023-10-05 19:32:04_
--------
*4aae112bebb9faeb436a728839c766be*
`登陆天数: 28天 / 1294天
等级: 125
石头: 432
呼符: 85
体力: 6195.326666666667 / 137
友情点: 0 / 1035595`
*連続ログイン7日間到達おめでとうございます！
明日は1日目からリスタートされます。*
`獣の足跡 X 1
呼符 X 1
10月交換券(2023) X 1
`*ワンジナ・ワールドツアー！ ～大精霊と巡る世界一周～開幕記念 ログインボーナス*
*開催期間中、1日1回 最大21回ログインボーナスをプレゼント！*
`白銀の果実 X 1
`_2023-10-05 19:32:13_
--------
