【登录信息】
*b3defd4892470752525def1917e467ce*
`登陆天数: 35天 / 1329天
等级: 125
石头: 23
呼符: 51
体力: 46227.45333333333 / 137
友情点: 0 / 837045`
*連続ログイン7日間到達おめでとうございます！
明日は1日目からリスタートされます。*
`獣の足跡 X 1
呼符 X 1
10月交換券(2023) X 1
`*日替りログインボーナス*
*開催期間中、1日1回 2週間日替りでログインボーナスをプレゼント！*
`巡霊の葉 X 30
`_2023-10-12 19:30:46_
--------
*5513206501fad4f4b9bb8c80e1620d51*
`登陆天数: 35天 / 1348天
等级: 125
石头: 29
呼符: 90
体力: 46223.91333333333 / 137
友情点: 0 / 1033975`
*連続ログイン7日間到達おめでとうございます！
明日は1日目からリスタートされます。*
`獣の足跡 X 1
呼符 X 1
10月交換券(2023) X 1
`*日替りログインボーナス*
*開催期間中、1日1回 2週間日替りでログインボーナスをプレゼント！*
`巡霊の葉 X 30
`_2023-10-12 19:30:55_
--------
*b8ed275142bdf1da8b56aac07218370c*
`登陆天数: 35天 / 1373天
等级: 125
石头: 329
呼符: 123
体力: 8205.963333333333 / 137
友情点: 0 / 1138020`
*連続ログイン7日間到達おめでとうございます！
明日は1日目からリスタートされます。*
`獣の足跡 X 1
呼符 X 1
10月交換券(2023) X 1
`*日替りログインボーナス*
*開催期間中、1日1回 2週間日替りでログインボーナスをプレゼント！*
`巡霊の葉 X 30
`_2023-10-12 19:31:04_
--------
*d70a593ddeab376c769499a5f750641b*
`登陆天数: 35天 / 1349天
等级: 125
石头: 251
呼符: 139
体力: 8206.939999999999 / 137
友情点: 0 / 1031630`
*連続ログイン7日間到達おめでとうございます！
明日は1日目からリスタートされます。*
`獣の足跡 X 1
呼符 X 1
10月交換券(2023) X 1
`*日替りログインボーナス*
*開催期間中、1日1回 2週間日替りでログインボーナスをプレゼント！*
`巡霊の葉 X 30
`_2023-10-12 19:31:12_
--------
*6cd714eeb3e3e13a19f5d07a4626b930*
`登陆天数: 35天 / 1344天
等级: 125
石头: 222
呼符: 124
体力: 8207.913333333334 / 137
友情点: 0 / 1121045`
*連続ログイン7日間到達おめでとうございます！
明日は1日目からリスタートされます。*
`獣の足跡 X 1
呼符 X 1
10月交換券(2023) X 1
`*日替りログインボーナス*
*開催期間中、1日1回 2週間日替りでログインボーナスをプレゼント！*
`巡霊の葉 X 30
`_2023-10-12 19:31:21_
--------
*4892f706d3520440c52889adcd975007*
`登陆天数: 35天 / 1373天
等级: 125
石头: 2
呼符: 104
体力: 48716.706666666665 / 137
友情点: 0 / 1138480`
*連続ログイン7日間到達おめでとうございます！
明日は1日目からリスタートされます。*
`獣の足跡 X 1
呼符 X 1
10月交換券(2023) X 1
`*日替りログインボーナス*
*開催期間中、1日1回 2週間日替りでログインボーナスをプレゼント！*
`巡霊の葉 X 30
`_2023-10-12 19:31:30_
--------
*eeba3d0c68a3b7e9fa236136b30cb897*
`登陆天数: 35天 / 1347天
等级: 125
石头: 419
呼符: 128
体力: 46215.55 / 137
友情点: 0 / 1029650`
*連続ログイン7日間到達おめでとうございます！
明日は1日目からリスタートされます。*
`獣の足跡 X 1
呼符 X 1
10月交換券(2023) X 1
`*日替りログインボーナス*
*開催期間中、1日1回 2週間日替りでログインボーナスをプレゼント！*
`巡霊の葉 X 30
`_2023-10-12 19:31:39_
--------
*79533b6314e6a2650ec019ea96bcaebe*
`登陆天数: 35天 / 1359天
等级: 125
石头: 504
呼符: 148
体力: 46213.42333333333 / 137
友情点: 0 / 1057055`
*連続ログイン7日間到達おめでとうございます！
明日は1日目からリスタートされます。*
`獣の足跡 X 1
呼符 X 1
10月交換券(2023) X 1
`*日替りログインボーナス*
*開催期間中、1日1回 2週間日替りでログインボーナスをプレゼント！*
`巡霊の葉 X 30
`_2023-10-12 19:31:48_
--------
*c4c21a97c6c4de9fca7a936ac25180fa*
`登陆天数: 35天 / 1338天
等级: 125
石头: 1313
呼符: 125
体力: 8212.486666666668 / 137
友情点: 0 / 1044845`
*連続ログイン7日間到達おめでとうございます！
明日は1日目からリスタートされます。*
`獣の足跡 X 1
呼符 X 1
10月交換券(2023) X 1
`*日替りログインボーナス*
*開催期間中、1日1回 2週間日替りでログインボーナスをプレゼント！*
`巡霊の葉 X 30
`_2023-10-12 19:31:57_
--------
*4aae112bebb9faeb436a728839c766be*
`登陆天数: 35天 / 1301天
等级: 125
石头: 432
呼符: 85
体力: 8211.303333333333 / 137
友情点: 0 / 1035595`
*連続ログイン7日間到達おめでとうございます！
明日は1日目からリスタートされます。*
`獣の足跡 X 1
呼符 X 1
10月交換券(2023) X 1
`*日替りログインボーナス*
*開催期間中、1日1回 2週間日替りでログインボーナスをプレゼント！*
`巡霊の葉 X 30
`_2023-10-12 19:32:05_
--------
