【登录信息】
*b3defd4892470752525def1917e467ce*
`登陆天数: 40天 / 1334天
等级: 125
石头: 23
呼符: 51
体力: 47667.5 / 137
友情点: 0 / 837045`
*連続ログイン5日目
※ログインが途切れるか、7日到達すると
1日目から再開されます*
`叡智の業火 X 2
10月交換券(2023) X 1
`*日替りログインボーナス*
*開催期間中、1日1回 2週間日替りでログインボーナスをプレゼント！*
`聖晶石 X 3
巡霊の葉 X 50
`_2023-10-17 19:30:59_
--------
*5513206501fad4f4b9bb8c80e1620d51*
`登陆天数: 40天 / 1353天
等级: 125
石头: 29
呼符: 90
体力: 47663.96 / 137
友情点: 0 / 1033975`
*連続ログイン5日目
※ログインが途切れるか、7日到達すると
1日目から再開されます*
`叡智の業火 X 2
10月交換券(2023) X 1
`*日替りログインボーナス*
*開催期間中、1日1回 2週間日替りでログインボーナスをプレゼント！*
`聖晶石 X 3
巡霊の葉 X 50
`_2023-10-17 19:31:09_
--------
*b8ed275142bdf1da8b56aac07218370c*
`登陆天数: 40天 / 1378天
等级: 125
石头: 329
呼符: 123
体力: 9646.01 / 137
友情点: 0 / 1138020`
*連続ログイン5日目
※ログインが途切れるか、7日到達すると
1日目から再開されます*
`叡智の業火 X 2
10月交換券(2023) X 1
`*日替りログインボーナス*
*開催期間中、1日1回 2週間日替りでログインボーナスをプレゼント！*
`聖晶石 X 3
巡霊の葉 X 50
`_2023-10-17 19:31:18_
--------
*d70a593ddeab376c769499a5f750641b*
`登陆天数: 40天 / 1354天
等级: 125
石头: 251
呼符: 139
体力: 9646.99 / 137
友情点: 0 / 1031630`
*連続ログイン5日目
※ログインが途切れるか、7日到達すると
1日目から再開されます*
`叡智の業火 X 2
10月交換券(2023) X 1
`*日替りログインボーナス*
*開催期間中、1日1回 2週間日替りでログインボーナスをプレゼント！*
`聖晶石 X 3
巡霊の葉 X 50
`_2023-10-17 19:31:27_
--------
*6cd714eeb3e3e13a19f5d07a4626b930*
`登陆天数: 40天 / 1349天
等级: 125
石头: 222
呼符: 124
体力: 9647.963333333333 / 137
友情点: 0 / 1121045`
*連続ログイン5日目
※ログインが途切れるか、7日到達すると
1日目から再開されます*
`叡智の業火 X 2
10月交換券(2023) X 1
`*日替りログインボーナス*
*開催期間中、1日1回 2週間日替りでログインボーナスをプレゼント！*
`聖晶石 X 3
巡霊の葉 X 50
`_2023-10-17 19:31:36_
--------
*4892f706d3520440c52889adcd975007*
`登陆天数: 40天 / 1378天
等级: 125
石头: 2
呼符: 104
体力: 50156.75666666667 / 137
友情点: 0 / 1138480`
*連続ログイン5日目
※ログインが途切れるか、7日到達すると
1日目から再開されます*
`叡智の業火 X 2
10月交換券(2023) X 1
`*日替りログインボーナス*
*開催期間中、1日1回 2週間日替りでログインボーナスをプレゼント！*
`聖晶石 X 3
巡霊の葉 X 50
`_2023-10-17 19:31:45_
--------
*eeba3d0c68a3b7e9fa236136b30cb897*
`登陆天数: 40天 / 1352天
等级: 125
石头: 419
呼符: 128
体力: 47655.6 / 137
友情点: 0 / 1029650`
*連続ログイン5日目
※ログインが途切れるか、7日到達すると
1日目から再開されます*
`叡智の業火 X 2
10月交換券(2023) X 1
`*日替りログインボーナス*
*開催期間中、1日1回 2週間日替りでログインボーナスをプレゼント！*
`聖晶石 X 3
巡霊の葉 X 50
`_2023-10-17 19:31:54_
--------
*79533b6314e6a2650ec019ea96bcaebe*
`登陆天数: 40天 / 1364天
等级: 125
石头: 504
呼符: 148
体力: 47653.473333333335 / 137
友情点: 0 / 1057055`
*連続ログイン5日目
※ログインが途切れるか、7日到達すると
1日目から再開されます*
`叡智の業火 X 2
10月交換券(2023) X 1
`*日替りログインボーナス*
*開催期間中、1日1回 2週間日替りでログインボーナスをプレゼント！*
`聖晶石 X 3
巡霊の葉 X 50
`_2023-10-17 19:32:03_
--------
*c4c21a97c6c4de9fca7a936ac25180fa*
`登陆天数: 40天 / 1343天
等级: 125
石头: 1313
呼符: 125
体力: 9652.536666666667 / 137
友情点: 0 / 1044845`
*連続ログイン5日目
※ログインが途切れるか、7日到達すると
1日目から再開されます*
`叡智の業火 X 2
10月交換券(2023) X 1
`*日替りログインボーナス*
*開催期間中、1日1回 2週間日替りでログインボーナスをプレゼント！*
`聖晶石 X 3
巡霊の葉 X 50
`_2023-10-17 19:32:12_
--------
*4aae112bebb9faeb436a728839c766be*
`登陆天数: 40天 / 1306天
等级: 125
石头: 432
呼符: 85
体力: 9651.353333333333 / 137
友情点: 0 / 1035595`
*連続ログイン5日目
※ログインが途切れるか、7日到達すると
1日目から再開されます*
`叡智の業火 X 2
10月交換券(2023) X 1
`*日替りログインボーナス*
*開催期間中、1日1回 2週間日替りでログインボーナスをプレゼント！*
`聖晶石 X 3
巡霊の葉 X 50
`_2023-10-17 19:32:21_
--------
