【登录信息】
*b3defd4892470752525def1917e467ce*
`登陆天数: 42天 / 1336天
等级: 125
石头: 23
呼符: 51
体力: 48243.45 / 137
友情点: 0 / 837045`
*連続ログイン7日間到達おめでとうございます！
明日は1日目からリスタートされます。*
`獣の足跡 X 1
呼符 X 1
10月交換券(2023) X 1
`*日替りログインボーナス*
*開催期間中、1日1回 2週間日替りでログインボーナスをプレゼント！*
`巡霊の葉 X 30
`_2023-10-19 19:30:45_
--------
*5513206501fad4f4b9bb8c80e1620d51*
`登陆天数: 42天 / 1355天
等级: 125
石头: 29
呼符: 90
体力: 48239.91 / 137
友情点: 0 / 1033975`
*連続ログイン7日間到達おめでとうございます！
明日は1日目からリスタートされます。*
`獣の足跡 X 1
呼符 X 1
10月交換券(2023) X 1
`*日替りログインボーナス*
*開催期間中、1日1回 2週間日替りでログインボーナスをプレゼント！*
`巡霊の葉 X 30
`_2023-10-19 19:30:54_
--------
*b8ed275142bdf1da8b56aac07218370c*
`登陆天数: 42天 / 1380天
等级: 125
石头: 329
呼符: 123
体力: 10221.96 / 137
友情点: 0 / 1138020`
*連続ログイン7日間到達おめでとうございます！
明日は1日目からリスタートされます。*
`獣の足跡 X 1
呼符 X 1
10月交換券(2023) X 1
`*日替りログインボーナス*
*開催期間中、1日1回 2週間日替りでログインボーナスをプレゼント！*
`巡霊の葉 X 30
`_2023-10-19 19:31:03_
--------
*d70a593ddeab376c769499a5f750641b*
`登陆天数: 42天 / 1356天
等级: 125
石头: 251
呼符: 139
体力: 10222.94 / 137
友情点: 0 / 1031630`
*連続ログイン7日間到達おめでとうございます！
明日は1日目からリスタートされます。*
`獣の足跡 X 1
呼符 X 1
10月交換券(2023) X 1
`*日替りログインボーナス*
*開催期間中、1日1回 2週間日替りでログインボーナスをプレゼント！*
`巡霊の葉 X 30
`_2023-10-19 19:31:12_
--------
*6cd714eeb3e3e13a19f5d07a4626b930*
`登陆天数: 42天 / 1351天
等级: 125
石头: 222
呼符: 124
体力: 10223.913333333334 / 137
友情点: 0 / 1121045`
*連続ログイン7日間到達おめでとうございます！
明日は1日目からリスタートされます。*
`獣の足跡 X 1
呼符 X 1
10月交換券(2023) X 1
`*日替りログインボーナス*
*開催期間中、1日1回 2週間日替りでログインボーナスをプレゼント！*
`巡霊の葉 X 30
`_2023-10-19 19:31:20_
--------
*4892f706d3520440c52889adcd975007*
`登陆天数: 42天 / 1380天
等级: 125
石头: 2
呼符: 104
体力: 50732.706666666665 / 137
友情点: 0 / 1138480`
*連続ログイン7日間到達おめでとうございます！
明日は1日目からリスタートされます。*
`獣の足跡 X 1
呼符 X 1
10月交換券(2023) X 1
`*日替りログインボーナス*
*開催期間中、1日1回 2週間日替りでログインボーナスをプレゼント！*
`巡霊の葉 X 30
`_2023-10-19 19:31:29_
--------
*eeba3d0c68a3b7e9fa236136b30cb897*
`登陆天数: 42天 / 1354天
等级: 125
石头: 419
呼符: 128
体力: 48231.54666666667 / 137
友情点: 0 / 1029650`
*連続ログイン7日間到達おめでとうございます！
明日は1日目からリスタートされます。*
`獣の足跡 X 1
呼符 X 1
10月交換券(2023) X 1
`*日替りログインボーナス*
*開催期間中、1日1回 2週間日替りでログインボーナスをプレゼント！*
`巡霊の葉 X 30
`_2023-10-19 19:31:38_
--------
*79533b6314e6a2650ec019ea96bcaebe*
`登陆天数: 42天 / 1366天
等级: 125
石头: 504
呼符: 148
体力: 48229.42 / 137
友情点: 0 / 1057055`
*連続ログイン7日間到達おめでとうございます！
明日は1日目からリスタートされます。*
`獣の足跡 X 1
呼符 X 1
10月交換券(2023) X 1
`*日替りログインボーナス*
*開催期間中、1日1回 2週間日替りでログインボーナスをプレゼント！*
`巡霊の葉 X 30
`_2023-10-19 19:31:47_
--------
*c4c21a97c6c4de9fca7a936ac25180fa*
`登陆天数: 42天 / 1345天
等级: 125
石头: 1313
呼符: 125
体力: 10228.483333333334 / 137
友情点: 0 / 1044845`
*連続ログイン7日間到達おめでとうございます！
明日は1日目からリスタートされます。*
`獣の足跡 X 1
呼符 X 1
10月交換券(2023) X 1
`*日替りログインボーナス*
*開催期間中、1日1回 2週間日替りでログインボーナスをプレゼント！*
`巡霊の葉 X 30
`_2023-10-19 19:31:56_
--------
*4aae112bebb9faeb436a728839c766be*
`登陆天数: 42天 / 1308天
等级: 125
石头: 432
呼符: 85
体力: 10227.3 / 137
友情点: 0 / 1035595`
*連続ログイン7日間到達おめでとうございます！
明日は1日目からリスタートされます。*
`獣の足跡 X 1
呼符 X 1
10月交換券(2023) X 1
`*日替りログインボーナス*
*開催期間中、1日1回 2週間日替りでログインボーナスをプレゼント！*
`巡霊の葉 X 30
`_2023-10-19 19:32:05_
--------
