【登录信息】
*b3defd4892470752525def1917e467ce*
`登陆天数: 44天 / 1338天
等级: 125
石头: 23
呼符: 51
体力: 48819.46 / 137
友情点: 0 / 837045`
*連続ログイン2日目
※ログインが途切れるか、7日到達すると
1日目から再開されます*
`聖晶石 X 1
10月交換券(2023) X 1
`*【リリース3000日突破記念特別】
ログインボーナス*
*開催期間中、1日1回 最大7回 回数ログインボーナスをプレゼント！*
`呼符 X 1
`_2023-10-21 19:30:47_
--------
*5513206501fad4f4b9bb8c80e1620d51*
`登陆天数: 44天 / 1357天
等级: 125
石头: 29
呼符: 90
体力: 48815.92 / 137
友情点: 0 / 1033975`
*連続ログイン2日目
※ログインが途切れるか、7日到達すると
1日目から再開されます*
`聖晶石 X 1
10月交換券(2023) X 1
`*【リリース3000日突破記念特別】
ログインボーナス*
*開催期間中、1日1回 最大7回 回数ログインボーナスをプレゼント！*
`呼符 X 1
`_2023-10-21 19:30:56_
--------
*b8ed275142bdf1da8b56aac07218370c*
`登陆天数: 44天 / 1382天
等级: 125
石头: 329
呼符: 123
体力: 10797.97 / 137
友情点: 0 / 1138020`
*連続ログイン2日目
※ログインが途切れるか、7日到達すると
1日目から再開されます*
`聖晶石 X 1
10月交換券(2023) X 1
`*【リリース3000日突破記念特別】
ログインボーナス*
*開催期間中、1日1回 最大7回 回数ログインボーナスをプレゼント！*
`呼符 X 1
`_2023-10-21 19:31:05_
--------
*d70a593ddeab376c769499a5f750641b*
`登陆天数: 44天 / 1358天
等级: 125
石头: 251
呼符: 139
体力: 10798.946666666667 / 137
友情点: 0 / 1031630`
*連続ログイン2日目
※ログインが途切れるか、7日到達すると
1日目から再開されます*
`聖晶石 X 1
10月交換券(2023) X 1
`*【リリース3000日突破記念特別】
ログインボーナス*
*開催期間中、1日1回 最大7回 回数ログインボーナスをプレゼント！*
`呼符 X 1
`_2023-10-21 19:31:14_
--------
*6cd714eeb3e3e13a19f5d07a4626b930*
`登陆天数: 44天 / 1353天
等级: 125
石头: 222
呼符: 124
体力: 10799.92 / 137
友情点: 0 / 1121045`
*連続ログイン2日目
※ログインが途切れるか、7日到達すると
1日目から再開されます*
`聖晶石 X 1
10月交換券(2023) X 1
`*【リリース3000日突破記念特別】
ログインボーナス*
*開催期間中、1日1回 最大7回 回数ログインボーナスをプレゼント！*
`呼符 X 1
`_2023-10-21 19:31:23_
--------
*4892f706d3520440c52889adcd975007*
`登陆天数: 44天 / 1382天
等级: 125
石头: 2
呼符: 104
体力: 51308.71333333333 / 137
友情点: 0 / 1138480`
*連続ログイン2日目
※ログインが途切れるか、7日到達すると
1日目から再開されます*
`聖晶石 X 1
10月交換券(2023) X 1
`*【リリース3000日突破記念特別】
ログインボーナス*
*開催期間中、1日1回 最大7回 回数ログインボーナスをプレゼント！*
`呼符 X 1
`_2023-10-21 19:31:32_
--------
*eeba3d0c68a3b7e9fa236136b30cb897*
`登陆天数: 44天 / 1356天
等级: 125
石头: 419
呼符: 128
体力: 48807.556666666664 / 137
友情点: 0 / 1029650`
*連続ログイン2日目
※ログインが途切れるか、7日到達すると
1日目から再開されます*
`聖晶石 X 1
10月交換券(2023) X 1
`*【リリース3000日突破記念特別】
ログインボーナス*
*開催期間中、1日1回 最大7回 回数ログインボーナスをプレゼント！*
`呼符 X 1
`_2023-10-21 19:31:41_
--------
*79533b6314e6a2650ec019ea96bcaebe*
`登陆天数: 44天 / 1368天
等级: 125
石头: 504
呼符: 148
体力: 48805.43 / 137
友情点: 0 / 1057055`
*連続ログイン2日目
※ログインが途切れるか、7日到達すると
1日目から再開されます*
`聖晶石 X 1
10月交換券(2023) X 1
`*【リリース3000日突破記念特別】
ログインボーナス*
*開催期間中、1日1回 最大7回 回数ログインボーナスをプレゼント！*
`呼符 X 1
`_2023-10-21 19:31:50_
--------
*c4c21a97c6c4de9fca7a936ac25180fa*
`登陆天数: 44天 / 1347天
等级: 125
石头: 821
呼符: 136
体力: 87.69666666666666 / 137
友情点: 0 / 1056845`
*連続ログイン2日目
※ログインが途切れるか、7日到達すると
1日目から再開されます*
`聖晶石 X 1
10月交換券(2023) X 1
`*【リリース3000日突破記念特別】
ログインボーナス*
*開催期間中、1日1回 最大7回 回数ログインボーナスをプレゼント！*
`呼符 X 1
`_2023-10-21 19:31:59_
--------
*4aae112bebb9faeb436a728839c766be*
`登陆天数: 44天 / 1310天
等级: 125
石头: 190
呼符: 96
体力: 85.74333333333334 / 137
友情点: 0 / 1047595`
*連続ログイン2日目
※ログインが途切れるか、7日到達すると
1日目から再開されます*
`聖晶石 X 1
10月交換券(2023) X 1
`*【リリース3000日突破記念特別】
ログインボーナス*
*開催期間中、1日1回 最大7回 回数ログインボーナスをプレゼント！*
`呼符 X 1
`_2023-10-21 19:32:07_
--------
