【登录信息】
*b3defd4892470752525def1917e467ce*
`登陆天数: 46天 / 1340天
等级: 125
石头: 437
呼符: 76
体力: 81.04333333333334 / 137
友情点: 0 / 969135`
*連続ログイン4日目
※ログインが途切れるか、7日到達すると
1日目から再開されます*
`聖晶石 X 1
10月交換券(2023) X 1
`*日替りログインボーナス*
*開催期間中、1日1回 2週間日替りでログインボーナスをプレゼント！*
`巡霊の葉 X 30
`_2023-10-23 19:30:37_
--------
*5513206501fad4f4b9bb8c80e1620d51*
`登陆天数: 46天 / 1359天
等级: 125
石头: 29
呼符: 90
体力: 49391.88 / 137
友情点: 0 / 1033975`
*連続ログイン4日目
※ログインが途切れるか、7日到達すると
1日目から再開されます*
`聖晶石 X 1
10月交換券(2023) X 1
`*日替りログインボーナス*
*開催期間中、1日1回 2週間日替りでログインボーナスをプレゼント！*
`巡霊の葉 X 30
`_2023-10-23 19:30:45_
--------
*b8ed275142bdf1da8b56aac07218370c*
`登陆天数: 46天 / 1384天
等级: 125
石头: 329
呼符: 123
体力: 11373.93 / 137
友情点: 0 / 1138020`
*連続ログイン4日目
※ログインが途切れるか、7日到達すると
1日目から再開されます*
`聖晶石 X 1
10月交換券(2023) X 1
`*日替りログインボーナス*
*開催期間中、1日1回 2週間日替りでログインボーナスをプレゼント！*
`巡霊の葉 X 30
`_2023-10-23 19:30:54_
--------
*d70a593ddeab376c769499a5f750641b*
`登陆天数: 46天 / 1360天
等级: 125
石头: 251
呼符: 139
体力: 11374.906666666666 / 137
友情点: 0 / 1031630`
*連続ログイン4日目
※ログインが途切れるか、7日到達すると
1日目から再開されます*
`聖晶石 X 1
10月交換券(2023) X 1
`*日替りログインボーナス*
*開催期間中、1日1回 2週間日替りでログインボーナスをプレゼント！*
`巡霊の葉 X 30
`_2023-10-23 19:31:02_
--------
*6cd714eeb3e3e13a19f5d07a4626b930*
`登陆天数: 46天 / 1355天
等级: 125
石头: 222
呼符: 124
体力: 11375.88 / 137
友情点: 0 / 1121045`
*連続ログイン4日目
※ログインが途切れるか、7日到達すると
1日目から再開されます*
`聖晶石 X 1
10月交換券(2023) X 1
`*日替りログインボーナス*
*開催期間中、1日1回 2週間日替りでログインボーナスをプレゼント！*
`巡霊の葉 X 30
`_2023-10-23 19:31:11_
--------
*4892f706d3520440c52889adcd975007*
`登陆天数: 46天 / 1384天
等级: 125
石头: 2
呼符: 104
体力: 51884.67 / 137
友情点: 0 / 1138480`
*連続ログイン4日目
※ログインが途切れるか、7日到達すると
1日目から再開されます*
`聖晶石 X 1
10月交換券(2023) X 1
`*日替りログインボーナス*
*開催期間中、1日1回 2週間日替りでログインボーナスをプレゼント！*
`巡霊の葉 X 30
`_2023-10-23 19:31:19_
--------
*eeba3d0c68a3b7e9fa236136b30cb897*
`登陆天数: 46天 / 1358天
等级: 125
石头: 419
呼符: 128
体力: 49383.51 / 137
友情点: 0 / 1029650`
*連続ログイン4日目
※ログインが途切れるか、7日到達すると
1日目から再開されます*
`聖晶石 X 1
10月交換券(2023) X 1
`*日替りログインボーナス*
*開催期間中、1日1回 2週間日替りでログインボーナスをプレゼント！*
`巡霊の葉 X 30
`_2023-10-23 19:31:27_
--------
*79533b6314e6a2650ec019ea96bcaebe*
`登陆天数: 46天 / 1370天
等级: 125
石头: 504
呼符: 148
体力: 49381.38333333333 / 137
友情点: 0 / 1057055`
*連続ログイン4日目
※ログインが途切れるか、7日到達すると
1日目から再開されます*
`聖晶石 X 1
10月交換券(2023) X 1
`*日替りログインボーナス*
*開催期間中、1日1回 2週間日替りでログインボーナスをプレゼント！*
`巡霊の葉 X 30
`_2023-10-23 19:31:36_
--------
*c4c21a97c6c4de9fca7a936ac25180fa*
`登陆天数: 46天 / 1349天
等级: 125
石头: 821
呼符: 136
体力: 663.6466666666666 / 137
友情点: 0 / 1056845`
*連続ログイン4日目
※ログインが途切れるか、7日到達すると
1日目から再開されます*
`聖晶石 X 1
10月交換券(2023) X 1
`*日替りログインボーナス*
*開催期間中、1日1回 2週間日替りでログインボーナスをプレゼント！*
`巡霊の葉 X 30
`_2023-10-23 19:31:44_
--------
*4aae112bebb9faeb436a728839c766be*
`登陆天数: 46天 / 1312天
等级: 125
石头: 190
呼符: 96
体力: 661.6933333333334 / 137
友情点: 0 / 1047595`
*連続ログイン4日目
※ログインが途切れるか、7日到達すると
1日目から再開されます*
`聖晶石 X 1
10月交換券(2023) X 1
`*日替りログインボーナス*
*開催期間中、1日1回 2週間日替りでログインボーナスをプレゼント！*
`巡霊の葉 X 30
`_2023-10-23 19:31:53_
--------
