【登录信息】
*b3defd4892470752525def1917e467ce*
`登陆天数: 47天 / 1341天
等级: 125
石头: 437
呼符: 76
体力: 369.06666666666666 / 137
友情点: 0 / 969135`
*連続ログイン5日目
※ログインが途切れるか、7日到達すると
1日目から再開されます*
`叡智の業火 X 2
10月交換券(2023) X 1
`*日替りログインボーナス*
*開催期間中、1日1回 2週間日替りでログインボーナスをプレゼント！*
`聖晶石 X 3
巡霊の葉 X 50
`_2023-10-24 19:30:44_
--------
*5513206501fad4f4b9bb8c80e1620d51*
`登陆天数: 47天 / 1360天
等级: 125
石头: 210
呼符: 97
体力: 153.63 / 137
友情点: 0 / 1047975`
*連続ログイン5日目
※ログインが途切れるか、7日到達すると
1日目から再開されます*
`叡智の業火 X 2
10月交換券(2023) X 1
`*日替りログインボーナス*
*開催期間中、1日1回 2週間日替りでログインボーナスをプレゼント！*
`聖晶石 X 3
巡霊の葉 X 50
`_2023-10-24 19:30:53_
--------
*b8ed275142bdf1da8b56aac07218370c*
`登陆天数: 47天 / 1385天
等级: 125
石头: 329
呼符: 123
体力: 11661.956666666667 / 137
友情点: 0 / 1138020`
*連続ログイン5日目
※ログインが途切れるか、7日到達すると
1日目から再開されます*
`叡智の業火 X 2
10月交換券(2023) X 1
`*日替りログインボーナス*
*開催期間中、1日1回 2週間日替りでログインボーナスをプレゼント！*
`聖晶石 X 3
巡霊の葉 X 50
`_2023-10-24 19:31:02_
--------
*d70a593ddeab376c769499a5f750641b*
`登陆天数: 47天 / 1361天
等级: 125
石头: 251
呼符: 139
体力: 11662.933333333332 / 137
友情点: 0 / 1031630`
*連続ログイン5日目
※ログインが途切れるか、7日到達すると
1日目から再開されます*
`叡智の業火 X 2
10月交換券(2023) X 1
`*日替りログインボーナス*
*開催期間中、1日1回 2週間日替りでログインボーナスをプレゼント！*
`聖晶石 X 3
巡霊の葉 X 50
`_2023-10-24 19:31:10_
--------
*6cd714eeb3e3e13a19f5d07a4626b930*
`登陆天数: 47天 / 1356天
等级: 125
石头: 222
呼符: 124
体力: 11663.906666666666 / 137
友情点: 0 / 1121045`
*連続ログイン5日目
※ログインが途切れるか、7日到達すると
1日目から再開されます*
`叡智の業火 X 2
10月交換券(2023) X 1
`*日替りログインボーナス*
*開催期間中、1日1回 2週間日替りでログインボーナスをプレゼント！*
`聖晶石 X 3
巡霊の葉 X 50
`_2023-10-24 19:31:19_
--------
*4892f706d3520440c52889adcd975007*
`登陆天数: 47天 / 1385天
等级: 125
石头: 2
呼符: 104
体力: 52172.7 / 137
友情点: 0 / 1138480`
*連続ログイン5日目
※ログインが途切れるか、7日到達すると
1日目から再開されます*
`叡智の業火 X 2
10月交換券(2023) X 1
`*日替りログインボーナス*
*開催期間中、1日1回 2週間日替りでログインボーナスをプレゼント！*
`聖晶石 X 3
巡霊の葉 X 50
`_2023-10-24 19:31:27_
--------
*eeba3d0c68a3b7e9fa236136b30cb897*
`登陆天数: 47天 / 1359天
等级: 125
石头: 419
呼符: 128
体力: 49671.54 / 137
友情点: 0 / 1029650`
*連続ログイン5日目
※ログインが途切れるか、7日到達すると
1日目から再開されます*
`叡智の業火 X 2
10月交換券(2023) X 1
`*日替りログインボーナス*
*開催期間中、1日1回 2週間日替りでログインボーナスをプレゼント！*
`聖晶石 X 3
巡霊の葉 X 50
`_2023-10-24 19:31:36_
--------
*79533b6314e6a2650ec019ea96bcaebe*
`登陆天数: 47天 / 1371天
等级: 125
石头: 504
呼符: 148
体力: 49669.41333333333 / 137
友情点: 0 / 1057055`
*連続ログイン5日目
※ログインが途切れるか、7日到達すると
1日目から再開されます*
`叡智の業火 X 2
10月交換券(2023) X 1
`*日替りログインボーナス*
*開催期間中、1日1回 2週間日替りでログインボーナスをプレゼント！*
`聖晶石 X 3
巡霊の葉 X 50
`_2023-10-24 19:31:45_
--------
*c4c21a97c6c4de9fca7a936ac25180fa*
`登陆天数: 47天 / 1350天
等级: 125
石头: 821
呼符: 136
体力: 951.68 / 137
友情点: 0 / 1056845`
*連続ログイン5日目
※ログインが途切れるか、7日到達すると
1日目から再開されます*
`叡智の業火 X 2
10月交換券(2023) X 1
`*日替りログインボーナス*
*開催期間中、1日1回 2週間日替りでログインボーナスをプレゼント！*
`聖晶石 X 3
巡霊の葉 X 50
`_2023-10-24 19:31:53_
--------
*4aae112bebb9faeb436a728839c766be*
`登陆天数: 47天 / 1313天
等级: 125
石头: 190
呼符: 96
体力: 949.7233333333334 / 137
友情点: 0 / 1047595`
*連続ログイン5日目
※ログインが途切れるか、7日到達すると
1日目から再開されます*
`叡智の業火 X 2
10月交換券(2023) X 1
`*日替りログインボーナス*
*開催期間中、1日1回 2週間日替りでログインボーナスをプレゼント！*
`聖晶石 X 3
巡霊の葉 X 50
`_2023-10-24 19:32:02_
--------
