【登录信息】
*b3defd4892470752525def1917e467ce*
`登陆天数: 48天 / 1342天
等级: 125
石头: 437
呼符: 76
体力: 657.07 / 137
友情点: 0 / 969135`
*連続ログイン6日目
※ログインが途切れるか、7日到達すると
1日目から再開されます*
`聖晶石 X 2
10月交換券(2023) X 1
`*FGO カルデア放送局 ライト版 聖杯戦線 ～白天の城、黒夜の城～放送記念 初回ログインボーナス*
*開催期間中、初回ログインで「聖晶石×14」をプレゼント！*
`聖晶石 X 14
`_2023-10-25 19:30:45_
--------
*5513206501fad4f4b9bb8c80e1620d51*
`登陆天数: 48天 / 1361天
等级: 125
石头: 210
呼符: 97
体力: 441.6333333333333 / 137
友情点: 0 / 1047975`
*連続ログイン6日目
※ログインが途切れるか、7日到達すると
1日目から再開されます*
`聖晶石 X 2
10月交換券(2023) X 1
`*FGO カルデア放送局 ライト版 聖杯戦線 ～白天の城、黒夜の城～放送記念 初回ログインボーナス*
*開催期間中、初回ログインで「聖晶石×14」をプレゼント！*
`聖晶石 X 14
`_2023-10-25 19:30:54_
--------
*b8ed275142bdf1da8b56aac07218370c*
`登陆天数: 48天 / 1386天
等级: 125
石头: 329
呼符: 123
体力: 11949.96 / 137
友情点: 0 / 1138020`
*連続ログイン6日目
※ログインが途切れるか、7日到達すると
1日目から再開されます*
`聖晶石 X 2
10月交換券(2023) X 1
`*FGO カルデア放送局 ライト版 聖杯戦線 ～白天の城、黒夜の城～放送記念 初回ログインボーナス*
*開催期間中、初回ログインで「聖晶石×14」をプレゼント！*
`聖晶石 X 14
`_2023-10-25 19:31:02_
--------
*d70a593ddeab376c769499a5f750641b*
`登陆天数: 48天 / 1362天
等级: 125
石头: 251
呼符: 139
体力: 11950.936666666666 / 137
友情点: 0 / 1031630`
*連続ログイン6日目
※ログインが途切れるか、7日到達すると
1日目から再開されます*
`聖晶石 X 2
10月交換券(2023) X 1
`*FGO カルデア放送局 ライト版 聖杯戦線 ～白天の城、黒夜の城～放送記念 初回ログインボーナス*
*開催期間中、初回ログインで「聖晶石×14」をプレゼント！*
`聖晶石 X 14
`_2023-10-25 19:31:11_
--------
*6cd714eeb3e3e13a19f5d07a4626b930*
`登陆天数: 48天 / 1357天
等级: 125
石头: 222
呼符: 124
体力: 11951.91 / 137
友情点: 0 / 1121045`
*連続ログイン6日目
※ログインが途切れるか、7日到達すると
1日目から再開されます*
`聖晶石 X 2
10月交換券(2023) X 1
`*FGO カルデア放送局 ライト版 聖杯戦線 ～白天の城、黒夜の城～放送記念 初回ログインボーナス*
*開催期間中、初回ログインで「聖晶石×14」をプレゼント！*
`聖晶石 X 14
`_2023-10-25 19:31:20_
--------
*4892f706d3520440c52889adcd975007*
`登陆天数: 48天 / 1386天
等级: 125
石头: 2
呼符: 104
体力: 52460.70333333333 / 137
友情点: 0 / 1138480`
*連続ログイン6日目
※ログインが途切れるか、7日到達すると
1日目から再開されます*
`聖晶石 X 2
10月交換券(2023) X 1
`*FGO カルデア放送局 ライト版 聖杯戦線 ～白天の城、黒夜の城～放送記念 初回ログインボーナス*
*開催期間中、初回ログインで「聖晶石×14」をプレゼント！*
`聖晶石 X 14
`_2023-10-25 19:31:29_
--------
*eeba3d0c68a3b7e9fa236136b30cb897*
`登陆天数: 48天 / 1360天
等级: 125
石头: 419
呼符: 128
体力: 49959.54666666667 / 137
友情点: 0 / 1029650`
*連続ログイン6日目
※ログインが途切れるか、7日到達すると
1日目から再開されます*
`聖晶石 X 2
10月交換券(2023) X 1
`*FGO カルデア放送局 ライト版 聖杯戦線 ～白天の城、黒夜の城～放送記念 初回ログインボーナス*
*開催期間中、初回ログインで「聖晶石×14」をプレゼント！*
`聖晶石 X 14
`_2023-10-25 19:31:37_
--------
*79533b6314e6a2650ec019ea96bcaebe*
`登陆天数: 48天 / 1372天
等级: 125
石头: 504
呼符: 148
体力: 49957.42 / 137
友情点: 0 / 1057055`
*連続ログイン6日目
※ログインが途切れるか、7日到達すると
1日目から再開されます*
`聖晶石 X 2
10月交換券(2023) X 1
`*FGO カルデア放送局 ライト版 聖杯戦線 ～白天の城、黒夜の城～放送記念 初回ログインボーナス*
*開催期間中、初回ログインで「聖晶石×14」をプレゼント！*
`聖晶石 X 14
`_2023-10-25 19:31:46_
--------
*c4c21a97c6c4de9fca7a936ac25180fa*
`登陆天数: 48天 / 1351天
等级: 125
石头: 821
呼符: 136
体力: 1239.6833333333334 / 137
友情点: 0 / 1056845`
*連続ログイン6日目
※ログインが途切れるか、7日到達すると
1日目から再開されます*
`聖晶石 X 2
10月交換券(2023) X 1
`*FGO カルデア放送局 ライト版 聖杯戦線 ～白天の城、黒夜の城～放送記念 初回ログインボーナス*
*開催期間中、初回ログインで「聖晶石×14」をプレゼント！*
`聖晶石 X 14
`_2023-10-25 19:31:55_
--------
*4aae112bebb9faeb436a728839c766be*
`登陆天数: 48天 / 1314天
等级: 125
石头: 190
呼符: 96
体力: 1237.73 / 137
友情点: 0 / 1047595`
*連続ログイン6日目
※ログインが途切れるか、7日到達すると
1日目から再開されます*
`聖晶石 X 2
10月交換券(2023) X 1
`*FGO カルデア放送局 ライト版 聖杯戦線 ～白天の城、黒夜の城～放送記念 初回ログインボーナス*
*開催期間中、初回ログインで「聖晶石×14」をプレゼント！*
`聖晶石 X 14
`_2023-10-25 19:32:04_
--------
