【登录信息】
*b3defd4892470752525def1917e467ce*
`登陆天数: 52天 / 1346天
等级: 125
石头: 437
呼符: 76
体力: 1809.0666666666666 / 137
友情点: 0 / 969135`
*連続ログイン3日目
※ログインが途切れるか、7日到達すると
1日目から再開されます*
`叡智の業火 X 1
10月交換券(2023) X 1
`*初回ログインボーナス*
*開催期間中、初回ログインボーナスをプレゼント！*
`聖晶石 X 10
`_2023-10-29 19:30:44_
--------
*5513206501fad4f4b9bb8c80e1620d51*
`登陆天数: 52天 / 1365天
等级: 125
石头: 210
呼符: 97
体力: 1593.6266666666668 / 137
友情点: 0 / 1047975`
*連続ログイン3日目
※ログインが途切れるか、7日到達すると
1日目から再開されます*
`叡智の業火 X 1
10月交換券(2023) X 1
`*初回ログインボーナス*
*開催期間中、初回ログインボーナスをプレゼント！*
`聖晶石 X 10
`_2023-10-29 19:30:52_
--------
*b8ed275142bdf1da8b56aac07218370c*
`登陆天数: 52天 / 1390天
等级: 125
石头: 466
呼符: 130
体力: 969.6566666666666 / 137
友情点: 0 / 1150020`
*連続ログイン3日目
※ログインが途切れるか、7日到達すると
1日目から再開されます*
`叡智の業火 X 1
10月交換券(2023) X 1
`*初回ログインボーナス*
*開催期間中、初回ログインボーナスをプレゼント！*
`聖晶石 X 10
`_2023-10-29 19:31:00_
--------
*d70a593ddeab376c769499a5f750641b*
`登陆天数: 52天 / 1366天
等级: 125
石头: 298
呼符: 146
体力: 968.87 / 137
友情点: 0 / 1043630`
*連続ログイン3日目
※ログインが途切れるか、7日到達すると
1日目から再開されます*
`叡智の業火 X 1
10月交換券(2023) X 1
`*初回ログインボーナス*
*開催期間中、初回ログインボーナスをプレゼント！*
`聖晶石 X 10
`_2023-10-29 19:31:09_
--------
*6cd714eeb3e3e13a19f5d07a4626b930*
`登陆天数: 52天 / 1361天
等级: 125
石头: 299
呼符: 131
体力: 967.6666666666666 / 137
友情点: 0 / 1129045`
*連続ログイン3日目
※ログインが途切れるか、7日到達すると
1日目から再開されます*
`叡智の業火 X 1
10月交換券(2023) X 1
`*初回ログインボーナス*
*開催期間中、初回ログインボーナスをプレゼント！*
`聖晶石 X 10
`_2023-10-29 19:31:17_
--------
*4892f706d3520440c52889adcd975007*
`登陆天数: 52天 / 1390天
等级: 125
石头: 178
呼符: 111
体力: 965.4133333333333 / 137
友情点: 0 / 1152480`
*連続ログイン3日目
※ログインが途切れるか、7日到達すると
1日目から再開されます*
`叡智の業火 X 1
10月交換券(2023) X 1
`*初回ログインボーナス*
*開催期間中、初回ログインボーナスをプレゼント！*
`聖晶石 X 10
`_2023-10-29 19:31:25_
--------
*eeba3d0c68a3b7e9fa236136b30cb897*
`登陆天数: 52天 / 1364天
等级: 125
石头: 505
呼符: 135
体力: 986.29 / 137
友情点: 0 / 1043650`
*連続ログイン3日目
※ログインが途切れるか、7日到達すると
1日目から再開されます*
`叡智の業火 X 1
10月交換券(2023) X 1
`*初回ログインボーナス*
*開催期間中、初回ログインボーナスをプレゼント！*
`聖晶石 X 10
`_2023-10-29 19:31:33_
--------
*79533b6314e6a2650ec019ea96bcaebe*
`登陆天数: 52天 / 1376天
等级: 125
石头: 466
呼符: 154
体力: 984.6233333333333 / 137
友情点: 0 / 1069055`
*連続ログイン3日目
※ログインが途切れるか、7日到達すると
1日目から再開されます*
`叡智の業火 X 1
10月交換券(2023) X 1
`*初回ログインボーナス*
*開催期間中、初回ログインボーナスをプレゼント！*
`聖晶石 X 10
`_2023-10-29 19:31:42_
--------
*c4c21a97c6c4de9fca7a936ac25180fa*
`登陆天数: 52天 / 1355天
等级: 125
石头: 821
呼符: 136
体力: 2391.6666666666665 / 137
友情点: 0 / 1056845`
*連続ログイン3日目
※ログインが途切れるか、7日到達すると
1日目から再開されます*
`叡智の業火 X 1
10月交換券(2023) X 1
`*初回ログインボーナス*
*開催期間中、初回ログインボーナスをプレゼント！*
`聖晶石 X 10
`_2023-10-29 19:31:50_
--------
*4aae112bebb9faeb436a728839c766be*
`登陆天数: 52天 / 1318天
等级: 125
石头: 190
呼符: 96
体力: 2389.713333333333 / 137
友情点: 0 / 1047595`
*連続ログイン3日目
※ログインが途切れるか、7日到達すると
1日目から再開されます*
`叡智の業火 X 1
10月交換券(2023) X 1
`*初回ログインボーナス*
*開催期間中、初回ログインボーナスをプレゼント！*
`聖晶石 X 10
`_2023-10-29 19:31:59_
--------
