【登录信息】
*b3defd4892470752525def1917e467ce*
`登陆天数: 53天 / 1347天
等级: 125
石头: 437
呼符: 76
体力: 2097.0733333333333 / 137
友情点: 0 / 969135`
*連続ログイン4日目
※ログインが途切れるか、7日到達すると
1日目から再開されます*
`聖晶石 X 1
10月交換券(2023) X 1
`*聖杯戦線 ～白天の城、黒夜の城～開幕記念 ログインボーナス*
*開催期間中、1日1回 最大21回ログインボーナスをプレゼント！*
`白銀の果実 X 1
`_2023-10-30 19:30:45_
--------
*5513206501fad4f4b9bb8c80e1620d51*
`登陆天数: 53天 / 1366天
等级: 125
石头: 210
呼符: 97
体力: 1881.6333333333334 / 137
友情点: 0 / 1047975`
*連続ログイン4日目
※ログインが途切れるか、7日到達すると
1日目から再開されます*
`聖晶石 X 1
10月交換券(2023) X 1
`*聖杯戦線 ～白天の城、黒夜の城～開幕記念 ログインボーナス*
*開催期間中、1日1回 最大21回ログインボーナスをプレゼント！*
`白銀の果実 X 1
`_2023-10-30 19:30:54_
--------
*b8ed275142bdf1da8b56aac07218370c*
`登陆天数: 53天 / 1391天
等级: 125
石头: 466
呼符: 130
体力: 1257.67 / 137
友情点: 0 / 1150020`
*連続ログイン4日目
※ログインが途切れるか、7日到達すると
1日目から再開されます*
`聖晶石 X 1
10月交換券(2023) X 1
`*聖杯戦線 ～白天の城、黒夜の城～開幕記念 ログインボーナス*
*開催期間中、1日1回 最大21回ログインボーナスをプレゼント！*
`白銀の果実 X 1
`_2023-10-30 19:31:03_
--------
*d70a593ddeab376c769499a5f750641b*
`登陆天数: 53天 / 1367天
等级: 125
石头: 298
呼符: 146
体力: 1256.8833333333334 / 137
友情点: 0 / 1043630`
*連続ログイン4日目
※ログインが途切れるか、7日到達すると
1日目から再開されます*
`聖晶石 X 1
10月交換券(2023) X 1
`*聖杯戦線 ～白天の城、黒夜の城～開幕記念 ログインボーナス*
*開催期間中、1日1回 最大21回ログインボーナスをプレゼント！*
`白銀の果実 X 1
`_2023-10-30 19:31:12_
--------
*6cd714eeb3e3e13a19f5d07a4626b930*
`登陆天数: 53天 / 1362天
等级: 125
石头: 299
呼符: 131
体力: 1255.68 / 137
友情点: 0 / 1129045`
*連続ログイン4日目
※ログインが途切れるか、7日到達すると
1日目から再開されます*
`聖晶石 X 1
10月交換券(2023) X 1
`*聖杯戦線 ～白天の城、黒夜の城～開幕記念 ログインボーナス*
*開催期間中、1日1回 最大21回ログインボーナスをプレゼント！*
`白銀の果実 X 1
`_2023-10-30 19:31:21_
--------
*4892f706d3520440c52889adcd975007*
`登陆天数: 53天 / 1391天
等级: 125
石头: 178
呼符: 111
体力: 1253.43 / 137
友情点: 0 / 1152480`
*連続ログイン4日目
※ログインが途切れるか、7日到達すると
1日目から再開されます*
`聖晶石 X 1
10月交換券(2023) X 1
`*聖杯戦線 ～白天の城、黒夜の城～開幕記念 ログインボーナス*
*開催期間中、1日1回 最大21回ログインボーナスをプレゼント！*
`白銀の果実 X 1
`_2023-10-30 19:31:30_
--------
*eeba3d0c68a3b7e9fa236136b30cb897*
`登陆天数: 53天 / 1365天
等级: 125
石头: 505
呼符: 135
体力: 1274.31 / 137
友情点: 0 / 1043650`
*連続ログイン4日目
※ログインが途切れるか、7日到達すると
1日目から再開されます*
`聖晶石 X 1
10月交換券(2023) X 1
`*聖杯戦線 ～白天の城、黒夜の城～開幕記念 ログインボーナス*
*開催期間中、1日1回 最大21回ログインボーナスをプレゼント！*
`白銀の果実 X 1
`_2023-10-30 19:31:39_
--------
*79533b6314e6a2650ec019ea96bcaebe*
`登陆天数: 53天 / 1377天
等级: 125
石头: 466
呼符: 154
体力: 1272.6433333333334 / 137
友情点: 0 / 1069055`
*連続ログイン4日目
※ログインが途切れるか、7日到達すると
1日目から再開されます*
`聖晶石 X 1
10月交換券(2023) X 1
`*聖杯戦線 ～白天の城、黒夜の城～開幕記念 ログインボーナス*
*開催期間中、1日1回 最大21回ログインボーナスをプレゼント！*
`白銀の果実 X 1
`_2023-10-30 19:31:48_
--------
*c4c21a97c6c4de9fca7a936ac25180fa*
`登陆天数: 53天 / 1356天
等级: 125
石头: 821
呼符: 136
体力: 2679.69 / 137
友情点: 0 / 1056845`
*連続ログイン4日目
※ログインが途切れるか、7日到達すると
1日目から再開されます*
`聖晶石 X 1
10月交換券(2023) X 1
`*聖杯戦線 ～白天の城、黒夜の城～開幕記念 ログインボーナス*
*開催期間中、1日1回 最大21回ログインボーナスをプレゼント！*
`白銀の果実 X 1
`_2023-10-30 19:31:57_
--------
*4aae112bebb9faeb436a728839c766be*
`登陆天数: 53天 / 1319天
等级: 125
石头: 190
呼符: 96
体力: 2677.7366666666667 / 137
友情点: 0 / 1047595`
*連続ログイン4日目
※ログインが途切れるか、7日到達すると
1日目から再開されます*
`聖晶石 X 1
10月交換券(2023) X 1
`*聖杯戦線 ～白天の城、黒夜の城～開幕記念 ログインボーナス*
*開催期間中、1日1回 最大21回ログインボーナスをプレゼント！*
`白銀の果実 X 1
`_2023-10-30 19:32:06_
--------
