【登录信息】
*b3defd4892470752525def1917e467ce*
`登陆天数: 24天 / 1068天
等级: 125
石头: 2011
呼符: 107
体力: 3499.4733333333334 / 137
友情点: 0 / 764795`
*連続ログイン3日目
※ログインが途切れるか、7日到達すると
1日目から再開されます*
`叡智の業火 X 1
1月交換券(2023) X 1
`*2023年お正月キャンペーン　三が日限定ログインボーナス*
*開催期間中、三が日限定のログインボーナスをプレゼント！*
`伝承結晶 X 1
`_2022-12-31 19:35:43_
--------
*5513206501fad4f4b9bb8c80e1620d51*
`登陆天数: 21天 / 1086天
等级: 125
石头: 2446
呼符: 98
体力: 3497.1033333333335 / 137
友情点: 0 / 859915`
*連続ログイン7日間到達おめでとうございます！
明日は1日目からリスタートされます。*
`獣の足跡 X 1
呼符 X 1
1月交換券(2023) X 1
`*2023年お正月キャンペーン　三が日限定ログインボーナス*
*開催期間中、三が日限定のログインボーナスをプレゼント！*
`伝承結晶 X 1
`_2022-12-31 19:35:51_
--------
*b8ed275142bdf1da8b56aac07218370c*
`登陆天数: 21天 / 1112天
等级: 125
石头: 1578
呼符: 102
体力: 3496.2166666666667 / 137
友情点: 0 / 964010`
*連続ログイン7日間到達おめでとうございます！
明日は1日目からリスタートされます。*
`獣の足跡 X 1
呼符 X 1
1月交換券(2023) X 1
`*2023年お正月キャンペーン　三が日限定ログインボーナス*
*開催期間中、三が日限定のログインボーナスをプレゼント！*
`伝承結晶 X 1
`_2022-12-31 19:35:59_
--------
*d70a593ddeab376c769499a5f750641b*
`登陆天数: 21天 / 1088天
等级: 125
石头: 1600
呼符: 108
体力: 3495.4933333333333 / 137
友情点: 0 / 787630`
*連続ログイン7日間到達おめでとうございます！
明日は1日目からリスタートされます。*
`獣の足跡 X 1
呼符 X 1
1月交換券(2023) X 1
`*2023年お正月キャンペーン　三が日限定ログインボーナス*
*開催期間中、三が日限定のログインボーナスをプレゼント！*
`伝承結晶 X 1
`_2022-12-31 19:36:07_
--------
*6cd714eeb3e3e13a19f5d07a4626b930*
`登陆天数: 21天 / 1083天
等级: 125
石头: 1903
呼符: 108
体力: 3493.0033333333336 / 137
友情点: 0 / 877045`
*連続ログイン7日間到達おめでとうございます！
明日は1日目からリスタートされます。*
`獣の足跡 X 1
呼符 X 1
1月交換券(2023) X 1
`*2023年お正月キャンペーン　三が日限定ログインボーナス*
*開催期間中、三が日限定のログインボーナスをプレゼント！*
`伝承結晶 X 1
`_2022-12-31 19:36:15_
--------
*4892f706d3520440c52889adcd975007*
`登陆天数: 21天 / 1111天
等级: 125
石头: 2061
呼符: 107
体力: 3489.6466666666665 / 137
友情点: 0 / 890480`
*連続ログイン7日間到達おめでとうございます！
明日は1日目からリスタートされます。*
`獣の足跡 X 1
呼符 X 1
1月交換券(2023) X 1
`*2023年お正月キャンペーン　三が日限定ログインボーナス*
*開催期間中、三が日限定のログインボーナスをプレゼント！*
`伝承結晶 X 1
`_2022-12-31 19:36:23_
--------
*eeba3d0c68a3b7e9fa236136b30cb897*
`登陆天数: 21天 / 1085天
等级: 125
石头: 2866
呼符: 93
体力: 3486.8933333333334 / 137
友情点: 0 / 855650`
*連続ログイン7日間到達おめでとうございます！
明日は1日目からリスタートされます。*
`獣の足跡 X 1
呼符 X 1
1月交換券(2023) X 1
`*2023年お正月キャンペーン　三が日限定ログインボーナス*
*開催期間中、三が日限定のログインボーナスをプレゼント！*
`伝承結晶 X 1
`_2022-12-31 19:36:32_
--------
*79533b6314e6a2650ec019ea96bcaebe*
`登陆天数: 14天 / 1097天
等级: 125
石头: 2409
呼符: 107
体力: 2388.59 / 137
友情点: 0 / 883055`
*連続ログイン7日間到達おめでとうございます！
明日は1日目からリスタートされます。*
`獣の足跡 X 1
呼符 X 1
1月交換券(2023) X 1
`*2023年お正月キャンペーン　三が日限定ログインボーナス*
*開催期間中、三が日限定のログインボーナスをプレゼント！*
`伝承結晶 X 1
`_2022-12-31 19:36:40_
--------
*c4c21a97c6c4de9fca7a936ac25180fa*
`登陆天数: 10天 / 1077天
等级: 125
石头: 2205
呼符: 112
体力: 2385.8966666666665 / 137
友情点: 0 / 872575`
*連続ログイン3日目
※ログインが途切れるか、7日到達すると
1日目から再開されます*
`叡智の業火 X 1
1月交換券(2023) X 1
`*2023年お正月キャンペーン　三が日限定ログインボーナス*
*開催期間中、三が日限定のログインボーナスをプレゼント！*
`伝承結晶 X 1
`_2022-12-31 19:36:48_
--------
*4aae112bebb9faeb436a728839c766be*
`登陆天数: 21天 / 1040天
等级: 125
石头: 1597
呼符: 93
体力: 3386.383333333333 / 137
友情点: 0 / 791385`
*連続ログイン7日間到達おめでとうございます！
明日は1日目からリスタートされます。*
`獣の足跡 X 1
呼符 X 1
1月交換券(2023) X 1
`*2023年お正月キャンペーン　三が日限定ログインボーナス*
*開催期間中、三が日限定のログインボーナスをプレゼント！*
`伝承結晶 X 1
`_2022-12-31 19:36:57_
--------
