【登录信息】
*b3defd4892470752525def1917e467ce*
`登陆天数: 25天 / 1069天
等级: 125
石头: 2011
呼符: 107
体力: 3787.5033333333336 / 137
友情点: 0 / 764795`
*連続ログイン4日目
※ログインが途切れるか、7日到達すると
1日目から再開されます*
`聖晶石 X 1
1月交換券(2023) X 1
`*2023年お正月キャンペーン　三が日限定ログインボーナス*
*開催期間中、三が日限定のログインボーナスをプレゼント！*
`叡智の業火 X 50
`_2023-01-01 19:35:52_
--------
*5513206501fad4f4b9bb8c80e1620d51*
`登陆天数: 22天 / 1087天
等级: 125
石头: 2446
呼符: 98
体力: 3785.133333333333 / 137
友情点: 0 / 859915`
*連続ログイン1日目
※ログインが途切れるか、7日到達すると
1日目から再開されます*
`フレンドポイント X 2000
1月交換券(2023) X 1
`*2023年お正月キャンペーン　三が日限定ログインボーナス*
*開催期間中、三が日限定のログインボーナスをプレゼント！*
`叡智の業火 X 50
`_2023-01-01 19:36:00_
--------
*b8ed275142bdf1da8b56aac07218370c*
`登陆天数: 22天 / 1113天
等级: 125
石头: 1578
呼符: 102
体力: 3784.2466666666664 / 137
友情点: 0 / 964010`
*連続ログイン1日目
※ログインが途切れるか、7日到達すると
1日目から再開されます*
`フレンドポイント X 2000
1月交換券(2023) X 1
`*2023年お正月キャンペーン　三が日限定ログインボーナス*
*開催期間中、三が日限定のログインボーナスをプレゼント！*
`叡智の業火 X 50
`_2023-01-01 19:36:08_
--------
*d70a593ddeab376c769499a5f750641b*
`登陆天数: 22天 / 1089天
等级: 125
石头: 1600
呼符: 108
体力: 3783.5233333333335 / 137
友情点: 0 / 787630`
*連続ログイン1日目
※ログインが途切れるか、7日到達すると
1日目から再開されます*
`フレンドポイント X 2000
1月交換券(2023) X 1
`*2023年お正月キャンペーン　三が日限定ログインボーナス*
*開催期間中、三が日限定のログインボーナスをプレゼント！*
`叡智の業火 X 50
`_2023-01-01 19:36:17_
--------
*6cd714eeb3e3e13a19f5d07a4626b930*
`登陆天数: 22天 / 1084天
等级: 125
石头: 1903
呼符: 108
体力: 3781.0333333333333 / 137
友情点: 0 / 877045`
*連続ログイン1日目
※ログインが途切れるか、7日到達すると
1日目から再開されます*
`フレンドポイント X 2000
1月交換券(2023) X 1
`*2023年お正月キャンペーン　三が日限定ログインボーナス*
*開催期間中、三が日限定のログインボーナスをプレゼント！*
`叡智の業火 X 50
`_2023-01-01 19:36:24_
--------
*4892f706d3520440c52889adcd975007*
`登陆天数: 22天 / 1112天
等级: 125
石头: 2061
呼符: 107
体力: 3777.6766666666667 / 137
友情点: 0 / 890480`
*連続ログイン1日目
※ログインが途切れるか、7日到達すると
1日目から再開されます*
`フレンドポイント X 2000
1月交換券(2023) X 1
`*2023年お正月キャンペーン　三が日限定ログインボーナス*
*開催期間中、三が日限定のログインボーナスをプレゼント！*
`叡智の業火 X 50
`_2023-01-01 19:36:33_
--------
*eeba3d0c68a3b7e9fa236136b30cb897*
`登陆天数: 22天 / 1086天
等级: 125
石头: 2866
呼符: 93
体力: 3774.92 / 137
友情点: 0 / 855650`
*連続ログイン1日目
※ログインが途切れるか、7日到達すると
1日目から再開されます*
`フレンドポイント X 2000
1月交換券(2023) X 1
`*2023年お正月キャンペーン　三が日限定ログインボーナス*
*開催期間中、三が日限定のログインボーナスをプレゼント！*
`叡智の業火 X 50
`_2023-01-01 19:36:41_
--------
*79533b6314e6a2650ec019ea96bcaebe*
`登陆天数: 15天 / 1098天
等级: 125
石头: 2409
呼符: 107
体力: 2676.62 / 137
友情点: 0 / 883055`
*連続ログイン1日目
※ログインが途切れるか、7日到達すると
1日目から再開されます*
`フレンドポイント X 2000
1月交換券(2023) X 1
`*2023年お正月キャンペーン　三が日限定ログインボーナス*
*開催期間中、三が日限定のログインボーナスをプレゼント！*
`叡智の業火 X 50
`_2023-01-01 19:36:49_
--------
*c4c21a97c6c4de9fca7a936ac25180fa*
`登陆天数: 11天 / 1078天
等级: 125
石头: 2205
呼符: 112
体力: 2673.9266666666667 / 137
友情点: 0 / 872575`
*連続ログイン4日目
※ログインが途切れるか、7日到達すると
1日目から再開されます*
`聖晶石 X 1
1月交換券(2023) X 1
`*2023年お正月キャンペーン　三が日限定ログインボーナス*
*開催期間中、三が日限定のログインボーナスをプレゼント！*
`叡智の業火 X 50
`_2023-01-01 19:36:57_
--------
*4aae112bebb9faeb436a728839c766be*
`登陆天数: 22天 / 1041天
等级: 125
石头: 1597
呼符: 93
体力: 3674.4133333333334 / 137
友情点: 0 / 791385`
*連続ログイン1日目
※ログインが途切れるか、7日到達すると
1日目から再開されます*
`フレンドポイント X 2000
1月交換券(2023) X 1
`*2023年お正月キャンペーン　三が日限定ログインボーナス*
*開催期間中、三が日限定のログインボーナスをプレゼント！*
`叡智の業火 X 50
`_2023-01-01 19:37:05_
--------
