【登录信息】
*b3defd4892470752525def1917e467ce*
`登陆天数: 26天 / 1070天
等级: 125
石头: 1605
呼符: 110
体力: 4075.47 / 137
友情点: 0 / 840795`
*連続ログイン5日目
※ログインが途切れるか、7日到達すると
1日目から再開されます*
`叡智の業火 X 2
1月交換券(2023) X 1
`*2023年お正月キャンペーン　三が日限定ログインボーナス*
*開催期間中、三が日限定のログインボーナスをプレゼント！*
`聖杯 X 1
`_2023-01-02 19:35:42_
--------
*5513206501fad4f4b9bb8c80e1620d51*
`登陆天数: 23天 / 1088天
等级: 125
石头: 1936
呼符: 98
体力: 63.873333333333335 / 137
友情点: 0 / 859915`
*連続ログイン2日目
※ログインが途切れるか、7日到達すると
1日目から再開されます*
`聖晶石 X 1
1月交換券(2023) X 1
`*2023年お正月キャンペーン　三が日限定ログインボーナス*
*開催期間中、三が日限定のログインボーナスをプレゼント！*
`聖杯 X 1
`_2023-01-02 19:35:50_
--------
*b8ed275142bdf1da8b56aac07218370c*
`登陆天数: 23天 / 1114天
等级: 125
石头: 1578
呼符: 102
体力: 4072.21 / 137
友情点: 0 / 964010`
*連続ログイン2日目
※ログインが途切れるか、7日到達すると
1日目から再開されます*
`聖晶石 X 1
1月交換券(2023) X 1
`*2023年お正月キャンペーン　三が日限定ログインボーナス*
*開催期間中、三が日限定のログインボーナスをプレゼント！*
`聖杯 X 1
`_2023-01-02 19:35:58_
--------
*d70a593ddeab376c769499a5f750641b*
`登陆天数: 23天 / 1090天
等级: 125
石头: 1600
呼符: 108
体力: 4071.4866666666667 / 137
友情点: 0 / 787630`
*連続ログイン2日目
※ログインが途切れるか、7日到達すると
1日目から再開されます*
`聖晶石 X 1
1月交換券(2023) X 1
`*2023年お正月キャンペーン　三が日限定ログインボーナス*
*開催期間中、三が日限定のログインボーナスをプレゼント！*
`聖杯 X 1
`_2023-01-02 19:36:06_
--------
*6cd714eeb3e3e13a19f5d07a4626b930*
`登陆天数: 23天 / 1085天
等级: 125
石头: 1903
呼符: 108
体力: 4068.9966666666664 / 137
友情点: 0 / 877045`
*連続ログイン2日目
※ログインが途切れるか、7日到達すると
1日目から再開されます*
`聖晶石 X 1
1月交換券(2023) X 1
`*2023年お正月キャンペーン　三が日限定ログインボーナス*
*開催期間中、三が日限定のログインボーナスをプレゼント！*
`聖杯 X 1
`_2023-01-02 19:36:14_
--------
*4892f706d3520440c52889adcd975007*
`登陆天数: 23天 / 1113天
等级: 125
石头: 2061
呼符: 107
体力: 4065.64 / 137
友情点: 0 / 890480`
*連続ログイン2日目
※ログインが途切れるか、7日到達すると
1日目から再開されます*
`聖晶石 X 1
1月交換券(2023) X 1
`*2023年お正月キャンペーン　三が日限定ログインボーナス*
*開催期間中、三が日限定のログインボーナスをプレゼント！*
`聖杯 X 1
`_2023-01-02 19:36:21_
--------
*eeba3d0c68a3b7e9fa236136b30cb897*
`登陆天数: 23天 / 1087天
等级: 125
石头: 2866
呼符: 93
体力: 4062.883333333333 / 137
友情点: 0 / 855650`
*連続ログイン2日目
※ログインが途切れるか、7日到達すると
1日目から再開されます*
`聖晶石 X 1
1月交換券(2023) X 1
`*2023年お正月キャンペーン　三が日限定ログインボーナス*
*開催期間中、三が日限定のログインボーナスをプレゼント！*
`聖杯 X 1
`_2023-01-02 19:36:29_
--------
*79533b6314e6a2650ec019ea96bcaebe*
`登陆天数: 16天 / 1099天
等级: 125
石头: 2409
呼符: 107
体力: 2964.5833333333335 / 137
友情点: 0 / 883055`
*連続ログイン2日目
※ログインが途切れるか、7日到達すると
1日目から再開されます*
`聖晶石 X 1
1月交換券(2023) X 1
`*2023年お正月キャンペーン　三が日限定ログインボーナス*
*開催期間中、三が日限定のログインボーナスをプレゼント！*
`聖杯 X 1
`_2023-01-02 19:36:38_
--------
*c4c21a97c6c4de9fca7a936ac25180fa*
`登陆天数: 12天 / 1079天
等级: 125
石头: 2205
呼符: 112
体力: 2961.8933333333334 / 137
友情点: 0 / 872575`
*連続ログイン5日目
※ログインが途切れるか、7日到達すると
1日目から再開されます*
`叡智の業火 X 2
1月交換券(2023) X 1
`*2023年お正月キャンペーン　三が日限定ログインボーナス*
*開催期間中、三が日限定のログインボーナスをプレゼント！*
`聖杯 X 1
`_2023-01-02 19:36:47_
--------
*4aae112bebb9faeb436a728839c766be*
`登陆天数: 23天 / 1042天
等级: 125
石头: 1597
呼符: 93
体力: 3962.383333333333 / 137
友情点: 0 / 791385`
*連続ログイン2日目
※ログインが途切れるか、7日到達すると
1日目から再開されます*
`聖晶石 X 1
1月交換券(2023) X 1
`*2023年お正月キャンペーン　三が日限定ログインボーナス*
*開催期間中、三が日限定のログインボーナスをプレゼント！*
`聖杯 X 1
`_2023-01-02 19:36:56_
--------
