【登录信息】
*b3defd4892470752525def1917e467ce*
`登陆天数: 27天 / 1071天
等级: 125
石头: 1605
呼符: 110
体力: 4363.51 / 137
友情点: 0 / 840795`
*連続ログイン6日目
※ログインが途切れるか、7日到達すると
1日目から再開されます*
`聖晶石 X 2
1月交換券(2023) X 1
`*2023年お正月キャンペーン 10万リツイート達成プレゼント*
*開催期間中、初回ログインでお正月限定概念礼装&2023万QPをプレゼント！*
`ラヴ・イット X 1
QP X 20230000
`_2023-01-03 19:35:54_
--------
*5513206501fad4f4b9bb8c80e1620d51*
`登陆天数: 24天 / 1089天
等级: 125
石头: 1936
呼符: 98
体力: 351.91666666666663 / 137
友情点: 0 / 859915`
*連続ログイン3日目
※ログインが途切れるか、7日到達すると
1日目から再開されます*
`叡智の業火 X 1
1月交換券(2023) X 1
`*2023年お正月キャンペーン 10万リツイート達成プレゼント*
*開催期間中、初回ログインでお正月限定概念礼装&2023万QPをプレゼント！*
`ラヴ・イット X 1
QP X 20230000
`_2023-01-03 19:36:02_
--------
*b8ed275142bdf1da8b56aac07218370c*
`登陆天数: 24天 / 1115天
等级: 125
石头: 1578
呼符: 102
体力: 4360.253333333333 / 137
友情点: 0 / 964010`
*連続ログイン3日目
※ログインが途切れるか、7日到達すると
1日目から再開されます*
`叡智の業火 X 1
1月交換券(2023) X 1
`*2023年お正月キャンペーン 10万リツイート達成プレゼント*
*開催期間中、初回ログインでお正月限定概念礼装&2023万QPをプレゼント！*
`ラヴ・イット X 1
QP X 20230000
`_2023-01-03 19:36:10_
--------
*d70a593ddeab376c769499a5f750641b*
`登陆天数: 24天 / 1091天
等级: 125
石头: 1600
呼符: 108
体力: 4359.53 / 137
友情点: 0 / 787630`
*連続ログイン3日目
※ログインが途切れるか、7日到達すると
1日目から再開されます*
`叡智の業火 X 1
1月交換券(2023) X 1
`*2023年お正月キャンペーン 10万リツイート達成プレゼント*
*開催期間中、初回ログインでお正月限定概念礼装&2023万QPをプレゼント！*
`ラヴ・イット X 1
QP X 20230000
`_2023-01-03 19:36:18_
--------
*6cd714eeb3e3e13a19f5d07a4626b930*
`登陆天数: 24天 / 1086天
等级: 125
石头: 1903
呼符: 108
体力: 4357.04 / 137
友情点: 0 / 877045`
*連続ログイン3日目
※ログインが途切れるか、7日到達すると
1日目から再開されます*
`叡智の業火 X 1
1月交換券(2023) X 1
`*2023年お正月キャンペーン 10万リツイート達成プレゼント*
*開催期間中、初回ログインでお正月限定概念礼装&2023万QPをプレゼント！*
`ラヴ・イット X 1
QP X 20230000
`_2023-01-03 19:36:26_
--------
*4892f706d3520440c52889adcd975007*
`登陆天数: 24天 / 1114天
等级: 125
石头: 2061
呼符: 107
体力: 4353.683333333333 / 137
友情点: 0 / 890480`
*連続ログイン3日目
※ログインが途切れるか、7日到達すると
1日目から再開されます*
`叡智の業火 X 1
1月交換券(2023) X 1
`*2023年お正月キャンペーン 10万リツイート達成プレゼント*
*開催期間中、初回ログインでお正月限定概念礼装&2023万QPをプレゼント！*
`ラヴ・イット X 1
QP X 20230000
`_2023-01-03 19:36:35_
--------
*eeba3d0c68a3b7e9fa236136b30cb897*
`登陆天数: 24天 / 1088天
等级: 125
石头: 2866
呼符: 93
体力: 4350.926666666666 / 137
友情点: 0 / 855650`
*連続ログイン3日目
※ログインが途切れるか、7日到達すると
1日目から再開されます*
`叡智の業火 X 1
1月交換券(2023) X 1
`*2023年お正月キャンペーン 10万リツイート達成プレゼント*
*開催期間中、初回ログインでお正月限定概念礼装&2023万QPをプレゼント！*
`ラヴ・イット X 1
QP X 20230000
`_2023-01-03 19:36:43_
--------
*79533b6314e6a2650ec019ea96bcaebe*
`登陆天数: 17天 / 1100天
等级: 125
石头: 2409
呼符: 107
体力: 3252.6266666666666 / 137
友情点: 0 / 883055`
*連続ログイン3日目
※ログインが途切れるか、7日到達すると
1日目から再開されます*
`叡智の業火 X 1
1月交換券(2023) X 1
`*2023年お正月キャンペーン 10万リツイート達成プレゼント*
*開催期間中、初回ログインでお正月限定概念礼装&2023万QPをプレゼント！*
`ラヴ・イット X 1
QP X 20230000
`_2023-01-03 19:36:51_
--------
*c4c21a97c6c4de9fca7a936ac25180fa*
`登陆天数: 13天 / 1080天
等级: 125
石头: 2205
呼符: 112
体力: 3249.9333333333334 / 137
友情点: 0 / 872575`
*連続ログイン6日目
※ログインが途切れるか、7日到達すると
1日目から再開されます*
`聖晶石 X 2
1月交換券(2023) X 1
`*2023年お正月キャンペーン 10万リツイート達成プレゼント*
*開催期間中、初回ログインでお正月限定概念礼装&2023万QPをプレゼント！*
`ラヴ・イット X 1
QP X 20230000
`_2023-01-03 19:36:59_
--------
*4aae112bebb9faeb436a728839c766be*
`登陆天数: 24天 / 1043天
等级: 125
石头: 1597
呼符: 93
体力: 4250.42 / 137
友情点: 0 / 791385`
*連続ログイン3日目
※ログインが途切れるか、7日到達すると
1日目から再開されます*
`叡智の業火 X 1
1月交換券(2023) X 1
`*2023年お正月キャンペーン 10万リツイート達成プレゼント*
*開催期間中、初回ログインでお正月限定概念礼装&2023万QPをプレゼント！*
`ラヴ・イット X 1
QP X 20230000
`_2023-01-03 19:37:07_
--------
