【登录信息】
*b3defd4892470752525def1917e467ce*
`登陆天数: 28天 / 1072天
等级: 125
石头: 1605
呼符: 110
体力: 4651.776666666667 / 137
友情点: 0 / 840795`
*連続ログイン7日間到達おめでとうございます！
明日は1日目からリスタートされます。*
`獣の足跡 X 1
呼符 X 1
1月交換券(2023) X 1
`_2023-01-04 19:37:15_
--------
*5513206501fad4f4b9bb8c80e1620d51*
`登陆天数: 25天 / 1090天
等级: 125
石头: 1936
呼符: 98
体力: 640.1833333333334 / 137
友情点: 0 / 859915`
*連続ログイン4日目
※ログインが途切れるか、7日到達すると
1日目から再開されます*
`聖晶石 X 1
1月交換券(2023) X 1
`_2023-01-04 19:37:23_
--------
*b8ed275142bdf1da8b56aac07218370c*
`登陆天数: 25天 / 1116天
等级: 125
石头: 1578
呼符: 102
体力: 4648.52 / 137
友情点: 0 / 964010`
*連続ログイン4日目
※ログインが途切れるか、7日到達すると
1日目から再開されます*
`聖晶石 X 1
1月交換券(2023) X 1
`_2023-01-04 19:37:31_
--------
*d70a593ddeab376c769499a5f750641b*
`登陆天数: 25天 / 1092天
等级: 125
石头: 1600
呼符: 108
体力: 4647.8 / 137
友情点: 0 / 787630`
*連続ログイン4日目
※ログインが途切れるか、7日到達すると
1日目から再開されます*
`聖晶石 X 1
1月交換券(2023) X 1
`_2023-01-04 19:37:39_
--------
*6cd714eeb3e3e13a19f5d07a4626b930*
`登陆天数: 25天 / 1087天
等级: 125
石头: 1903
呼符: 108
体力: 4645.31 / 137
友情点: 0 / 877045`
*連続ログイン4日目
※ログインが途切れるか、7日到達すると
1日目から再開されます*
`聖晶石 X 1
1月交換券(2023) X 1
`_2023-01-04 19:37:47_
--------
*4892f706d3520440c52889adcd975007*
`登陆天数: 25天 / 1115天
等级: 125
石头: 2061
呼符: 107
体力: 4641.953333333333 / 137
友情点: 0 / 890480`
*連続ログイン4日目
※ログインが途切れるか、7日到達すると
1日目から再開されます*
`聖晶石 X 1
1月交換券(2023) X 1
`_2023-01-04 19:37:55_
--------
*eeba3d0c68a3b7e9fa236136b30cb897*
`登陆天数: 25天 / 1089天
等级: 125
石头: 2866
呼符: 93
体力: 4639.196666666667 / 137
友情点: 0 / 855650`
*連続ログイン4日目
※ログインが途切れるか、7日到達すると
1日目から再開されます*
`聖晶石 X 1
1月交換券(2023) X 1
`_2023-01-04 19:38:03_
--------
*79533b6314e6a2650ec019ea96bcaebe*
`登陆天数: 18天 / 1101天
等级: 125
石头: 2409
呼符: 107
体力: 3540.8933333333334 / 137
友情点: 0 / 883055`
*連続ログイン4日目
※ログインが途切れるか、7日到達すると
1日目から再開されます*
`聖晶石 X 1
1月交換券(2023) X 1
`_2023-01-04 19:38:12_
--------
*c4c21a97c6c4de9fca7a936ac25180fa*
`登陆天数: 14天 / 1081天
等级: 125
石头: 2205
呼符: 112
体力: 3538.2 / 137
友情点: 0 / 872575`
*連続ログイン7日間到達おめでとうございます！
明日は1日目からリスタートされます。*
`獣の足跡 X 1
呼符 X 1
1月交換券(2023) X 1
`_2023-01-04 19:38:20_
--------
*4aae112bebb9faeb436a728839c766be*
`登陆天数: 25天 / 1044天
等级: 125
石头: 1597
呼符: 93
体力: 4538.6866666666665 / 137
友情点: 0 / 791385`
*連続ログイン4日目
※ログインが途切れるか、7日到達すると
1日目から再開されます*
`聖晶石 X 1
1月交換券(2023) X 1
`_2023-01-04 19:38:28_
--------
