【登录信息】
*b3defd4892470752525def1917e467ce*
`登陆天数: 31天 / 1075天
等级: 125
石头: 1307
呼符: 111
体力: 579.5266666666666 / 137
友情点: 0 / 842795`
*連続ログイン3日目
※ログインが途切れるか、7日到達すると
1日目から再開されます*
`叡智の業火 X 1
1月交換券(2023) X 1
`_2023-01-07 19:36:02_
--------
*5513206501fad4f4b9bb8c80e1620d51*
`登陆天数: 28天 / 1093天
等级: 125
石头: 1936
呼符: 98
体力: 1503.9433333333334 / 137
友情点: 0 / 859915`
*連続ログイン7日間到達おめでとうございます！
明日は1日目からリスタートされます。*
`獣の足跡 X 1
呼符 X 1
1月交換券(2023) X 1
`_2023-01-07 19:36:10_
--------
*b8ed275142bdf1da8b56aac07218370c*
`登陆天数: 28天 / 1119天
等级: 125
石头: 1578
呼符: 102
体力: 5512.28 / 137
友情点: 0 / 964010`
*連続ログイン7日間到達おめでとうございます！
明日は1日目からリスタートされます。*
`獣の足跡 X 1
呼符 X 1
1月交換券(2023) X 1
`_2023-01-07 19:36:18_
--------
*d70a593ddeab376c769499a5f750641b*
`登陆天数: 28天 / 1095天
等级: 125
石头: 1450
呼符: 108
体力: 576.3466666666667 / 137
友情点: 0 / 787630`
*連続ログイン7日間到達おめでとうございます！
明日は1日目からリスタートされます。*
`獣の足跡 X 1
呼符 X 1
1月交換券(2023) X 1
`_2023-01-07 19:36:26_
--------
*6cd714eeb3e3e13a19f5d07a4626b930*
`登陆天数: 28天 / 1090天
等级: 125
石头: 1903
呼符: 108
体力: 5509.066666666667 / 137
友情点: 0 / 877045`
*連続ログイン7日間到達おめでとうございます！
明日は1日目からリスタートされます。*
`獣の足跡 X 1
呼符 X 1
1月交換券(2023) X 1
`_2023-01-07 19:36:35_
--------
*4892f706d3520440c52889adcd975007*
`登陆天数: 28天 / 1118天
等级: 125
石头: 2061
呼符: 107
体力: 5505.71 / 137
友情点: 0 / 890480`
*連続ログイン7日間到達おめでとうございます！
明日は1日目からリスタートされます。*
`獣の足跡 X 1
呼符 X 1
1月交換券(2023) X 1
`_2023-01-07 19:36:43_
--------
*eeba3d0c68a3b7e9fa236136b30cb897*
`登陆天数: 28天 / 1092天
等级: 125
石头: 2866
呼符: 93
体力: 5502.956666666667 / 137
友情点: 0 / 855650`
*連続ログイン7日間到達おめでとうございます！
明日は1日目からリスタートされます。*
`獣の足跡 X 1
呼符 X 1
1月交換券(2023) X 1
`_2023-01-07 19:36:51_
--------
*79533b6314e6a2650ec019ea96bcaebe*
`登陆天数: 21天 / 1104天
等级: 125
石头: 2409
呼符: 107
体力: 4404.653333333334 / 137
友情点: 0 / 883055`
*連続ログイン7日間到達おめでとうございます！
明日は1日目からリスタートされます。*
`獣の足跡 X 1
呼符 X 1
1月交換券(2023) X 1
`_2023-01-07 19:36:59_
--------
*c4c21a97c6c4de9fca7a936ac25180fa*
`登陆天数: 17天 / 1084天
等级: 125
石头: 2205
呼符: 112
体力: 4401.96 / 137
友情点: 0 / 872575`
*連続ログイン3日目
※ログインが途切れるか、7日到達すると
1日目から再開されます*
`叡智の業火 X 1
1月交換券(2023) X 1
`_2023-01-07 19:37:08_
--------
*4aae112bebb9faeb436a728839c766be*
`登陆天数: 28天 / 1047天
等级: 125
石头: 1597
呼符: 93
体力: 5402.45 / 137
友情点: 0 / 791385`
*連続ログイン7日間到達おめでとうございます！
明日は1日目からリスタートされます。*
`獣の足跡 X 1
呼符 X 1
1月交換券(2023) X 1
`_2023-01-07 19:37:16_
--------
