【登录信息】
*b3defd4892470752525def1917e467ce*
`登陆天数: 1天 / 1077天
等级: 125
石头: 1278
呼符: 111
体力: 641.1433333333333 / 137
友情点: 0 / 842795`
*連続ログイン1日目
※ログインが途切れるか、7日到達すると
1日目から再開されます*
`フレンドポイント X 2000
1月交換券(2023) X 1
`_2023-01-10 19:36:12_
--------
*5513206501fad4f4b9bb8c80e1620d51*
`登陆天数: 1天 / 1095天
等级: 125
石头: 1276
呼符: 98
体力: 640.1333333333333 / 137
友情点: 0 / 859915`
*連続ログイン1日目
※ログインが途切れるか、7日到達すると
1日目から再開されます*
`フレンドポイント X 2000
1月交換券(2023) X 1
`_2023-01-10 19:36:20_
--------
*b8ed275142bdf1da8b56aac07218370c*
`登陆天数: 1天 / 1121天
等级: 125
石头: 1008
呼符: 102
体力: 638.0033333333333 / 137
友情点: 0 / 964010`
*連続ログイン1日目
※ログインが途切れるか、7日到達すると
1日目から再開されます*
`フレンドポイント X 2000
1月交換券(2023) X 1
`_2023-01-10 19:36:29_
--------
*d70a593ddeab376c769499a5f750641b*
`登陆天数: 1天 / 1097天
等级: 125
石头: 700
呼符: 112
体力: 635.9833333333333 / 137
友情点: 0 / 861630`
*連続ログイン1日目
※ログインが途切れるか、7日到達すると
1日目から再開されます*
`フレンドポイント X 2000
1月交換券(2023) X 1
`_2023-01-10 19:36:37_
--------
*6cd714eeb3e3e13a19f5d07a4626b930*
`登陆天数: 1天 / 1092天
等级: 125
石头: 1213
呼符: 108
体力: 633.36 / 137
友情点: 0 / 877045`
*連続ログイン1日目
※ログインが途切れるか、7日到達すると
1日目から再開されます*
`フレンドポイント X 2000
1月交換券(2023) X 1
`_2023-01-10 19:36:46_
--------
*4892f706d3520440c52889adcd975007*
`登陆天数: 1天 / 1120天
等级: 125
石头: 1161
呼符: 107
体力: 628.63 / 137
友情点: 0 / 890480`
*連続ログイン1日目
※ログインが途切れるか、7日到達すると
1日目から再開されます*
`フレンドポイント X 2000
1月交換券(2023) X 1
`_2023-01-10 19:36:54_
--------
*eeba3d0c68a3b7e9fa236136b30cb897*
`登陆天数: 1天 / 1094天
等级: 125
石头: 2446
呼符: 93
体力: 626.54 / 137
友情点: 0 / 855650`
*連続ログイン1日目
※ログインが途切れるか、7日到達すると
1日目から再開されます*
`フレンドポイント X 2000
1月交換券(2023) X 1
`_2023-01-10 19:37:03_
--------
*79533b6314e6a2650ec019ea96bcaebe*
`登陆天数: 1天 / 1106天
等级: 125
石头: 2229
呼符: 107
体力: 625.3933333333333 / 137
友情点: 0 / 883055`
*連続ログイン1日目
※ログインが途切れるか、7日到達すると
1日目から再開されます*
`フレンドポイント X 2000
1月交換券(2023) X 1
`_2023-01-10 19:37:12_
--------
*c4c21a97c6c4de9fca7a936ac25180fa*
`登陆天数: 1天 / 1086天
等级: 125
石头: 1905
呼符: 112
体力: 624.46 / 137
友情点: 0 / 872575`
*連続ログイン1日目
※ログインが途切れるか、7日到達すると
1日目から再開されます*
`フレンドポイント X 2000
1月交換券(2023) X 1
`_2023-01-10 19:37:20_
--------
*4aae112bebb9faeb436a728839c766be*
`登陆天数: 1天 / 1049天
等级: 125
石头: 1297
呼符: 93
体力: 623.5266666666666 / 137
友情点: 0 / 791385`
*連続ログイン1日目
※ログインが途切れるか、7日到達すると
1日目から再開されます*
`フレンドポイント X 2000
1月交換券(2023) X 1
`_2023-01-10 19:37:29_
--------
