【登录信息】
*b3defd4892470752525def1917e467ce*
`登陆天数: 2天 / 1078天
等级: 125
石头: 1284
呼符: 117
体力: 249.04333333333335 / 137
友情点: 0 / 803045`
*連続ログイン2日目
※ログインが途切れるか、7日到達すると
1日目から再開されます*
`聖晶石 X 1
1月交換券(2023) X 1
`*「Lostbelt No.7 黄金樹海紀行 ナウイ・ミクトラン 惑星を統べるもの」(後編)開幕直前連続ログインボーナス*
*開催期間中、1日1回 最大7回 連続ログインボーナスをプレゼント！*
`黄金の果実 X 1
`_2023-01-11 19:36:36_
--------
*5513206501fad4f4b9bb8c80e1620d51*
`登陆天数: 2天 / 1096天
等级: 125
石头: 1276
呼符: 98
体力: 928.2166666666667 / 137
友情点: 0 / 859915`
*連続ログイン2日目
※ログインが途切れるか、7日到達すると
1日目から再開されます*
`聖晶石 X 1
1月交換券(2023) X 1
`*「Lostbelt No.7 黄金樹海紀行 ナウイ・ミクトラン 惑星を統べるもの」(後編)開幕直前連続ログインボーナス*
*開催期間中、1日1回 最大7回 連続ログインボーナスをプレゼント！*
`黄金の果実 X 1
`_2023-01-11 19:36:45_
--------
*b8ed275142bdf1da8b56aac07218370c*
`登陆天数: 2天 / 1122天
等级: 125
石头: 1008
呼符: 102
体力: 926.0833333333334 / 137
友情点: 0 / 964010`
*連続ログイン2日目
※ログインが途切れるか、7日到達すると
1日目から再開されます*
`聖晶石 X 1
1月交換券(2023) X 1
`*「Lostbelt No.7 黄金樹海紀行 ナウイ・ミクトラン 惑星を統べるもの」(後編)開幕直前連続ログインボーナス*
*開催期間中、1日1回 最大7回 連続ログインボーナスをプレゼント！*
`黄金の果実 X 1
`_2023-01-11 19:36:53_
--------
*d70a593ddeab376c769499a5f750641b*
`登陆天数: 2天 / 1098天
等级: 125
石头: 700
呼符: 112
体力: 924.0666666666667 / 137
友情点: 0 / 861630`
*連続ログイン2日目
※ログインが途切れるか、7日到達すると
1日目から再開されます*
`聖晶石 X 1
1月交換券(2023) X 1
`*「Lostbelt No.7 黄金樹海紀行 ナウイ・ミクトラン 惑星を統べるもの」(後編)開幕直前連続ログインボーナス*
*開催期間中、1日1回 最大7回 連続ログインボーナスをプレゼント！*
`黄金の果実 X 1
`_2023-01-11 19:37:02_
--------
*6cd714eeb3e3e13a19f5d07a4626b930*
`登陆天数: 2天 / 1093天
等级: 125
石头: 1213
呼符: 108
体力: 921.44 / 137
友情点: 0 / 877045`
*連続ログイン2日目
※ログインが途切れるか、7日到達すると
1日目から再開されます*
`聖晶石 X 1
1月交換券(2023) X 1
`*「Lostbelt No.7 黄金樹海紀行 ナウイ・ミクトラン 惑星を統べるもの」(後編)開幕直前連続ログインボーナス*
*開催期間中、1日1回 最大7回 連続ログインボーナスをプレゼント！*
`黄金の果実 X 1
`_2023-01-11 19:37:10_
--------
*4892f706d3520440c52889adcd975007*
`登陆天数: 2天 / 1121天
等级: 125
石头: 1161
呼符: 107
体力: 916.7133333333334 / 137
友情点: 0 / 890480`
*連続ログイン2日目
※ログインが途切れるか、7日到達すると
1日目から再開されます*
`聖晶石 X 1
1月交換券(2023) X 1
`*「Lostbelt No.7 黄金樹海紀行 ナウイ・ミクトラン 惑星を統べるもの」(後編)開幕直前連続ログインボーナス*
*開催期間中、1日1回 最大7回 連続ログインボーナスをプレゼント！*
`黄金の果実 X 1
`_2023-01-11 19:37:19_
--------
*eeba3d0c68a3b7e9fa236136b30cb897*
`登陆天数: 2天 / 1095天
等级: 125
石头: 2446
呼符: 93
体力: 914.62 / 137
友情点: 0 / 855650`
*連続ログイン2日目
※ログインが途切れるか、7日到達すると
1日目から再開されます*
`聖晶石 X 1
1月交換券(2023) X 1
`*「Lostbelt No.7 黄金樹海紀行 ナウイ・ミクトラン 惑星を統べるもの」(後編)開幕直前連続ログインボーナス*
*開催期間中、1日1回 最大7回 連続ログインボーナスをプレゼント！*
`黄金の果実 X 1
`_2023-01-11 19:37:27_
--------
*79533b6314e6a2650ec019ea96bcaebe*
`登陆天数: 2天 / 1107天
等级: 125
石头: 2229
呼符: 107
体力: 913.4733333333334 / 137
友情点: 0 / 883055`
*連続ログイン2日目
※ログインが途切れるか、7日到達すると
1日目から再開されます*
`聖晶石 X 1
1月交換券(2023) X 1
`*「Lostbelt No.7 黄金樹海紀行 ナウイ・ミクトラン 惑星を統べるもの」(後編)開幕直前連続ログインボーナス*
*開催期間中、1日1回 最大7回 連続ログインボーナスをプレゼント！*
`黄金の果実 X 1
`_2023-01-11 19:37:36_
--------
*c4c21a97c6c4de9fca7a936ac25180fa*
`登陆天数: 2天 / 1087天
等级: 125
石头: 1700
呼符: 81
体力: 168.32 / 137
友情点: 0 / 872845`
*連続ログイン2日目
※ログインが途切れるか、7日到達すると
1日目から再開されます*
`聖晶石 X 1
1月交換券(2023) X 1
`*「Lostbelt No.7 黄金樹海紀行 ナウイ・ミクトラン 惑星を統べるもの」(後編)開幕直前連続ログインボーナス*
*開催期間中、1日1回 最大7回 連続ログインボーナスをプレゼント！*
`黄金の果実 X 1
`_2023-01-11 19:37:45_
--------
*4aae112bebb9faeb436a728839c766be*
`登陆天数: 2天 / 1050天
等级: 125
石头: 1300
呼符: 94
体力: 240.50666666666666 / 137
友情点: 0 / 791595`
*連続ログイン2日目
※ログインが途切れるか、7日到達すると
1日目から再開されます*
`聖晶石 X 1
1月交換券(2023) X 1
`*「Lostbelt No.7 黄金樹海紀行 ナウイ・ミクトラン 惑星を統べるもの」(後編)開幕直前連続ログインボーナス*
*開催期間中、1日1回 最大7回 連続ログインボーナスをプレゼント！*
`黄金の果実 X 1
`_2023-01-11 19:37:53_
--------
