【登录信息】
*b3defd4892470752525def1917e467ce*
`登陆天数: 4天 / 1080天
等级: 125
石头: 1284
呼符: 117
体力: 824.8933333333333 / 137
友情点: 0 / 803045`
*連続ログイン4日目
※ログインが途切れるか、7日到達すると
1日目から再開されます*
`聖晶石 X 1
1月交換券(2023) X 1
`*「Lostbelt No.7 黄金樹海紀行 ナウイ・ミクトラン 惑星を統べるもの」(後編)開幕直前連続ログインボーナス*
*開催期間中、1日1回 最大7回 連続ログインボーナスをプレゼント！*
`黄金の果実 X 1
`_2023-01-13 19:35:51_
--------
*5513206501fad4f4b9bb8c80e1620d51*
`登陆天数: 4天 / 1098天
等级: 125
石头: 1276
呼符: 98
体力: 1504.0633333333333 / 137
友情点: 0 / 859915`
*連続ログイン4日目
※ログインが途切れるか、7日到達すると
1日目から再開されます*
`聖晶石 X 1
1月交換券(2023) X 1
`*「Lostbelt No.7 黄金樹海紀行 ナウイ・ミクトラン 惑星を統べるもの」(後編)開幕直前連続ログインボーナス*
*開催期間中、1日1回 最大7回 連続ログインボーナスをプレゼント！*
`黄金の果実 X 1
`_2023-01-13 19:35:59_
--------
*b8ed275142bdf1da8b56aac07218370c*
`登陆天数: 4天 / 1124天
等级: 125
石头: 1008
呼符: 102
体力: 1501.9333333333334 / 137
友情点: 0 / 964010`
*連続ログイン4日目
※ログインが途切れるか、7日到達すると
1日目から再開されます*
`聖晶石 X 1
1月交換券(2023) X 1
`*「Lostbelt No.7 黄金樹海紀行 ナウイ・ミクトラン 惑星を統べるもの」(後編)開幕直前連続ログインボーナス*
*開催期間中、1日1回 最大7回 連続ログインボーナスをプレゼント！*
`黄金の果実 X 1
`_2023-01-13 19:36:08_
--------
*d70a593ddeab376c769499a5f750641b*
`登陆天数: 4天 / 1100天
等级: 125
石头: 700
呼符: 112
体力: 1499.9133333333334 / 137
友情点: 0 / 861630`
*連続ログイン4日目
※ログインが途切れるか、7日到達すると
1日目から再開されます*
`聖晶石 X 1
1月交換券(2023) X 1
`*「Lostbelt No.7 黄金樹海紀行 ナウイ・ミクトラン 惑星を統べるもの」(後編)開幕直前連続ログインボーナス*
*開催期間中、1日1回 最大7回 連続ログインボーナスをプレゼント！*
`黄金の果実 X 1
`_2023-01-13 19:36:16_
--------
*6cd714eeb3e3e13a19f5d07a4626b930*
`登陆天数: 4天 / 1095天
等级: 125
石头: 1213
呼符: 108
体力: 1497.29 / 137
友情点: 0 / 877045`
*連続ログイン4日目
※ログインが途切れるか、7日到達すると
1日目から再開されます*
`聖晶石 X 1
1月交換券(2023) X 1
`*「Lostbelt No.7 黄金樹海紀行 ナウイ・ミクトラン 惑星を統べるもの」(後編)開幕直前連続ログインボーナス*
*開催期間中、1日1回 最大7回 連続ログインボーナスをプレゼント！*
`黄金の果実 X 1
`_2023-01-13 19:36:25_
--------
*4892f706d3520440c52889adcd975007*
`登陆天数: 4天 / 1123天
等级: 125
石头: 1161
呼符: 107
体力: 1492.56 / 137
友情点: 0 / 890480`
*連続ログイン4日目
※ログインが途切れるか、7日到達すると
1日目から再開されます*
`聖晶石 X 1
1月交換券(2023) X 1
`*「Lostbelt No.7 黄金樹海紀行 ナウイ・ミクトラン 惑星を統べるもの」(後編)開幕直前連続ログインボーナス*
*開催期間中、1日1回 最大7回 連続ログインボーナスをプレゼント！*
`黄金の果実 X 1
`_2023-01-13 19:36:33_
--------
*eeba3d0c68a3b7e9fa236136b30cb897*
`登陆天数: 4天 / 1097天
等级: 125
石头: 2446
呼符: 93
体力: 1490.4666666666667 / 137
友情点: 0 / 855650`
*連続ログイン4日目
※ログインが途切れるか、7日到達すると
1日目から再開されます*
`聖晶石 X 1
1月交換券(2023) X 1
`*「Lostbelt No.7 黄金樹海紀行 ナウイ・ミクトラン 惑星を統べるもの」(後編)開幕直前連続ログインボーナス*
*開催期間中、1日1回 最大7回 連続ログインボーナスをプレゼント！*
`黄金の果実 X 1
`_2023-01-13 19:36:41_
--------
*79533b6314e6a2650ec019ea96bcaebe*
`登陆天数: 4天 / 1109天
等级: 125
石头: 2229
呼符: 107
体力: 1489.32 / 137
友情点: 0 / 883055`
*連続ログイン4日目
※ログインが途切れるか、7日到達すると
1日目から再開されます*
`聖晶石 X 1
1月交換券(2023) X 1
`*「Lostbelt No.7 黄金樹海紀行 ナウイ・ミクトラン 惑星を統べるもの」(後編)開幕直前連続ログインボーナス*
*開催期間中、1日1回 最大7回 連続ログインボーナスをプレゼント！*
`黄金の果実 X 1
`_2023-01-13 19:36:50_
--------
*c4c21a97c6c4de9fca7a936ac25180fa*
`登陆天数: 4天 / 1089天
等级: 125
石头: 1700
呼符: 81
体力: 744.1666666666666 / 137
友情点: 0 / 872845`
*連続ログイン4日目
※ログインが途切れるか、7日到達すると
1日目から再開されます*
`聖晶石 X 1
1月交換券(2023) X 1
`*「Lostbelt No.7 黄金樹海紀行 ナウイ・ミクトラン 惑星を統べるもの」(後編)開幕直前連続ログインボーナス*
*開催期間中、1日1回 最大7回 連続ログインボーナスをプレゼント！*
`黄金の果実 X 1
`_2023-01-13 19:36:59_
--------
*4aae112bebb9faeb436a728839c766be*
`登陆天数: 4天 / 1052天
等级: 125
石头: 1300
呼符: 94
体力: 816.3533333333334 / 137
友情点: 0 / 791595`
*連続ログイン4日目
※ログインが途切れるか、7日到達すると
1日目から再開されます*
`聖晶石 X 1
1月交換券(2023) X 1
`*「Lostbelt No.7 黄金樹海紀行 ナウイ・ミクトラン 惑星を統べるもの」(後編)開幕直前連続ログインボーナス*
*開催期間中、1日1回 最大7回 連続ログインボーナスをプレゼント！*
`黄金の果実 X 1
`_2023-01-13 19:37:07_
--------
