【登录信息】
*b3defd4892470752525def1917e467ce*
`登陆天数: 2天 / 1082天
等级: 125
石头: 1284
呼符: 117
体力: 1698.3733333333332 / 137
友情点: 0 / 803045`
*連続ログイン2日目
※ログインが途切れるか、7日到達すると
1日目から再開されます*
`聖晶石 X 1
1月交換券(2023) X 1
`_2023-01-16 20:23:15_
--------
*5513206501fad4f4b9bb8c80e1620d51*
`登陆天数: 2天 / 1100天
等级: 125
石头: 1276
呼符: 98
体力: 2377.5433333333335 / 137
友情点: 0 / 859915`
*連続ログイン2日目
※ログインが途切れるか、7日到達すると
1日目から再開されます*
`聖晶石 X 1
1月交換券(2023) X 1
`_2023-01-16 20:23:23_
--------
*b8ed275142bdf1da8b56aac07218370c*
`登陆天数: 2天 / 1126天
等级: 125
石头: 1008
呼符: 102
体力: 2375.41 / 137
友情点: 0 / 964010`
*連続ログイン2日目
※ログインが途切れるか、7日到達すると
1日目から再開されます*
`聖晶石 X 1
1月交換券(2023) X 1
`_2023-01-16 20:23:31_
--------
*d70a593ddeab376c769499a5f750641b*
`登陆天数: 2天 / 1102天
等级: 125
石头: 700
呼符: 112
体力: 2373.3933333333334 / 137
友情点: 0 / 861630`
*連続ログイン2日目
※ログインが途切れるか、7日到達すると
1日目から再開されます*
`聖晶石 X 1
1月交換券(2023) X 1
`_2023-01-16 20:23:40_
--------
*6cd714eeb3e3e13a19f5d07a4626b930*
`登陆天数: 2天 / 1097天
等级: 125
石头: 1213
呼符: 108
体力: 2370.766666666667 / 137
友情点: 0 / 877045`
*連続ログイン2日目
※ログインが途切れるか、7日到達すると
1日目から再開されます*
`聖晶石 X 1
1月交換券(2023) X 1
`_2023-01-16 20:23:48_
--------
*4892f706d3520440c52889adcd975007*
`登陆天数: 2天 / 1125天
等级: 125
石头: 1161
呼符: 107
体力: 2366.04 / 137
友情点: 0 / 890480`
*連続ログイン2日目
※ログインが途切れるか、7日到達すると
1日目から再開されます*
`聖晶石 X 1
1月交換券(2023) X 1
`_2023-01-16 20:23:57_
--------
*eeba3d0c68a3b7e9fa236136b30cb897*
`登陆天数: 2天 / 1099天
等级: 125
石头: 2446
呼符: 93
体力: 2363.9466666666667 / 137
友情点: 0 / 855650`
*連続ログイン2日目
※ログインが途切れるか、7日到達すると
1日目から再開されます*
`聖晶石 X 1
1月交換券(2023) X 1
`_2023-01-16 20:24:05_
--------
*79533b6314e6a2650ec019ea96bcaebe*
`登陆天数: 2天 / 1111天
等级: 125
石头: 2229
呼符: 107
体力: 2362.7966666666666 / 137
友情点: 0 / 883055`
*連続ログイン2日目
※ログインが途切れるか、7日到達すると
1日目から再開されます*
`聖晶石 X 1
1月交換券(2023) X 1
`_2023-01-16 20:24:14_
--------
*c4c21a97c6c4de9fca7a936ac25180fa*
`登陆天数: 2天 / 1091天
等级: 125
石头: 1700
呼符: 81
体力: 1617.6433333333334 / 137
友情点: 0 / 872845`
*連続ログイン2日目
※ログインが途切れるか、7日到達すると
1日目から再開されます*
`聖晶石 X 1
1月交換券(2023) X 1
`_2023-01-16 20:24:22_
--------
*4aae112bebb9faeb436a728839c766be*
`登陆天数: 2天 / 1054天
等级: 125
石头: 1300
呼符: 94
体力: 1689.83 / 137
友情点: 0 / 791595`
*連続ログイン2日目
※ログインが途切れるか、7日到達すると
1日目から再開されます*
`聖晶石 X 1
1月交換券(2023) X 1
`_2023-01-16 20:24:30_
--------
