【登录信息】
*b3defd4892470752525def1917e467ce*
`登陆天数: 5天 / 1085天
等级: 125
石头: 1284
呼符: 117
体力: 2552.9266666666667 / 137
友情点: 0 / 803045`
*連続ログイン5日目
※ログインが途切れるか、7日到達すると
1日目から再開されます*
`叡智の業火 X 2
1月交換券(2023) X 1
`_2023-01-19 19:36:01_
--------
*5513206501fad4f4b9bb8c80e1620d51*
`登陆天数: 5天 / 1103天
等级: 125
石头: 1276
呼符: 98
体力: 3232.096666666667 / 137
友情点: 0 / 859915`
*連続ログイン5日目
※ログインが途切れるか、7日到達すると
1日目から再開されます*
`叡智の業火 X 2
1月交換券(2023) X 1
`_2023-01-19 19:36:09_
--------
*b8ed275142bdf1da8b56aac07218370c*
`登陆天数: 5天 / 1129天
等级: 125
石头: 1008
呼符: 102
体力: 3229.9666666666667 / 137
友情点: 0 / 964010`
*連続ログイン5日目
※ログインが途切れるか、7日到達すると
1日目から再開されます*
`叡智の業火 X 2
1月交換券(2023) X 1
`_2023-01-19 19:36:18_
--------
*d70a593ddeab376c769499a5f750641b*
`登陆天数: 5天 / 1105天
等级: 125
石头: 700
呼符: 112
体力: 3227.9466666666667 / 137
友情点: 0 / 861630`
*連続ログイン5日目
※ログインが途切れるか、7日到達すると
1日目から再開されます*
`叡智の業火 X 2
1月交換券(2023) X 1
`_2023-01-19 19:36:26_
--------
*6cd714eeb3e3e13a19f5d07a4626b930*
`登陆天数: 5天 / 1100天
等级: 125
石头: 1213
呼符: 108
体力: 3225.3233333333333 / 137
友情点: 0 / 877045`
*連続ログイン5日目
※ログインが途切れるか、7日到達すると
1日目から再開されます*
`叡智の業火 X 2
1月交換券(2023) X 1
`_2023-01-19 19:36:35_
--------
*4892f706d3520440c52889adcd975007*
`登陆天数: 5天 / 1128天
等级: 125
石头: 1161
呼符: 107
体力: 3220.5933333333332 / 137
友情点: 0 / 890480`
*連続ログイン5日目
※ログインが途切れるか、7日到達すると
1日目から再開されます*
`叡智の業火 X 2
1月交換券(2023) X 1
`_2023-01-19 19:36:43_
--------
*eeba3d0c68a3b7e9fa236136b30cb897*
`登陆天数: 5天 / 1102天
等级: 125
石头: 2446
呼符: 93
体力: 3218.5033333333336 / 137
友情点: 0 / 855650`
*連続ログイン5日目
※ログインが途切れるか、7日到達すると
1日目から再開されます*
`叡智の業火 X 2
1月交換券(2023) X 1
`_2023-01-19 19:36:52_
--------
*79533b6314e6a2650ec019ea96bcaebe*
`登陆天数: 5天 / 1114天
等级: 125
石头: 2229
呼符: 107
体力: 3217.3533333333335 / 137
友情点: 0 / 883055`
*連続ログイン5日目
※ログインが途切れるか、7日到達すると
1日目から再開されます*
`叡智の業火 X 2
1月交換券(2023) X 1
`_2023-01-19 19:37:00_
--------
*c4c21a97c6c4de9fca7a936ac25180fa*
`登陆天数: 5天 / 1094天
等级: 125
石头: 1700
呼符: 81
体力: 2472.2 / 137
友情点: 0 / 872845`
*連続ログイン5日目
※ログインが途切れるか、7日到達すると
1日目から再開されます*
`叡智の業火 X 2
1月交換券(2023) X 1
`_2023-01-19 19:37:09_
--------
*4aae112bebb9faeb436a728839c766be*
`登陆天数: 5天 / 1057天
等级: 125
石头: 1300
呼符: 94
体力: 2544.3866666666668 / 137
友情点: 0 / 791595`
*連続ログイン5日目
※ログインが途切れるか、7日到達すると
1日目から再開されます*
`叡智の業火 X 2
1月交換券(2023) X 1
`_2023-01-19 19:37:17_
--------
