【登录信息】
*b3defd4892470752525def1917e467ce*
`登陆天数: 6天 / 1086天
等级: 125
石头: 1284
呼符: 117
体力: 2840.8766666666666 / 137
友情点: 0 / 803045`
*連続ログイン6日目
※ログインが途切れるか、7日到達すると
1日目から再開されます*
`聖晶石 X 2
1月交換券(2023) X 1
`_2023-01-20 19:35:46_
--------
*5513206501fad4f4b9bb8c80e1620d51*
`登陆天数: 6天 / 1104天
等级: 125
石头: 1276
呼符: 98
体力: 3520.0466666666666 / 137
友情点: 0 / 859915`
*連続ログイン6日目
※ログインが途切れるか、7日到達すると
1日目から再開されます*
`聖晶石 X 2
1月交換券(2023) X 1
`_2023-01-20 19:35:55_
--------
*b8ed275142bdf1da8b56aac07218370c*
`登陆天数: 6天 / 1130天
等级: 125
石头: 1008
呼符: 102
体力: 3517.9166666666665 / 137
友情点: 0 / 964010`
*連続ログイン6日目
※ログインが途切れるか、7日到達すると
1日目から再開されます*
`聖晶石 X 2
1月交換券(2023) X 1
`_2023-01-20 19:36:03_
--------
*d70a593ddeab376c769499a5f750641b*
`登陆天数: 6天 / 1106天
等级: 125
石头: 700
呼符: 112
体力: 3515.8966666666665 / 137
友情点: 0 / 861630`
*連続ログイン6日目
※ログインが途切れるか、7日到達すると
1日目から再開されます*
`聖晶石 X 2
1月交換券(2023) X 1
`_2023-01-20 19:36:11_
--------
*6cd714eeb3e3e13a19f5d07a4626b930*
`登陆天数: 6天 / 1101天
等级: 125
石头: 1213
呼符: 108
体力: 3513.2733333333335 / 137
友情点: 0 / 877045`
*連続ログイン6日目
※ログインが途切れるか、7日到達すると
1日目から再開されます*
`聖晶石 X 2
1月交換券(2023) X 1
`_2023-01-20 19:36:20_
--------
*4892f706d3520440c52889adcd975007*
`登陆天数: 6天 / 1129天
等级: 125
石头: 1161
呼符: 107
体力: 3508.5433333333335 / 137
友情点: 0 / 890480`
*連続ログイン6日目
※ログインが途切れるか、7日到達すると
1日目から再開されます*
`聖晶石 X 2
1月交換券(2023) X 1
`_2023-01-20 19:36:28_
--------
*eeba3d0c68a3b7e9fa236136b30cb897*
`登陆天数: 6天 / 1103天
等级: 125
石头: 2446
呼符: 93
体力: 3506.45 / 137
友情点: 0 / 855650`
*連続ログイン6日目
※ログインが途切れるか、7日到達すると
1日目から再開されます*
`聖晶石 X 2
1月交換券(2023) X 1
`_2023-01-20 19:36:37_
--------
*79533b6314e6a2650ec019ea96bcaebe*
`登陆天数: 6天 / 1115天
等级: 125
石头: 2229
呼符: 107
体力: 3505.3033333333333 / 137
友情点: 0 / 883055`
*連続ログイン6日目
※ログインが途切れるか、7日到達すると
1日目から再開されます*
`聖晶石 X 2
1月交換券(2023) X 1
`_2023-01-20 19:36:45_
--------
*c4c21a97c6c4de9fca7a936ac25180fa*
`登陆天数: 6天 / 1095天
等级: 125
石头: 1700
呼符: 81
体力: 2760.15 / 137
友情点: 0 / 872845`
*連続ログイン6日目
※ログインが途切れるか、7日到達すると
1日目から再開されます*
`聖晶石 X 2
1月交換券(2023) X 1
`_2023-01-20 19:36:54_
--------
*4aae112bebb9faeb436a728839c766be*
`登陆天数: 6天 / 1058天
等级: 125
石头: 1300
呼符: 94
体力: 2832.3366666666666 / 137
友情点: 0 / 791595`
*連続ログイン6日目
※ログインが途切れるか、7日到達すると
1日目から再開されます*
`聖晶石 X 2
1月交換券(2023) X 1
`_2023-01-20 19:37:02_
--------
