【登录信息】
*b3defd4892470752525def1917e467ce*
`登陆天数: 8天 / 1088天
等级: 125
石头: 1284
呼符: 117
体力: 3416.9066666666668 / 137
友情点: 0 / 803045`
*連続ログイン1日目
※ログインが途切れるか、7日到達すると
1日目から再開されます*
`フレンドポイント X 2000
1月交換券(2023) X 1
`_2023-01-22 19:35:55_
--------
*5513206501fad4f4b9bb8c80e1620d51*
`登陆天数: 8天 / 1106天
等级: 125
石头: 1276
呼符: 98
体力: 4096.08 / 137
友情点: 0 / 859915`
*連続ログイン1日目
※ログインが途切れるか、7日到達すると
1日目から再開されます*
`フレンドポイント X 2000
1月交換券(2023) X 1
`_2023-01-22 19:36:04_
--------
*b8ed275142bdf1da8b56aac07218370c*
`登陆天数: 8天 / 1132天
等级: 125
石头: 1008
呼符: 102
体力: 4093.95 / 137
友情点: 0 / 964010`
*連続ログイン1日目
※ログインが途切れるか、7日到達すると
1日目から再開されます*
`フレンドポイント X 2000
1月交換券(2023) X 1
`_2023-01-22 19:36:13_
--------
*d70a593ddeab376c769499a5f750641b*
`登陆天数: 8天 / 1108天
等级: 125
石头: 700
呼符: 112
体力: 4091.9333333333334 / 137
友情点: 0 / 861630`
*連続ログイン1日目
※ログインが途切れるか、7日到達すると
1日目から再開されます*
`フレンドポイント X 2000
1月交換券(2023) X 1
`_2023-01-22 19:36:22_
--------
*6cd714eeb3e3e13a19f5d07a4626b930*
`登陆天数: 8天 / 1103天
等级: 125
石头: 1213
呼符: 108
体力: 4089.306666666667 / 137
友情点: 0 / 877045`
*連続ログイン1日目
※ログインが途切れるか、7日到達すると
1日目から再開されます*
`フレンドポイント X 2000
1月交換券(2023) X 1
`_2023-01-22 19:36:30_
--------
*4892f706d3520440c52889adcd975007*
`登陆天数: 8天 / 1131天
等级: 125
石头: 1161
呼符: 107
体力: 4084.58 / 137
友情点: 0 / 890480`
*連続ログイン1日目
※ログインが途切れるか、7日到達すると
1日目から再開されます*
`フレンドポイント X 2000
1月交換券(2023) X 1
`_2023-01-22 19:36:39_
--------
*eeba3d0c68a3b7e9fa236136b30cb897*
`登陆天数: 8天 / 1105天
等级: 125
石头: 2446
呼符: 93
体力: 4082.49 / 137
友情点: 0 / 855650`
*連続ログイン1日目
※ログインが途切れるか、7日到達すると
1日目から再開されます*
`フレンドポイント X 2000
1月交換券(2023) X 1
`_2023-01-22 19:36:48_
--------
*79533b6314e6a2650ec019ea96bcaebe*
`登陆天数: 8天 / 1117天
等级: 125
石头: 2229
呼符: 107
体力: 4081.3433333333332 / 137
友情点: 0 / 883055`
*連続ログイン1日目
※ログインが途切れるか、7日到達すると
1日目から再開されます*
`フレンドポイント X 2000
1月交換券(2023) X 1
`_2023-01-22 19:36:57_
--------
*c4c21a97c6c4de9fca7a936ac25180fa*
`登陆天数: 8天 / 1097天
等级: 125
石头: 1700
呼符: 81
体力: 3336.1866666666665 / 137
友情点: 0 / 872845`
*連続ログイン1日目
※ログインが途切れるか、7日到達すると
1日目から再開されます*
`フレンドポイント X 2000
1月交換券(2023) X 1
`_2023-01-22 19:37:05_
--------
*4aae112bebb9faeb436a728839c766be*
`登陆天数: 8天 / 1060天
等级: 125
石头: 1300
呼符: 94
体力: 3408.3733333333334 / 137
友情点: 0 / 791595`
*連続ログイン1日目
※ログインが途切れるか、7日到達すると
1日目から再開されます*
`フレンドポイント X 2000
1月交換券(2023) X 1
`_2023-01-22 19:37:13_
--------
