【登录信息】
*b3defd4892470752525def1917e467ce*
`登陆天数: 14天 / 1094天
等级: 125
石头: 1284
呼符: 117
体力: 5144.916666666667 / 137
友情点: 0 / 803045`
*連続ログイン7日間到達おめでとうございます！
明日は1日目からリスタートされます。*
`獣の足跡 X 1
呼符 X 1
1月交換券(2023) X 1
`_2023-01-28 19:35:58_
--------
*5513206501fad4f4b9bb8c80e1620d51*
`登陆天数: 14天 / 1112天
等级: 125
石头: 1276
呼符: 98
体力: 5824.086666666667 / 137
友情点: 0 / 859915`
*連続ログイン7日間到達おめでとうございます！
明日は1日目からリスタートされます。*
`獣の足跡 X 1
呼符 X 1
1月交換券(2023) X 1
`_2023-01-28 19:36:06_
--------
*b8ed275142bdf1da8b56aac07218370c*
`登陆天数: 14天 / 1138天
等级: 125
石头: 1008
呼符: 102
体力: 5821.953333333333 / 137
友情点: 0 / 964010`
*連続ログイン7日間到達おめでとうございます！
明日は1日目からリスタートされます。*
`獣の足跡 X 1
呼符 X 1
1月交換券(2023) X 1
`_2023-01-28 19:36:15_
--------
*d70a593ddeab376c769499a5f750641b*
`登陆天数: 14天 / 1114天
等级: 125
石头: 700
呼符: 112
体力: 5819.9366666666665 / 137
友情点: 0 / 861630`
*連続ログイン7日間到達おめでとうございます！
明日は1日目からリスタートされます。*
`獣の足跡 X 1
呼符 X 1
1月交換券(2023) X 1
`_2023-01-28 19:36:23_
--------
*6cd714eeb3e3e13a19f5d07a4626b930*
`登陆天数: 14天 / 1109天
等级: 125
石头: 1213
呼符: 108
体力: 5817.3133333333335 / 137
友情点: 0 / 877045`
*連続ログイン7日間到達おめでとうございます！
明日は1日目からリスタートされます。*
`獣の足跡 X 1
呼符 X 1
1月交換券(2023) X 1
`_2023-01-28 19:36:32_
--------
*4892f706d3520440c52889adcd975007*
`登陆天数: 14天 / 1137天
等级: 125
石头: 1161
呼符: 107
体力: 5812.583333333333 / 137
友情点: 0 / 890480`
*連続ログイン7日間到達おめでとうございます！
明日は1日目からリスタートされます。*
`獣の足跡 X 1
呼符 X 1
1月交換券(2023) X 1
`_2023-01-28 19:36:40_
--------
*eeba3d0c68a3b7e9fa236136b30cb897*
`登陆天数: 14天 / 1111天
等级: 125
石头: 2446
呼符: 93
体力: 5810.493333333333 / 137
友情点: 0 / 855650`
*連続ログイン7日間到達おめでとうございます！
明日は1日目からリスタートされます。*
`獣の足跡 X 1
呼符 X 1
1月交換券(2023) X 1
`_2023-01-28 19:36:49_
--------
*79533b6314e6a2650ec019ea96bcaebe*
`登陆天数: 14天 / 1123天
等级: 125
石头: 2229
呼符: 107
体力: 5809.346666666666 / 137
友情点: 0 / 883055`
*連続ログイン7日間到達おめでとうございます！
明日は1日目からリスタートされます。*
`獣の足跡 X 1
呼符 X 1
1月交換券(2023) X 1
`_2023-01-28 19:36:58_
--------
*c4c21a97c6c4de9fca7a936ac25180fa*
`登陆天数: 14天 / 1103天
等级: 125
石头: 1700
呼符: 81
体力: 5064.19 / 137
友情点: 0 / 872845`
*連続ログイン7日間到達おめでとうございます！
明日は1日目からリスタートされます。*
`獣の足跡 X 1
呼符 X 1
1月交換券(2023) X 1
`_2023-01-28 19:37:06_
--------
*4aae112bebb9faeb436a728839c766be*
`登陆天数: 14天 / 1066天
等级: 125
石头: 1300
呼符: 94
体力: 5136.38 / 137
友情点: 0 / 791595`
*連続ログイン7日間到達おめでとうございます！
明日は1日目からリスタートされます。*
`獣の足跡 X 1
呼符 X 1
1月交換券(2023) X 1
`_2023-01-28 19:37:15_
--------
