【登录信息】
*b3defd4892470752525def1917e467ce*
`登陆天数: 15天 / 1095天
等级: 125
石头: 1284
呼符: 117
体力: 5432.89 / 137
友情点: 0 / 803045`
*連続ログイン1日目
※ログインが途切れるか、7日到達すると
1日目から再開されます*
`フレンドポイント X 2000
1月交換券(2023) X 1
`_2023-01-29 19:35:50_
--------
*5513206501fad4f4b9bb8c80e1620d51*
`登陆天数: 15天 / 1113天
等级: 125
石头: 1276
呼符: 98
体力: 6112.0633333333335 / 137
友情点: 0 / 859915`
*連続ログイン1日目
※ログインが途切れるか、7日到達すると
1日目から再開されます*
`フレンドポイント X 2000
1月交換券(2023) X 1
`_2023-01-29 19:35:59_
--------
*b8ed275142bdf1da8b56aac07218370c*
`登陆天数: 15天 / 1139天
等级: 125
石头: 1008
呼符: 102
体力: 6109.93 / 137
友情点: 0 / 964010`
*連続ログイン1日目
※ログインが途切れるか、7日到達すると
1日目から再開されます*
`フレンドポイント X 2000
1月交換券(2023) X 1
`_2023-01-29 19:36:07_
--------
*d70a593ddeab376c769499a5f750641b*
`登陆天数: 15天 / 1115天
等级: 125
石头: 700
呼符: 112
体力: 6107.913333333333 / 137
友情点: 0 / 861630`
*連続ログイン1日目
※ログインが途切れるか、7日到達すると
1日目から再開されます*
`フレンドポイント X 2000
1月交換券(2023) X 1
`_2023-01-29 19:36:16_
--------
*6cd714eeb3e3e13a19f5d07a4626b930*
`登陆天数: 15天 / 1110天
等级: 125
石头: 1213
呼符: 108
体力: 6105.286666666667 / 137
友情点: 0 / 877045`
*連続ログイン1日目
※ログインが途切れるか、7日到達すると
1日目から再開されます*
`フレンドポイント X 2000
1月交換券(2023) X 1
`_2023-01-29 19:36:24_
--------
*4892f706d3520440c52889adcd975007*
`登陆天数: 15天 / 1138天
等级: 125
石头: 1161
呼符: 107
体力: 6100.556666666666 / 137
友情点: 0 / 890480`
*連続ログイン1日目
※ログインが途切れるか、7日到達すると
1日目から再開されます*
`フレンドポイント X 2000
1月交換券(2023) X 1
`_2023-01-29 19:36:32_
--------
*eeba3d0c68a3b7e9fa236136b30cb897*
`登陆天数: 15天 / 1112天
等级: 125
石头: 2446
呼符: 93
体力: 6098.466666666666 / 137
友情点: 0 / 855650`
*連続ログイン1日目
※ログインが途切れるか、7日到達すると
1日目から再開されます*
`フレンドポイント X 2000
1月交換券(2023) X 1
`_2023-01-29 19:36:41_
--------
*79533b6314e6a2650ec019ea96bcaebe*
`登陆天数: 15天 / 1124天
等级: 125
石头: 2229
呼符: 107
体力: 6097.316666666667 / 137
友情点: 0 / 883055`
*連続ログイン1日目
※ログインが途切れるか、7日到達すると
1日目から再開されます*
`フレンドポイント X 2000
1月交換券(2023) X 1
`_2023-01-29 19:36:49_
--------
*c4c21a97c6c4de9fca7a936ac25180fa*
`登陆天数: 15天 / 1104天
等级: 125
石头: 1700
呼符: 81
体力: 5352.163333333333 / 137
友情点: 0 / 872845`
*連続ログイン1日目
※ログインが途切れるか、7日到達すると
1日目から再開されます*
`フレンドポイント X 2000
1月交換券(2023) X 1
`_2023-01-29 19:36:58_
--------
*4aae112bebb9faeb436a728839c766be*
`登陆天数: 15天 / 1067天
等级: 125
石头: 1300
呼符: 94
体力: 5424.35 / 137
友情点: 0 / 791595`
*連続ログイン1日目
※ログインが途切れるか、7日到達すると
1日目から再開されます*
`フレンドポイント X 2000
1月交換券(2023) X 1
`_2023-01-29 19:37:06_
--------
