【登录信息】
*b3defd4892470752525def1917e467ce*
`登陆天数: 11天 / 1126天
等级: 125
石头: 995
呼符: 110
体力: 1246.06 / 137
友情点: 0 / 813045`
*連続ログイン4日目
※ログインが途切れるか、7日到達すると
1日目から再開されます*
`聖晶石 X 1
3月交換券(2023) X 1
`_2023-03-02 19:35:07_
--------
*5513206501fad4f4b9bb8c80e1620d51*
`登陆天数: 11天 / 1144天
等级: 125
石头: 977
呼符: 95
体力: 1245.2466666666667 / 137
友情点: 0 / 875915`
*連続ログイン4日目
※ログインが途切れるか、7日到達すると
1日目から再開されます*
`聖晶石 X 1
3月交換券(2023) X 1
`_2023-03-02 19:35:15_
--------
*b8ed275142bdf1da8b56aac07218370c*
`登陆天数: 11天 / 1170天
等级: 125
石头: 1009
呼符: 109
体力: 1244.0966666666666 / 137
友情点: 0 / 980010`
*連続ログイン4日目
※ログインが途切れるか、7日到達すると
1日目から再開されます*
`聖晶石 X 1
3月交換券(2023) X 1
`_2023-03-02 19:35:23_
--------
*d70a593ddeab376c769499a5f750641b*
`登陆天数: 11天 / 1146天
等级: 125
石头: 108
呼符: 115
体力: 5642.256666666667 / 137
友情点: 0 / 873630`
*連続ログイン4日目
※ログインが途切れるか、7日到達すると
1日目から再開されます*
`聖晶石 X 1
3月交換券(2023) X 1
`_2023-03-02 19:35:31_
--------
*6cd714eeb3e3e13a19f5d07a4626b930*
`登陆天数: 11天 / 1141天
等级: 125
石头: 1251
呼符: 115
体力: 5625.95 / 137
友情点: 0 / 963045`
*連続ログイン4日目
※ログインが途切れるか、7日到達すると
1日目から再開されます*
`聖晶石 X 1
3月交換券(2023) X 1
`_2023-03-02 19:35:40_
--------
*4892f706d3520440c52889adcd975007*
`登陆天数: 11天 / 1169天
等级: 125
石头: 950
呼符: 115
体力: 5624.526666666667 / 137
友情点: 0 / 980480`
*連続ログイン4日目
※ログインが途切れるか、7日到達すると
1日目から再開されます*
`聖晶石 X 1
3月交換券(2023) X 1
`_2023-03-02 19:35:48_
--------
*eeba3d0c68a3b7e9fa236136b30cb897*
`登陆天数: 11天 / 1143天
等级: 125
石头: 1996
呼符: 93
体力: 1243.2433333333333 / 137
友情点: 0 / 855650`
*連続ログイン4日目
※ログインが途切れるか、7日到達すると
1日目から再開されます*
`聖晶石 X 1
3月交換券(2023) X 1
`_2023-03-02 19:35:57_
--------
*79533b6314e6a2650ec019ea96bcaebe*
`登陆天数: 11天 / 1155天
等级: 125
石头: 1989
呼符: 107
体力: 1242.1066666666666 / 137
友情点: 0 / 883055`
*連続ログイン4日目
※ログインが途切れるか、7日到達すると
1日目から再開されます*
`聖晶石 X 1
3月交換券(2023) X 1
`_2023-03-02 19:36:05_
--------
*c4c21a97c6c4de9fca7a936ac25180fa*
`登陆天数: 11天 / 1135天
等级: 125
石头: 1800
呼符: 87
体力: 5583.443333333334 / 137
友情点: 0 / 886845`
*連続ログイン4日目
※ログインが途切れるか、7日到達すると
1日目から再開されます*
`聖晶石 X 1
3月交換券(2023) X 1
`_2023-03-02 19:36:14_
--------
*4aae112bebb9faeb436a728839c766be*
`登陆天数: 11天 / 1098天
等级: 125
石头: 400
呼符: 94
体力: 5580.283333333334 / 137
友情点: 0 / 791595`
*連続ログイン4日目
※ログインが途切れるか、7日到達すると
1日目から再開されます*
`聖晶石 X 1
3月交換券(2023) X 1
`_2023-03-02 19:36:22_
--------
