【登录信息】
*b3defd4892470752525def1917e467ce*
`登陆天数: 13天 / 1128天
等级: 125
石头: 995
呼符: 110
体力: 1914.1866666666667 / 137
友情点: 0 / 813045`
*連続ログイン6日目
※ログインが途切れるか、7日到達すると
1日目から再開されます*
`聖晶石 X 2
3月交換券(2023) X 1
`_2023-03-05 03:15:45_
--------
*5513206501fad4f4b9bb8c80e1620d51*
`登陆天数: 13天 / 1146天
等级: 125
石头: 977
呼符: 95
体力: 1913.3733333333332 / 137
友情点: 0 / 875915`
*連続ログイン6日目
※ログインが途切れるか、7日到達すると
1日目から再開されます*
`聖晶石 X 2
3月交換券(2023) X 1
`_2023-03-05 03:15:53_
--------
*b8ed275142bdf1da8b56aac07218370c*
`登陆天数: 13天 / 1172天
等级: 125
石头: 1009
呼符: 109
体力: 1912.2233333333334 / 137
友情点: 0 / 980010`
*連続ログイン6日目
※ログインが途切れるか、7日到達すると
1日目から再開されます*
`聖晶石 X 2
3月交換券(2023) X 1
`_2023-03-05 03:16:01_
--------
*d70a593ddeab376c769499a5f750641b*
`登陆天数: 13天 / 1148天
等级: 125
石头: 108
呼符: 115
体力: 6310.383333333333 / 137
友情点: 0 / 873630`
*連続ログイン6日目
※ログインが途切れるか、7日到達すると
1日目から再開されます*
`聖晶石 X 2
3月交換券(2023) X 1
`_2023-03-05 03:16:09_
--------
*6cd714eeb3e3e13a19f5d07a4626b930*
`登陆天数: 13天 / 1143天
等级: 125
石头: 1251
呼符: 115
体力: 6294.076666666667 / 137
友情点: 0 / 963045`
*連続ログイン6日目
※ログインが途切れるか、7日到達すると
1日目から再開されます*
`聖晶石 X 2
3月交換券(2023) X 1
`_2023-03-05 03:16:18_
--------
*4892f706d3520440c52889adcd975007*
`登陆天数: 13天 / 1171天
等级: 125
石头: 950
呼符: 115
体力: 6292.653333333334 / 137
友情点: 0 / 980480`
*連続ログイン6日目
※ログインが途切れるか、7日到達すると
1日目から再開されます*
`聖晶石 X 2
3月交換券(2023) X 1
`_2023-03-05 03:16:26_
--------
*eeba3d0c68a3b7e9fa236136b30cb897*
`登陆天数: 13天 / 1145天
等级: 125
石头: 1996
呼符: 93
体力: 1911.3666666666666 / 137
友情点: 0 / 855650`
*連続ログイン6日目
※ログインが途切れるか、7日到達すると
1日目から再開されます*
`聖晶石 X 2
3月交換券(2023) X 1
`_2023-03-05 03:16:34_
--------
*79533b6314e6a2650ec019ea96bcaebe*
`登陆天数: 13天 / 1157天
等级: 125
石头: 1989
呼符: 107
体力: 1910.2333333333333 / 137
友情点: 0 / 883055`
*連続ログイン6日目
※ログインが途切れるか、7日到達すると
1日目から再開されます*
`聖晶石 X 2
3月交換券(2023) X 1
`_2023-03-05 03:16:43_
--------
*c4c21a97c6c4de9fca7a936ac25180fa*
`登陆天数: 13天 / 1137天
等级: 125
石头: 1800
呼符: 87
体力: 6251.566666666667 / 137
友情点: 0 / 886845`
*連続ログイン6日目
※ログインが途切れるか、7日到達すると
1日目から再開されます*
`聖晶石 X 2
3月交換券(2023) X 1
`_2023-03-05 03:16:51_
--------
*4aae112bebb9faeb436a728839c766be*
`登陆天数: 13天 / 1100天
等级: 125
石头: 400
呼符: 94
体力: 6248.406666666667 / 137
友情点: 0 / 791595`
*連続ログイン6日目
※ログインが途切れるか、7日到達すると
1日目から再開されます*
`聖晶石 X 2
3月交換券(2023) X 1
`_2023-03-05 03:16:59_
--------
