【登录信息】
*b3defd4892470752525def1917e467ce*
`登陆天数: 15天 / 1130天
等级: 125
石头: 995
呼符: 110
体力: 2398.0433333333335 / 137
友情点: 0 / 813045`
*連続ログイン1日目
※ログインが途切れるか、7日到達すると
1日目から再開されます*
`フレンドポイント X 2000
3月交換券(2023) X 1
`_2023-03-06 19:35:02_
--------
*5513206501fad4f4b9bb8c80e1620d51*
`登陆天数: 15天 / 1148天
等级: 125
石头: 977
呼符: 95
体力: 2397.23 / 137
友情点: 0 / 875915`
*連続ログイン1日目
※ログインが途切れるか、7日到達すると
1日目から再開されます*
`フレンドポイント X 2000
3月交換券(2023) X 1
`_2023-03-06 19:35:10_
--------
*b8ed275142bdf1da8b56aac07218370c*
`登陆天数: 15天 / 1174天
等级: 125
石头: 1009
呼符: 109
体力: 2396.08 / 137
友情点: 0 / 980010`
*連続ログイン1日目
※ログインが途切れるか、7日到達すると
1日目から再開されます*
`フレンドポイント X 2000
3月交換券(2023) X 1
`_2023-03-06 19:35:18_
--------
*d70a593ddeab376c769499a5f750641b*
`登陆天数: 15天 / 1150天
等级: 125
石头: 108
呼符: 115
体力: 6794.243333333333 / 137
友情点: 0 / 873630`
*連続ログイン1日目
※ログインが途切れるか、7日到達すると
1日目から再開されます*
`フレンドポイント X 2000
3月交換券(2023) X 1
`_2023-03-06 19:35:27_
--------
*6cd714eeb3e3e13a19f5d07a4626b930*
`登陆天数: 15天 / 1145天
等级: 125
石头: 1251
呼符: 115
体力: 6777.933333333333 / 137
友情点: 0 / 963045`
*連続ログイン1日目
※ログインが途切れるか、7日到達すると
1日目から再開されます*
`フレンドポイント X 2000
3月交換券(2023) X 1
`_2023-03-06 19:35:35_
--------
*4892f706d3520440c52889adcd975007*
`登陆天数: 15天 / 1173天
等级: 125
石头: 950
呼符: 115
体力: 6776.51 / 137
友情点: 0 / 980480`
*連続ログイン1日目
※ログインが途切れるか、7日到達すると
1日目から再開されます*
`フレンドポイント X 2000
3月交換券(2023) X 1
`_2023-03-06 19:35:43_
--------
*eeba3d0c68a3b7e9fa236136b30cb897*
`登陆天数: 15天 / 1147天
等级: 125
石头: 1996
呼符: 93
体力: 2395.2233333333334 / 137
友情点: 0 / 855650`
*連続ログイン1日目
※ログインが途切れるか、7日到達すると
1日目から再開されます*
`フレンドポイント X 2000
3月交換券(2023) X 1
`_2023-03-06 19:35:51_
--------
*79533b6314e6a2650ec019ea96bcaebe*
`登陆天数: 15天 / 1159天
等级: 125
石头: 1989
呼符: 107
体力: 2394.09 / 137
友情点: 0 / 883055`
*連続ログイン1日目
※ログインが途切れるか、7日到達すると
1日目から再開されます*
`フレンドポイント X 2000
3月交換券(2023) X 1
`_2023-03-06 19:36:00_
--------
*c4c21a97c6c4de9fca7a936ac25180fa*
`登陆天数: 15天 / 1139天
等级: 125
石头: 1800
呼符: 87
体力: 6735.423333333333 / 137
友情点: 0 / 886845`
*連続ログイン1日目
※ログインが途切れるか、7日到達すると
1日目から再開されます*
`フレンドポイント X 2000
3月交換券(2023) X 1
`_2023-03-06 19:36:08_
--------
*4aae112bebb9faeb436a728839c766be*
`登陆天数: 15天 / 1102天
等级: 125
石头: 400
呼符: 94
体力: 6732.263333333333 / 137
友情点: 0 / 791595`
*連続ログイン1日目
※ログインが途切れるか、7日到達すると
1日目から再開されます*
`フレンドポイント X 2000
3月交換券(2023) X 1
`_2023-03-06 19:36:16_
--------
