【登录信息】
*b3defd4892470752525def1917e467ce*
`登陆天数: 16天 / 1131天
等级: 125
石头: 995
呼符: 110
体力: 2686.04 / 137
友情点: 0 / 813045`
*連続ログイン2日目
※ログインが途切れるか、7日到達すると
1日目から再開されます*
`聖晶石 X 1
3月交換券(2023) X 1
`_2023-03-07 19:35:01_
--------
*5513206501fad4f4b9bb8c80e1620d51*
`登陆天数: 16天 / 1149天
等级: 125
石头: 977
呼符: 95
体力: 2685.2266666666665 / 137
友情点: 0 / 875915`
*連続ログイン2日目
※ログインが途切れるか、7日到達すると
1日目から再開されます*
`聖晶石 X 1
3月交換券(2023) X 1
`_2023-03-07 19:35:09_
--------
*b8ed275142bdf1da8b56aac07218370c*
`登陆天数: 16天 / 1175天
等级: 125
石头: 1009
呼符: 109
体力: 2684.076666666667 / 137
友情点: 0 / 980010`
*連続ログイン2日目
※ログインが途切れるか、7日到達すると
1日目から再開されます*
`聖晶石 X 1
3月交換券(2023) X 1
`_2023-03-07 19:35:18_
--------
*d70a593ddeab376c769499a5f750641b*
`登陆天数: 16天 / 1151天
等级: 125
石头: 108
呼符: 115
体力: 7082.24 / 137
友情点: 0 / 873630`
*連続ログイン2日目
※ログインが途切れるか、7日到達すると
1日目から再開されます*
`聖晶石 X 1
3月交換券(2023) X 1
`_2023-03-07 19:35:26_
--------
*6cd714eeb3e3e13a19f5d07a4626b930*
`登陆天数: 16天 / 1146天
等级: 125
石头: 1251
呼符: 115
体力: 7065.93 / 137
友情点: 0 / 963045`
*連続ログイン2日目
※ログインが途切れるか、7日到達すると
1日目から再開されます*
`聖晶石 X 1
3月交換券(2023) X 1
`_2023-03-07 19:35:34_
--------
*4892f706d3520440c52889adcd975007*
`登陆天数: 16天 / 1174天
等级: 125
石头: 950
呼符: 115
体力: 7064.506666666667 / 137
友情点: 0 / 980480`
*連続ログイン2日目
※ログインが途切れるか、7日到達すると
1日目から再開されます*
`聖晶石 X 1
3月交換券(2023) X 1
`_2023-03-07 19:35:42_
--------
*eeba3d0c68a3b7e9fa236136b30cb897*
`登陆天数: 16天 / 1148天
等级: 125
石头: 1996
呼符: 93
体力: 2683.22 / 137
友情点: 0 / 855650`
*連続ログイン2日目
※ログインが途切れるか、7日到達すると
1日目から再開されます*
`聖晶石 X 1
3月交換券(2023) X 1
`_2023-03-07 19:35:50_
--------
*79533b6314e6a2650ec019ea96bcaebe*
`登陆天数: 16天 / 1160天
等级: 125
石头: 1989
呼符: 107
体力: 2682.0866666666666 / 137
友情点: 0 / 883055`
*連続ログイン2日目
※ログインが途切れるか、7日到達すると
1日目から再開されます*
`聖晶石 X 1
3月交換券(2023) X 1
`_2023-03-07 19:35:59_
--------
*c4c21a97c6c4de9fca7a936ac25180fa*
`登陆天数: 16天 / 1140天
等级: 125
石头: 1800
呼符: 87
体力: 7023.42 / 137
友情点: 0 / 886845`
*連続ログイン2日目
※ログインが途切れるか、7日到達すると
1日目から再開されます*
`聖晶石 X 1
3月交換券(2023) X 1
`_2023-03-07 19:36:07_
--------
*4aae112bebb9faeb436a728839c766be*
`登陆天数: 16天 / 1103天
等级: 125
石头: 400
呼符: 94
体力: 7020.26 / 137
友情点: 0 / 791595`
*連続ログイン2日目
※ログインが途切れるか、7日到達すると
1日目から再開されます*
`聖晶石 X 1
3月交換券(2023) X 1
`_2023-03-07 19:36:15_
--------
