【登录信息】
*b3defd4892470752525def1917e467ce*
`登陆天数: 17天 / 1132天
等级: 125
石头: 995
呼符: 110
体力: 2974.0866666666666 / 137
友情点: 0 / 813045`
*連続ログイン3日目
※ログインが途切れるか、7日到達すると
1日目から再開されます*
`叡智の業火 X 1
3月交換券(2023) X 1
`*CBC2023開催直前特別連続ログインボーナス*
*開催期間中、1日1回 最大7回 連続ログインボーナスをプレゼント！*
`白銀の果実 X 2
`_2023-03-08 19:35:16_
--------
*5513206501fad4f4b9bb8c80e1620d51*
`登陆天数: 17天 / 1150天
等级: 125
石头: 977
呼符: 95
体力: 2973.2766666666666 / 137
友情点: 0 / 875915`
*連続ログイン3日目
※ログインが途切れるか、7日到達すると
1日目から再開されます*
`叡智の業火 X 1
3月交換券(2023) X 1
`*CBC2023開催直前特別連続ログインボーナス*
*開催期間中、1日1回 最大7回 連続ログインボーナスをプレゼント！*
`白銀の果実 X 2
`_2023-03-08 19:35:24_
--------
*b8ed275142bdf1da8b56aac07218370c*
`登陆天数: 17天 / 1176天
等级: 125
石头: 1009
呼符: 109
体力: 2972.1266666666666 / 137
友情点: 0 / 980010`
*連続ログイン3日目
※ログインが途切れるか、7日到達すると
1日目から再開されます*
`叡智の業火 X 1
3月交換券(2023) X 1
`*CBC2023開催直前特別連続ログインボーナス*
*開催期間中、1日1回 最大7回 連続ログインボーナスをプレゼント！*
`白銀の果実 X 2
`_2023-03-08 19:35:32_
--------
*d70a593ddeab376c769499a5f750641b*
`登陆天数: 17天 / 1152天
等级: 125
石头: 108
呼符: 115
体力: 7370.29 / 137
友情点: 0 / 873630`
*連続ログイン3日目
※ログインが途切れるか、7日到達すると
1日目から再開されます*
`叡智の業火 X 1
3月交換券(2023) X 1
`*CBC2023開催直前特別連続ログインボーナス*
*開催期間中、1日1回 最大7回 連続ログインボーナスをプレゼント！*
`白銀の果実 X 2
`_2023-03-08 19:35:41_
--------
*6cd714eeb3e3e13a19f5d07a4626b930*
`登陆天数: 17天 / 1147天
等级: 125
石头: 1251
呼符: 115
体力: 7353.98 / 137
友情点: 0 / 963045`
*連続ログイン3日目
※ログインが途切れるか、7日到達すると
1日目から再開されます*
`叡智の業火 X 1
3月交換券(2023) X 1
`*CBC2023開催直前特別連続ログインボーナス*
*開催期間中、1日1回 最大7回 連続ログインボーナスをプレゼント！*
`白銀の果実 X 2
`_2023-03-08 19:35:49_
--------
*4892f706d3520440c52889adcd975007*
`登陆天数: 17天 / 1175天
等级: 125
石头: 950
呼符: 115
体力: 7352.56 / 137
友情点: 0 / 980480`
*連続ログイン3日目
※ログインが途切れるか、7日到達すると
1日目から再開されます*
`叡智の業火 X 1
3月交換券(2023) X 1
`*CBC2023開催直前特別連続ログインボーナス*
*開催期間中、1日1回 最大7回 連続ログインボーナスをプレゼント！*
`白銀の果実 X 2
`_2023-03-08 19:35:58_
--------
*eeba3d0c68a3b7e9fa236136b30cb897*
`登陆天数: 17天 / 1149天
等级: 125
石头: 1996
呼符: 93
体力: 2971.2733333333335 / 137
友情点: 0 / 855650`
*連続ログイン3日目
※ログインが途切れるか、7日到達すると
1日目から再開されます*
`叡智の業火 X 1
3月交換券(2023) X 1
`*CBC2023開催直前特別連続ログインボーナス*
*開催期間中、1日1回 最大7回 連続ログインボーナスをプレゼント！*
`白銀の果実 X 2
`_2023-03-08 19:36:06_
--------
*79533b6314e6a2650ec019ea96bcaebe*
`登陆天数: 17天 / 1161天
等级: 125
石头: 1989
呼符: 107
体力: 2970.14 / 137
友情点: 0 / 883055`
*連続ログイン3日目
※ログインが途切れるか、7日到達すると
1日目から再開されます*
`叡智の業火 X 1
3月交換券(2023) X 1
`*CBC2023開催直前特別連続ログインボーナス*
*開催期間中、1日1回 最大7回 連続ログインボーナスをプレゼント！*
`白銀の果実 X 2
`_2023-03-08 19:36:15_
--------
*c4c21a97c6c4de9fca7a936ac25180fa*
`登陆天数: 17天 / 1141天
等级: 125
石头: 1800
呼符: 87
体力: 7311.473333333333 / 137
友情点: 0 / 886845`
*連続ログイン3日目
※ログインが途切れるか、7日到達すると
1日目から再開されます*
`叡智の業火 X 1
3月交換券(2023) X 1
`*CBC2023開催直前特別連続ログインボーナス*
*開催期間中、1日1回 最大7回 連続ログインボーナスをプレゼント！*
`白銀の果実 X 2
`_2023-03-08 19:36:23_
--------
*4aae112bebb9faeb436a728839c766be*
`登陆天数: 17天 / 1104天
等级: 125
石头: 400
呼符: 94
体力: 7308.316666666667 / 137
友情点: 0 / 791595`
*連続ログイン3日目
※ログインが途切れるか、7日到達すると
1日目から再開されます*
`叡智の業火 X 1
3月交換券(2023) X 1
`*CBC2023開催直前特別連続ログインボーナス*
*開催期間中、1日1回 最大7回 連続ログインボーナスをプレゼント！*
`白銀の果実 X 2
`_2023-03-08 19:36:32_
--------
