【登录信息】
*b3defd4892470752525def1917e467ce*
`登陆天数: 18天 / 1133天
等级: 125
石头: 995
呼符: 110
体力: 3262.1 / 137
友情点: 0 / 813045`
*連続ログイン4日目
※ログインが途切れるか、7日到達すると
1日目から再開されます*
`聖晶石 X 1
3月交換券(2023) X 1
`*「FGO ウィンターパーティー 2022-2023」大阪会場開催直前 ログインボーナス*
*開催期間中、1日1回 最大3回 ログインボーナスをプレゼント！*
`黄金の果実 X 1
`_2023-03-09 19:35:19_
--------
*5513206501fad4f4b9bb8c80e1620d51*
`登陆天数: 18天 / 1151天
等级: 125
石头: 977
呼符: 95
体力: 3261.29 / 137
友情点: 0 / 875915`
*連続ログイン4日目
※ログインが途切れるか、7日到達すると
1日目から再開されます*
`聖晶石 X 1
3月交換券(2023) X 1
`*「FGO ウィンターパーティー 2022-2023」大阪会場開催直前 ログインボーナス*
*開催期間中、1日1回 最大3回 ログインボーナスをプレゼント！*
`黄金の果実 X 1
`_2023-03-09 19:35:28_
--------
*b8ed275142bdf1da8b56aac07218370c*
`登陆天数: 18天 / 1177天
等级: 125
石头: 1009
呼符: 109
体力: 3260.14 / 137
友情点: 0 / 980010`
*連続ログイン4日目
※ログインが途切れるか、7日到達すると
1日目から再開されます*
`聖晶石 X 1
3月交換券(2023) X 1
`*「FGO ウィンターパーティー 2022-2023」大阪会場開催直前 ログインボーナス*
*開催期間中、1日1回 最大3回 ログインボーナスをプレゼント！*
`黄金の果実 X 1
`_2023-03-09 19:35:36_
--------
*d70a593ddeab376c769499a5f750641b*
`登陆天数: 18天 / 1153天
等级: 125
石头: 108
呼符: 115
体力: 7658.303333333333 / 137
友情点: 0 / 873630`
*連続ログイン4日目
※ログインが途切れるか、7日到達すると
1日目から再開されます*
`聖晶石 X 1
3月交換券(2023) X 1
`*「FGO ウィンターパーティー 2022-2023」大阪会場開催直前 ログインボーナス*
*開催期間中、1日1回 最大3回 ログインボーナスをプレゼント！*
`黄金の果実 X 1
`_2023-03-09 19:35:45_
--------
*6cd714eeb3e3e13a19f5d07a4626b930*
`登陆天数: 18天 / 1148天
等级: 125
石头: 1251
呼符: 115
体力: 7641.993333333333 / 137
友情点: 0 / 963045`
*連続ログイン4日目
※ログインが途切れるか、7日到達すると
1日目から再開されます*
`聖晶石 X 1
3月交換券(2023) X 1
`*「FGO ウィンターパーティー 2022-2023」大阪会場開催直前 ログインボーナス*
*開催期間中、1日1回 最大3回 ログインボーナスをプレゼント！*
`黄金の果実 X 1
`_2023-03-09 19:35:53_
--------
*4892f706d3520440c52889adcd975007*
`登陆天数: 18天 / 1176天
等级: 125
石头: 950
呼符: 115
体力: 7640.57 / 137
友情点: 0 / 980480`
*連続ログイン4日目
※ログインが途切れるか、7日到達すると
1日目から再開されます*
`聖晶石 X 1
3月交換券(2023) X 1
`*「FGO ウィンターパーティー 2022-2023」大阪会場開催直前 ログインボーナス*
*開催期間中、1日1回 最大3回 ログインボーナスをプレゼント！*
`黄金の果実 X 1
`_2023-03-09 19:36:02_
--------
*eeba3d0c68a3b7e9fa236136b30cb897*
`登陆天数: 18天 / 1150天
等级: 125
石头: 1996
呼符: 93
体力: 3259.286666666667 / 137
友情点: 0 / 855650`
*連続ログイン4日目
※ログインが途切れるか、7日到達すると
1日目から再開されます*
`聖晶石 X 1
3月交換券(2023) X 1
`*「FGO ウィンターパーティー 2022-2023」大阪会場開催直前 ログインボーナス*
*開催期間中、1日1回 最大3回 ログインボーナスをプレゼント！*
`黄金の果実 X 1
`_2023-03-09 19:36:10_
--------
*79533b6314e6a2650ec019ea96bcaebe*
`登陆天数: 18天 / 1162天
等级: 125
石头: 1989
呼符: 107
体力: 3258.153333333333 / 137
友情点: 0 / 883055`
*連続ログイン4日目
※ログインが途切れるか、7日到達すると
1日目から再開されます*
`聖晶石 X 1
3月交換券(2023) X 1
`*「FGO ウィンターパーティー 2022-2023」大阪会場開催直前 ログインボーナス*
*開催期間中、1日1回 最大3回 ログインボーナスをプレゼント！*
`黄金の果実 X 1
`_2023-03-09 19:36:19_
--------
*c4c21a97c6c4de9fca7a936ac25180fa*
`登陆天数: 18天 / 1142天
等级: 125
石头: 1800
呼符: 87
体力: 7599.486666666667 / 137
友情点: 0 / 886845`
*連続ログイン4日目
※ログインが途切れるか、7日到達すると
1日目から再開されます*
`聖晶石 X 1
3月交換券(2023) X 1
`*「FGO ウィンターパーティー 2022-2023」大阪会場開催直前 ログインボーナス*
*開催期間中、1日1回 最大3回 ログインボーナスをプレゼント！*
`黄金の果実 X 1
`_2023-03-09 19:36:27_
--------
*4aae112bebb9faeb436a728839c766be*
`登陆天数: 18天 / 1105天
等级: 125
石头: 400
呼符: 94
体力: 7596.33 / 137
友情点: 0 / 791595`
*連続ログイン4日目
※ログインが途切れるか、7日到達すると
1日目から再開されます*
`聖晶石 X 1
3月交換券(2023) X 1
`*「FGO ウィンターパーティー 2022-2023」大阪会場開催直前 ログインボーナス*
*開催期間中、1日1回 最大3回 ログインボーナスをプレゼント！*
`黄金の果実 X 1
`_2023-03-09 19:36:36_
--------
