【登录信息】
*b3defd4892470752525def1917e467ce*
`登陆天数: 20天 / 1135天
等级: 125
石头: 935
呼符: 109
体力: 144.61333333333334 / 137
友情点: 0 / 813045`
*連続ログイン6日目
※ログインが途切れるか、7日到達すると
1日目から再開されます*
`聖晶石 X 2
3月交換券(2023) X 1
`*「FGO ウィンターパーティー 2022-2023」大阪会場開催直前 ログインボーナス*
*開催期間中、1日1回 最大3回 ログインボーナスをプレゼント！*
`黄金の果実 X 1
`_2023-03-11 19:34:33_
--------
*5513206501fad4f4b9bb8c80e1620d51*
`登陆天数: 20天 / 1153天
等级: 125
石头: 857
呼符: 95
体力: 143.47333333333333 / 137
友情点: 0 / 875915`
*連続ログイン6日目
※ログインが途切れるか、7日到達すると
1日目から再開されます*
`聖晶石 X 2
3月交換券(2023) X 1
`*「FGO ウィンターパーティー 2022-2023」大阪会場開催直前 ログインボーナス*
*開催期間中、1日1回 最大3回 ログインボーナスをプレゼント！*
`黄金の果実 X 1
`_2023-03-11 19:34:42_
--------
*b8ed275142bdf1da8b56aac07218370c*
`登陆天数: 20天 / 1179天
等级: 125
石头: 949
呼符: 109
体力: 142.72666666666666 / 137
友情点: 0 / 980010`
*連続ログイン6日目
※ログインが途切れるか、7日到達すると
1日目から再開されます*
`聖晶石 X 2
3月交換券(2023) X 1
`*「FGO ウィンターパーティー 2022-2023」大阪会場開催直前 ログインボーナス*
*開催期間中、1日1回 最大3回 ログインボーナスをプレゼント！*
`黄金の果実 X 1
`_2023-03-11 19:34:50_
--------
*d70a593ddeab376c769499a5f750641b*
`登陆天数: 20天 / 1155天
等级: 125
石头: 108
呼符: 115
体力: 8234.146666666667 / 137
友情点: 0 / 873630`
*連続ログイン6日目
※ログインが途切れるか、7日到達すると
1日目から再開されます*
`聖晶石 X 2
3月交換券(2023) X 1
`*「FGO ウィンターパーティー 2022-2023」大阪会場開催直前 ログインボーナス*
*開催期間中、1日1回 最大3回 ログインボーナスをプレゼント！*
`黄金の果実 X 1
`_2023-03-11 19:34:58_
--------
*6cd714eeb3e3e13a19f5d07a4626b930*
`登陆天数: 20天 / 1150天
等级: 125
石头: 1161
呼符: 95
体力: 141.98666666666668 / 137
友情点: 0 / 963045`
*連続ログイン6日目
※ログインが途切れるか、7日到達すると
1日目から再開されます*
`聖晶石 X 2
3月交換券(2023) X 1
`*「FGO ウィンターパーティー 2022-2023」大阪会場開催直前 ログインボーナス*
*開催期間中、1日1回 最大3回 ログインボーナスをプレゼント！*
`黄金の果実 X 1
`_2023-03-11 19:35:07_
--------
*4892f706d3520440c52889adcd975007*
`登陆天数: 20天 / 1178天
等级: 125
石头: 950
呼符: 115
体力: 8216.413333333334 / 137
友情点: 0 / 980480`
*連続ログイン6日目
※ログインが途切れるか、7日到達すると
1日目から再開されます*
`聖晶石 X 2
3月交換券(2023) X 1
`*「FGO ウィンターパーティー 2022-2023」大阪会場開催直前 ログインボーナス*
*開催期間中、1日1回 最大3回 ログインボーナスをプレゼント！*
`黄金の果実 X 1
`_2023-03-11 19:35:15_
--------
*eeba3d0c68a3b7e9fa236136b30cb897*
`登陆天数: 20天 / 1152天
等级: 125
石头: 1696
呼符: 73
体力: 140.57666666666665 / 137
友情点: 0 / 855650`
*連続ログイン6日目
※ログインが途切れるか、7日到達すると
1日目から再開されます*
`聖晶石 X 2
3月交換券(2023) X 1
`*「FGO ウィンターパーティー 2022-2023」大阪会場開催直前 ログインボーナス*
*開催期間中、1日1回 最大3回 ログインボーナスをプレゼント！*
`黄金の果実 X 1
`_2023-03-11 19:35:23_
--------
*79533b6314e6a2650ec019ea96bcaebe*
`登陆天数: 20天 / 1164天
等级: 125
石头: 1929
呼符: 107
体力: 138.61666666666667 / 137
友情点: 0 / 883055`
*連続ログイン6日目
※ログインが途切れるか、7日到達すると
1日目から再開されます*
`聖晶石 X 2
3月交換券(2023) X 1
`*「FGO ウィンターパーティー 2022-2023」大阪会場開催直前 ログインボーナス*
*開催期間中、1日1回 最大3回 ログインボーナスをプレゼント！*
`黄金の果実 X 1
`_2023-03-11 19:35:31_
--------
*c4c21a97c6c4de9fca7a936ac25180fa*
`登陆天数: 20天 / 1144天
等级: 125
石头: 1650
呼符: 87
体力: 137.93666666666667 / 137
友情点: 0 / 886845`
*連続ログイン6日目
※ログインが途切れるか、7日到達すると
1日目から再開されます*
`聖晶石 X 2
3月交換券(2023) X 1
`*「FGO ウィンターパーティー 2022-2023」大阪会場開催直前 ログインボーナス*
*開催期間中、1日1回 最大3回 ログインボーナスをプレゼント！*
`黄金の果実 X 1
`_2023-03-11 19:35:39_
--------
*4aae112bebb9faeb436a728839c766be*
`登陆天数: 20天 / 1107天
等级: 125
石头: 400
呼符: 94
体力: 8172.166666666667 / 137
友情点: 0 / 791595`
*連続ログイン6日目
※ログインが途切れるか、7日到達すると
1日目から再開されます*
`聖晶石 X 2
3月交換券(2023) X 1
`*「FGO ウィンターパーティー 2022-2023」大阪会場開催直前 ログインボーナス*
*開催期間中、1日1回 最大3回 ログインボーナスをプレゼント！*
`黄金の果実 X 1
`_2023-03-11 19:35:47_
--------
