【登录信息】
*b3defd4892470752525def1917e467ce*
`登陆天数: 21天 / 1136天
等级: 125
石头: 935
呼符: 109
体力: 432.58 / 137
友情点: 0 / 813045`
*連続ログイン7日間到達おめでとうございます！
明日は1日目からリスタートされます。*
`獣の足跡 X 1
呼符 X 1
3月交換券(2023) X 1
`*CBC2023開催直前特別連続ログインボーナス*
*開催期間中、1日1回 最大7回 連続ログインボーナスをプレゼント！*
`英霊結晶・太陽のフォウくん X 3
`_2023-03-12 19:34:23_
--------
*5513206501fad4f4b9bb8c80e1620d51*
`登陆天数: 21天 / 1154天
等级: 125
石头: 857
呼符: 95
体力: 431.43666666666667 / 137
友情点: 0 / 875915`
*連続ログイン7日間到達おめでとうございます！
明日は1日目からリスタートされます。*
`獣の足跡 X 1
呼符 X 1
3月交換券(2023) X 1
`*CBC2023開催直前特別連続ログインボーナス*
*開催期間中、1日1回 最大7回 連続ログインボーナスをプレゼント！*
`英霊結晶・太陽のフォウくん X 3
`_2023-03-12 19:34:31_
--------
*b8ed275142bdf1da8b56aac07218370c*
`登陆天数: 21天 / 1180天
等级: 125
石头: 949
呼符: 109
体力: 430.6933333333333 / 137
友情点: 0 / 980010`
*連続ログイン7日間到達おめでとうございます！
明日は1日目からリスタートされます。*
`獣の足跡 X 1
呼符 X 1
3月交換券(2023) X 1
`*CBC2023開催直前特別連続ログインボーナス*
*開催期間中、1日1回 最大7回 連続ログインボーナスをプレゼント！*
`英霊結晶・太陽のフォウくん X 3
`_2023-03-12 19:34:40_
--------
*d70a593ddeab376c769499a5f750641b*
`登陆天数: 21天 / 1156天
等级: 125
石头: 108
呼符: 115
体力: 8522.113333333333 / 137
友情点: 0 / 873630`
*連続ログイン7日間到達おめでとうございます！
明日は1日目からリスタートされます。*
`獣の足跡 X 1
呼符 X 1
3月交換券(2023) X 1
`*CBC2023開催直前特別連続ログインボーナス*
*開催期間中、1日1回 最大7回 連続ログインボーナスをプレゼント！*
`英霊結晶・太陽のフォウくん X 3
`_2023-03-12 19:34:48_
--------
*6cd714eeb3e3e13a19f5d07a4626b930*
`登陆天数: 21天 / 1151天
等级: 125
石头: 1161
呼符: 95
体力: 429.9533333333333 / 137
友情点: 0 / 963045`
*連続ログイン7日間到達おめでとうございます！
明日は1日目からリスタートされます。*
`獣の足跡 X 1
呼符 X 1
3月交換券(2023) X 1
`*CBC2023開催直前特別連続ログインボーナス*
*開催期間中、1日1回 最大7回 連続ログインボーナスをプレゼント！*
`英霊結晶・太陽のフォウくん X 3
`_2023-03-12 19:34:57_
--------
*4892f706d3520440c52889adcd975007*
`登陆天数: 21天 / 1179天
等级: 125
石头: 950
呼符: 115
体力: 8504.383333333333 / 137
友情点: 0 / 980480`
*連続ログイン7日間到達おめでとうございます！
明日は1日目からリスタートされます。*
`獣の足跡 X 1
呼符 X 1
3月交換券(2023) X 1
`*CBC2023開催直前特別連続ログインボーナス*
*開催期間中、1日1回 最大7回 連続ログインボーナスをプレゼント！*
`英霊結晶・太陽のフォウくん X 3
`_2023-03-12 19:35:05_
--------
*eeba3d0c68a3b7e9fa236136b30cb897*
`登陆天数: 21天 / 1153天
等级: 125
石头: 1696
呼符: 73
体力: 428.54333333333335 / 137
友情点: 0 / 855650`
*連続ログイン7日間到達おめでとうございます！
明日は1日目からリスタートされます。*
`獣の足跡 X 1
呼符 X 1
3月交換券(2023) X 1
`*CBC2023開催直前特別連続ログインボーナス*
*開催期間中、1日1回 最大7回 連続ログインボーナスをプレゼント！*
`英霊結晶・太陽のフォウくん X 3
`_2023-03-12 19:35:13_
--------
*79533b6314e6a2650ec019ea96bcaebe*
`登陆天数: 21天 / 1165天
等级: 125
石头: 1929
呼符: 107
体力: 426.58666666666664 / 137
友情点: 0 / 883055`
*連続ログイン7日間到達おめでとうございます！
明日は1日目からリスタートされます。*
`獣の足跡 X 1
呼符 X 1
3月交換券(2023) X 1
`*CBC2023開催直前特別連続ログインボーナス*
*開催期間中、1日1回 最大7回 連続ログインボーナスをプレゼント！*
`英霊結晶・太陽のフォウくん X 3
`_2023-03-12 19:35:22_
--------
*c4c21a97c6c4de9fca7a936ac25180fa*
`登陆天数: 21天 / 1145天
等级: 125
石头: 1650
呼符: 87
体力: 425.91 / 137
友情点: 0 / 886845`
*連続ログイン7日間到達おめでとうございます！
明日は1日目からリスタートされます。*
`獣の足跡 X 1
呼符 X 1
3月交換券(2023) X 1
`*CBC2023開催直前特別連続ログインボーナス*
*開催期間中、1日1回 最大7回 連続ログインボーナスをプレゼント！*
`英霊結晶・太陽のフォウくん X 3
`_2023-03-12 19:35:31_
--------
*4aae112bebb9faeb436a728839c766be*
`登陆天数: 21天 / 1108天
等级: 125
石头: 400
呼符: 94
体力: 8460.14 / 137
友情点: 0 / 791595`
*連続ログイン7日間到達おめでとうございます！
明日は1日目からリスタートされます。*
`獣の足跡 X 1
呼符 X 1
3月交換券(2023) X 1
`*CBC2023開催直前特別連続ログインボーナス*
*開催期間中、1日1回 最大7回 連続ログインボーナスをプレゼント！*
`英霊結晶・太陽のフォウくん X 3
`_2023-03-12 19:35:39_
--------
