【登录信息】
*b3defd4892470752525def1917e467ce*
`登陆天数: 22天 / 1137天
等级: 125
石头: 935
呼符: 109
体力: 720.6466666666666 / 137
友情点: 0 / 813045`
*連続ログイン1日目
※ログインが途切れるか、7日到達すると
1日目から再開されます*
`フレンドポイント X 2000
3月交換券(2023) X 1
`*CBC2023開催直前特別連続ログインボーナス*
*開催期間中、1日1回 最大7回 連続ログインボーナスをプレゼント！*
`白銀の果実 X 2
`_2023-03-13 19:34:43_
--------
*5513206501fad4f4b9bb8c80e1620d51*
`登陆天数: 22天 / 1155天
等级: 125
石头: 857
呼符: 95
体力: 719.5033333333333 / 137
友情点: 0 / 875915`
*連続ログイン1日目
※ログインが途切れるか、7日到達すると
1日目から再開されます*
`フレンドポイント X 2000
3月交換券(2023) X 1
`*CBC2023開催直前特別連続ログインボーナス*
*開催期間中、1日1回 最大7回 連続ログインボーナスをプレゼント！*
`白銀の果実 X 2
`_2023-03-13 19:34:51_
--------
*b8ed275142bdf1da8b56aac07218370c*
`登陆天数: 22天 / 1181天
等级: 125
石头: 949
呼符: 109
体力: 718.76 / 137
友情点: 0 / 980010`
*連続ログイン1日目
※ログインが途切れるか、7日到達すると
1日目から再開されます*
`フレンドポイント X 2000
3月交換券(2023) X 1
`*CBC2023開催直前特別連続ログインボーナス*
*開催期間中、1日1回 最大7回 連続ログインボーナスをプレゼント！*
`白銀の果実 X 2
`_2023-03-13 19:35:00_
--------
*d70a593ddeab376c769499a5f750641b*
`登陆天数: 22天 / 1157天
等级: 125
石头: 108
呼符: 115
体力: 8810.18 / 137
友情点: 0 / 873630`
*連続ログイン1日目
※ログインが途切れるか、7日到達すると
1日目から再開されます*
`フレンドポイント X 2000
3月交換券(2023) X 1
`*CBC2023開催直前特別連続ログインボーナス*
*開催期間中、1日1回 最大7回 連続ログインボーナスをプレゼント！*
`白銀の果実 X 2
`_2023-03-13 19:35:08_
--------
*6cd714eeb3e3e13a19f5d07a4626b930*
`登陆天数: 22天 / 1152天
等级: 125
石头: 1161
呼符: 95
体力: 718.02 / 137
友情点: 0 / 963045`
*連続ログイン1日目
※ログインが途切れるか、7日到達すると
1日目から再開されます*
`フレンドポイント X 2000
3月交換券(2023) X 1
`*CBC2023開催直前特別連続ログインボーナス*
*開催期間中、1日1回 最大7回 連続ログインボーナスをプレゼント！*
`白銀の果実 X 2
`_2023-03-13 19:35:17_
--------
*4892f706d3520440c52889adcd975007*
`登陆天数: 22天 / 1180天
等级: 125
石头: 950
呼符: 115
体力: 8792.45 / 137
友情点: 0 / 980480`
*連続ログイン1日目
※ログインが途切れるか、7日到達すると
1日目から再開されます*
`フレンドポイント X 2000
3月交換券(2023) X 1
`*CBC2023開催直前特別連続ログインボーナス*
*開催期間中、1日1回 最大7回 連続ログインボーナスをプレゼント！*
`白銀の果実 X 2
`_2023-03-13 19:35:25_
--------
*eeba3d0c68a3b7e9fa236136b30cb897*
`登陆天数: 22天 / 1154天
等级: 125
石头: 1696
呼符: 73
体力: 716.6133333333333 / 137
友情点: 0 / 855650`
*連続ログイン1日目
※ログインが途切れるか、7日到達すると
1日目から再開されます*
`フレンドポイント X 2000
3月交換券(2023) X 1
`*CBC2023開催直前特別連続ログインボーナス*
*開催期間中、1日1回 最大7回 連続ログインボーナスをプレゼント！*
`白銀の果実 X 2
`_2023-03-13 19:35:34_
--------
*79533b6314e6a2650ec019ea96bcaebe*
`登陆天数: 22天 / 1166天
等级: 125
石头: 1929
呼符: 107
体力: 714.6566666666666 / 137
友情点: 0 / 883055`
*連続ログイン1日目
※ログインが途切れるか、7日到達すると
1日目から再開されます*
`フレンドポイント X 2000
3月交換券(2023) X 1
`*CBC2023開催直前特別連続ログインボーナス*
*開催期間中、1日1回 最大7回 連続ログインボーナスをプレゼント！*
`白銀の果実 X 2
`_2023-03-13 19:35:43_
--------
*c4c21a97c6c4de9fca7a936ac25180fa*
`登陆天数: 22天 / 1146天
等级: 125
石头: 1650
呼符: 87
体力: 713.98 / 137
友情点: 0 / 886845`
*連続ログイン1日目
※ログインが途切れるか、7日到達すると
1日目から再開されます*
`フレンドポイント X 2000
3月交換券(2023) X 1
`*CBC2023開催直前特別連続ログインボーナス*
*開催期間中、1日1回 最大7回 連続ログインボーナスをプレゼント！*
`白銀の果実 X 2
`_2023-03-13 19:35:52_
--------
*4aae112bebb9faeb436a728839c766be*
`登陆天数: 22天 / 1109天
等级: 125
石头: 400
呼符: 94
体力: 8748.21 / 137
友情点: 0 / 791595`
*連続ログイン1日目
※ログインが途切れるか、7日到達すると
1日目から再開されます*
`フレンドポイント X 2000
3月交換券(2023) X 1
`*CBC2023開催直前特別連続ログインボーナス*
*開催期間中、1日1回 最大7回 連続ログインボーナスをプレゼント！*
`白銀の果実 X 2
`_2023-03-13 19:36:00_
--------
