【登录信息】
*b3defd4892470752525def1917e467ce*
`登陆天数: 23天 / 1138天
等级: 125
石头: 935
呼符: 109
体力: 1008.8533333333334 / 137
友情点: 0 / 813045`
*連続ログイン2日目
※ログインが途切れるか、7日到達すると
1日目から再開されます*
`聖晶石 X 1
3月交換券(2023) X 1
`*CBC2023開催直前特別連続ログインボーナス*
*開催期間中、1日1回 最大7回 連続ログインボーナスをプレゼント！*
`聖晶石 X 3
`_2023-03-14 19:35:45_
--------
*5513206501fad4f4b9bb8c80e1620d51*
`登陆天数: 23天 / 1156天
等级: 125
石头: 857
呼符: 95
体力: 1007.7133333333334 / 137
友情点: 0 / 875915`
*連続ログイン2日目
※ログインが途切れるか、7日到達すると
1日目から再開されます*
`聖晶石 X 1
3月交換券(2023) X 1
`*CBC2023開催直前特別連続ログインボーナス*
*開催期間中、1日1回 最大7回 連続ログインボーナスをプレゼント！*
`聖晶石 X 3
`_2023-03-14 19:35:54_
--------
*b8ed275142bdf1da8b56aac07218370c*
`登陆天数: 23天 / 1182天
等级: 125
石头: 949
呼符: 109
体力: 1006.9666666666667 / 137
友情点: 0 / 980010`
*連続ログイン2日目
※ログインが途切れるか、7日到達すると
1日目から再開されます*
`聖晶石 X 1
3月交換券(2023) X 1
`*CBC2023開催直前特別連続ログインボーナス*
*開催期間中、1日1回 最大7回 連続ログインボーナスをプレゼント！*
`聖晶石 X 3
`_2023-03-14 19:36:02_
--------
*d70a593ddeab376c769499a5f750641b*
`登陆天数: 23天 / 1158天
等级: 125
石头: 108
呼符: 115
体力: 9098.39 / 137
友情点: 0 / 873630`
*連続ログイン2日目
※ログインが途切れるか、7日到達すると
1日目から再開されます*
`聖晶石 X 1
3月交換券(2023) X 1
`*CBC2023開催直前特別連続ログインボーナス*
*開催期間中、1日1回 最大7回 連続ログインボーナスをプレゼント！*
`聖晶石 X 3
`_2023-03-14 19:36:11_
--------
*6cd714eeb3e3e13a19f5d07a4626b930*
`登陆天数: 23天 / 1153天
等级: 125
石头: 1161
呼符: 95
体力: 1006.2266666666667 / 137
友情点: 0 / 963045`
*連続ログイン2日目
※ログインが途切れるか、7日到達すると
1日目から再開されます*
`聖晶石 X 1
3月交換券(2023) X 1
`*CBC2023開催直前特別連続ログインボーナス*
*開催期間中、1日1回 最大7回 連続ログインボーナスをプレゼント！*
`聖晶石 X 3
`_2023-03-14 19:36:19_
--------
*4892f706d3520440c52889adcd975007*
`登陆天数: 23天 / 1181天
等级: 125
石头: 950
呼符: 115
体力: 9080.66 / 137
友情点: 0 / 980480`
*連続ログイン2日目
※ログインが途切れるか、7日到達すると
1日目から再開されます*
`聖晶石 X 1
3月交換券(2023) X 1
`*CBC2023開催直前特別連続ログインボーナス*
*開催期間中、1日1回 最大7回 連続ログインボーナスをプレゼント！*
`聖晶石 X 3
`_2023-03-14 19:36:28_
--------
*eeba3d0c68a3b7e9fa236136b30cb897*
`登陆天数: 23天 / 1155天
等级: 125
石头: 1696
呼符: 73
体力: 1004.82 / 137
友情点: 0 / 855650`
*連続ログイン2日目
※ログインが途切れるか、7日到達すると
1日目から再開されます*
`聖晶石 X 1
3月交換券(2023) X 1
`*CBC2023開催直前特別連続ログインボーナス*
*開催期間中、1日1回 最大7回 連続ログインボーナスをプレゼント！*
`聖晶石 X 3
`_2023-03-14 19:36:36_
--------
*79533b6314e6a2650ec019ea96bcaebe*
`登陆天数: 23天 / 1167天
等级: 125
石头: 1929
呼符: 107
体力: 1002.8666666666667 / 137
友情点: 0 / 883055`
*連続ログイン2日目
※ログインが途切れるか、7日到達すると
1日目から再開されます*
`聖晶石 X 1
3月交換券(2023) X 1
`*CBC2023開催直前特別連続ログインボーナス*
*開催期間中、1日1回 最大7回 連続ログインボーナスをプレゼント！*
`聖晶石 X 3
`_2023-03-14 19:36:46_
--------
*c4c21a97c6c4de9fca7a936ac25180fa*
`登陆天数: 23天 / 1147天
等级: 125
石头: 1650
呼符: 87
体力: 1002.1866666666666 / 137
友情点: 0 / 886845`
*連続ログイン2日目
※ログインが途切れるか、7日到達すると
1日目から再開されます*
`聖晶石 X 1
3月交換券(2023) X 1
`*CBC2023開催直前特別連続ログインボーナス*
*開催期間中、1日1回 最大7回 連続ログインボーナスをプレゼント！*
`聖晶石 X 3
`_2023-03-14 19:36:54_
--------
*4aae112bebb9faeb436a728839c766be*
`登陆天数: 23天 / 1110天
等级: 125
石头: 400
呼符: 94
体力: 9036.42 / 137
友情点: 0 / 791595`
*連続ログイン2日目
※ログインが途切れるか、7日到達すると
1日目から再開されます*
`聖晶石 X 1
3月交換券(2023) X 1
`*CBC2023開催直前特別連続ログインボーナス*
*開催期間中、1日1回 最大7回 連続ログインボーナスをプレゼント！*
`聖晶石 X 3
`_2023-03-14 19:37:03_
--------
