【登录信息】
*b3defd4892470752525def1917e467ce*
`登陆天数: 24天 / 1139天
等级: 125
石头: 935
呼符: 109
体力: 1296.6766666666667 / 137
友情点: 0 / 813045`
*連続ログイン3日目
※ログインが途切れるか、7日到達すると
1日目から再開されます*
`叡智の業火 X 1
3月交換券(2023) X 1
`_2023-03-15 19:34:52_
--------
*5513206501fad4f4b9bb8c80e1620d51*
`登陆天数: 24天 / 1157天
等级: 125
石头: 857
呼符: 95
体力: 1295.5333333333333 / 137
友情点: 0 / 875915`
*連続ログイン3日目
※ログインが途切れるか、7日到達すると
1日目から再開されます*
`叡智の業火 X 1
3月交換券(2023) X 1
`_2023-03-15 19:35:00_
--------
*b8ed275142bdf1da8b56aac07218370c*
`登陆天数: 24天 / 1183天
等级: 125
石头: 949
呼符: 109
体力: 1294.79 / 137
友情点: 0 / 980010`
*連続ログイン3日目
※ログインが途切れるか、7日到達すると
1日目から再開されます*
`叡智の業火 X 1
3月交換券(2023) X 1
`_2023-03-15 19:35:09_
--------
*d70a593ddeab376c769499a5f750641b*
`登陆天数: 24天 / 1159天
等级: 125
石头: 108
呼符: 115
体力: 9386.21 / 137
友情点: 0 / 873630`
*連続ログイン3日目
※ログインが途切れるか、7日到達すると
1日目から再開されます*
`叡智の業火 X 1
3月交換券(2023) X 1
`_2023-03-15 19:35:17_
--------
*6cd714eeb3e3e13a19f5d07a4626b930*
`登陆天数: 24天 / 1154天
等级: 125
石头: 1161
呼符: 95
体力: 1294.05 / 137
友情点: 0 / 963045`
*連続ログイン3日目
※ログインが途切れるか、7日到達すると
1日目から再開されます*
`叡智の業火 X 1
3月交換券(2023) X 1
`_2023-03-15 19:35:26_
--------
*4892f706d3520440c52889adcd975007*
`登陆天数: 24天 / 1182天
等级: 125
石头: 950
呼符: 115
体力: 9368.48 / 137
友情点: 0 / 980480`
*連続ログイン3日目
※ログインが途切れるか、7日到達すると
1日目から再開されます*
`叡智の業火 X 1
3月交換券(2023) X 1
`_2023-03-15 19:35:34_
--------
*eeba3d0c68a3b7e9fa236136b30cb897*
`登陆天数: 24天 / 1156天
等级: 125
石头: 1696
呼符: 73
体力: 1292.6433333333334 / 137
友情点: 0 / 855650`
*連続ログイン3日目
※ログインが途切れるか、7日到達すると
1日目から再開されます*
`叡智の業火 X 1
3月交換券(2023) X 1
`_2023-03-15 19:35:43_
--------
*79533b6314e6a2650ec019ea96bcaebe*
`登陆天数: 24天 / 1168天
等级: 125
石头: 1929
呼符: 107
体力: 1290.6866666666667 / 137
友情点: 0 / 883055`
*連続ログイン3日目
※ログインが途切れるか、7日到達すると
1日目から再開されます*
`叡智の業火 X 1
3月交換券(2023) X 1
`_2023-03-15 19:35:52_
--------
*c4c21a97c6c4de9fca7a936ac25180fa*
`登陆天数: 24天 / 1148天
等级: 125
石头: 1650
呼符: 87
体力: 1290.0066666666667 / 137
友情点: 0 / 886845`
*連続ログイン3日目
※ログインが途切れるか、7日到達すると
1日目から再開されます*
`叡智の業火 X 1
3月交換券(2023) X 1
`_2023-03-15 19:36:00_
--------
*4aae112bebb9faeb436a728839c766be*
`登陆天数: 24天 / 1111天
等级: 125
石头: 400
呼符: 94
体力: 9324.24 / 137
友情点: 0 / 791595`
*連続ログイン3日目
※ログインが途切れるか、7日到達すると
1日目から再開されます*
`叡智の業火 X 1
3月交換券(2023) X 1
`_2023-03-15 19:36:09_
--------
