【登录信息】
*b3defd4892470752525def1917e467ce*
`登陆天数: 26天 / 1141天
等级: 125
石头: 935
呼符: 109
体力: 1872.64 / 137
友情点: 0 / 813045`
*連続ログイン5日目
※ログインが途切れるか、7日到達すると
1日目から再開されます*
`叡智の業火 X 2
3月交換券(2023) X 1
`*「カルデアボーイズコレクション2023」開催記念初回ログインボーナス*
*開催期間中、初回ログインで「CBC2023特別優待券」をプレゼント！*
`CBC2023特別優待券 X 1
`_2023-03-17 19:34:41_
--------
*5513206501fad4f4b9bb8c80e1620d51*
`登陆天数: 26天 / 1159天
等级: 125
石头: 857
呼符: 95
体力: 1871.5 / 137
友情点: 0 / 875915`
*連続ログイン5日目
※ログインが途切れるか、7日到達すると
1日目から再開されます*
`叡智の業火 X 2
3月交換券(2023) X 1
`*「カルデアボーイズコレクション2023」開催記念初回ログインボーナス*
*開催期間中、初回ログインで「CBC2023特別優待券」をプレゼント！*
`CBC2023特別優待券 X 1
`_2023-03-17 19:34:50_
--------
*b8ed275142bdf1da8b56aac07218370c*
`登陆天数: 26天 / 1185天
等级: 125
石头: 949
呼符: 109
体力: 1870.7533333333333 / 137
友情点: 0 / 980010`
*連続ログイン5日目
※ログインが途切れるか、7日到達すると
1日目から再開されます*
`叡智の業火 X 2
3月交換券(2023) X 1
`*「カルデアボーイズコレクション2023」開催記念初回ログインボーナス*
*開催期間中、初回ログインで「CBC2023特別優待券」をプレゼント！*
`CBC2023特別優待券 X 1
`_2023-03-17 19:34:58_
--------
*d70a593ddeab376c769499a5f750641b*
`登陆天数: 26天 / 1161天
等级: 125
石头: 108
呼符: 115
体力: 9962.176666666666 / 137
友情点: 0 / 873630`
*連続ログイン5日目
※ログインが途切れるか、7日到達すると
1日目から再開されます*
`叡智の業火 X 2
3月交換券(2023) X 1
`*「カルデアボーイズコレクション2023」開催記念初回ログインボーナス*
*開催期間中、初回ログインで「CBC2023特別優待券」をプレゼント！*
`CBC2023特別優待券 X 1
`_2023-03-17 19:35:07_
--------
*6cd714eeb3e3e13a19f5d07a4626b930*
`登陆天数: 26天 / 1156天
等级: 125
石头: 1161
呼符: 95
体力: 1870.0133333333333 / 137
友情点: 0 / 963045`
*連続ログイン5日目
※ログインが途切れるか、7日到達すると
1日目から再開されます*
`叡智の業火 X 2
3月交換券(2023) X 1
`*「カルデアボーイズコレクション2023」開催記念初回ログインボーナス*
*開催期間中、初回ログインで「CBC2023特別優待券」をプレゼント！*
`CBC2023特別優待券 X 1
`_2023-03-17 19:35:15_
--------
*4892f706d3520440c52889adcd975007*
`登陆天数: 26天 / 1184天
等级: 125
石头: 950
呼符: 115
体力: 9944.446666666667 / 137
友情点: 0 / 980480`
*連続ログイン5日目
※ログインが途切れるか、7日到達すると
1日目から再開されます*
`叡智の業火 X 2
3月交換券(2023) X 1
`*「カルデアボーイズコレクション2023」開催記念初回ログインボーナス*
*開催期間中、初回ログインで「CBC2023特別優待券」をプレゼント！*
`CBC2023特別優待券 X 1
`_2023-03-17 19:35:24_
--------
*eeba3d0c68a3b7e9fa236136b30cb897*
`登陆天数: 26天 / 1158天
等级: 125
石头: 1696
呼符: 73
体力: 1868.6066666666666 / 137
友情点: 0 / 855650`
*連続ログイン5日目
※ログインが途切れるか、7日到達すると
1日目から再開されます*
`叡智の業火 X 2
3月交換券(2023) X 1
`*「カルデアボーイズコレクション2023」開催記念初回ログインボーナス*
*開催期間中、初回ログインで「CBC2023特別優待券」をプレゼント！*
`CBC2023特別優待券 X 1
`_2023-03-17 19:35:32_
--------
*79533b6314e6a2650ec019ea96bcaebe*
`登陆天数: 26天 / 1170天
等级: 125
石头: 1929
呼符: 107
体力: 1866.65 / 137
友情点: 0 / 883055`
*連続ログイン5日目
※ログインが途切れるか、7日到達すると
1日目から再開されます*
`叡智の業火 X 2
3月交換券(2023) X 1
`*「カルデアボーイズコレクション2023」開催記念初回ログインボーナス*
*開催期間中、初回ログインで「CBC2023特別優待券」をプレゼント！*
`CBC2023特別優待券 X 1
`_2023-03-17 19:35:41_
--------
*c4c21a97c6c4de9fca7a936ac25180fa*
`登陆天数: 26天 / 1150天
等级: 125
石头: 1650
呼符: 87
体力: 1865.9733333333334 / 137
友情点: 0 / 886845`
*連続ログイン5日目
※ログインが途切れるか、7日到達すると
1日目から再開されます*
`叡智の業火 X 2
3月交換券(2023) X 1
`*「カルデアボーイズコレクション2023」開催記念初回ログインボーナス*
*開催期間中、初回ログインで「CBC2023特別優待券」をプレゼント！*
`CBC2023特別優待券 X 1
`_2023-03-17 19:35:49_
--------
*4aae112bebb9faeb436a728839c766be*
`登陆天数: 26天 / 1113天
等级: 125
石头: 400
呼符: 94
体力: 9900.203333333333 / 137
友情点: 0 / 791595`
*連続ログイン5日目
※ログインが途切れるか、7日到達すると
1日目から再開されます*
`叡智の業火 X 2
3月交換券(2023) X 1
`*「カルデアボーイズコレクション2023」開催記念初回ログインボーナス*
*開催期間中、初回ログインで「CBC2023特別優待券」をプレゼント！*
`CBC2023特別優待券 X 1
`_2023-03-17 19:35:58_
--------
