【登录信息】
*b3defd4892470752525def1917e467ce*
`登陆天数: 27天 / 1142天
等级: 125
石头: 935
呼符: 109
体力: 2160.6133333333332 / 137
友情点: 0 / 813045`
*連続ログイン6日目
※ログインが途切れるか、7日到達すると
1日目から再開されます*
`聖晶石 X 2
3月交換券(2023) X 1
`_2023-03-18 19:34:33_
--------
*5513206501fad4f4b9bb8c80e1620d51*
`登陆天数: 27天 / 1160天
等级: 125
石头: 857
呼符: 95
体力: 2159.4700000000003 / 137
友情点: 0 / 875915`
*連続ログイン6日目
※ログインが途切れるか、7日到達すると
1日目から再開されます*
`聖晶石 X 2
3月交換券(2023) X 1
`_2023-03-18 19:34:41_
--------
*b8ed275142bdf1da8b56aac07218370c*
`登陆天数: 27天 / 1186天
等级: 125
石头: 949
呼符: 109
体力: 2158.7266666666665 / 137
友情点: 0 / 980010`
*連続ログイン6日目
※ログインが途切れるか、7日到達すると
1日目から再開されます*
`聖晶石 X 2
3月交換券(2023) X 1
`_2023-03-18 19:34:50_
--------
*d70a593ddeab376c769499a5f750641b*
`登陆天数: 27天 / 1162天
等级: 125
石头: 108
呼符: 115
体力: 10250.146666666667 / 137
友情点: 0 / 873630`
*連続ログイン6日目
※ログインが途切れるか、7日到達すると
1日目から再開されます*
`聖晶石 X 2
3月交換券(2023) X 1
`_2023-03-18 19:34:58_
--------
*6cd714eeb3e3e13a19f5d07a4626b930*
`登陆天数: 27天 / 1157天
等级: 125
石头: 1161
呼符: 95
体力: 2157.9833333333336 / 137
友情点: 0 / 963045`
*連続ログイン6日目
※ログインが途切れるか、7日到達すると
1日目から再開されます*
`聖晶石 X 2
3月交換券(2023) X 1
`_2023-03-18 19:35:06_
--------
*4892f706d3520440c52889adcd975007*
`登陆天数: 27天 / 1185天
等级: 125
石头: 950
呼符: 115
体力: 10232.413333333334 / 137
友情点: 0 / 980480`
*連続ログイン6日目
※ログインが途切れるか、7日到達すると
1日目から再開されます*
`聖晶石 X 2
3月交換券(2023) X 1
`_2023-03-18 19:35:14_
--------
*eeba3d0c68a3b7e9fa236136b30cb897*
`登陆天数: 27天 / 1159天
等级: 125
石头: 1696
呼符: 73
体力: 2156.576666666667 / 137
友情点: 0 / 855650`
*連続ログイン6日目
※ログインが途切れるか、7日到達すると
1日目から再開されます*
`聖晶石 X 2
3月交換券(2023) X 1
`_2023-03-18 19:35:23_
--------
*79533b6314e6a2650ec019ea96bcaebe*
`登陆天数: 27天 / 1171天
等级: 125
石头: 1929
呼符: 107
体力: 2154.616666666667 / 137
友情点: 0 / 883055`
*連続ログイン6日目
※ログインが途切れるか、7日到達すると
1日目から再開されます*
`聖晶石 X 2
3月交換券(2023) X 1
`_2023-03-18 19:35:31_
--------
*c4c21a97c6c4de9fca7a936ac25180fa*
`登陆天数: 27天 / 1151天
等级: 125
石头: 1650
呼符: 87
体力: 2153.9366666666665 / 137
友情点: 0 / 886845`
*連続ログイン6日目
※ログインが途切れるか、7日到達すると
1日目から再開されます*
`聖晶石 X 2
3月交換券(2023) X 1
`_2023-03-18 19:35:39_
--------
*4aae112bebb9faeb436a728839c766be*
`登陆天数: 27天 / 1114天
等级: 125
石头: 400
呼符: 94
体力: 10188.166666666666 / 137
友情点: 0 / 791595`
*連続ログイン6日目
※ログインが途切れるか、7日到達すると
1日目から再開されます*
`聖晶石 X 2
3月交換券(2023) X 1
`_2023-03-18 19:35:47_
--------
