【登录信息】
*b3defd4892470752525def1917e467ce*
`登陆天数: 28天 / 1143天
等级: 125
石头: 935
呼符: 109
体力: 2448.6033333333335 / 137
友情点: 0 / 813045`
*連続ログイン7日間到達おめでとうございます！
明日は1日目からリスタートされます。*
`獣の足跡 X 1
呼符 X 1
3月交換券(2023) X 1
`_2023-03-19 19:34:30_
--------
*5513206501fad4f4b9bb8c80e1620d51*
`登陆天数: 28天 / 1161天
等级: 125
石头: 857
呼符: 95
体力: 2447.46 / 137
友情点: 0 / 875915`
*連続ログイン7日間到達おめでとうございます！
明日は1日目からリスタートされます。*
`獣の足跡 X 1
呼符 X 1
3月交換券(2023) X 1
`_2023-03-19 19:34:38_
--------
*b8ed275142bdf1da8b56aac07218370c*
`登陆天数: 28天 / 1187天
等级: 125
石头: 949
呼符: 109
体力: 2446.713333333333 / 137
友情点: 0 / 980010`
*連続ログイン7日間到達おめでとうございます！
明日は1日目からリスタートされます。*
`獣の足跡 X 1
呼符 X 1
3月交換券(2023) X 1
`_2023-03-19 19:34:46_
--------
*d70a593ddeab376c769499a5f750641b*
`登陆天数: 28天 / 1163天
等级: 125
石头: 108
呼符: 115
体力: 10538.136666666667 / 137
友情点: 0 / 873630`
*連続ログイン7日間到達おめでとうございます！
明日は1日目からリスタートされます。*
`獣の足跡 X 1
呼符 X 1
3月交換券(2023) X 1
`_2023-03-19 19:34:55_
--------
*6cd714eeb3e3e13a19f5d07a4626b930*
`登陆天数: 28天 / 1158天
等级: 125
石头: 1161
呼符: 95
体力: 2445.9733333333334 / 137
友情点: 0 / 963045`
*連続ログイン7日間到達おめでとうございます！
明日は1日目からリスタートされます。*
`獣の足跡 X 1
呼符 X 1
3月交換券(2023) X 1
`_2023-03-19 19:35:03_
--------
*4892f706d3520440c52889adcd975007*
`登陆天数: 28天 / 1186天
等级: 125
石头: 950
呼符: 115
体力: 10520.403333333334 / 137
友情点: 0 / 980480`
*連続ログイン7日間到達おめでとうございます！
明日は1日目からリスタートされます。*
`獣の足跡 X 1
呼符 X 1
3月交換券(2023) X 1
`_2023-03-19 19:35:11_
--------
*eeba3d0c68a3b7e9fa236136b30cb897*
`登陆天数: 28天 / 1160天
等级: 125
石头: 1696
呼符: 73
体力: 2444.5633333333335 / 137
友情点: 0 / 855650`
*連続ログイン7日間到達おめでとうございます！
明日は1日目からリスタートされます。*
`獣の足跡 X 1
呼符 X 1
3月交換券(2023) X 1
`_2023-03-19 19:35:19_
--------
*79533b6314e6a2650ec019ea96bcaebe*
`登陆天数: 28天 / 1172天
等级: 125
石头: 1929
呼符: 107
体力: 2442.6066666666666 / 137
友情点: 0 / 883055`
*連続ログイン7日間到達おめでとうございます！
明日は1日目からリスタートされます。*
`獣の足跡 X 1
呼符 X 1
3月交換券(2023) X 1
`_2023-03-19 19:35:28_
--------
*c4c21a97c6c4de9fca7a936ac25180fa*
`登陆天数: 28天 / 1152天
等级: 125
石头: 1650
呼符: 87
体力: 2441.9266666666667 / 137
友情点: 0 / 886845`
*連続ログイン7日間到達おめでとうございます！
明日は1日目からリスタートされます。*
`獣の足跡 X 1
呼符 X 1
3月交換券(2023) X 1
`_2023-03-19 19:35:36_
--------
*4aae112bebb9faeb436a728839c766be*
`登陆天数: 28天 / 1115天
等级: 125
石头: 400
呼符: 94
体力: 10476.156666666666 / 137
友情点: 0 / 791595`
*連続ログイン7日間到達おめでとうございます！
明日は1日目からリスタートされます。*
`獣の足跡 X 1
呼符 X 1
3月交換券(2023) X 1
`_2023-03-19 19:35:44_
--------
