【登录信息】
*b3defd4892470752525def1917e467ce*
`登陆天数: 29天 / 1144天
等级: 125
石头: 935
呼符: 109
体力: 2736.633333333333 / 137
友情点: 0 / 813045`
*連続ログイン1日目
※ログインが途切れるか、7日到達すると
1日目から再開されます*
`フレンドポイント X 2000
3月交換券(2023) X 1
`_2023-03-20 19:34:39_
--------
*5513206501fad4f4b9bb8c80e1620d51*
`登陆天数: 29天 / 1162天
等级: 125
石头: 857
呼符: 95
体力: 2735.49 / 137
友情点: 0 / 875915`
*連続ログイン1日目
※ログインが途切れるか、7日到達すると
1日目から再開されます*
`フレンドポイント X 2000
3月交換券(2023) X 1
`_2023-03-20 19:34:47_
--------
*b8ed275142bdf1da8b56aac07218370c*
`登陆天数: 29天 / 1188天
等级: 125
石头: 949
呼符: 109
体力: 2734.7433333333333 / 137
友情点: 0 / 980010`
*連続ログイン1日目
※ログインが途切れるか、7日到達すると
1日目から再開されます*
`フレンドポイント X 2000
3月交換券(2023) X 1
`_2023-03-20 19:34:55_
--------
*d70a593ddeab376c769499a5f750641b*
`登陆天数: 29天 / 1164天
等级: 125
石头: 108
呼符: 115
体力: 10826.166666666666 / 137
友情点: 0 / 873630`
*連続ログイン1日目
※ログインが途切れるか、7日到達すると
1日目から再開されます*
`フレンドポイント X 2000
3月交換券(2023) X 1
`_2023-03-20 19:35:04_
--------
*6cd714eeb3e3e13a19f5d07a4626b930*
`登陆天数: 29天 / 1159天
等级: 125
石头: 1161
呼符: 95
体力: 2734.0033333333336 / 137
友情点: 0 / 963045`
*連続ログイン1日目
※ログインが途切れるか、7日到達すると
1日目から再開されます*
`フレンドポイント X 2000
3月交換券(2023) X 1
`_2023-03-20 19:35:12_
--------
*4892f706d3520440c52889adcd975007*
`登陆天数: 29天 / 1187天
等级: 125
石头: 950
呼符: 115
体力: 10808.433333333332 / 137
友情点: 0 / 980480`
*連続ログイン1日目
※ログインが途切れるか、7日到達すると
1日目から再開されます*
`フレンドポイント X 2000
3月交換券(2023) X 1
`_2023-03-20 19:35:20_
--------
*eeba3d0c68a3b7e9fa236136b30cb897*
`登陆天数: 29天 / 1161天
等级: 125
石头: 1696
呼符: 73
体力: 2732.596666666667 / 137
友情点: 0 / 855650`
*連続ログイン1日目
※ログインが途切れるか、7日到達すると
1日目から再開されます*
`フレンドポイント X 2000
3月交換券(2023) X 1
`_2023-03-20 19:35:29_
--------
*79533b6314e6a2650ec019ea96bcaebe*
`登陆天数: 29天 / 1173天
等级: 125
石头: 1929
呼符: 107
体力: 2730.6366666666668 / 137
友情点: 0 / 883055`
*連続ログイン1日目
※ログインが途切れるか、7日到達すると
1日目から再開されます*
`フレンドポイント X 2000
3月交換券(2023) X 1
`_2023-03-20 19:35:37_
--------
*c4c21a97c6c4de9fca7a936ac25180fa*
`登陆天数: 29天 / 1153天
等级: 125
石头: 1650
呼符: 87
体力: 2729.9566666666665 / 137
友情点: 0 / 886845`
*連続ログイン1日目
※ログインが途切れるか、7日到達すると
1日目から再開されます*
`フレンドポイント X 2000
3月交換券(2023) X 1
`_2023-03-20 19:35:45_
--------
*4aae112bebb9faeb436a728839c766be*
`登陆天数: 29天 / 1116天
等级: 125
石头: 400
呼符: 94
体力: 10764.19 / 137
友情点: 0 / 791595`
*連続ログイン1日目
※ログインが途切れるか、7日到達すると
1日目から再開されます*
`フレンドポイント X 2000
3月交換券(2023) X 1
`_2023-03-20 19:35:54_
--------
