【登录信息】
*b3defd4892470752525def1917e467ce*
`登陆天数: 31天 / 1146天
等级: 125
石头: 935
呼符: 109
体力: 3312.616666666667 / 137
友情点: 0 / 813045`
*連続ログイン3日目
※ログインが途切れるか、7日到達すると
1日目から再開されます*
`叡智の業火 X 1
3月交換券(2023) X 1
`_2023-03-22 19:34:34_
--------
*5513206501fad4f4b9bb8c80e1620d51*
`登陆天数: 31天 / 1164天
等级: 125
石头: 857
呼符: 95
体力: 3311.4766666666665 / 137
友情点: 0 / 875915`
*連続ログイン3日目
※ログインが途切れるか、7日到達すると
1日目から再開されます*
`叡智の業火 X 1
3月交換券(2023) X 1
`_2023-03-22 19:34:43_
--------
*b8ed275142bdf1da8b56aac07218370c*
`登陆天数: 31天 / 1190天
等级: 125
石头: 949
呼符: 109
体力: 3310.733333333333 / 137
友情点: 0 / 980010`
*連続ログイン3日目
※ログインが途切れるか、7日到達すると
1日目から再開されます*
`叡智の業火 X 1
3月交換券(2023) X 1
`_2023-03-22 19:34:52_
--------
*d70a593ddeab376c769499a5f750641b*
`登陆天数: 31天 / 1166天
等级: 125
石头: 108
呼符: 115
体力: 11402.156666666666 / 137
友情点: 0 / 873630`
*連続ログイン3日目
※ログインが途切れるか、7日到達すると
1日目から再開されます*
`叡智の業火 X 1
3月交換券(2023) X 1
`_2023-03-22 19:35:01_
--------
*6cd714eeb3e3e13a19f5d07a4626b930*
`登陆天数: 31天 / 1161天
等级: 125
石头: 1161
呼符: 95
体力: 3309.9933333333333 / 137
友情点: 0 / 963045`
*連続ログイン3日目
※ログインが途切れるか、7日到達すると
1日目から再開されます*
`叡智の業火 X 1
3月交換券(2023) X 1
`_2023-03-22 19:35:09_
--------
*4892f706d3520440c52889adcd975007*
`登陆天数: 31天 / 1189天
等级: 125
石头: 950
呼符: 115
体力: 11384.426666666666 / 137
友情点: 0 / 980480`
*連続ログイン3日目
※ログインが途切れるか、7日到達すると
1日目から再開されます*
`叡智の業火 X 1
3月交換券(2023) X 1
`_2023-03-22 19:35:18_
--------
*eeba3d0c68a3b7e9fa236136b30cb897*
`登陆天数: 31天 / 1163天
等级: 125
石头: 1696
呼符: 73
体力: 3308.59 / 137
友情点: 0 / 855650`
*連続ログイン3日目
※ログインが途切れるか、7日到達すると
1日目から再開されます*
`叡智の業火 X 1
3月交換券(2023) X 1
`_2023-03-22 19:35:27_
--------
*79533b6314e6a2650ec019ea96bcaebe*
`登陆天数: 31天 / 1175天
等级: 125
石头: 1929
呼符: 107
体力: 3306.6366666666668 / 137
友情点: 0 / 883055`
*連続ログイン3日目
※ログインが途切れるか、7日到達すると
1日目から再開されます*
`叡智の業火 X 1
3月交換券(2023) X 1
`_2023-03-22 19:35:37_
--------
*c4c21a97c6c4de9fca7a936ac25180fa*
`登陆天数: 31天 / 1155天
等级: 125
石头: 1650
呼符: 87
体力: 3305.9566666666665 / 137
友情点: 0 / 886845`
*連続ログイン3日目
※ログインが途切れるか、7日到達すると
1日目から再開されます*
`叡智の業火 X 1
3月交換券(2023) X 1
`_2023-03-22 19:35:45_
--------
*4aae112bebb9faeb436a728839c766be*
`登陆天数: 31天 / 1118天
等级: 125
石头: 400
呼符: 94
体力: 11340.19 / 137
友情点: 0 / 791595`
*連続ログイン3日目
※ログインが途切れるか、7日到達すると
1日目から再開されます*
`叡智の業火 X 1
3月交換券(2023) X 1
`_2023-03-22 19:35:54_
--------
