【登录信息】
*b3defd4892470752525def1917e467ce*
`登陆天数: 33天 / 1148天
等级: 125
石头: 935
呼符: 109
体力: 3888.576666666667 / 137
友情点: 0 / 813045`
*連続ログイン5日目
※ログインが途切れるか、7日到達すると
1日目から再開されます*
`叡智の業火 X 2
3月交換券(2023) X 1
`_2023-03-24 19:34:23_
--------
*5513206501fad4f4b9bb8c80e1620d51*
`登陆天数: 33天 / 1166天
等级: 125
石头: 857
呼符: 95
体力: 3887.4366666666665 / 137
友情点: 0 / 875915`
*連続ログイン5日目
※ログインが途切れるか、7日到達すると
1日目から再開されます*
`叡智の業火 X 2
3月交換券(2023) X 1
`_2023-03-24 19:34:31_
--------
*b8ed275142bdf1da8b56aac07218370c*
`登陆天数: 33天 / 1192天
等级: 125
石头: 949
呼符: 109
体力: 3886.69 / 137
友情点: 0 / 980010`
*連続ログイン5日目
※ログインが途切れるか、7日到達すると
1日目から再開されます*
`叡智の業火 X 2
3月交換券(2023) X 1
`_2023-03-24 19:34:39_
--------
*d70a593ddeab376c769499a5f750641b*
`登陆天数: 33天 / 1168天
等级: 125
石头: 108
呼符: 115
体力: 11978.113333333333 / 137
友情点: 0 / 873630`
*連続ログイン5日目
※ログインが途切れるか、7日到達すると
1日目から再開されます*
`叡智の業火 X 2
3月交換券(2023) X 1
`_2023-03-24 19:34:48_
--------
*6cd714eeb3e3e13a19f5d07a4626b930*
`登陆天数: 33天 / 1163天
等级: 125
石头: 1161
呼符: 95
体力: 3885.95 / 137
友情点: 0 / 963045`
*連続ログイン5日目
※ログインが途切れるか、7日到達すると
1日目から再開されます*
`叡智の業火 X 2
3月交換券(2023) X 1
`_2023-03-24 19:34:56_
--------
*4892f706d3520440c52889adcd975007*
`登陆天数: 33天 / 1191天
等级: 125
石头: 950
呼符: 115
体力: 11960.38 / 137
友情点: 0 / 980480`
*連続ログイン5日目
※ログインが途切れるか、7日到達すると
1日目から再開されます*
`叡智の業火 X 2
3月交換券(2023) X 1
`_2023-03-24 19:35:04_
--------
*eeba3d0c68a3b7e9fa236136b30cb897*
`登陆天数: 33天 / 1165天
等级: 125
石头: 1696
呼符: 73
体力: 3884.5433333333335 / 137
友情点: 0 / 855650`
*連続ログイン5日目
※ログインが途切れるか、7日到達すると
1日目から再開されます*
`叡智の業火 X 2
3月交換券(2023) X 1
`_2023-03-24 19:35:13_
--------
*79533b6314e6a2650ec019ea96bcaebe*
`登陆天数: 33天 / 1177天
等级: 125
石头: 1929
呼符: 107
体力: 3882.5833333333335 / 137
友情点: 0 / 883055`
*連続ログイン5日目
※ログインが途切れるか、7日到達すると
1日目から再開されます*
`叡智の業火 X 2
3月交換券(2023) X 1
`_2023-03-24 19:35:21_
--------
*c4c21a97c6c4de9fca7a936ac25180fa*
`登陆天数: 33天 / 1157天
等级: 125
石头: 1650
呼符: 87
体力: 3881.903333333333 / 137
友情点: 0 / 886845`
*連続ログイン5日目
※ログインが途切れるか、7日到達すると
1日目から再開されます*
`叡智の業火 X 2
3月交換券(2023) X 1
`_2023-03-24 19:35:30_
--------
*4aae112bebb9faeb436a728839c766be*
`登陆天数: 33天 / 1120天
等级: 125
石头: 400
呼符: 94
体力: 11916.136666666667 / 137
友情点: 0 / 791595`
*連続ログイン5日目
※ログインが途切れるか、7日到達すると
1日目から再開されます*
`叡智の業火 X 2
3月交換券(2023) X 1
`_2023-03-24 19:35:38_
--------
