【登录信息】
*b3defd4892470752525def1917e467ce*
`登陆天数: 34天 / 1149天
等级: 125
石头: 988
呼符: 85
体力: 130.20333333333332 / 137
友情点: 0 / 825045`
*連続ログイン6日目
※ログインが途切れるか、7日到達すると
1日目から再開されます*
`聖晶石 X 2
3月交換券(2023) X 1
`_2023-03-25 19:34:30_
--------
*5513206501fad4f4b9bb8c80e1620d51*
`登陆天数: 34天 / 1167天
等级: 125
石头: 857
呼符: 64
体力: 125.37666666666667 / 137
友情点: 0 / 875915`
*連続ログイン6日目
※ログインが途切れるか、7日到達すると
1日目から再開されます*
`聖晶石 X 2
3月交換券(2023) X 1
`_2023-03-25 19:34:39_
--------
*b8ed275142bdf1da8b56aac07218370c*
`登陆天数: 34天 / 1193天
等级: 125
石头: 1002
呼符: 95
体力: 123.42 / 137
友情点: 0 / 992010`
*連続ログイン6日目
※ログインが途切れるか、7日到達すると
1日目から再開されます*
`聖晶石 X 2
3月交換券(2023) X 1
`_2023-03-25 19:34:48_
--------
*d70a593ddeab376c769499a5f750641b*
`登陆天数: 34天 / 1169天
等级: 125
石头: 108
呼符: 115
体力: 12266.143333333333 / 137
友情点: 0 / 873630`
*連続ログイン6日目
※ログインが途切れるか、7日到達すると
1日目から再開されます*
`聖晶石 X 2
3月交換券(2023) X 1
`_2023-03-25 19:34:57_
--------
*6cd714eeb3e3e13a19f5d07a4626b930*
`登陆天数: 34天 / 1164天
等级: 125
石头: 1161
呼符: 95
体力: 4173.986666666667 / 137
友情点: 0 / 963045`
*連続ログイン6日目
※ログインが途切れるか、7日到達すると
1日目から再開されます*
`聖晶石 X 2
3月交換券(2023) X 1
`_2023-03-25 19:35:06_
--------
*4892f706d3520440c52889adcd975007*
`登陆天数: 34天 / 1192天
等级: 125
石头: 950
呼符: 115
体力: 12248.42 / 137
友情点: 0 / 980480`
*連続ログイン6日目
※ログインが途切れるか、7日到達すると
1日目から再開されます*
`聖晶石 X 2
3月交換券(2023) X 1
`_2023-03-25 19:35:16_
--------
*eeba3d0c68a3b7e9fa236136b30cb897*
`登陆天数: 34天 / 1166天
等级: 125
石头: 1696
呼符: 73
体力: 4172.583333333334 / 137
友情点: 0 / 855650`
*連続ログイン6日目
※ログインが途切れるか、7日到達すると
1日目から再開されます*
`聖晶石 X 2
3月交換券(2023) X 1
`_2023-03-25 19:35:25_
--------
*79533b6314e6a2650ec019ea96bcaebe*
`登陆天数: 34天 / 1178天
等级: 125
石头: 1929
呼符: 107
体力: 4170.626666666667 / 137
友情点: 0 / 883055`
*連続ログイン6日目
※ログインが途切れるか、7日到達すると
1日目から再開されます*
`聖晶石 X 2
3月交換券(2023) X 1
`_2023-03-25 19:35:34_
--------
*c4c21a97c6c4de9fca7a936ac25180fa*
`登陆天数: 34天 / 1158天
等级: 125
石头: 1650
呼符: 87
体力: 4169.95 / 137
友情点: 0 / 886845`
*連続ログイン6日目
※ログインが途切れるか、7日到達すると
1日目から再開されます*
`聖晶石 X 2
3月交換券(2023) X 1
`_2023-03-25 19:35:43_
--------
*4aae112bebb9faeb436a728839c766be*
`登陆天数: 34天 / 1121天
等级: 125
石头: 400
呼符: 94
体力: 12204.183333333332 / 137
友情点: 0 / 791595`
*連続ログイン6日目
※ログインが途切れるか、7日到達すると
1日目から再開されます*
`聖晶石 X 2
3月交換券(2023) X 1
`_2023-03-25 19:35:51_
--------
