【登录信息】
*b3defd4892470752525def1917e467ce*
`登陆天数: 35天 / 1150天
等级: 125
石头: 988
呼符: 85
体力: 418.23 / 137
友情点: 0 / 825045`
*連続ログイン7日間到達おめでとうございます！
明日は1日目からリスタートされます。*
`獣の足跡 X 1
呼符 X 1
3月交換券(2023) X 1
`*「AnimeJapan 2023」出展記念 初回ログインボーナス*
*開催期間中、初回ログインで「聖晶石×10」をプレゼント！*
`聖晶石 X 10
`_2023-03-26 19:34:37_
--------
*5513206501fad4f4b9bb8c80e1620d51*
`登陆天数: 35天 / 1168天
等级: 125
石头: 857
呼符: 64
体力: 413.4 / 137
友情点: 0 / 875915`
*連続ログイン7日間到達おめでとうございます！
明日は1日目からリスタートされます。*
`獣の足跡 X 1
呼符 X 1
3月交換券(2023) X 1
`*「AnimeJapan 2023」出展記念 初回ログインボーナス*
*開催期間中、初回ログインで「聖晶石×10」をプレゼント！*
`聖晶石 X 10
`_2023-03-26 19:34:46_
--------
*b8ed275142bdf1da8b56aac07218370c*
`登陆天数: 35天 / 1194天
等级: 125
石头: 1004
呼符: 95
体力: 147.57666666666665 / 137
友情点: 0 / 992010`
*連続ログイン7日間到達おめでとうございます！
明日は1日目からリスタートされます。*
`獣の足跡 X 1
呼符 X 1
3月交換券(2023) X 1
`*「AnimeJapan 2023」出展記念 初回ログインボーナス*
*開催期間中、初回ログインで「聖晶石×10」をプレゼント！*
`聖晶石 X 10
`_2023-03-26 19:34:55_
--------
*d70a593ddeab376c769499a5f750641b*
`登陆天数: 35天 / 1170天
等级: 125
石头: 108
呼符: 115
体力: 12554.166666666666 / 137
友情点: 0 / 873630`
*連続ログイン7日間到達おめでとうございます！
明日は1日目からリスタートされます。*
`獣の足跡 X 1
呼符 X 1
3月交換券(2023) X 1
`*「AnimeJapan 2023」出展記念 初回ログインボーナス*
*開催期間中、初回ログインで「聖晶石×10」をプレゼント！*
`聖晶石 X 10
`_2023-03-26 19:35:03_
--------
*6cd714eeb3e3e13a19f5d07a4626b930*
`登陆天数: 35天 / 1165天
等级: 125
石头: 1161
呼符: 95
体力: 4462.003333333333 / 137
友情点: 0 / 963045`
*連続ログイン7日間到達おめでとうございます！
明日は1日目からリスタートされます。*
`獣の足跡 X 1
呼符 X 1
3月交換券(2023) X 1
`*「AnimeJapan 2023」出展記念 初回ログインボーナス*
*開催期間中、初回ログインで「聖晶石×10」をプレゼント！*
`聖晶石 X 10
`_2023-03-26 19:35:12_
--------
*4892f706d3520440c52889adcd975007*
`登陆天数: 35天 / 1193天
等级: 125
石头: 950
呼符: 115
体力: 12536.436666666666 / 137
友情点: 0 / 980480`
*連続ログイン7日間到達おめでとうございます！
明日は1日目からリスタートされます。*
`獣の足跡 X 1
呼符 X 1
3月交換券(2023) X 1
`*「AnimeJapan 2023」出展記念 初回ログインボーナス*
*開催期間中、初回ログインで「聖晶石×10」をプレゼント！*
`聖晶石 X 10
`_2023-03-26 19:35:21_
--------
*eeba3d0c68a3b7e9fa236136b30cb897*
`登陆天数: 35天 / 1167天
等级: 125
石头: 1696
呼符: 73
体力: 4460.596666666666 / 137
友情点: 0 / 855650`
*連続ログイン7日間到達おめでとうございます！
明日は1日目からリスタートされます。*
`獣の足跡 X 1
呼符 X 1
3月交換券(2023) X 1
`*「AnimeJapan 2023」出展記念 初回ログインボーナス*
*開催期間中、初回ログインで「聖晶石×10」をプレゼント！*
`聖晶石 X 10
`_2023-03-26 19:35:29_
--------
*79533b6314e6a2650ec019ea96bcaebe*
`登陆天数: 35天 / 1179天
等级: 125
石头: 1929
呼符: 107
体力: 4458.64 / 137
友情点: 0 / 883055`
*連続ログイン7日間到達おめでとうございます！
明日は1日目からリスタートされます。*
`獣の足跡 X 1
呼符 X 1
3月交換券(2023) X 1
`*「AnimeJapan 2023」出展記念 初回ログインボーナス*
*開催期間中、初回ログインで「聖晶石×10」をプレゼント！*
`聖晶石 X 10
`_2023-03-26 19:35:38_
--------
*c4c21a97c6c4de9fca7a936ac25180fa*
`登陆天数: 35天 / 1159天
等级: 125
石头: 1650
呼符: 87
体力: 4457.963333333333 / 137
友情点: 0 / 886845`
*連続ログイン7日間到達おめでとうございます！
明日は1日目からリスタートされます。*
`獣の足跡 X 1
呼符 X 1
3月交換券(2023) X 1
`*「AnimeJapan 2023」出展記念 初回ログインボーナス*
*開催期間中、初回ログインで「聖晶石×10」をプレゼント！*
`聖晶石 X 10
`_2023-03-26 19:35:47_
--------
*4aae112bebb9faeb436a728839c766be*
`登陆天数: 35天 / 1122天
等级: 125
石头: 400
呼符: 94
体力: 12492.196666666667 / 137
友情点: 0 / 791595`
*連続ログイン7日間到達おめでとうございます！
明日は1日目からリスタートされます。*
`獣の足跡 X 1
呼符 X 1
3月交換券(2023) X 1
`*「AnimeJapan 2023」出展記念 初回ログインボーナス*
*開催期間中、初回ログインで「聖晶石×10」をプレゼント！*
`聖晶石 X 10
`_2023-03-26 19:35:55_
--------
