【登录信息】
*b3defd4892470752525def1917e467ce*
`登陆天数: 36天 / 1151天
等级: 125
石头: 988
呼符: 85
体力: 706.1833333333333 / 137
友情点: 0 / 825045`
*連続ログイン1日目
※ログインが途切れるか、7日到達すると
1日目から再開されます*
`フレンドポイント X 2000
3月交換券(2023) X 1
`*Fate/Grand Order 春の新米マスター応援キャンペーン2023！
日替りログインボーナス*
*開催期間中、1日1回 6日間日替りでログインボーナスをプレゼント！*
`呼符 X 1
`_2023-03-27 19:34:24_
--------
*5513206501fad4f4b9bb8c80e1620d51*
`登陆天数: 36天 / 1169天
等级: 125
石头: 857
呼符: 64
体力: 701.3533333333334 / 137
友情点: 0 / 875915`
*連続ログイン1日目
※ログインが途切れるか、7日到達すると
1日目から再開されます*
`フレンドポイント X 2000
3月交換券(2023) X 1
`*Fate/Grand Order 春の新米マスター応援キャンペーン2023！
日替りログインボーナス*
*開催期間中、1日1回 6日間日替りでログインボーナスをプレゼント！*
`呼符 X 1
`_2023-03-27 19:34:32_
--------
*b8ed275142bdf1da8b56aac07218370c*
`登陆天数: 36天 / 1195天
等级: 125
石头: 1004
呼符: 95
体力: 435.53 / 137
友情点: 0 / 992010`
*連続ログイン1日目
※ログインが途切れるか、7日到達すると
1日目から再開されます*
`フレンドポイント X 2000
3月交換券(2023) X 1
`*Fate/Grand Order 春の新米マスター応援キャンペーン2023！
日替りログインボーナス*
*開催期間中、1日1回 6日間日替りでログインボーナスをプレゼント！*
`呼符 X 1
`_2023-03-27 19:34:41_
--------
*d70a593ddeab376c769499a5f750641b*
`登陆天数: 36天 / 1171天
等级: 125
石头: 108
呼符: 115
体力: 12842.116666666667 / 137
友情点: 0 / 873630`
*連続ログイン1日目
※ログインが途切れるか、7日到達すると
1日目から再開されます*
`フレンドポイント X 2000
3月交換券(2023) X 1
`*Fate/Grand Order 春の新米マスター応援キャンペーン2023！
日替りログインボーナス*
*開催期間中、1日1回 6日間日替りでログインボーナスをプレゼント！*
`呼符 X 1
`_2023-03-27 19:34:49_
--------
*6cd714eeb3e3e13a19f5d07a4626b930*
`登陆天数: 36天 / 1166天
等级: 125
石头: 1161
呼符: 95
体力: 4749.956666666667 / 137
友情点: 0 / 963045`
*連続ログイン1日目
※ログインが途切れるか、7日到達すると
1日目から再開されます*
`フレンドポイント X 2000
3月交換券(2023) X 1
`*Fate/Grand Order 春の新米マスター応援キャンペーン2023！
日替りログインボーナス*
*開催期間中、1日1回 6日間日替りでログインボーナスをプレゼント！*
`呼符 X 1
`_2023-03-27 19:34:58_
--------
*4892f706d3520440c52889adcd975007*
`登陆天数: 36天 / 1194天
等级: 125
石头: 950
呼符: 115
体力: 12824.39 / 137
友情点: 0 / 980480`
*連続ログイン1日目
※ログインが途切れるか、7日到達すると
1日目から再開されます*
`フレンドポイント X 2000
3月交換券(2023) X 1
`*Fate/Grand Order 春の新米マスター応援キャンペーン2023！
日替りログインボーナス*
*開催期間中、1日1回 6日間日替りでログインボーナスをプレゼント！*
`呼符 X 1
`_2023-03-27 19:35:07_
--------
*eeba3d0c68a3b7e9fa236136b30cb897*
`登陆天数: 36天 / 1168天
等级: 125
石头: 1696
呼符: 73
体力: 4748.55 / 137
友情点: 0 / 855650`
*連続ログイン1日目
※ログインが途切れるか、7日到達すると
1日目から再開されます*
`フレンドポイント X 2000
3月交換券(2023) X 1
`*Fate/Grand Order 春の新米マスター応援キャンペーン2023！
日替りログインボーナス*
*開催期間中、1日1回 6日間日替りでログインボーナスをプレゼント！*
`呼符 X 1
`_2023-03-27 19:35:15_
--------
*79533b6314e6a2650ec019ea96bcaebe*
`登陆天数: 36天 / 1180天
等级: 125
石头: 1929
呼符: 107
体力: 4746.593333333333 / 137
友情点: 0 / 883055`
*連続ログイン1日目
※ログインが途切れるか、7日到達すると
1日目から再開されます*
`フレンドポイント X 2000
3月交換券(2023) X 1
`*Fate/Grand Order 春の新米マスター応援キャンペーン2023！
日替りログインボーナス*
*開催期間中、1日1回 6日間日替りでログインボーナスをプレゼント！*
`呼符 X 1
`_2023-03-27 19:35:24_
--------
*c4c21a97c6c4de9fca7a936ac25180fa*
`登陆天数: 36天 / 1160天
等级: 125
石头: 1650
呼符: 87
体力: 4745.916666666667 / 137
友情点: 0 / 886845`
*連続ログイン1日目
※ログインが途切れるか、7日到達すると
1日目から再開されます*
`フレンドポイント X 2000
3月交換券(2023) X 1
`*Fate/Grand Order 春の新米マスター応援キャンペーン2023！
日替りログインボーナス*
*開催期間中、1日1回 6日間日替りでログインボーナスをプレゼント！*
`呼符 X 1
`_2023-03-27 19:35:32_
--------
*4aae112bebb9faeb436a728839c766be*
`登陆天数: 36天 / 1123天
等级: 125
石头: 400
呼符: 94
体力: 12780.146666666667 / 137
友情点: 0 / 791595`
*連続ログイン1日目
※ログインが途切れるか、7日到達すると
1日目から再開されます*
`フレンドポイント X 2000
3月交換券(2023) X 1
`*Fate/Grand Order 春の新米マスター応援キャンペーン2023！
日替りログインボーナス*
*開催期間中、1日1回 6日間日替りでログインボーナスをプレゼント！*
`呼符 X 1
`_2023-03-27 19:35:41_
--------
