【登录信息】
*b3defd4892470752525def1917e467ce*
`登陆天数: 37天 / 1152天
等级: 125
石头: 868
呼符: 75
体力: 119.55333333333334 / 137
友情点: 0 / 825045`
*連続ログイン2日目
※ログインが途切れるか、7日到達すると
1日目から再開されます*
`聖晶石 X 1
3月交換券(2023) X 1
`*リリース2800日突破キャンペーン 初回ログインボーナス*
*開催期間中、初回ログインで「聖晶石×10」をプレゼント！*
`聖晶石 X 10
`_2023-03-28 19:35:06_
--------
*5513206501fad4f4b9bb8c80e1620d51*
`登陆天数: 37天 / 1170天
等级: 125
石头: 950
呼符: 66
体力: 118.62 / 137
友情点: 0 / 889915`
*連続ログイン2日目
※ログインが途切れるか、7日到達すると
1日目から再開されます*
`聖晶石 X 1
3月交換券(2023) X 1
`*リリース2800日突破キャンペーン 初回ログインボーナス*
*開催期間中、初回ログインで「聖晶石×10」をプレゼント！*
`聖晶石 X 10
`_2023-03-28 19:35:15_
--------
*b8ed275142bdf1da8b56aac07218370c*
`登陆天数: 37天 / 1196天
等级: 125
石头: 834
呼符: 87
体力: 117.22 / 137
友情点: 0 / 994010`
*連続ログイン2日目
※ログインが途切れるか、7日到達すると
1日目から再開されます*
`聖晶石 X 1
3月交換券(2023) X 1
`*リリース2800日突破キャンペーン 初回ログインボーナス*
*開催期間中、初回ログインで「聖晶石×10」をプレゼント！*
`聖晶石 X 10
`_2023-03-28 19:35:23_
--------
*d70a593ddeab376c769499a5f750641b*
`登陆天数: 37天 / 1172天
等级: 125
石头: 108
呼符: 115
体力: 13130.256666666666 / 137
友情点: 0 / 873630`
*連続ログイン2日目
※ログインが途切れるか、7日到達すると
1日目から再開されます*
`聖晶石 X 1
3月交換券(2023) X 1
`*リリース2800日突破キャンペーン 初回ログインボーナス*
*開催期間中、初回ログインで「聖晶石×10」をプレゼント！*
`聖晶石 X 10
`_2023-03-28 19:35:31_
--------
*6cd714eeb3e3e13a19f5d07a4626b930*
`登陆天数: 37天 / 1167天
等级: 125
石头: 1044
呼符: 83
体力: 115.49 / 137
友情点: 0 / 977045`
*連続ログイン2日目
※ログインが途切れるか、7日到達すると
1日目から再開されます*
`聖晶石 X 1
3月交換券(2023) X 1
`*リリース2800日突破キャンペーン 初回ログインボーナス*
*開催期間中、初回ログインで「聖晶石×10」をプレゼント！*
`聖晶石 X 10
`_2023-03-28 19:35:39_
--------
*4892f706d3520440c52889adcd975007*
`登陆天数: 37天 / 1195天
等级: 125
石头: 863
呼符: 113
体力: 114.37 / 137
友情点: 0 / 994480`
*連続ログイン2日目
※ログインが途切れるか、7日到達すると
1日目から再開されます*
`聖晶石 X 1
3月交換券(2023) X 1
`*リリース2800日突破キャンペーン 初回ログインボーナス*
*開催期間中、初回ログインで「聖晶石×10」をプレゼント！*
`聖晶石 X 10
`_2023-03-28 19:35:48_
--------
*eeba3d0c68a3b7e9fa236136b30cb897*
`登陆天数: 37天 / 1169天
等级: 125
石头: 1970
呼符: 87
体力: 113.56666666666666 / 137
友情点: 0 / 885650`
*連続ログイン2日目
※ログインが途切れるか、7日到達すると
1日目から再開されます*
`聖晶石 X 1
3月交換券(2023) X 1
`*リリース2800日突破キャンペーン 初回ログインボーナス*
*開催期間中、初回ログインで「聖晶石×10」をプレゼント！*
`聖晶石 X 10
`_2023-03-28 19:35:56_
--------
*79533b6314e6a2650ec019ea96bcaebe*
`登陆天数: 37天 / 1181天
等级: 125
石头: 2115
呼符: 102
体力: 112.78333333333333 / 137
友情点: 0 / 913055`
*連続ログイン2日目
※ログインが途切れるか、7日到達すると
1日目から再開されます*
`聖晶石 X 1
3月交換券(2023) X 1
`*リリース2800日突破キャンペーン 初回ログインボーナス*
*開催期間中、初回ログインで「聖晶石×10」をプレゼント！*
`聖晶石 X 10
`_2023-03-28 19:36:05_
--------
*c4c21a97c6c4de9fca7a936ac25180fa*
`登陆天数: 37天 / 1161天
等级: 125
石头: 1625
呼符: 84
体力: 110.75333333333333 / 137
友情点: 0 / 900845`
*連続ログイン2日目
※ログインが途切れるか、7日到達すると
1日目から再開されます*
`聖晶石 X 1
3月交換券(2023) X 1
`*リリース2800日突破キャンペーン 初回ログインボーナス*
*開催期間中、初回ログインで「聖晶石×10」をプレゼント！*
`聖晶石 X 10
`_2023-03-28 19:36:13_
--------
*4aae112bebb9faeb436a728839c766be*
`登陆天数: 37天 / 1124天
等级: 125
石头: 408
呼符: 79
体力: 108.45666666666666 / 137
友情点: 0 / 891595`
*連続ログイン2日目
※ログインが途切れるか、7日到達すると
1日目から再開されます*
`聖晶石 X 1
3月交換券(2023) X 1
`*リリース2800日突破キャンペーン 初回ログインボーナス*
*開催期間中、初回ログインで「聖晶石×10」をプレゼント！*
`聖晶石 X 10
`_2023-03-28 19:36:21_
--------
