【登录信息】
*5513206501fad4f4b9bb8c80e1620d51*
`登陆天数: 1天 / 1506天
等级: 125
石头: 110
呼符: 129
体力: 10284.48 / 137
友情点: 0 / 1121975`
*連続ログイン1日目
※ログインが途切れるか、7日到達すると
1日目から再開されます*
`フレンドポイント X 2000
12月交換券(2024) X 1
`_2024-12-09 16:34:38_
--------
*b8ed275142bdf1da8b56aac07218370c*
`登陆天数: 1天 / 1529天
等级: 125
石头: 15
呼符: 181
体力: 10282.676666666666 / 137
友情点: 0 / 1234020`
*連続ログイン1日目
※ログインが途切れるか、7日到達すると
1日目から再開されます*
`フレンドポイント X 2000
12月交換券(2024) X 1
`_2024-12-09 16:34:46_
--------
*d70a593ddeab376c769499a5f750641b*
`登陆天数: 1天 / 1505天
等级: 125
石头: 113
呼符: 187
体力: 11356.67 / 137
友情点: 0 / 1127630`
*連続ログイン1日目
※ログインが途切れるか、7日到達すると
1日目から再開されます*
`フレンドポイント X 2000
12月交換券(2024) X 1
`_2024-12-09 16:34:55_
--------
*6cd714eeb3e3e13a19f5d07a4626b930*
`登陆天数: 1天 / 1499天
等级: 125
石头: 27
呼符: 162
体力: 10278.08 / 137
友情点: 0 / 1201045`
*連続ログイン1日目
※ログインが途切れるか、7日到達すると
1日目から再開されます*
`フレンドポイント X 2000
12月交換券(2024) X 1
`_2024-12-09 16:35:03_
--------
*4892f706d3520440c52889adcd975007*
`登陆天数: 1天 / 1528天
等级: 125
石头: 446
呼符: 142
体力: 10276.2 / 137
友情点: 0 / 1224480`
*連続ログイン1日目
※ログインが途切れるか、7日到達すると
1日目から再開されます*
`フレンドポイント X 2000
12月交換券(2024) X 1
`_2024-12-09 16:35:11_
--------
*eeba3d0c68a3b7e9fa236136b30cb897*
`登陆天数: 1天 / 1502天
等级: 125
石头: 553
呼符: 167
体力: 10274.113333333333 / 137
友情点: 0 / 1116650`
*連続ログイン1日目
※ログインが途切れるか、7日到達すると
1日目から再開されます*
`フレンドポイント X 2000
12月交換券(2024) X 1
`_2024-12-09 16:35:20_
--------
*79533b6314e6a2650ec019ea96bcaebe*
`登陆天数: 1天 / 1516天
等级: 125
石头: 18
呼符: 201
体力: 10271.78 / 137
友情点: 0 / 1158055`
*連続ログイン1日目
※ログインが途切れるか、7日到達すると
1日目から再開されます*
`フレンドポイント X 2000
12月交換券(2024) X 1
`_2024-12-09 16:35:29_
--------
*c4c21a97c6c4de9fca7a936ac25180fa*
`登陆天数: 1天 / 1491天
等级: 125
石头: 734
呼符: 161
体力: 10267.753333333334 / 137
友情点: 0 / 1100845`
*連続ログイン1日目
※ログインが途切れるか、7日到達すると
1日目から再開されます*
`フレンドポイント X 2000
12月交換券(2024) X 1
`_2024-12-09 16:35:37_
--------
*4aae112bebb9faeb436a728839c766be*
`登陆天数: 1天 / 1454天
等级: 125
石头: 768
呼符: 112
体力: 10266.673333333334 / 137
友情点: 0 / 1083595`
*連続ログイン1日目
※ログインが途切れるか、7日到達すると
1日目から再開されます*
`フレンドポイント X 2000
12月交換券(2024) X 1
`_2024-12-09 16:35:46_
--------
