【登录信息】
*b3defd4892470752525def1917e467ce*
`登陆天数: 12天 / 1056天
等级: 125
石头: 2281
呼符: 107
体力: 168.11333333333334 / 137
友情点: 0 / 776795`
_2022-12-20 05:58:55_
--------
*5513206501fad4f4b9bb8c80e1620d51*
`登陆天数: 9天 / 1074天
等级: 125
石头: 2717
呼符: 97
体力: 165.74333333333334 / 137
友情点: 0 / 785915`
_2022-12-20 05:59:04_
--------
*b8ed275142bdf1da8b56aac07218370c*
`登陆天数: 9天 / 1100天
等级: 125
石头: 2427
呼符: 101
体力: 164.86 / 137
友情点: 0 / 894010`
_2022-12-20 05:59:12_
--------
*d70a593ddeab376c769499a5f750641b*
`登陆天数: 9天 / 1076天
等级: 125
石头: 1600
呼符: 108
体力: 164.13666666666666 / 137
友情点: 0 / 787630`
_2022-12-20 05:59:20_
--------
*6cd714eeb3e3e13a19f5d07a4626b930*
`登陆天数: 9天 / 1071天
等级: 125
石头: 1903
呼符: 108
体力: 161.65 / 137
友情点: 0 / 877045`
_2022-12-20 05:59:29_
--------
*4892f706d3520440c52889adcd975007*
`登陆天数: 9天 / 1099天
等级: 125
石头: 2061
呼符: 107
体力: 158.29333333333332 / 137
友情点: 0 / 890480`
_2022-12-20 05:59:37_
--------
*eeba3d0c68a3b7e9fa236136b30cb897*
`登陆天数: 9天 / 1073天
等级: 125
石头: 2905
呼符: 92
体力: 155.53666666666666 / 137
友情点: 0 / 783650`
_2022-12-20 05:59:46_
--------
*79533b6314e6a2650ec019ea96bcaebe*
`登陆天数: 2天 / 1085天
等级: 125
石头: 2550
呼符: 107
体力: 154.07999999999998 / 137
友情点: 0 / 813055`
_2022-12-20 05:59:54_
--------
*4aae112bebb9faeb436a728839c766be*
`登陆天数: 9天 / 1028天
等级: 125
石头: 1597
呼符: 93
体力: 55.013333333333335 / 137
友情点: 0 / 791385`
_2022-12-20 06:00:06_
--------
