【登录信息】
*b3defd4892470752525def1917e467ce*
`登陆天数: 13天 / 1057天
等级: 125
石头: 2281
呼符: 107
体力: 331.50666666666666 / 137
友情点: 0 / 776795`
*連続ログイン6日目
※ログインが途切れるか、7日到達すると
1日目から再開されます*
`聖晶石 X 2
12月交換券(2022) X 1
`*「Lostbelt No.7」開幕直前
カウントダウンログインボーナス*
*開催期間中、1日1回 6日間日替りでログインボーナスをプレゼント！*
`英霊結晶・星のフォウくん X 7
英霊結晶・太陽のフォウくん X 7
`_2022-12-20 19:35:53_
--------
*5513206501fad4f4b9bb8c80e1620d51*
`登陆天数: 10天 / 1075天
等级: 125
石头: 2717
呼符: 97
体力: 329.13666666666666 / 137
友情点: 0 / 785915`
*連続ログイン3日目
※ログインが途切れるか、7日到達すると
1日目から再開されます*
`叡智の業火 X 1
12月交換券(2022) X 1
`*「Lostbelt No.7」開幕直前
カウントダウンログインボーナス*
*開催期間中、1日1回 6日間日替りでログインボーナスをプレゼント！*
`英霊結晶・星のフォウくん X 7
英霊結晶・太陽のフォウくん X 7
`_2022-12-20 19:36:01_
--------
*b8ed275142bdf1da8b56aac07218370c*
`登陆天数: 10天 / 1101天
等级: 125
石头: 2427
呼符: 101
体力: 328.25 / 137
友情点: 0 / 894010`
*連続ログイン3日目
※ログインが途切れるか、7日到達すると
1日目から再開されます*
`叡智の業火 X 1
12月交換券(2022) X 1
`*「Lostbelt No.7」開幕直前
カウントダウンログインボーナス*
*開催期間中、1日1回 6日間日替りでログインボーナスをプレゼント！*
`英霊結晶・星のフォウくん X 7
英霊結晶・太陽のフォウくん X 7
`_2022-12-20 19:36:09_
--------
*d70a593ddeab376c769499a5f750641b*
`登陆天数: 10天 / 1077天
等级: 125
石头: 1600
呼符: 108
体力: 327.52666666666664 / 137
友情点: 0 / 787630`
*連続ログイン3日目
※ログインが途切れるか、7日到達すると
1日目から再開されます*
`叡智の業火 X 1
12月交換券(2022) X 1
`*「Lostbelt No.7」開幕直前
カウントダウンログインボーナス*
*開催期間中、1日1回 6日間日替りでログインボーナスをプレゼント！*
`英霊結晶・星のフォウくん X 7
英霊結晶・太陽のフォウくん X 7
`_2022-12-20 19:36:18_
--------
*6cd714eeb3e3e13a19f5d07a4626b930*
`登陆天数: 10天 / 1072天
等级: 125
石头: 1903
呼符: 108
体力: 325.03999999999996 / 137
友情点: 0 / 877045`
*連続ログイン3日目
※ログインが途切れるか、7日到達すると
1日目から再開されます*
`叡智の業火 X 1
12月交換券(2022) X 1
`*「Lostbelt No.7」開幕直前
カウントダウンログインボーナス*
*開催期間中、1日1回 6日間日替りでログインボーナスをプレゼント！*
`英霊結晶・星のフォウくん X 7
英霊結晶・太陽のフォウくん X 7
`_2022-12-20 19:36:26_
--------
*4892f706d3520440c52889adcd975007*
`登陆天数: 10天 / 1100天
等级: 125
石头: 2061
呼符: 107
体力: 321.68333333333334 / 137
友情点: 0 / 890480`
*連続ログイン3日目
※ログインが途切れるか、7日到達すると
1日目から再開されます*
`叡智の業火 X 1
12月交換券(2022) X 1
`*「Lostbelt No.7」開幕直前
カウントダウンログインボーナス*
*開催期間中、1日1回 6日間日替りでログインボーナスをプレゼント！*
`英霊結晶・星のフォウくん X 7
英霊結晶・太陽のフォウくん X 7
`_2022-12-20 19:36:34_
--------
*eeba3d0c68a3b7e9fa236136b30cb897*
`登陆天数: 10天 / 1074天
等级: 125
石头: 2905
呼符: 92
体力: 318.9266666666667 / 137
友情点: 0 / 783650`
*連続ログイン3日目
※ログインが途切れるか、7日到達すると
1日目から再開されます*
`叡智の業火 X 1
12月交換券(2022) X 1
`*「Lostbelt No.7」開幕直前
カウントダウンログインボーナス*
*開催期間中、1日1回 6日間日替りでログインボーナスをプレゼント！*
`英霊結晶・星のフォウくん X 7
英霊結晶・太陽のフォウくん X 7
`_2022-12-20 19:36:43_
--------
*79533b6314e6a2650ec019ea96bcaebe*
`登陆天数: 3天 / 1086天
等级: 125
石头: 2550
呼符: 107
体力: 317.47 / 137
友情点: 0 / 813055`
*連続ログイン3日目
※ログインが途切れるか、7日到達すると
1日目から再開されます*
`叡智の業火 X 1
12月交換券(2022) X 1
`*「Lostbelt No.7」開幕直前
カウントダウンログインボーナス*
*開催期間中、1日1回 6日間日替りでログインボーナスをプレゼント！*
`英霊結晶・星のフォウくん X 7
英霊結晶・太陽のフォウくん X 7
`_2022-12-20 19:36:51_
--------
*4aae112bebb9faeb436a728839c766be*
`登陆天数: 10天 / 1029天
等级: 125
石头: 1597
呼符: 93
体力: 218.40666666666667 / 137
友情点: 0 / 791385`
*連続ログイン3日目
※ログインが途切れるか、7日到達すると
1日目から再開されます*
`叡智の業火 X 1
12月交換券(2022) X 1
`*「Lostbelt No.7」開幕直前
カウントダウンログインボーナス*
*開催期間中、1日1回 6日間日替りでログインボーナスをプレゼント！*
`英霊結晶・星のフォウくん X 7
英霊結晶・太陽のフォウくん X 7
`_2022-12-20 19:37:03_
--------
