【登录信息】
*b3defd4892470752525def1917e467ce*
`登陆天数: 14天 / 1058天
等级: 125
石头: 2281
呼符: 107
体力: 619.5233333333333 / 137
友情点: 0 / 776795`
*連続ログイン7日間到達おめでとうございます！
明日は1日目からリスタートされます。*
`獣の足跡 X 1
呼符 X 1
12月交換券(2022) X 1
`*「Lostbelt No.7」開幕直前
カウントダウンログインボーナス*
*開催期間中、1日1回 6日間日替りでログインボーナスをプレゼント！*
`マナプリズム X 70
`_2022-12-21 19:35:58_
--------
*5513206501fad4f4b9bb8c80e1620d51*
`登陆天数: 11天 / 1076天
等级: 125
石头: 2717
呼符: 97
体力: 617.1533333333333 / 137
友情点: 0 / 785915`
*連続ログイン4日目
※ログインが途切れるか、7日到達すると
1日目から再開されます*
`聖晶石 X 1
12月交換券(2022) X 1
`*「Lostbelt No.7」開幕直前
カウントダウンログインボーナス*
*開催期間中、1日1回 6日間日替りでログインボーナスをプレゼント！*
`マナプリズム X 70
`_2022-12-21 19:36:06_
--------
*b8ed275142bdf1da8b56aac07218370c*
`登陆天数: 11天 / 1102天
等级: 125
石头: 2427
呼符: 101
体力: 616.2666666666667 / 137
友情点: 0 / 894010`
*連続ログイン4日目
※ログインが途切れるか、7日到達すると
1日目から再開されます*
`聖晶石 X 1
12月交換券(2022) X 1
`*「Lostbelt No.7」開幕直前
カウントダウンログインボーナス*
*開催期間中、1日1回 6日間日替りでログインボーナスをプレゼント！*
`マナプリズム X 70
`_2022-12-21 19:36:15_
--------
*d70a593ddeab376c769499a5f750641b*
`登陆天数: 11天 / 1078天
等级: 125
石头: 1600
呼符: 108
体力: 615.5433333333333 / 137
友情点: 0 / 787630`
*連続ログイン4日目
※ログインが途切れるか、7日到達すると
1日目から再開されます*
`聖晶石 X 1
12月交換券(2022) X 1
`*「Lostbelt No.7」開幕直前
カウントダウンログインボーナス*
*開催期間中、1日1回 6日間日替りでログインボーナスをプレゼント！*
`マナプリズム X 70
`_2022-12-21 19:36:23_
--------
*6cd714eeb3e3e13a19f5d07a4626b930*
`登陆天数: 11天 / 1073天
等级: 125
石头: 1903
呼符: 108
体力: 613.0566666666666 / 137
友情点: 0 / 877045`
*連続ログイン4日目
※ログインが途切れるか、7日到達すると
1日目から再開されます*
`聖晶石 X 1
12月交換券(2022) X 1
`*「Lostbelt No.7」開幕直前
カウントダウンログインボーナス*
*開催期間中、1日1回 6日間日替りでログインボーナスをプレゼント！*
`マナプリズム X 70
`_2022-12-21 19:36:31_
--------
*4892f706d3520440c52889adcd975007*
`登陆天数: 11天 / 1101天
等级: 125
石头: 2061
呼符: 107
体力: 609.7 / 137
友情点: 0 / 890480`
*連続ログイン4日目
※ログインが途切れるか、7日到達すると
1日目から再開されます*
`聖晶石 X 1
12月交換券(2022) X 1
`*「Lostbelt No.7」開幕直前
カウントダウンログインボーナス*
*開催期間中、1日1回 6日間日替りでログインボーナスをプレゼント！*
`マナプリズム X 70
`_2022-12-21 19:36:39_
--------
*eeba3d0c68a3b7e9fa236136b30cb897*
`登陆天数: 11天 / 1075天
等级: 125
石头: 2905
呼符: 92
体力: 606.94 / 137
友情点: 0 / 783650`
*連続ログイン4日目
※ログインが途切れるか、7日到達すると
1日目から再開されます*
`聖晶石 X 1
12月交換券(2022) X 1
`*「Lostbelt No.7」開幕直前
カウントダウンログインボーナス*
*開催期間中、1日1回 6日間日替りでログインボーナスをプレゼント！*
`マナプリズム X 70
`_2022-12-21 19:36:47_
--------
*79533b6314e6a2650ec019ea96bcaebe*
`登陆天数: 4天 / 1087天
等级: 125
石头: 2550
呼符: 107
体力: 605.4833333333333 / 137
友情点: 0 / 813055`
*連続ログイン4日目
※ログインが途切れるか、7日到達すると
1日目から再開されます*
`聖晶石 X 1
12月交換券(2022) X 1
`*「Lostbelt No.7」開幕直前
カウントダウンログインボーナス*
*開催期間中、1日1回 6日間日替りでログインボーナスをプレゼント！*
`マナプリズム X 70
`_2022-12-21 19:36:55_
--------
*4aae112bebb9faeb436a728839c766be*
`登陆天数: 11天 / 1030天
等级: 125
石头: 1597
呼符: 93
体力: 506.42 / 137
友情点: 0 / 791385`
*連続ログイン4日目
※ログインが途切れるか、7日到達すると
1日目から再開されます*
`聖晶石 X 1
12月交換券(2022) X 1
`*「Lostbelt No.7」開幕直前
カウントダウンログインボーナス*
*開催期間中、1日1回 6日間日替りでログインボーナスをプレゼント！*
`マナプリズム X 70
`_2022-12-21 19:37:07_
--------
