【登录信息】
*b3defd4892470752525def1917e467ce*
`登陆天数: 15天 / 1059天
等级: 125
石头: 2281
呼符: 107
体力: 907.5033333333333 / 137
友情点: 0 / 776795`
*連続ログイン1日目
※ログインが途切れるか、7日到達すると
1日目から再開されます*
`フレンドポイント X 2000
12月交換券(2022) X 1
`*「Lostbelt No.7」開幕直前
カウントダウンログインボーナス*
*開催期間中、1日1回 6日間日替りでログインボーナスをプレゼント！*
`フレンドポイント X 70000
`_2022-12-22 19:35:52_
--------
*5513206501fad4f4b9bb8c80e1620d51*
`登陆天数: 12天 / 1077天
等级: 125
石头: 2717
呼符: 97
体力: 905.1333333333333 / 137
友情点: 0 / 785915`
*連続ログイン5日目
※ログインが途切れるか、7日到達すると
1日目から再開されます*
`叡智の業火 X 2
12月交換券(2022) X 1
`*「Lostbelt No.7」開幕直前
カウントダウンログインボーナス*
*開催期間中、1日1回 6日間日替りでログインボーナスをプレゼント！*
`フレンドポイント X 70000
`_2022-12-22 19:36:00_
--------
*b8ed275142bdf1da8b56aac07218370c*
`登陆天数: 12天 / 1103天
等级: 125
石头: 2427
呼符: 101
体力: 904.2466666666667 / 137
友情点: 0 / 894010`
*連続ログイン5日目
※ログインが途切れるか、7日到達すると
1日目から再開されます*
`叡智の業火 X 2
12月交換券(2022) X 1
`*「Lostbelt No.7」開幕直前
カウントダウンログインボーナス*
*開催期間中、1日1回 6日間日替りでログインボーナスをプレゼント！*
`フレンドポイント X 70000
`_2022-12-22 19:36:08_
--------
*d70a593ddeab376c769499a5f750641b*
`登陆天数: 12天 / 1079天
等级: 125
石头: 1600
呼符: 108
体力: 903.5233333333333 / 137
友情点: 0 / 787630`
*連続ログイン5日目
※ログインが途切れるか、7日到達すると
1日目から再開されます*
`叡智の業火 X 2
12月交換券(2022) X 1
`*「Lostbelt No.7」開幕直前
カウントダウンログインボーナス*
*開催期間中、1日1回 6日間日替りでログインボーナスをプレゼント！*
`フレンドポイント X 70000
`_2022-12-22 19:36:17_
--------
*6cd714eeb3e3e13a19f5d07a4626b930*
`登陆天数: 12天 / 1074天
等级: 125
石头: 1903
呼符: 108
体力: 901.0366666666666 / 137
友情点: 0 / 877045`
*連続ログイン5日目
※ログインが途切れるか、7日到達すると
1日目から再開されます*
`叡智の業火 X 2
12月交換券(2022) X 1
`*「Lostbelt No.7」開幕直前
カウントダウンログインボーナス*
*開催期間中、1日1回 6日間日替りでログインボーナスをプレゼント！*
`フレンドポイント X 70000
`_2022-12-22 19:36:25_
--------
*4892f706d3520440c52889adcd975007*
`登陆天数: 12天 / 1102天
等级: 125
石头: 2061
呼符: 107
体力: 897.68 / 137
友情点: 0 / 890480`
*連続ログイン5日目
※ログインが途切れるか、7日到達すると
1日目から再開されます*
`叡智の業火 X 2
12月交換券(2022) X 1
`*「Lostbelt No.7」開幕直前
カウントダウンログインボーナス*
*開催期間中、1日1回 6日間日替りでログインボーナスをプレゼント！*
`フレンドポイント X 70000
`_2022-12-22 19:36:33_
--------
*eeba3d0c68a3b7e9fa236136b30cb897*
`登陆天数: 12天 / 1076天
等级: 125
石头: 2905
呼符: 92
体力: 894.9233333333333 / 137
友情点: 0 / 783650`
*連続ログイン5日目
※ログインが途切れるか、7日到達すると
1日目から再開されます*
`叡智の業火 X 2
12月交換券(2022) X 1
`*「Lostbelt No.7」開幕直前
カウントダウンログインボーナス*
*開催期間中、1日1回 6日間日替りでログインボーナスをプレゼント！*
`フレンドポイント X 70000
`_2022-12-22 19:36:41_
--------
*79533b6314e6a2650ec019ea96bcaebe*
`登陆天数: 5天 / 1088天
等级: 125
石头: 2550
呼符: 107
体力: 893.4666666666667 / 137
友情点: 0 / 813055`
*連続ログイン5日目
※ログインが途切れるか、7日到達すると
1日目から再開されます*
`叡智の業火 X 2
12月交換券(2022) X 1
`*「Lostbelt No.7」開幕直前
カウントダウンログインボーナス*
*開催期間中、1日1回 6日間日替りでログインボーナスをプレゼント！*
`フレンドポイント X 70000
`_2022-12-22 19:36:50_
--------
*4aae112bebb9faeb436a728839c766be*
`登陆天数: 12天 / 1031天
等级: 125
石头: 1597
呼符: 93
体力: 794.4033333333333 / 137
友情点: 0 / 791385`
*連続ログイン5日目
※ログインが途切れるか、7日到達すると
1日目から再開されます*
`叡智の業火 X 2
12月交換券(2022) X 1
`*「Lostbelt No.7」開幕直前
カウントダウンログインボーナス*
*開催期間中、1日1回 6日間日替りでログインボーナスをプレゼント！*
`フレンドポイント X 70000
`_2022-12-22 19:37:02_
--------
