【登录信息】
*b3defd4892470752525def1917e467ce*
`登陆天数: 17天 / 1061天
等级: 125
石头: 2011
呼符: 107
体力: 1483.47 / 137
友情点: 0 / 764795`
*連続ログイン3日目
※ログインが途切れるか、7日到達すると
1日目から再開されます*
`叡智の業火 X 1
12月交換券(2022) X 1
`*新所長からのクリスマスプレゼント*
*開催期間中、初回ログインで「聖晶石×10」をプレゼント！*
`聖晶石 X 10
`_2022-12-24 19:35:42_
--------
*5513206501fad4f4b9bb8c80e1620d51*
`登陆天数: 14天 / 1079天
等级: 125
石头: 2446
呼符: 98
体力: 1481.1 / 137
友情点: 0 / 859915`
*連続ログイン7日間到達おめでとうございます！
明日は1日目からリスタートされます。*
`獣の足跡 X 1
呼符 X 1
12月交換券(2022) X 1
`*新所長からのクリスマスプレゼント*
*開催期間中、初回ログインで「聖晶石×10」をプレゼント！*
`聖晶石 X 10
`_2022-12-24 19:35:50_
--------
*b8ed275142bdf1da8b56aac07218370c*
`登陆天数: 14天 / 1105天
等级: 125
石头: 1578
呼符: 102
体力: 1480.2133333333334 / 137
友情点: 0 / 964010`
*連続ログイン7日間到達おめでとうございます！
明日は1日目からリスタートされます。*
`獣の足跡 X 1
呼符 X 1
12月交換券(2022) X 1
`*新所長からのクリスマスプレゼント*
*開催期間中、初回ログインで「聖晶石×10」をプレゼント！*
`聖晶石 X 10
`_2022-12-24 19:35:58_
--------
*d70a593ddeab376c769499a5f750641b*
`登陆天数: 14天 / 1081天
等级: 125
石头: 1600
呼符: 108
体力: 1479.49 / 137
友情点: 0 / 787630`
*連続ログイン7日間到達おめでとうございます！
明日は1日目からリスタートされます。*
`獣の足跡 X 1
呼符 X 1
12月交換券(2022) X 1
`*新所長からのクリスマスプレゼント*
*開催期間中、初回ログインで「聖晶石×10」をプレゼント！*
`聖晶石 X 10
`_2022-12-24 19:36:06_
--------
*6cd714eeb3e3e13a19f5d07a4626b930*
`登陆天数: 14天 / 1076天
等级: 125
石头: 1903
呼符: 108
体力: 1477.0 / 137
友情点: 0 / 877045`
*連続ログイン7日間到達おめでとうございます！
明日は1日目からリスタートされます。*
`獣の足跡 X 1
呼符 X 1
12月交換券(2022) X 1
`*新所長からのクリスマスプレゼント*
*開催期間中、初回ログインで「聖晶石×10」をプレゼント！*
`聖晶石 X 10
`_2022-12-24 19:36:15_
--------
*4892f706d3520440c52889adcd975007*
`登陆天数: 14天 / 1104天
等级: 125
石头: 2061
呼符: 107
体力: 1473.6466666666668 / 137
友情点: 0 / 890480`
*連続ログイン7日間到達おめでとうございます！
明日は1日目からリスタートされます。*
`獣の足跡 X 1
呼符 X 1
12月交換券(2022) X 1
`*新所長からのクリスマスプレゼント*
*開催期間中、初回ログインで「聖晶石×10」をプレゼント！*
`聖晶石 X 10
`_2022-12-24 19:36:23_
--------
*eeba3d0c68a3b7e9fa236136b30cb897*
`登陆天数: 14天 / 1078天
等级: 125
石头: 2866
呼符: 93
体力: 1470.89 / 137
友情点: 0 / 855650`
*連続ログイン7日間到達おめでとうございます！
明日は1日目からリスタートされます。*
`獣の足跡 X 1
呼符 X 1
12月交換券(2022) X 1
`*新所長からのクリスマスプレゼント*
*開催期間中、初回ログインで「聖晶石×10」をプレゼント！*
`聖晶石 X 10
`_2022-12-24 19:36:31_
--------
*79533b6314e6a2650ec019ea96bcaebe*
`登陆天数: 7天 / 1090天
等级: 125
石头: 2409
呼符: 107
体力: 372.59000000000003 / 137
友情点: 0 / 883055`
*連続ログイン7日間到達おめでとうございます！
明日は1日目からリスタートされます。*
`獣の足跡 X 1
呼符 X 1
12月交換券(2022) X 1
`*新所長からのクリスマスプレゼント*
*開催期間中、初回ログインで「聖晶石×10」をプレゼント！*
`聖晶石 X 10
`_2022-12-24 19:36:40_
--------
*c4c21a97c6c4de9fca7a936ac25180fa*
`登陆天数: 3天 / 1070天
等级: 125
石头: 2205
呼符: 112
体力: 369.89666666666665 / 137
友情点: 0 / 872575`
*連続ログイン3日目
※ログインが途切れるか、7日到達すると
1日目から再開されます*
`叡智の業火 X 1
12月交換券(2022) X 1
`*新所長からのクリスマスプレゼント*
*開催期間中、初回ログインで「聖晶石×10」をプレゼント！*
`聖晶石 X 10
`_2022-12-24 19:36:48_
--------
*4aae112bebb9faeb436a728839c766be*
`登陆天数: 14天 / 1033天
等级: 125
石头: 1597
呼符: 93
体力: 1370.3833333333334 / 137
友情点: 0 / 791385`
*連続ログイン7日間到達おめでとうございます！
明日は1日目からリスタートされます。*
`獣の足跡 X 1
呼符 X 1
12月交換券(2022) X 1
`*新所長からのクリスマスプレゼント*
*開催期間中、初回ログインで「聖晶石×10」をプレゼント！*
`聖晶石 X 10
`_2022-12-24 19:36:56_
--------
