【登录信息】
*b3defd4892470752525def1917e467ce*
`登陆天数: 19天 / 1063天
等级: 125
石头: 2011
呼符: 107
体力: 2059.4866666666667 / 137
友情点: 0 / 764795`
*連続ログイン5日目
※ログインが途切れるか、7日到達すると
1日目から再開されます*
`叡智の業火 X 2
12月交換券(2022) X 1
`_2022-12-26 19:35:47_
--------
*5513206501fad4f4b9bb8c80e1620d51*
`登陆天数: 16天 / 1081天
等级: 125
石头: 2446
呼符: 98
体力: 2057.116666666667 / 137
友情点: 0 / 859915`
*連続ログイン2日目
※ログインが途切れるか、7日到達すると
1日目から再開されます*
`聖晶石 X 1
12月交換券(2022) X 1
`_2022-12-26 19:35:55_
--------
*b8ed275142bdf1da8b56aac07218370c*
`登陆天数: 16天 / 1107天
等级: 125
石头: 1578
呼符: 102
体力: 2056.23 / 137
友情点: 0 / 964010`
*連続ログイン2日目
※ログインが途切れるか、7日到達すると
1日目から再開されます*
`聖晶石 X 1
12月交換券(2022) X 1
`_2022-12-26 19:36:03_
--------
*d70a593ddeab376c769499a5f750641b*
`登陆天数: 16天 / 1083天
等级: 125
石头: 1600
呼符: 108
体力: 2055.5066666666667 / 137
友情点: 0 / 787630`
*連続ログイン2日目
※ログインが途切れるか、7日到達すると
1日目から再開されます*
`聖晶石 X 1
12月交換券(2022) X 1
`_2022-12-26 19:36:11_
--------
*6cd714eeb3e3e13a19f5d07a4626b930*
`登陆天数: 16天 / 1078天
等级: 125
石头: 1903
呼符: 108
体力: 2053.0166666666664 / 137
友情点: 0 / 877045`
*連続ログイン2日目
※ログインが途切れるか、7日到達すると
1日目から再開されます*
`聖晶石 X 1
12月交換券(2022) X 1
`_2022-12-26 19:36:19_
--------
*4892f706d3520440c52889adcd975007*
`登陆天数: 16天 / 1106天
等级: 125
石头: 2061
呼符: 107
体力: 2049.66 / 137
友情点: 0 / 890480`
*連続ログイン2日目
※ログインが途切れるか、7日到達すると
1日目から再開されます*
`聖晶石 X 1
12月交換券(2022) X 1
`_2022-12-26 19:36:27_
--------
*eeba3d0c68a3b7e9fa236136b30cb897*
`登陆天数: 16天 / 1080天
等级: 125
石头: 2866
呼符: 93
体力: 2046.9033333333334 / 137
友情点: 0 / 855650`
*連続ログイン2日目
※ログインが途切れるか、7日到達すると
1日目から再開されます*
`聖晶石 X 1
12月交換券(2022) X 1
`_2022-12-26 19:36:35_
--------
*79533b6314e6a2650ec019ea96bcaebe*
`登陆天数: 9天 / 1092天
等级: 125
石头: 2409
呼符: 107
体力: 948.6 / 137
友情点: 0 / 883055`
*連続ログイン2日目
※ログインが途切れるか、7日到達すると
1日目から再開されます*
`聖晶石 X 1
12月交換券(2022) X 1
`_2022-12-26 19:36:43_
--------
*c4c21a97c6c4de9fca7a936ac25180fa*
`登陆天数: 5天 / 1072天
等级: 125
石头: 2205
呼符: 112
体力: 945.9066666666666 / 137
友情点: 0 / 872575`
*連続ログイン5日目
※ログインが途切れるか、7日到達すると
1日目から再開されます*
`叡智の業火 X 2
12月交換券(2022) X 1
`*「Lostbelt No.7」開幕前メインクエストクリア応援特別ログインボーナス*
*開催期間中、1日1回 最大7回 ログインボーナスをプレゼント！*
`聖晶石 X 3
`_2022-12-26 19:36:51_
--------
*4aae112bebb9faeb436a728839c766be*
`登陆天数: 16天 / 1035天
等级: 125
石头: 1597
呼符: 93
体力: 1946.3933333333334 / 137
友情点: 0 / 791385`
*連続ログイン2日目
※ログインが途切れるか、7日到達すると
1日目から再開されます*
`聖晶石 X 1
12月交換券(2022) X 1
`_2022-12-26 19:36:59_
--------
