【登录信息】
*b3defd4892470752525def1917e467ce*
`登陆天数: 20天 / 1064天
等级: 125
石头: 2011
呼符: 107
体力: 2347.4866666666667 / 137
友情点: 0 / 764795`
*連続ログイン6日目
※ログインが途切れるか、7日到達すると
1日目から再開されます*
`聖晶石 X 2
12月交換券(2022) X 1
`_2022-12-27 19:35:47_
--------
*5513206501fad4f4b9bb8c80e1620d51*
`登陆天数: 17天 / 1082天
等级: 125
石头: 2446
呼符: 98
体力: 2345.116666666667 / 137
友情点: 0 / 859915`
*連続ログイン3日目
※ログインが途切れるか、7日到達すると
1日目から再開されます*
`叡智の業火 X 1
12月交換券(2022) X 1
`_2022-12-27 19:35:55_
--------
*b8ed275142bdf1da8b56aac07218370c*
`登陆天数: 17天 / 1108天
等级: 125
石头: 1578
呼符: 102
体力: 2344.23 / 137
友情点: 0 / 964010`
*連続ログイン3日目
※ログインが途切れるか、7日到達すると
1日目から再開されます*
`叡智の業火 X 1
12月交換券(2022) X 1
`_2022-12-27 19:36:04_
--------
*d70a593ddeab376c769499a5f750641b*
`登陆天数: 17天 / 1084天
等级: 125
石头: 1600
呼符: 108
体力: 2343.5066666666667 / 137
友情点: 0 / 787630`
*連続ログイン3日目
※ログインが途切れるか、7日到達すると
1日目から再開されます*
`叡智の業火 X 1
12月交換券(2022) X 1
`_2022-12-27 19:36:12_
--------
*6cd714eeb3e3e13a19f5d07a4626b930*
`登陆天数: 17天 / 1079天
等级: 125
石头: 1903
呼符: 108
体力: 2341.016666666667 / 137
友情点: 0 / 877045`
*連続ログイン3日目
※ログインが途切れるか、7日到達すると
1日目から再開されます*
`叡智の業火 X 1
12月交換券(2022) X 1
`_2022-12-27 19:36:20_
--------
*4892f706d3520440c52889adcd975007*
`登陆天数: 17天 / 1107天
等级: 125
石头: 2061
呼符: 107
体力: 2337.6633333333334 / 137
友情点: 0 / 890480`
*連続ログイン3日目
※ログインが途切れるか、7日到達すると
1日目から再開されます*
`叡智の業火 X 1
12月交換券(2022) X 1
`_2022-12-27 19:36:28_
--------
*eeba3d0c68a3b7e9fa236136b30cb897*
`登陆天数: 17天 / 1081天
等级: 125
石头: 2866
呼符: 93
体力: 2334.9066666666668 / 137
友情点: 0 / 855650`
*連続ログイン3日目
※ログインが途切れるか、7日到達すると
1日目から再開されます*
`叡智の業火 X 1
12月交換券(2022) X 1
`_2022-12-27 19:36:36_
--------
*79533b6314e6a2650ec019ea96bcaebe*
`登陆天数: 10天 / 1093天
等级: 125
石头: 2409
呼符: 107
体力: 1236.6033333333332 / 137
友情点: 0 / 883055`
*連続ログイン3日目
※ログインが途切れるか、7日到達すると
1日目から再開されます*
`叡智の業火 X 1
12月交換券(2022) X 1
`_2022-12-27 19:36:44_
--------
*c4c21a97c6c4de9fca7a936ac25180fa*
`登陆天数: 6天 / 1073天
等级: 125
石头: 2205
呼符: 112
体力: 1233.91 / 137
友情点: 0 / 872575`
*連続ログイン6日目
※ログインが途切れるか、7日到達すると
1日目から再開されます*
`聖晶石 X 2
12月交換券(2022) X 1
`_2022-12-27 19:36:53_
--------
*4aae112bebb9faeb436a728839c766be*
`登陆天数: 17天 / 1036天
等级: 125
石头: 1597
呼符: 93
体力: 2234.3966666666665 / 137
友情点: 0 / 791385`
*連続ログイン3日目
※ログインが途切れるか、7日到達すると
1日目から再開されます*
`叡智の業火 X 1
12月交換券(2022) X 1
`_2022-12-27 19:37:01_
--------
