【登录信息】
*b3defd4892470752525def1917e467ce*
`登陆天数: 21天 / 1065天
等级: 125
石头: 2011
呼符: 107
体力: 2635.51 / 137
友情点: 0 / 764795`
*連続ログイン7日間到達おめでとうございます！
明日は1日目からリスタートされます。*
`獣の足跡 X 1
呼符 X 1
12月交換券(2022) X 1
`*Fate Project 大晦日TVスペシャル2022 放送カウントダウンログインボーナス*
*開催期間中、1日1回 3日間日替りでログインボーナスをプレゼント！*
`黄金の果実 X 1
`_2022-12-28 19:35:54_
--------
*5513206501fad4f4b9bb8c80e1620d51*
`登陆天数: 18天 / 1083天
等级: 125
石头: 2446
呼符: 98
体力: 2633.14 / 137
友情点: 0 / 859915`
*連続ログイン4日目
※ログインが途切れるか、7日到達すると
1日目から再開されます*
`聖晶石 X 1
12月交換券(2022) X 1
`*Fate Project 大晦日TVスペシャル2022 放送カウントダウンログインボーナス*
*開催期間中、1日1回 3日間日替りでログインボーナスをプレゼント！*
`黄金の果実 X 1
`_2022-12-28 19:36:02_
--------
*b8ed275142bdf1da8b56aac07218370c*
`登陆天数: 18天 / 1109天
等级: 125
石头: 1578
呼符: 102
体力: 2632.2533333333336 / 137
友情点: 0 / 964010`
*連続ログイン4日目
※ログインが途切れるか、7日到達すると
1日目から再開されます*
`聖晶石 X 1
12月交換券(2022) X 1
`*Fate Project 大晦日TVスペシャル2022 放送カウントダウンログインボーナス*
*開催期間中、1日1回 3日間日替りでログインボーナスをプレゼント！*
`黄金の果実 X 1
`_2022-12-28 19:36:10_
--------
*d70a593ddeab376c769499a5f750641b*
`登陆天数: 18天 / 1085天
等级: 125
石头: 1600
呼符: 108
体力: 2631.53 / 137
友情点: 0 / 787630`
*連続ログイン4日目
※ログインが途切れるか、7日到達すると
1日目から再開されます*
`聖晶石 X 1
12月交換券(2022) X 1
`*Fate Project 大晦日TVスペシャル2022 放送カウントダウンログインボーナス*
*開催期間中、1日1回 3日間日替りでログインボーナスをプレゼント！*
`黄金の果実 X 1
`_2022-12-28 19:36:19_
--------
*6cd714eeb3e3e13a19f5d07a4626b930*
`登陆天数: 18天 / 1080天
等级: 125
石头: 1903
呼符: 108
体力: 2629.04 / 137
友情点: 0 / 877045`
*連続ログイン4日目
※ログインが途切れるか、7日到達すると
1日目から再開されます*
`聖晶石 X 1
12月交換券(2022) X 1
`*Fate Project 大晦日TVスペシャル2022 放送カウントダウンログインボーナス*
*開催期間中、1日1回 3日間日替りでログインボーナスをプレゼント！*
`黄金の果実 X 1
`_2022-12-28 19:36:27_
--------
*4892f706d3520440c52889adcd975007*
`登陆天数: 18天 / 1108天
等级: 125
石头: 2061
呼符: 107
体力: 2625.6833333333334 / 137
友情点: 0 / 890480`
*連続ログイン4日目
※ログインが途切れるか、7日到達すると
1日目から再開されます*
`聖晶石 X 1
12月交換券(2022) X 1
`*Fate Project 大晦日TVスペシャル2022 放送カウントダウンログインボーナス*
*開催期間中、1日1回 3日間日替りでログインボーナスをプレゼント！*
`黄金の果実 X 1
`_2022-12-28 19:36:35_
--------
*eeba3d0c68a3b7e9fa236136b30cb897*
`登陆天数: 18天 / 1082天
等级: 125
石头: 2866
呼符: 93
体力: 2622.9266666666667 / 137
友情点: 0 / 855650`
*連続ログイン4日目
※ログインが途切れるか、7日到達すると
1日目から再開されます*
`聖晶石 X 1
12月交換券(2022) X 1
`*Fate Project 大晦日TVスペシャル2022 放送カウントダウンログインボーナス*
*開催期間中、1日1回 3日間日替りでログインボーナスをプレゼント！*
`黄金の果実 X 1
`_2022-12-28 19:36:43_
--------
*79533b6314e6a2650ec019ea96bcaebe*
`登陆天数: 11天 / 1094天
等级: 125
石头: 2409
呼符: 107
体力: 1524.6266666666668 / 137
友情点: 0 / 883055`
*連続ログイン4日目
※ログインが途切れるか、7日到達すると
1日目から再開されます*
`聖晶石 X 1
12月交換券(2022) X 1
`*Fate Project 大晦日TVスペシャル2022 放送カウントダウンログインボーナス*
*開催期間中、1日1回 3日間日替りでログインボーナスをプレゼント！*
`黄金の果実 X 1
`_2022-12-28 19:36:51_
--------
*c4c21a97c6c4de9fca7a936ac25180fa*
`登陆天数: 7天 / 1074天
等级: 125
石头: 2205
呼符: 112
体力: 1521.9333333333334 / 137
友情点: 0 / 872575`
*連続ログイン7日間到達おめでとうございます！
明日は1日目からリスタートされます。*
`獣の足跡 X 1
呼符 X 1
12月交換券(2022) X 1
`*Fate Project 大晦日TVスペシャル2022 放送カウントダウンログインボーナス*
*開催期間中、1日1回 3日間日替りでログインボーナスをプレゼント！*
`黄金の果実 X 1
`_2022-12-28 19:36:59_
--------
*4aae112bebb9faeb436a728839c766be*
`登陆天数: 18天 / 1037天
等级: 125
石头: 1597
呼符: 93
体力: 2522.42 / 137
友情点: 0 / 791385`
*連続ログイン4日目
※ログインが途切れるか、7日到達すると
1日目から再開されます*
`聖晶石 X 1
12月交換券(2022) X 1
`*Fate Project 大晦日TVスペシャル2022 放送カウントダウンログインボーナス*
*開催期間中、1日1回 3日間日替りでログインボーナスをプレゼント！*
`黄金の果実 X 1
`_2022-12-28 19:37:07_
--------
