【登录信息】
*b3defd4892470752525def1917e467ce*
`登陆天数: 22天 / 1066天
等级: 125
石头: 2011
呼符: 107
体力: 2923.4766666666665 / 137
友情点: 0 / 764795`
*連続ログイン1日目
※ログインが途切れるか、7日到達すると
1日目から再開されます*
`フレンドポイント X 2000
12月交換券(2022) X 1
`*Fate Project 大晦日TVスペシャル2022 放送カウントダウンログインボーナス*
*開催期間中、1日1回 3日間日替りでログインボーナスをプレゼント！*
`黄金の果実 X 1
`_2022-12-29 19:35:44_
--------
*5513206501fad4f4b9bb8c80e1620d51*
`登陆天数: 19天 / 1084天
等级: 125
石头: 2446
呼符: 98
体力: 2921.1066666666666 / 137
友情点: 0 / 859915`
*連続ログイン5日目
※ログインが途切れるか、7日到達すると
1日目から再開されます*
`叡智の業火 X 2
12月交換券(2022) X 1
`*Fate Project 大晦日TVスペシャル2022 放送カウントダウンログインボーナス*
*開催期間中、1日1回 3日間日替りでログインボーナスをプレゼント！*
`黄金の果実 X 1
`_2022-12-29 19:35:52_
--------
*b8ed275142bdf1da8b56aac07218370c*
`登陆天数: 19天 / 1110天
等级: 125
石头: 1578
呼符: 102
体力: 2920.22 / 137
友情点: 0 / 964010`
*連続ログイン5日目
※ログインが途切れるか、7日到達すると
1日目から再開されます*
`叡智の業火 X 2
12月交換券(2022) X 1
`*Fate Project 大晦日TVスペシャル2022 放送カウントダウンログインボーナス*
*開催期間中、1日1回 3日間日替りでログインボーナスをプレゼント！*
`黄金の果実 X 1
`_2022-12-29 19:36:01_
--------
*d70a593ddeab376c769499a5f750641b*
`登陆天数: 19天 / 1086天
等级: 125
石头: 1600
呼符: 108
体力: 2919.4966666666664 / 137
友情点: 0 / 787630`
*連続ログイン5日目
※ログインが途切れるか、7日到達すると
1日目から再開されます*
`叡智の業火 X 2
12月交換券(2022) X 1
`*Fate Project 大晦日TVスペシャル2022 放送カウントダウンログインボーナス*
*開催期間中、1日1回 3日間日替りでログインボーナスをプレゼント！*
`黄金の果実 X 1
`_2022-12-29 19:36:09_
--------
*6cd714eeb3e3e13a19f5d07a4626b930*
`登陆天数: 19天 / 1081天
等级: 125
石头: 1903
呼符: 108
体力: 2917.01 / 137
友情点: 0 / 877045`
*連続ログイン5日目
※ログインが途切れるか、7日到達すると
1日目から再開されます*
`叡智の業火 X 2
12月交換券(2022) X 1
`*Fate Project 大晦日TVスペシャル2022 放送カウントダウンログインボーナス*
*開催期間中、1日1回 3日間日替りでログインボーナスをプレゼント！*
`黄金の果実 X 1
`_2022-12-29 19:36:17_
--------
*4892f706d3520440c52889adcd975007*
`登陆天数: 19天 / 1109天
等级: 125
石头: 2061
呼符: 107
体力: 2913.653333333333 / 137
友情点: 0 / 890480`
*連続ログイン5日目
※ログインが途切れるか、7日到達すると
1日目から再開されます*
`叡智の業火 X 2
12月交換券(2022) X 1
`*Fate Project 大晦日TVスペシャル2022 放送カウントダウンログインボーナス*
*開催期間中、1日1回 3日間日替りでログインボーナスをプレゼント！*
`黄金の果実 X 1
`_2022-12-29 19:36:25_
--------
*eeba3d0c68a3b7e9fa236136b30cb897*
`登陆天数: 19天 / 1083天
等级: 125
石头: 2866
呼符: 93
体力: 2910.8966666666665 / 137
友情点: 0 / 855650`
*連続ログイン5日目
※ログインが途切れるか、7日到達すると
1日目から再開されます*
`叡智の業火 X 2
12月交換券(2022) X 1
`*Fate Project 大晦日TVスペシャル2022 放送カウントダウンログインボーナス*
*開催期間中、1日1回 3日間日替りでログインボーナスをプレゼント！*
`黄金の果実 X 1
`_2022-12-29 19:36:33_
--------
*79533b6314e6a2650ec019ea96bcaebe*
`登陆天数: 12天 / 1095天
等级: 125
石头: 2409
呼符: 107
体力: 1812.5933333333332 / 137
友情点: 0 / 883055`
*連続ログイン5日目
※ログインが途切れるか、7日到達すると
1日目から再開されます*
`叡智の業火 X 2
12月交換券(2022) X 1
`*Fate Project 大晦日TVスペシャル2022 放送カウントダウンログインボーナス*
*開催期間中、1日1回 3日間日替りでログインボーナスをプレゼント！*
`黄金の果実 X 1
`_2022-12-29 19:36:41_
--------
*c4c21a97c6c4de9fca7a936ac25180fa*
`登陆天数: 8天 / 1075天
等级: 125
石头: 2205
呼符: 112
体力: 1809.9 / 137
友情点: 0 / 872575`
*連続ログイン1日目
※ログインが途切れるか、7日到達すると
1日目から再開されます*
`フレンドポイント X 2000
12月交換券(2022) X 1
`*Fate Project 大晦日TVスペシャル2022 放送カウントダウンログインボーナス*
*開催期間中、1日1回 3日間日替りでログインボーナスをプレゼント！*
`黄金の果実 X 1
`_2022-12-29 19:36:50_
--------
*4aae112bebb9faeb436a728839c766be*
`登陆天数: 19天 / 1038天
等级: 125
石头: 1597
呼符: 93
体力: 2810.3866666666668 / 137
友情点: 0 / 791385`
*連続ログイン5日目
※ログインが途切れるか、7日到達すると
1日目から再開されます*
`叡智の業火 X 2
12月交換券(2022) X 1
`*Fate Project 大晦日TVスペシャル2022 放送カウントダウンログインボーナス*
*開催期間中、1日1回 3日間日替りでログインボーナスをプレゼント！*
`黄金の果実 X 1
`_2022-12-29 19:36:58_
--------
