【登录信息】
*b3defd4892470752525def1917e467ce*
`登陆天数: 23天 / 1067天
等级: 125
石头: 2011
呼符: 107
体力: 3211.49 / 137
友情点: 0 / 764795`
*連続ログイン2日目
※ログインが途切れるか、7日到達すると
1日目から再開されます*
`聖晶石 X 1
12月交換券(2022) X 1
`*Fate Project 大晦日TVスペシャル2022 放送カウントダウンログインボーナス*
*開催期間中、1日1回 3日間日替りでログインボーナスをプレゼント！*
`黄金の果実 X 1
呼符 X 1
`_2022-12-30 19:35:49_
--------
*5513206501fad4f4b9bb8c80e1620d51*
`登陆天数: 20天 / 1085天
等级: 125
石头: 2446
呼符: 98
体力: 3209.12 / 137
友情点: 0 / 859915`
*連続ログイン6日目
※ログインが途切れるか、7日到達すると
1日目から再開されます*
`聖晶石 X 2
12月交換券(2022) X 1
`*Fate Project 大晦日TVスペシャル2022 放送カウントダウンログインボーナス*
*開催期間中、1日1回 3日間日替りでログインボーナスをプレゼント！*
`黄金の果実 X 1
呼符 X 1
`_2022-12-30 19:35:57_
--------
*b8ed275142bdf1da8b56aac07218370c*
`登陆天数: 20天 / 1111天
等级: 125
石头: 1578
呼符: 102
体力: 3208.233333333333 / 137
友情点: 0 / 964010`
*連続ログイン6日目
※ログインが途切れるか、7日到達すると
1日目から再開されます*
`聖晶石 X 2
12月交換券(2022) X 1
`*Fate Project 大晦日TVスペシャル2022 放送カウントダウンログインボーナス*
*開催期間中、1日1回 3日間日替りでログインボーナスをプレゼント！*
`黄金の果実 X 1
呼符 X 1
`_2022-12-30 19:36:05_
--------
*d70a593ddeab376c769499a5f750641b*
`登陆天数: 20天 / 1087天
等级: 125
石头: 1600
呼符: 108
体力: 3207.5133333333333 / 137
友情点: 0 / 787630`
*連続ログイン6日目
※ログインが途切れるか、7日到達すると
1日目から再開されます*
`聖晶石 X 2
12月交換券(2022) X 1
`*Fate Project 大晦日TVスペシャル2022 放送カウントダウンログインボーナス*
*開催期間中、1日1回 3日間日替りでログインボーナスをプレゼント！*
`黄金の果実 X 1
呼符 X 1
`_2022-12-30 19:36:13_
--------
*6cd714eeb3e3e13a19f5d07a4626b930*
`登陆天数: 20天 / 1082天
等级: 125
石头: 1903
呼符: 108
体力: 3205.0233333333335 / 137
友情点: 0 / 877045`
*連続ログイン6日目
※ログインが途切れるか、7日到達すると
1日目から再開されます*
`聖晶石 X 2
12月交換券(2022) X 1
`*Fate Project 大晦日TVスペシャル2022 放送カウントダウンログインボーナス*
*開催期間中、1日1回 3日間日替りでログインボーナスをプレゼント！*
`黄金の果実 X 1
呼符 X 1
`_2022-12-30 19:36:21_
--------
*4892f706d3520440c52889adcd975007*
`登陆天数: 20天 / 1110天
等级: 125
石头: 2061
呼符: 107
体力: 3201.6666666666665 / 137
友情点: 0 / 890480`
*連続ログイン6日目
※ログインが途切れるか、7日到達すると
1日目から再開されます*
`聖晶石 X 2
12月交換券(2022) X 1
`*Fate Project 大晦日TVスペシャル2022 放送カウントダウンログインボーナス*
*開催期間中、1日1回 3日間日替りでログインボーナスをプレゼント！*
`黄金の果実 X 1
呼符 X 1
`_2022-12-30 19:36:29_
--------
*eeba3d0c68a3b7e9fa236136b30cb897*
`登陆天数: 20天 / 1084天
等级: 125
石头: 2866
呼符: 93
体力: 3198.91 / 137
友情点: 0 / 855650`
*連続ログイン6日目
※ログインが途切れるか、7日到達すると
1日目から再開されます*
`聖晶石 X 2
12月交換券(2022) X 1
`*Fate Project 大晦日TVスペシャル2022 放送カウントダウンログインボーナス*
*開催期間中、1日1回 3日間日替りでログインボーナスをプレゼント！*
`黄金の果実 X 1
呼符 X 1
`_2022-12-30 19:36:37_
--------
*79533b6314e6a2650ec019ea96bcaebe*
`登陆天数: 13天 / 1096天
等级: 125
石头: 2409
呼符: 107
体力: 2100.6066666666666 / 137
友情点: 0 / 883055`
*連続ログイン6日目
※ログインが途切れるか、7日到達すると
1日目から再開されます*
`聖晶石 X 2
12月交換券(2022) X 1
`*Fate Project 大晦日TVスペシャル2022 放送カウントダウンログインボーナス*
*開催期間中、1日1回 3日間日替りでログインボーナスをプレゼント！*
`黄金の果実 X 1
呼符 X 1
`_2022-12-30 19:36:46_
--------
*c4c21a97c6c4de9fca7a936ac25180fa*
`登陆天数: 9天 / 1076天
等级: 125
石头: 2205
呼符: 112
体力: 2097.9133333333334 / 137
友情点: 0 / 872575`
*連続ログイン2日目
※ログインが途切れるか、7日到達すると
1日目から再開されます*
`聖晶石 X 1
12月交換券(2022) X 1
`*Fate Project 大晦日TVスペシャル2022 放送カウントダウンログインボーナス*
*開催期間中、1日1回 3日間日替りでログインボーナスをプレゼント！*
`黄金の果実 X 1
呼符 X 1
`_2022-12-30 19:36:54_
--------
*4aae112bebb9faeb436a728839c766be*
`登陆天数: 20天 / 1039天
等级: 125
石头: 1597
呼符: 93
体力: 3098.403333333333 / 137
友情点: 0 / 791385`
*連続ログイン6日目
※ログインが途切れるか、7日到達すると
1日目から再開されます*
`聖晶石 X 2
12月交換券(2022) X 1
`*Fate Project 大晦日TVスペシャル2022 放送カウントダウンログインボーナス*
*開催期間中、1日1回 3日間日替りでログインボーナスをプレゼント！*
`黄金の果実 X 1
呼符 X 1
`_2022-12-30 19:37:02_
--------
