【登录信息】
*b3defd4892470752525def1917e467ce*
`登陆天数: 1天 / 1295天
等级: 125
石头: 23
呼符: 51
体力: 36435.47 / 137
友情点: 0 / 837045`
*連続ログイン1日目
※ログインが途切れるか、7日到達すると
1日目から再開されます*
`フレンドポイント X 2000
9月交換券(2023) X 1
`_2023-09-08 19:30:51_
--------
*5513206501fad4f4b9bb8c80e1620d51*
`登陆天数: 1天 / 1314天
等级: 125
石头: 29
呼符: 90
体力: 36431.93 / 137
友情点: 0 / 1033975`
*連続ログイン1日目
※ログインが途切れるか、7日到達すると
1日目から再開されます*
`フレンドポイント X 2000
9月交換券(2023) X 1
`_2023-09-08 19:31:00_
--------
*b8ed275142bdf1da8b56aac07218370c*
`登陆天数: 1天 / 1339天
等级: 125
石头: 21
呼符: 87
体力: 36430.113333333335 / 137
友情点: 0 / 1002020`
*連続ログイン1日目
※ログインが途切れるか、7日到達すると
1日目から再開されます*
`フレンドポイント X 2000
9月交換券(2023) X 1
`_2023-09-08 19:31:09_
--------
*d70a593ddeab376c769499a5f750641b*
`登陆天数: 1天 / 1315天
等级: 125
石头: 6
呼符: 109
体力: 36428.37333333334 / 137
友情点: 0 / 897630`
*連続ログイン1日目
※ログインが途切れるか、7日到達すると
1日目から再開されます*
`フレンドポイント X 2000
9月交換券(2023) X 1
`_2023-09-08 19:31:17_
--------
*6cd714eeb3e3e13a19f5d07a4626b930*
`登陆天数: 1天 / 1310天
等级: 125
石头: 37
呼符: 99
体力: 36425.306666666664 / 137
友情点: 0 / 987045`
*連続ログイン1日目
※ログインが途切れるか、7日到達すると
1日目から再開されます*
`フレンドポイント X 2000
9月交換券(2023) X 1
`_2023-09-08 19:31:26_
--------
*4892f706d3520440c52889adcd975007*
`登陆天数: 1天 / 1339天
等级: 125
石头: 2
呼符: 104
体力: 38924.723333333335 / 137
友情点: 0 / 1138480`
*連続ログイン1日目
※ログインが途切れるか、7日到達すると
1日目から再開されます*
`フレンドポイント X 2000
9月交換券(2023) X 1
`_2023-09-08 19:31:35_
--------
*eeba3d0c68a3b7e9fa236136b30cb897*
`登陆天数: 1天 / 1313天
等级: 125
石头: 419
呼符: 128
体力: 36423.573333333334 / 137
友情点: 0 / 1029650`
*連続ログイン1日目
※ログインが途切れるか、7日到達すると
1日目から再開されます*
`フレンドポイント X 2000
9月交換券(2023) X 1
`_2023-09-08 19:31:46_
--------
*79533b6314e6a2650ec019ea96bcaebe*
`登陆天数: 1天 / 1325天
等级: 125
石头: 504
呼符: 148
体力: 36421.44666666666 / 137
友情点: 0 / 1057055`
*連続ログイン1日目
※ログインが途切れるか、7日到達すると
1日目から再開されます*
`フレンドポイント X 2000
9月交換券(2023) X 1
`_2023-09-08 19:31:55_
--------
*c4c21a97c6c4de9fca7a936ac25180fa*
`登陆天数: 1天 / 1304天
等级: 125
石头: 1248
呼符: 100
体力: 36417.90666666667 / 137
友情点: 0 / 910845`
*連続ログイン1日目
※ログインが途切れるか、7日到達すると
1日目から再開されます*
`フレンドポイント X 2000
9月交換券(2023) X 1
`_2023-09-08 19:32:03_
--------
*4aae112bebb9faeb436a728839c766be*
`登陆天数: 1天 / 1267天
等级: 125
石头: 187
呼符: 60
体力: 36417.09333333333 / 137
友情点: 0 / 901595`
*連続ログイン1日目
※ログインが途切れるか、7日到達すると
1日目から再開されます*
`フレンドポイント X 2000
9月交換券(2023) X 1
`_2023-09-08 19:32:12_
--------
