【登录信息】
*b3defd4892470752525def1917e467ce*
`登陆天数: 3天 / 1297天
等级: 125
石头: 23
呼符: 51
体力: 37011.48 / 137
友情点: 0 / 837045`
*連続ログイン3日目
※ログインが途切れるか、7日到達すると
1日目から再開されます*
`叡智の業火 X 1
9月交換券(2023) X 1
`_2023-09-10 19:30:54_
--------
*5513206501fad4f4b9bb8c80e1620d51*
`登陆天数: 3天 / 1316天
等级: 125
石头: 29
呼符: 90
体力: 37007.94 / 137
友情点: 0 / 1033975`
*連続ログイン3日目
※ログインが途切れるか、7日到達すると
1日目から再開されます*
`叡智の業火 X 1
9月交換券(2023) X 1
`_2023-09-10 19:31:03_
--------
*b8ed275142bdf1da8b56aac07218370c*
`登陆天数: 3天 / 1341天
等级: 125
石头: 21
呼符: 87
体力: 37006.12333333334 / 137
友情点: 0 / 1002020`
*連続ログイン3日目
※ログインが途切れるか、7日到達すると
1日目から再開されます*
`叡智の業火 X 1
9月交換券(2023) X 1
`_2023-09-10 19:31:12_
--------
*d70a593ddeab376c769499a5f750641b*
`登陆天数: 3天 / 1317天
等级: 125
石头: 6
呼符: 109
体力: 37004.386666666665 / 137
友情点: 0 / 897630`
*連続ログイン3日目
※ログインが途切れるか、7日到達すると
1日目から再開されます*
`叡智の業火 X 1
9月交換券(2023) X 1
`_2023-09-10 19:31:21_
--------
*6cd714eeb3e3e13a19f5d07a4626b930*
`登陆天数: 3天 / 1312天
等级: 125
石头: 37
呼符: 99
体力: 37001.32 / 137
友情点: 0 / 987045`
*連続ログイン3日目
※ログインが途切れるか、7日到達すると
1日目から再開されます*
`叡智の業火 X 1
9月交換券(2023) X 1
`_2023-09-10 19:31:30_
--------
*4892f706d3520440c52889adcd975007*
`登陆天数: 3天 / 1341天
等级: 125
石头: 2
呼符: 104
体力: 39500.736666666664 / 137
友情点: 0 / 1138480`
*連続ログイン3日目
※ログインが途切れるか、7日到達すると
1日目から再開されます*
`叡智の業火 X 1
9月交換券(2023) X 1
`_2023-09-10 19:31:39_
--------
*eeba3d0c68a3b7e9fa236136b30cb897*
`登陆天数: 3天 / 1315天
等级: 125
石头: 419
呼符: 128
体力: 36999.58 / 137
友情点: 0 / 1029650`
*連続ログイン3日目
※ログインが途切れるか、7日到達すると
1日目から再開されます*
`叡智の業火 X 1
9月交換券(2023) X 1
`_2023-09-10 19:31:48_
--------
*79533b6314e6a2650ec019ea96bcaebe*
`登陆天数: 3天 / 1327天
等级: 125
石头: 504
呼符: 148
体力: 36997.45333333333 / 137
友情点: 0 / 1057055`
*連続ログイン3日目
※ログインが途切れるか、7日到達すると
1日目から再開されます*
`叡智の業火 X 1
9月交換券(2023) X 1
`_2023-09-10 19:31:57_
--------
*c4c21a97c6c4de9fca7a936ac25180fa*
`登陆天数: 3天 / 1306天
等级: 125
石头: 1248
呼符: 100
体力: 36993.91333333333 / 137
友情点: 0 / 910845`
*連続ログイン3日目
※ログインが途切れるか、7日到達すると
1日目から再開されます*
`叡智の業火 X 1
9月交換券(2023) X 1
`_2023-09-10 19:32:06_
--------
*4aae112bebb9faeb436a728839c766be*
`登陆天数: 3天 / 1269天
等级: 125
石头: 187
呼符: 60
体力: 36993.10333333333 / 137
友情点: 0 / 901595`
*連続ログイン3日目
※ログインが途切れるか、7日到達すると
1日目から再開されます*
`叡智の業火 X 1
9月交換券(2023) X 1
`_2023-09-10 19:32:15_
--------
