【登录信息】
*b3defd4892470752525def1917e467ce*
`登陆天数: 4天 / 1298天
等级: 125
石头: 23
呼符: 51
体力: 37299.46 / 137
友情点: 0 / 837045`
*連続ログイン4日目
※ログインが途切れるか、7日到達すると
1日目から再開されます*
`聖晶石 X 1
9月交換券(2023) X 1
`_2023-09-11 19:30:48_
--------
*5513206501fad4f4b9bb8c80e1620d51*
`登陆天数: 4天 / 1317天
等级: 125
石头: 29
呼符: 90
体力: 37295.92 / 137
友情点: 0 / 1033975`
*連続ログイン4日目
※ログインが途切れるか、7日到達すると
1日目から再開されます*
`聖晶石 X 1
9月交換券(2023) X 1
`_2023-09-11 19:30:56_
--------
*b8ed275142bdf1da8b56aac07218370c*
`登陆天数: 4天 / 1342天
等级: 125
石头: 21
呼符: 87
体力: 37294.1 / 137
友情点: 0 / 1002020`
*連続ログイン4日目
※ログインが途切れるか、7日到達すると
1日目から再開されます*
`聖晶石 X 1
9月交換券(2023) X 1
`_2023-09-11 19:31:05_
--------
*d70a593ddeab376c769499a5f750641b*
`登陆天数: 4天 / 1318天
等级: 125
石头: 6
呼符: 109
体力: 37292.363333333335 / 137
友情点: 0 / 897630`
*連続ログイン4日目
※ログインが途切れるか、7日到達すると
1日目から再開されます*
`聖晶石 X 1
9月交換券(2023) X 1
`_2023-09-11 19:31:13_
--------
*6cd714eeb3e3e13a19f5d07a4626b930*
`登陆天数: 4天 / 1313天
等级: 125
石头: 37
呼符: 99
体力: 37289.29666666667 / 137
友情点: 0 / 987045`
*連続ログイン4日目
※ログインが途切れるか、7日到達すると
1日目から再開されます*
`聖晶石 X 1
9月交換券(2023) X 1
`_2023-09-11 19:31:22_
--------
*4892f706d3520440c52889adcd975007*
`登陆天数: 4天 / 1342天
等级: 125
石头: 2
呼符: 104
体力: 39788.71 / 137
友情点: 0 / 1138480`
*連続ログイン4日目
※ログインが途切れるか、7日到達すると
1日目から再開されます*
`聖晶石 X 1
9月交換券(2023) X 1
`_2023-09-11 19:31:31_
--------
*eeba3d0c68a3b7e9fa236136b30cb897*
`登陆天数: 4天 / 1316天
等级: 125
石头: 419
呼符: 128
体力: 37287.55333333334 / 137
友情点: 0 / 1029650`
*連続ログイン4日目
※ログインが途切れるか、7日到達すると
1日目から再開されます*
`聖晶石 X 1
9月交換券(2023) X 1
`_2023-09-11 19:31:39_
--------
*79533b6314e6a2650ec019ea96bcaebe*
`登陆天数: 4天 / 1328天
等级: 125
石头: 504
呼符: 148
体力: 37285.42333333333 / 137
友情点: 0 / 1057055`
*連続ログイン4日目
※ログインが途切れるか、7日到達すると
1日目から再開されます*
`聖晶石 X 1
9月交換券(2023) X 1
`_2023-09-11 19:31:48_
--------
*c4c21a97c6c4de9fca7a936ac25180fa*
`登陆天数: 4天 / 1307天
等级: 125
石头: 1248
呼符: 100
体力: 37281.88333333333 / 137
友情点: 0 / 910845`
*連続ログイン4日目
※ログインが途切れるか、7日到達すると
1日目から再開されます*
`聖晶石 X 1
9月交換券(2023) X 1
`_2023-09-11 19:31:56_
--------
*4aae112bebb9faeb436a728839c766be*
`登陆天数: 4天 / 1270天
等级: 125
石头: 187
呼符: 60
体力: 37281.07 / 137
友情点: 0 / 901595`
*連続ログイン4日目
※ログインが途切れるか、7日到達すると
1日目から再開されます*
`聖晶石 X 1
9月交換券(2023) X 1
`_2023-09-11 19:32:05_
--------
