【登录信息】
*b3defd4892470752525def1917e467ce*
`登陆天数: 5天 / 1299天
等级: 125
石头: 23
呼符: 51
体力: 37587.46333333333 / 137
友情点: 0 / 837045`
*連続ログイン5日目
※ログインが途切れるか、7日到達すると
1日目から再開されます*
`叡智の業火 X 2
9月交換券(2023) X 1
`_2023-09-12 19:30:48_
--------
*5513206501fad4f4b9bb8c80e1620d51*
`登陆天数: 5天 / 1318天
等级: 125
石头: 29
呼符: 90
体力: 37583.92333333333 / 137
友情点: 0 / 1033975`
*連続ログイン5日目
※ログインが途切れるか、7日到達すると
1日目から再開されます*
`叡智の業火 X 2
9月交換券(2023) X 1
`_2023-09-12 19:30:57_
--------
*b8ed275142bdf1da8b56aac07218370c*
`登陆天数: 5天 / 1343天
等级: 125
石头: 21
呼符: 87
体力: 37582.10333333333 / 137
友情点: 0 / 1002020`
*連続ログイン5日目
※ログインが途切れるか、7日到達すると
1日目から再開されます*
`叡智の業火 X 2
9月交換券(2023) X 1
`_2023-09-12 19:31:06_
--------
*d70a593ddeab376c769499a5f750641b*
`登陆天数: 5天 / 1319天
等级: 125
石头: 6
呼符: 109
体力: 37580.36666666667 / 137
友情点: 0 / 897630`
*連続ログイン5日目
※ログインが途切れるか、7日到達すると
1日目から再開されます*
`叡智の業火 X 2
9月交換券(2023) X 1
`_2023-09-12 19:31:15_
--------
*6cd714eeb3e3e13a19f5d07a4626b930*
`登陆天数: 5天 / 1314天
等级: 125
石头: 37
呼符: 99
体力: 37577.3 / 137
友情点: 0 / 987045`
*連続ログイン5日目
※ログインが途切れるか、7日到達すると
1日目から再開されます*
`叡智の業火 X 2
9月交換券(2023) X 1
`_2023-09-12 19:31:24_
--------
*4892f706d3520440c52889adcd975007*
`登陆天数: 5天 / 1343天
等级: 125
石头: 2
呼符: 104
体力: 40076.72 / 137
友情点: 0 / 1138480`
*連続ログイン5日目
※ログインが途切れるか、7日到達すると
1日目から再開されます*
`叡智の業火 X 2
9月交換券(2023) X 1
`_2023-09-12 19:31:33_
--------
*eeba3d0c68a3b7e9fa236136b30cb897*
`登陆天数: 5天 / 1317天
等级: 125
石头: 419
呼符: 128
体力: 37575.56 / 137
友情点: 0 / 1029650`
*連続ログイン5日目
※ログインが途切れるか、7日到達すると
1日目から再開されます*
`叡智の業火 X 2
9月交換券(2023) X 1
`_2023-09-12 19:31:42_
--------
*79533b6314e6a2650ec019ea96bcaebe*
`登陆天数: 5天 / 1329天
等级: 125
石头: 504
呼符: 148
体力: 37573.433333333334 / 137
友情点: 0 / 1057055`
*連続ログイン5日目
※ログインが途切れるか、7日到達すると
1日目から再開されます*
`叡智の業火 X 2
9月交換券(2023) X 1
`_2023-09-12 19:31:51_
--------
*c4c21a97c6c4de9fca7a936ac25180fa*
`登陆天数: 5天 / 1308天
等级: 125
石头: 1248
呼符: 100
体力: 37569.89333333333 / 137
友情点: 0 / 910845`
*連続ログイン5日目
※ログインが途切れるか、7日到達すると
1日目から再開されます*
`叡智の業火 X 2
9月交換券(2023) X 1
`_2023-09-12 19:32:00_
--------
*4aae112bebb9faeb436a728839c766be*
`登陆天数: 5天 / 1271天
等级: 125
石头: 187
呼符: 60
体力: 37569.083333333336 / 137
友情点: 0 / 901595`
*連続ログイン5日目
※ログインが途切れるか、7日到達すると
1日目から再開されます*
`叡智の業火 X 2
9月交換券(2023) X 1
`_2023-09-12 19:32:09_
--------
