【登录信息】
*b3defd4892470752525def1917e467ce*
`登陆天数: 6天 / 1300天
等级: 125
石头: 23
呼符: 51
体力: 37875.47 / 137
友情点: 0 / 837045`
*連続ログイン6日目
※ログインが途切れるか、7日到達すると
1日目から再開されます*
`聖晶石 X 2
9月交換券(2023) X 1
`*日替りログインボーナス*
*開催期間中、1日1回 2週間日替りでログインボーナスをプレゼント！*
`巡霊の葉 X 30
`_2023-09-13 19:30:51_
--------
*5513206501fad4f4b9bb8c80e1620d51*
`登陆天数: 6天 / 1319天
等级: 125
石头: 29
呼符: 90
体力: 37871.926666666666 / 137
友情点: 0 / 1033975`
*連続ログイン6日目
※ログインが途切れるか、7日到達すると
1日目から再開されます*
`聖晶石 X 2
9月交換券(2023) X 1
`*日替りログインボーナス*
*開催期間中、1日1回 2週間日替りでログインボーナスをプレゼント！*
`巡霊の葉 X 30
`_2023-09-13 19:30:59_
--------
*b8ed275142bdf1da8b56aac07218370c*
`登陆天数: 6天 / 1344天
等级: 125
石头: 21
呼符: 87
体力: 37870.11 / 137
友情点: 0 / 1002020`
*連続ログイン6日目
※ログインが途切れるか、7日到達すると
1日目から再開されます*
`聖晶石 X 2
9月交換券(2023) X 1
`*日替りログインボーナス*
*開催期間中、1日1回 2週間日替りでログインボーナスをプレゼント！*
`巡霊の葉 X 30
`_2023-09-13 19:31:07_
--------
*d70a593ddeab376c769499a5f750641b*
`登陆天数: 6天 / 1320天
等级: 125
石头: 6
呼符: 109
体力: 37868.37 / 137
友情点: 0 / 897630`
*連続ログイン6日目
※ログインが途切れるか、7日到達すると
1日目から再開されます*
`聖晶石 X 2
9月交換券(2023) X 1
`*日替りログインボーナス*
*開催期間中、1日1回 2週間日替りでログインボーナスをプレゼント！*
`巡霊の葉 X 30
`_2023-09-13 19:31:16_
--------
*6cd714eeb3e3e13a19f5d07a4626b930*
`登陆天数: 6天 / 1315天
等级: 125
石头: 37
呼符: 99
体力: 37865.30333333334 / 137
友情点: 0 / 987045`
*連続ログイン6日目
※ログインが途切れるか、7日到達すると
1日目から再開されます*
`聖晶石 X 2
9月交換券(2023) X 1
`*日替りログインボーナス*
*開催期間中、1日1回 2週間日替りでログインボーナスをプレゼント！*
`巡霊の葉 X 30
`_2023-09-13 19:31:24_
--------
*4892f706d3520440c52889adcd975007*
`登陆天数: 6天 / 1344天
等级: 125
石头: 2
呼符: 104
体力: 40364.71666666667 / 137
友情点: 0 / 1138480`
*連続ログイン6日目
※ログインが途切れるか、7日到達すると
1日目から再開されます*
`聖晶石 X 2
9月交換券(2023) X 1
`*日替りログインボーナス*
*開催期間中、1日1回 2週間日替りでログインボーナスをプレゼント！*
`巡霊の葉 X 30
`_2023-09-13 19:31:33_
--------
*eeba3d0c68a3b7e9fa236136b30cb897*
`登陆天数: 6天 / 1318天
等级: 125
石头: 419
呼符: 128
体力: 37863.556666666664 / 137
友情点: 0 / 1029650`
*連続ログイン6日目
※ログインが途切れるか、7日到達すると
1日目から再開されます*
`聖晶石 X 2
9月交換券(2023) X 1
`*日替りログインボーナス*
*開催期間中、1日1回 2週間日替りでログインボーナスをプレゼント！*
`巡霊の葉 X 30
`_2023-09-13 19:31:41_
--------
*79533b6314e6a2650ec019ea96bcaebe*
`登陆天数: 6天 / 1330天
等级: 125
石头: 504
呼符: 148
体力: 37861.43 / 137
友情点: 0 / 1057055`
*連続ログイン6日目
※ログインが途切れるか、7日到達すると
1日目から再開されます*
`聖晶石 X 2
9月交換券(2023) X 1
`*日替りログインボーナス*
*開催期間中、1日1回 2週間日替りでログインボーナスをプレゼント！*
`巡霊の葉 X 30
`_2023-09-13 19:31:50_
--------
*c4c21a97c6c4de9fca7a936ac25180fa*
`登陆天数: 6天 / 1309天
等级: 125
石头: 1248
呼符: 100
体力: 37857.886666666665 / 137
友情点: 0 / 910845`
*連続ログイン6日目
※ログインが途切れるか、7日到達すると
1日目から再開されます*
`聖晶石 X 2
9月交換券(2023) X 1
`*日替りログインボーナス*
*開催期間中、1日1回 2週間日替りでログインボーナスをプレゼント！*
`巡霊の葉 X 30
`_2023-09-13 19:31:58_
--------
*4aae112bebb9faeb436a728839c766be*
`登陆天数: 6天 / 1272天
等级: 125
石头: 187
呼符: 60
体力: 37857.07666666667 / 137
友情点: 0 / 901595`
*連続ログイン6日目
※ログインが途切れるか、7日到達すると
1日目から再開されます*
`聖晶石 X 2
9月交換券(2023) X 1
`*日替りログインボーナス*
*開催期間中、1日1回 2週間日替りでログインボーナスをプレゼント！*
`巡霊の葉 X 30
`_2023-09-13 19:32:07_
--------
