【登录信息】
*b3defd4892470752525def1917e467ce*
`登陆天数: 10天 / 1304天
等级: 125
石头: 23
呼符: 51
体力: 39027.43666666667 / 137
友情点: 0 / 837045`
*連続ログイン3日目
※ログインが途切れるか、7日到達すると
1日目から再開されます*
`叡智の業火 X 1
9月交換券(2023) X 1
`*日替りログインボーナス*
*開催期間中、1日1回 2週間日替りでログインボーナスをプレゼント！*
`巡霊の葉 X 30
`_2023-09-17 19:30:41_
--------
*5513206501fad4f4b9bb8c80e1620d51*
`登陆天数: 10天 / 1323天
等级: 125
石头: 29
呼符: 90
体力: 39023.89666666667 / 137
友情点: 0 / 1033975`
*連続ログイン3日目
※ログインが途切れるか、7日到達すると
1日目から再開されます*
`叡智の業火 X 1
9月交換券(2023) X 1
`*日替りログインボーナス*
*開催期間中、1日1回 2週間日替りでログインボーナスをプレゼント！*
`巡霊の葉 X 30
`_2023-09-17 19:30:50_
--------
*b8ed275142bdf1da8b56aac07218370c*
`登陆天数: 10天 / 1348天
等级: 125
石头: 329
呼符: 123
体力: 1005.9466666666667 / 137
友情点: 0 / 1138020`
*連続ログイン3日目
※ログインが途切れるか、7日到達すると
1日目から再開されます*
`叡智の業火 X 1
9月交換券(2023) X 1
`*日替りログインボーナス*
*開催期間中、1日1回 2週間日替りでログインボーナスをプレゼント！*
`巡霊の葉 X 30
`_2023-09-17 19:30:59_
--------
*d70a593ddeab376c769499a5f750641b*
`登陆天数: 10天 / 1324天
等级: 125
石头: 251
呼符: 139
体力: 1006.9266666666666 / 137
友情点: 0 / 1031630`
*連続ログイン3日目
※ログインが途切れるか、7日到達すると
1日目から再開されます*
`叡智の業火 X 1
9月交換券(2023) X 1
`*日替りログインボーナス*
*開催期間中、1日1回 2週間日替りでログインボーナスをプレゼント！*
`巡霊の葉 X 30
`_2023-09-17 19:31:08_
--------
*6cd714eeb3e3e13a19f5d07a4626b930*
`登陆天数: 10天 / 1319天
等级: 125
石头: 222
呼符: 124
体力: 1007.9 / 137
友情点: 0 / 1121045`
*連続ログイン3日目
※ログインが途切れるか、7日到達すると
1日目から再開されます*
`叡智の業火 X 1
9月交換券(2023) X 1
`*日替りログインボーナス*
*開催期間中、1日1回 2週間日替りでログインボーナスをプレゼント！*
`巡霊の葉 X 30
`_2023-09-17 19:31:16_
--------
*4892f706d3520440c52889adcd975007*
`登陆天数: 10天 / 1348天
等级: 125
石头: 2
呼符: 104
体力: 41516.693333333336 / 137
友情点: 0 / 1138480`
*連続ログイン3日目
※ログインが途切れるか、7日到達すると
1日目から再開されます*
`叡智の業火 X 1
9月交換券(2023) X 1
`*日替りログインボーナス*
*開催期間中、1日1回 2週間日替りでログインボーナスをプレゼント！*
`巡霊の葉 X 30
`_2023-09-17 19:31:25_
--------
*eeba3d0c68a3b7e9fa236136b30cb897*
`登陆天数: 10天 / 1322天
等级: 125
石头: 419
呼符: 128
体力: 39015.53333333333 / 137
友情点: 0 / 1029650`
*連続ログイン3日目
※ログインが途切れるか、7日到達すると
1日目から再開されます*
`叡智の業火 X 1
9月交換券(2023) X 1
`*日替りログインボーナス*
*開催期間中、1日1回 2週間日替りでログインボーナスをプレゼント！*
`巡霊の葉 X 30
`_2023-09-17 19:31:34_
--------
*79533b6314e6a2650ec019ea96bcaebe*
`登陆天数: 10天 / 1334天
等级: 125
石头: 504
呼符: 148
体力: 39013.41 / 137
友情点: 0 / 1057055`
*連続ログイン3日目
※ログインが途切れるか、7日到達すると
1日目から再開されます*
`叡智の業火 X 1
9月交換券(2023) X 1
`*日替りログインボーナス*
*開催期間中、1日1回 2週間日替りでログインボーナスをプレゼント！*
`巡霊の葉 X 30
`_2023-09-17 19:31:43_
--------
*c4c21a97c6c4de9fca7a936ac25180fa*
`登陆天数: 10天 / 1313天
等级: 125
石头: 1313
呼符: 125
体力: 1012.4733333333334 / 137
友情点: 0 / 1044845`
*連続ログイン3日目
※ログインが途切れるか、7日到達すると
1日目から再開されます*
`叡智の業火 X 1
9月交換券(2023) X 1
`*日替りログインボーナス*
*開催期間中、1日1回 2週間日替りでログインボーナスをプレゼント！*
`巡霊の葉 X 30
`_2023-09-17 19:31:52_
--------
*4aae112bebb9faeb436a728839c766be*
`登陆天数: 10天 / 1276天
等级: 125
石头: 432
呼符: 85
体力: 1011.2866666666666 / 137
友情点: 0 / 1035595`
*連続ログイン3日目
※ログインが途切れるか、7日到達すると
1日目から再開されます*
`叡智の業火 X 1
9月交換券(2023) X 1
`*日替りログインボーナス*
*開催期間中、1日1回 2週間日替りでログインボーナスをプレゼント！*
`巡霊の葉 X 30
`_2023-09-17 19:32:01_
--------
