【登录信息】
*b3defd4892470752525def1917e467ce*
`登陆天数: 12天 / 1306天
等级: 125
石头: 23
呼符: 51
体力: 39603.46 / 137
友情点: 0 / 837045`
*連続ログイン5日目
※ログインが途切れるか、7日到達すると
1日目から再開されます*
`叡智の業火 X 2
9月交換券(2023) X 1
`*日替りログインボーナス*
*開催期間中、1日1回 2週間日替りでログインボーナスをプレゼント！*
`聖晶石 X 3
巡霊の葉 X 50
`_2023-09-19 19:30:48_
--------
*5513206501fad4f4b9bb8c80e1620d51*
`登陆天数: 12天 / 1325天
等级: 125
石头: 29
呼符: 90
体力: 39599.92 / 137
友情点: 0 / 1033975`
*連続ログイン5日目
※ログインが途切れるか、7日到達すると
1日目から再開されます*
`叡智の業火 X 2
9月交換券(2023) X 1
`*日替りログインボーナス*
*開催期間中、1日1回 2週間日替りでログインボーナスをプレゼント！*
`聖晶石 X 3
巡霊の葉 X 50
`_2023-09-19 19:30:56_
--------
*b8ed275142bdf1da8b56aac07218370c*
`登陆天数: 12天 / 1350天
等级: 125
石头: 329
呼符: 123
体力: 1581.9666666666667 / 137
友情点: 0 / 1138020`
*連続ログイン5日目
※ログインが途切れるか、7日到達すると
1日目から再開されます*
`叡智の業火 X 2
9月交換券(2023) X 1
`*日替りログインボーナス*
*開催期間中、1日1回 2週間日替りでログインボーナスをプレゼント！*
`聖晶石 X 3
巡霊の葉 X 50
`_2023-09-19 19:31:05_
--------
*d70a593ddeab376c769499a5f750641b*
`登陆天数: 12天 / 1326天
等级: 125
石头: 251
呼符: 139
体力: 1582.9433333333334 / 137
友情点: 0 / 1031630`
*連続ログイン5日目
※ログインが途切れるか、7日到達すると
1日目から再開されます*
`叡智の業火 X 2
9月交換券(2023) X 1
`*日替りログインボーナス*
*開催期間中、1日1回 2週間日替りでログインボーナスをプレゼント！*
`聖晶石 X 3
巡霊の葉 X 50
`_2023-09-19 19:31:13_
--------
*6cd714eeb3e3e13a19f5d07a4626b930*
`登陆天数: 12天 / 1321天
等级: 125
石头: 222
呼符: 124
体力: 1583.9166666666667 / 137
友情点: 0 / 1121045`
*連続ログイン5日目
※ログインが途切れるか、7日到達すると
1日目から再開されます*
`叡智の業火 X 2
9月交換券(2023) X 1
`*日替りログインボーナス*
*開催期間中、1日1回 2週間日替りでログインボーナスをプレゼント！*
`聖晶石 X 3
巡霊の葉 X 50
`_2023-09-19 19:31:22_
--------
*4892f706d3520440c52889adcd975007*
`登陆天数: 12天 / 1350天
等级: 125
石头: 2
呼符: 104
体力: 42092.71 / 137
友情点: 0 / 1138480`
*連続ログイン5日目
※ログインが途切れるか、7日到達すると
1日目から再開されます*
`叡智の業火 X 2
9月交換券(2023) X 1
`*日替りログインボーナス*
*開催期間中、1日1回 2週間日替りでログインボーナスをプレゼント！*
`聖晶石 X 3
巡霊の葉 X 50
`_2023-09-19 19:31:30_
--------
*eeba3d0c68a3b7e9fa236136b30cb897*
`登陆天数: 12天 / 1324天
等级: 125
石头: 419
呼符: 128
体力: 39591.55 / 137
友情点: 0 / 1029650`
*連続ログイン5日目
※ログインが途切れるか、7日到達すると
1日目から再開されます*
`叡智の業火 X 2
9月交換券(2023) X 1
`*日替りログインボーナス*
*開催期間中、1日1回 2週間日替りでログインボーナスをプレゼント！*
`聖晶石 X 3
巡霊の葉 X 50
`_2023-09-19 19:31:39_
--------
*79533b6314e6a2650ec019ea96bcaebe*
`登陆天数: 12天 / 1336天
等级: 125
石头: 504
呼符: 148
体力: 39589.42333333333 / 137
友情点: 0 / 1057055`
*連続ログイン5日目
※ログインが途切れるか、7日到達すると
1日目から再開されます*
`叡智の業火 X 2
9月交換券(2023) X 1
`*日替りログインボーナス*
*開催期間中、1日1回 2週間日替りでログインボーナスをプレゼント！*
`聖晶石 X 3
巡霊の葉 X 50
`_2023-09-19 19:31:47_
--------
*c4c21a97c6c4de9fca7a936ac25180fa*
`登陆天数: 12天 / 1315天
等级: 125
石头: 1313
呼符: 125
体力: 1588.4833333333333 / 137
友情点: 0 / 1044845`
*連続ログイン5日目
※ログインが途切れるか、7日到達すると
1日目から再開されます*
`叡智の業火 X 2
9月交換券(2023) X 1
`*日替りログインボーナス*
*開催期間中、1日1回 2週間日替りでログインボーナスをプレゼント！*
`聖晶石 X 3
巡霊の葉 X 50
`_2023-09-19 19:31:56_
--------
*4aae112bebb9faeb436a728839c766be*
`登陆天数: 12天 / 1278天
等级: 125
石头: 432
呼符: 85
体力: 1587.2966666666666 / 137
友情点: 0 / 1035595`
*連続ログイン5日目
※ログインが途切れるか、7日到達すると
1日目から再開されます*
`叡智の業火 X 2
9月交換券(2023) X 1
`*日替りログインボーナス*
*開催期間中、1日1回 2週間日替りでログインボーナスをプレゼント！*
`聖晶石 X 3
巡霊の葉 X 50
`_2023-09-19 19:32:04_
--------
