【登录信息】
*b3defd4892470752525def1917e467ce*
`登陆天数: 16天 / 1310天
等级: 125
石头: 23
呼符: 51
体力: 40755.47 / 137
友情点: 0 / 837045`
*連続ログイン2日目
※ログインが途切れるか、7日到達すると
1日目から再開されます*
`聖晶石 X 1
9月交換券(2023) X 1
`*日替りログインボーナス*
*開催期間中、1日1回 2週間日替りでログインボーナスをプレゼント！*
`巡霊の葉 X 30
`_2023-09-23 19:30:51_
--------
*5513206501fad4f4b9bb8c80e1620d51*
`登陆天数: 16天 / 1329天
等级: 125
石头: 29
呼符: 90
体力: 40751.926666666666 / 137
友情点: 0 / 1033975`
*連続ログイン2日目
※ログインが途切れるか、7日到達すると
1日目から再開されます*
`聖晶石 X 1
9月交換券(2023) X 1
`*日替りログインボーナス*
*開催期間中、1日1回 2週間日替りでログインボーナスをプレゼント！*
`巡霊の葉 X 30
`_2023-09-23 19:30:59_
--------
*b8ed275142bdf1da8b56aac07218370c*
`登陆天数: 16天 / 1354天
等级: 125
石头: 329
呼符: 123
体力: 2733.9766666666665 / 137
友情点: 0 / 1138020`
*連続ログイン2日目
※ログインが途切れるか、7日到達すると
1日目から再開されます*
`聖晶石 X 1
9月交換券(2023) X 1
`*日替りログインボーナス*
*開催期間中、1日1回 2週間日替りでログインボーナスをプレゼント！*
`巡霊の葉 X 30
`_2023-09-23 19:31:08_
--------
*d70a593ddeab376c769499a5f750641b*
`登陆天数: 16天 / 1330天
等级: 125
石头: 251
呼符: 139
体力: 2734.9566666666665 / 137
友情点: 0 / 1031630`
*連続ログイン2日目
※ログインが途切れるか、7日到達すると
1日目から再開されます*
`聖晶石 X 1
9月交換券(2023) X 1
`*日替りログインボーナス*
*開催期間中、1日1回 2週間日替りでログインボーナスをプレゼント！*
`巡霊の葉 X 30
`_2023-09-23 19:31:16_
--------
*6cd714eeb3e3e13a19f5d07a4626b930*
`登陆天数: 16天 / 1325天
等级: 125
石头: 222
呼符: 124
体力: 2735.9266666666667 / 137
友情点: 0 / 1121045`
*連続ログイン2日目
※ログインが途切れるか、7日到達すると
1日目から再開されます*
`聖晶石 X 1
9月交換券(2023) X 1
`*日替りログインボーナス*
*開催期間中、1日1回 2週間日替りでログインボーナスをプレゼント！*
`巡霊の葉 X 30
`_2023-09-23 19:31:25_
--------
*4892f706d3520440c52889adcd975007*
`登陆天数: 16天 / 1354天
等级: 125
石头: 2
呼符: 104
体力: 43244.71666666667 / 137
友情点: 0 / 1138480`
*連続ログイン2日目
※ログインが途切れるか、7日到達すると
1日目から再開されます*
`聖晶石 X 1
9月交換券(2023) X 1
`*日替りログインボーナス*
*開催期間中、1日1回 2週間日替りでログインボーナスをプレゼント！*
`巡霊の葉 X 30
`_2023-09-23 19:31:33_
--------
*eeba3d0c68a3b7e9fa236136b30cb897*
`登陆天数: 16天 / 1328天
等级: 125
石头: 419
呼符: 128
体力: 40743.56 / 137
友情点: 0 / 1029650`
*連続ログイン2日目
※ログインが途切れるか、7日到達すると
1日目から再開されます*
`聖晶石 X 1
9月交換券(2023) X 1
`*日替りログインボーナス*
*開催期間中、1日1回 2週間日替りでログインボーナスをプレゼント！*
`巡霊の葉 X 30
`_2023-09-23 19:31:42_
--------
*79533b6314e6a2650ec019ea96bcaebe*
`登陆天数: 16天 / 1340天
等级: 125
石头: 504
呼符: 148
体力: 40741.43 / 137
友情点: 0 / 1057055`
*連続ログイン2日目
※ログインが途切れるか、7日到達すると
1日目から再開されます*
`聖晶石 X 1
9月交換券(2023) X 1
`*日替りログインボーナス*
*開催期間中、1日1回 2週間日替りでログインボーナスをプレゼント！*
`巡霊の葉 X 30
`_2023-09-23 19:31:50_
--------
*c4c21a97c6c4de9fca7a936ac25180fa*
`登陆天数: 16天 / 1319天
等级: 125
石头: 1313
呼符: 125
体力: 2740.4933333333333 / 137
友情点: 0 / 1044845`
*連続ログイン2日目
※ログインが途切れるか、7日到達すると
1日目から再開されます*
`聖晶石 X 1
9月交換券(2023) X 1
`*日替りログインボーナス*
*開催期間中、1日1回 2週間日替りでログインボーナスをプレゼント！*
`巡霊の葉 X 30
`_2023-09-23 19:31:59_
--------
*4aae112bebb9faeb436a728839c766be*
`登陆天数: 16天 / 1282天
等级: 125
石头: 432
呼符: 85
体力: 2739.306666666667 / 137
友情点: 0 / 1035595`
*連続ログイン2日目
※ログインが途切れるか、7日到達すると
1日目から再開されます*
`聖晶石 X 1
9月交換券(2023) X 1
`*日替りログインボーナス*
*開催期間中、1日1回 2週間日替りでログインボーナスをプレゼント！*
`巡霊の葉 X 30
`_2023-09-23 19:32:07_
--------
