【登录信息】
*b3defd4892470752525def1917e467ce*
`登陆天数: 21天 / 1315天
等级: 125
石头: 23
呼符: 51
体力: 42195.43 / 137
友情点: 0 / 837045`
*連続ログイン7日間到達おめでとうございます！
明日は1日目からリスタートされます。*
`獣の足跡 X 1
呼符 X 1
9月交換券(2023) X 1
`*「Fate/Samurai Remnant」発売記念 特別ログインボーナス*
*開催期間中、初回ログインで「限定概念礼装」をプレゼント！*
`Samurai Remnant X 1
`_2023-09-28 19:30:39_
--------
*5513206501fad4f4b9bb8c80e1620d51*
`登陆天数: 21天 / 1334天
等级: 125
石头: 29
呼符: 90
体力: 42191.89 / 137
友情点: 0 / 1033975`
*連続ログイン7日間到達おめでとうございます！
明日は1日目からリスタートされます。*
`獣の足跡 X 1
呼符 X 1
9月交換券(2023) X 1
`*「Fate/Samurai Remnant」発売記念 特別ログインボーナス*
*開催期間中、初回ログインで「限定概念礼装」をプレゼント！*
`Samurai Remnant X 1
`_2023-09-28 19:30:48_
--------
*b8ed275142bdf1da8b56aac07218370c*
`登陆天数: 21天 / 1359天
等级: 125
石头: 329
呼符: 123
体力: 4173.9400000000005 / 137
友情点: 0 / 1138020`
*連続ログイン7日間到達おめでとうございます！
明日は1日目からリスタートされます。*
`獣の足跡 X 1
呼符 X 1
9月交換券(2023) X 1
`*「Fate/Samurai Remnant」発売記念 特別ログインボーナス*
*開催期間中、初回ログインで「限定概念礼装」をプレゼント！*
`Samurai Remnant X 1
`_2023-09-28 19:30:56_
--------
*d70a593ddeab376c769499a5f750641b*
`登陆天数: 21天 / 1335天
等级: 125
石头: 251
呼符: 139
体力: 4174.916666666666 / 137
友情点: 0 / 1031630`
*連続ログイン7日間到達おめでとうございます！
明日は1日目からリスタートされます。*
`獣の足跡 X 1
呼符 X 1
9月交換券(2023) X 1
`*「Fate/Samurai Remnant」発売記念 特別ログインボーナス*
*開催期間中、初回ログインで「限定概念礼装」をプレゼント！*
`Samurai Remnant X 1
`_2023-09-28 19:31:05_
--------
*6cd714eeb3e3e13a19f5d07a4626b930*
`登陆天数: 21天 / 1330天
等级: 125
石头: 222
呼符: 124
体力: 4175.889999999999 / 137
友情点: 0 / 1121045`
*連続ログイン7日間到達おめでとうございます！
明日は1日目からリスタートされます。*
`獣の足跡 X 1
呼符 X 1
9月交換券(2023) X 1
`*「Fate/Samurai Remnant」発売記念 特別ログインボーナス*
*開催期間中、初回ログインで「限定概念礼装」をプレゼント！*
`Samurai Remnant X 1
`_2023-09-28 19:31:13_
--------
*4892f706d3520440c52889adcd975007*
`登陆天数: 21天 / 1359天
等级: 125
石头: 2
呼符: 104
体力: 44684.683333333334 / 137
友情点: 0 / 1138480`
*連続ログイン7日間到達おめでとうございます！
明日は1日目からリスタートされます。*
`獣の足跡 X 1
呼符 X 1
9月交換券(2023) X 1
`*「Fate/Samurai Remnant」発売記念 特別ログインボーナス*
*開催期間中、初回ログインで「限定概念礼装」をプレゼント！*
`Samurai Remnant X 1
`_2023-09-28 19:31:22_
--------
*eeba3d0c68a3b7e9fa236136b30cb897*
`登陆天数: 21天 / 1333天
等级: 125
石头: 419
呼符: 128
体力: 42183.52333333333 / 137
友情点: 0 / 1029650`
*連続ログイン7日間到達おめでとうございます！
明日は1日目からリスタートされます。*
`獣の足跡 X 1
呼符 X 1
9月交換券(2023) X 1
`*「Fate/Samurai Remnant」発売記念 特別ログインボーナス*
*開催期間中、初回ログインで「限定概念礼装」をプレゼント！*
`Samurai Remnant X 1
`_2023-09-28 19:31:31_
--------
*79533b6314e6a2650ec019ea96bcaebe*
`登陆天数: 21天 / 1345天
等级: 125
石头: 504
呼符: 148
体力: 42181.39666666667 / 137
友情点: 0 / 1057055`
*連続ログイン7日間到達おめでとうございます！
明日は1日目からリスタートされます。*
`獣の足跡 X 1
呼符 X 1
9月交換券(2023) X 1
`*「Fate/Samurai Remnant」発売記念 特別ログインボーナス*
*開催期間中、初回ログインで「限定概念礼装」をプレゼント！*
`Samurai Remnant X 1
`_2023-09-28 19:31:39_
--------
*c4c21a97c6c4de9fca7a936ac25180fa*
`登陆天数: 21天 / 1324天
等级: 125
石头: 1313
呼符: 125
体力: 4180.456666666667 / 137
友情点: 0 / 1044845`
*連続ログイン7日間到達おめでとうございます！
明日は1日目からリスタートされます。*
`獣の足跡 X 1
呼符 X 1
9月交換券(2023) X 1
`*「Fate/Samurai Remnant」発売記念 特別ログインボーナス*
*開催期間中、初回ログインで「限定概念礼装」をプレゼント！*
`Samurai Remnant X 1
`_2023-09-28 19:31:48_
--------
*4aae112bebb9faeb436a728839c766be*
`登陆天数: 21天 / 1287天
等级: 125
石头: 432
呼符: 85
体力: 4179.27 / 137
友情点: 0 / 1035595`
*連続ログイン7日間到達おめでとうございます！
明日は1日目からリスタートされます。*
`獣の足跡 X 1
呼符 X 1
9月交換券(2023) X 1
`*「Fate/Samurai Remnant」発売記念 特別ログインボーナス*
*開催期間中、初回ログインで「限定概念礼装」をプレゼント！*
`Samurai Remnant X 1
`_2023-09-28 19:31:56_
--------
