【登录信息】
*b3defd4892470752525def1917e467ce*
`登陆天数: 1天 / 1452天
等级: 125
石头: 726
呼符: 90
体力: 10016.173333333334 / 137
友情点: 0 / 995135`
*連続ログイン1日目
※ログインが途切れるか、7日到達すると
1日目から再開されます*
`フレンドポイント X 2000
3月交換券(2024) X 1
`*「奏章Ⅱ」開幕直前ログインボーナス*
*開催期間中、1日1回 最大7回 ログインボーナスをプレゼント！*
`QP X 3000000
黄金の果実 X 2
`_2024-03-06 19:31:26_
--------
*5513206501fad4f4b9bb8c80e1620d51*
`登陆天数: 1天 / 1471天
等级: 125
石头: 210
呼符: 97
体力: 38745.77 / 137
友情点: 0 / 1047975`
*連続ログイン1日目
※ログインが途切れるか、7日到達すると
1日目から再開されます*
`フレンドポイント X 2000
3月交換券(2024) X 1
`*「奏章Ⅱ」開幕直前ログインボーナス*
*開催期間中、1日1回 最大7回 ログインボーナスをプレゼント！*
`QP X 3000000
黄金の果実 X 2
`_2024-03-06 19:31:35_
--------
*b8ed275142bdf1da8b56aac07218370c*
`登陆天数: 1天 / 1496天
等级: 125
石头: 566
呼符: 156
体力: 7076.163333333333 / 137
友情点: 0 / 1182020`
*連続ログイン1日目
※ログインが途切れるか、7日到達すると
1日目から再開されます*
`フレンドポイント X 2000
3月交換券(2024) X 1
`*「奏章Ⅱ」開幕直前ログインボーナス*
*開催期間中、1日1回 最大7回 ログインボーナスをプレゼント！*
`QP X 3000000
黄金の果実 X 2
`_2024-03-06 19:31:43_
--------
*d70a593ddeab376c769499a5f750641b*
`登陆天数: 1天 / 1472天
等级: 125
石头: 420
呼符: 158
体力: 14231.636666666667 / 137
友情点: 0 / 1067630`
*連続ログイン1日目
※ログインが途切れるか、7日到達すると
1日目から再開されます*
`フレンドポイント X 2000
3月交換券(2024) X 1
`*「奏章Ⅱ」開幕直前ログインボーナス*
*開催期間中、1日1回 最大7回 ログインボーナスをプレゼント！*
`QP X 3000000
黄金の果実 X 2
`_2024-03-06 19:31:52_
--------
*6cd714eeb3e3e13a19f5d07a4626b930*
`登陆天数: 1天 / 1467天
等级: 125
石头: 299
呼符: 131
体力: 38119.81333333333 / 137
友情点: 0 / 1129045`
*連続ログイン1日目
※ログインが途切れるか、7日到達すると
1日目から再開されます*
`フレンドポイント X 2000
3月交換券(2024) X 1
`*「奏章Ⅱ」開幕直前ログインボーナス*
*開催期間中、1日1回 最大7回 ログインボーナスをプレゼント！*
`QP X 3000000
黄金の果実 X 2
`_2024-03-06 19:32:01_
--------
*4892f706d3520440c52889adcd975007*
`登陆天数: 1天 / 1496天
等级: 125
石头: 178
呼符: 111
体力: 38117.56333333333 / 137
友情点: 0 / 1152480`
*連続ログイン1日目
※ログインが途切れるか、7日到達すると
1日目から再開されます*
`フレンドポイント X 2000
3月交換券(2024) X 1
`*「奏章Ⅱ」開幕直前ログインボーナス*
*開催期間中、1日1回 最大7回 ログインボーナスをプレゼント！*
`QP X 3000000
黄金の果実 X 2
`_2024-03-06 19:32:10_
--------
*eeba3d0c68a3b7e9fa236136b30cb897*
`登陆天数: 1天 / 1470天
等级: 125
石头: 505
呼符: 135
体力: 38138.44 / 137
友情点: 0 / 1043650`
*連続ログイン1日目
※ログインが途切れるか、7日到達すると
1日目から再開されます*
`フレンドポイント X 2000
3月交換券(2024) X 1
`*「奏章Ⅱ」開幕直前ログインボーナス*
*開催期間中、1日1回 最大7回 ログインボーナスをプレゼント！*
`QP X 3000000
黄金の果実 X 2
`_2024-03-06 19:32:18_
--------
*79533b6314e6a2650ec019ea96bcaebe*
`登陆天数: 1天 / 1482天
等级: 125
石头: 712
呼符: 172
体力: 14213.813333333334 / 137
友情点: 0 / 1095055`
*連続ログイン1日目
※ログインが途切れるか、7日到達すると
1日目から再開されます*
`フレンドポイント X 2000
3月交換券(2024) X 1
`*「奏章Ⅱ」開幕直前ログインボーナス*
*開催期間中、1日1回 最大7回 ログインボーナスをプレゼント！*
`QP X 3000000
黄金の果実 X 2
`_2024-03-06 19:32:27_
--------
*c4c21a97c6c4de9fca7a936ac25180fa*
`登陆天数: 1天 / 1461天
等级: 125
石头: 606
呼符: 145
体力: 31130.733333333334 / 137
友情点: 0 / 1064845`
*連続ログイン1日目
※ログインが途切れるか、7日到達すると
1日目から再開されます*
`フレンドポイント X 2000
3月交換券(2024) X 1
`*「奏章Ⅱ」開幕直前ログインボーナス*
*開催期間中、1日1回 最大7回 ログインボーナスをプレゼント！*
`QP X 3000000
黄金の果実 X 2
`_2024-03-06 19:32:35_
--------
*4aae112bebb9faeb436a728839c766be*
`登陆天数: 1天 / 1424天
等级: 125
石头: 190
呼符: 96
体力: 39541.863333333335 / 137
友情点: 0 / 1047595`
*連続ログイン1日目
※ログインが途切れるか、7日到達すると
1日目から再開されます*
`フレンドポイント X 2000
3月交換券(2024) X 1
`*「奏章Ⅱ」開幕直前ログインボーナス*
*開催期間中、1日1回 最大7回 ログインボーナスをプレゼント！*
`QP X 3000000
黄金の果実 X 2
`_2024-03-06 19:32:44_
--------
